<?xml version="1.0" encoding="UTF-8" ?>
<testsuite tests="854" failures="0" name="test.Runner.R2_CompassSmokeTest" time="187.731" errors="44" skipped="810">
  <properties>
    <property name="java.vendor" value="Oracle Corporation"/>
    <property name="env.SYSTEMROOT" value="C:\Windows"/>
    <property name="localRepository" value="C:\Users\Reuel Sicat II\.m2\repository"/>
    <property name="env.USERDOMAIN_ROAMINGPROFILE" value="REUELSICATII-LA"/>
    <property name="sun.java.launcher" value="SUN_STANDARD"/>
    <property name="sun.management.compiler" value="HotSpot 64-Bit Tiered Compilers"/>
    <property name="env.ONEDRIVE" value="C:\Users\Reuel Sicat II\OneDrive"/>
    <property name="env.PROMPT" value="$P$G"/>
    <property name="env.WDIR" value="D:\"/>
    <property name="jnidispatch.path" value="C:\Users\REUELS~1\AppData\Local\Temp\jna-1536990519\jna8413050010050045139.dll"/>
    <property name="os.name" value="Windows 10"/>
    <property name="sun.boot.class.path" value="C:\Program Files\Java\jdk1.8.0_181\jre\lib\resources.jar;C:\Program Files\Java\jdk1.8.0_181\jre\lib\rt.jar;C:\Program Files\Java\jdk1.8.0_181\jre\lib\sunrsasign.jar;C:\Program Files\Java\jdk1.8.0_181\jre\lib\jsse.jar;C:\Program Files\Java\jdk1.8.0_181\jre\lib\jce.jar;C:\Program Files\Java\jdk1.8.0_181\jre\lib\charsets.jar;C:\Program Files\Java\jdk1.8.0_181\jre\lib\jfr.jar;C:\Program Files\Java\jdk1.8.0_181\jre\classes"/>
    <property name="env.COMPUTERNAME" value="REUELSICATII-LA"/>
    <property name="env.ALLUSERSPROFILE" value="C:\ProgramData"/>
    <property name="sun.desktop" value="windows"/>
    <property name="java.vm.specification.vendor" value="Oracle Corporation"/>
    <property name="java.runtime.version" value="1.8.0_181-b13"/>
    <property name="env.HOMEPATH" value="\Users\Reuel Sicat II"/>
    <property name="user.name" value="Reuel Sicat II"/>
    <property name="maven.build.version" value="Apache Maven 3.5.4 (1edded0938998edf8bf061f1ceb3cfdeccf443fe; 2018-06-18T02:33:14+08:00)"/>
    <property name="env.DRIVERDATA" value="C:\Windows\System32\Drivers\DriverData"/>
    <property name="env.PATH" value="C:\Program Files (x86)\Common Files\Oracle\Java\javapath;C:\Windows\system32;C:\Windows;C:\Windows\System32\Wbem;C:\Windows\System32\WindowsPowerShell\v1.0\;C:\Program Files (x86)\NVIDIA Corporation\PhysX\Common;C:\Windows\system32;C:\Windows;C:\Windows\System32\Wbem;C:\Windows\System32\WindowsPowerShell\v1.0\;C:\Windows\System32\OpenSSH\;C:\Program Files\Java\jdk1.8.0_181\bin;C:\Program Files\Apache\apache-maven-3.5.4\bin;C:\Program Files\Git\cmd;C:\Program Files (x86)\MySQL\Connector J 8.0;C:\Users\Reuel Sicat II\AppData\Local\Microsoft\WindowsApps;C:\Program Files\Java\jdk1.8.0_181\bin;C:\Program Files\Apache\apache-maven-3.5.4;"/>
    <property name="user.language" value="en"/>
    <property name="env.JVMCONFIG" value="\.mvn\jvm.config"/>
    <property name="env.WINDIR" value="C:\Windows"/>
    <property name="sun.boot.library.path" value="C:\Program Files\Java\jdk1.8.0_181\jre\bin"/>
    <property name="classworlds.conf" value="C:\Program Files\Apache\apache-maven-3.5.4\bin\..\bin\m2.conf"/>
    <property name="java.version" value="1.8.0_181"/>
    <property name="env.PROCESSOR_IDENTIFIER" value="Intel64 Family 6 Model 158 Stepping 9, GenuineIntel"/>
    <property name="user.timezone" value="Asia/Singapore"/>
    <property name="env.TEMP" value="C:\Users\REUELS~1\AppData\Local\Temp"/>
    <property name="sun.arch.data.model" value="64"/>
    <property name="env.EXEC_DIR" value="D:\04. Test Automation\03 RemoteRepo\tlos_autotest"/>
    <property name="java.endorsed.dirs" value="C:\Program Files\Java\jdk1.8.0_181\jre\lib\endorsed"/>
    <property name="sun.cpu.isalist" value="amd64"/>
    <property name="env.HOMEDRIVE" value="C:"/>
    <property name="sun.jnu.encoding" value="Cp1252"/>
    <property name="file.encoding.pkg" value="sun.io"/>
    <property name="env.SYSTEMDRIVE" value="C:"/>
    <property name="file.separator" value="\"/>
    <property name="java.specification.name" value="Java Platform API Specification"/>
    <property name="maven.conf" value="C:\Program Files\Apache\apache-maven-3.5.4\bin\../conf"/>
    <property name="env.JAVACMD" value="C:\Program Files\Java\jdk1.8.0_181\bin\java.exe"/>
    <property name="java.class.version" value="52.0"/>
    <property name="user.country" value="PH"/>
    <property name="java.home" value="C:\Program Files\Java\jdk1.8.0_181\jre"/>
    <property name="env.APPDATA" value="C:\Users\Reuel Sicat II\AppData\Roaming"/>
    <property name="env.PUBLIC" value="C:\Users\Public"/>
    <property name="java.vm.info" value="mixed mode"/>
    <property name="env.OS" value="Windows_NT"/>
    <property name="os.version" value="10.0"/>
    <property name="env.=::" value="::\"/>
    <property name="webdriver.chrome.driver" value="Drivers/chromedriver.exe"/>
    <property name="path.separator" value=";"/>
    <property name="java.vm.version" value="25.181-b13"/>
    <property name="env.USERPROFILE" value="C:\Users\Reuel Sicat II"/>
    <property name="user.variant" value=""/>
    <property name="env.JAVA_HOME" value="C:\Program Files\Java\jdk1.8.0_181"/>
    <property name="java.awt.printerjob" value="sun.awt.windows.WPrinterJob"/>
    <property name="env.TMP" value="C:\Users\REUELS~1\AppData\Local\Temp"/>
    <property name="env.FPS_BROWSER_USER_PROFILE_STRING" value="Default"/>
    <property name="env.PROGRAMFILES" value="C:\Program Files"/>
    <property name="sun.io.unicode.encoding" value="UnicodeLittle"/>
    <property name="awt.toolkit" value="sun.awt.windows.WToolkit"/>
    <property name="sun.stdout.encoding" value="cp437"/>
    <property name="user.script" value=""/>
    <property name="user.home" value="C:\Users\Reuel Sicat II"/>
    <property name="env.COMMONPROGRAMFILES" value="C:\Program Files\Common Files"/>
    <property name="env.=EXITCODE" value="00000001"/>
    <property name="env.SESSIONNAME" value="Console"/>
    <property name="java.specification.vendor" value="Oracle Corporation"/>
    <property name="env.CLASSPATH" value=".;C:\Program Files (x86)\MySQL\Connector J 8.0\mysql-connector-java-8.0.13.jar"/>
    <property name="env.M2_HOME" value="C:\Program Files\Apache\apache-maven-3.5.4\bin"/>
    <property name="java.vendor.url" value="http://java.oracle.com/"/>
    <property name="java.library.path" value="C:\Program Files\Java\jdk1.8.0_181\bin;C:\Windows\Sun\Java\bin;C:\Windows\system32;C:\Windows;C:\Program Files (x86)\Common Files\Oracle\Java\javapath;C:\Windows\system32;C:\Windows;C:\Windows\System32\Wbem;C:\Windows\System32\WindowsPowerShell\v1.0\;C:\Program Files (x86)\NVIDIA Corporation\PhysX\Common;C:\Windows\system32;C:\Windows;C:\Windows\System32\Wbem;C:\Windows\System32\WindowsPowerShell\v1.0\;C:\Windows\System32\OpenSSH\;C:\Program Files\Java\jdk1.8.0_181\bin;C:\Program Files\Apache\apache-maven-3.5.4\bin;C:\Program Files\Git\cmd;C:\Program Files (x86)\MySQL\Connector J 8.0;C:\Users\Reuel Sicat II\AppData\Local\Microsoft\WindowsApps;C:\Program Files\Java\jdk1.8.0_181\bin;C:\Program Files\Apache\apache-maven-3.5.4;;."/>
    <property name="env.NUMBER_OF_PROCESSORS" value="8"/>
    <property name="library.jansi.path" value="C:\Program Files\Apache\apache-maven-3.5.4\bin\..\lib\jansi-native"/>
    <property name="env.CLASSWORLDS_LAUNCHER" value="org.codehaus.plexus.classworlds.launcher.Launcher"/>
    <property name="env.PSMODULEPATH" value="C:\Program Files\WindowsPowerShell\Modules;C:\Windows\system32\WindowsPowerShell\v1.0\Modules"/>
    <property name="env.COMMONPROGRAMFILES(X86)" value="C:\Program Files (x86)\Common Files"/>
    <property name="env.MAVEN_CMD_LINE_ARGS" value="package exec:java"/>
    <property name="java.vm.vendor" value="Oracle Corporation"/>
    <property name="java.runtime.name" value="Java(TM) SE Runtime Environment"/>
    <property name="maven.home" value="C:\Program Files\Apache\apache-maven-3.5.4\bin\.."/>
    <property name="java.class.path" value="C:\Program Files\Apache\apache-maven-3.5.4\bin\..\boot\plexus-classworlds-2.5.2.jar"/>
    <property name="sun.java.command" value="org.codehaus.plexus.classworlds.launcher.Launcher package exec:java"/>
    <property name="env.PROGRAMW6432" value="C:\Program Files"/>
    <property name="maven.version" value="3.5.4"/>
    <property name="env.PROGRAMFILES(X86)" value="C:\Program Files (x86)"/>
    <property name="java.vm.specification.name" value="Java Virtual Machine Specification"/>
    <property name="env.LOGONSERVER" value="\\REUELSICATII-LA"/>
    <property name="java.vm.specification.version" value="1.8"/>
    <property name="env.PROCESSOR_ARCHITECTURE" value="AMD64"/>
    <property name="env.COMMONPROGRAMW6432" value="C:\Program Files\Common Files"/>
    <property name="sun.os.patch.level" value=""/>
    <property name="sun.cpu.endian" value="little"/>
    <property name="surefire.test.class.path" value="D:\04. Test Automation\03 RemoteRepo\tlos_autotest\target\test-classes;D:\04. Test Automation\03 RemoteRepo\tlos_autotest\target\classes;C:\Users\Reuel Sicat II\.m2\repository\info\cukes\cucumber-java\1.2.4\cucumber-java-1.2.4.jar;C:\Users\Reuel Sicat II\.m2\repository\info\cukes\cucumber-core\1.2.4\cucumber-core-1.2.4.jar;C:\Users\Reuel Sicat II\.m2\repository\info\cukes\cucumber-html\0.2.3\cucumber-html-0.2.3.jar;C:\Users\Reuel Sicat II\.m2\repository\info\cukes\cucumber-jvm-deps\1.0.5\cucumber-jvm-deps-1.0.5.jar;C:\Users\Reuel Sicat II\.m2\repository\info\cukes\gherkin\2.12.2\gherkin-2.12.2.jar;C:\Users\Reuel Sicat II\.m2\repository\info\cukes\cucumber-junit\1.2.4\cucumber-junit-1.2.4.jar;C:\Users\Reuel Sicat II\.m2\repository\junit\junit\4.11\junit-4.11.jar;C:\Users\Reuel Sicat II\.m2\repository\org\hamcrest\hamcrest-core\1.3\hamcrest-core-1.3.jar;C:\Users\Reuel Sicat II\.m2\repository\com\vimalselvam\cucumber-extentsreport\1.0.0\cucumber-extentsreport-1.0.0.jar;C:\Users\Reuel Sicat II\.m2\repository\org\apache\directory\studio\org.apache.commons.codec\1.8\org.apache.commons.codec-1.8.jar;C:\Users\Reuel Sicat II\.m2\repository\org\seleniumhq\selenium\selenium-server\2.53.0\selenium-server-2.53.0.jar;C:\Users\Reuel Sicat II\.m2\repository\com\beust\jcommander\1.48\jcommander-1.48.jar;C:\Users\Reuel Sicat II\.m2\repository\org\bouncycastle\bcprov-jdk15on\1.48\bcprov-jdk15on-1.48.jar;C:\Users\Reuel Sicat II\.m2\repository\org\bouncycastle\bcpkix-jdk15on\1.48\bcpkix-jdk15on-1.48.jar;C:\Users\Reuel Sicat II\.m2\repository\mx4j\mx4j-tools\3.0.1\mx4j-tools-3.0.1.jar;C:\Users\Reuel Sicat II\.m2\repository\org\seleniumhq\selenium\jetty-repacked\9.2.13.v20150730\jetty-repacked-9.2.13.v20150730.jar;C:\Users\Reuel Sicat II\.m2\repository\javax\servlet\javax.servlet-api\3.1.0\javax.servlet-api-3.1.0.jar;C:\Users\Reuel Sicat II\.m2\repository\org\seleniumhq\selenium\jetty-rc-repacked\5\jetty-rc-repacked-5.jar;C:\Users\Reuel Sicat II\.m2\repository\net\jcip\jcip-annotations\1.0\jcip-annotations-1.0.jar;C:\Users\Reuel Sicat II\.m2\repository\org\yaml\snakeyaml\1.8\snakeyaml-1.8.jar;C:\Users\Reuel Sicat II\.m2\repository\commons-codec\commons-codec\1.10\commons-codec-1.10.jar;C:\Users\Reuel Sicat II\.m2\repository\org\seleniumhq\selenium\selenium-java\2.53.0\selenium-java-2.53.0.jar;C:\Users\Reuel Sicat II\.m2\repository\org\seleniumhq\selenium\selenium-chrome-driver\2.53.0\selenium-chrome-driver-2.53.0.jar;C:\Users\Reuel Sicat II\.m2\repository\org\seleniumhq\selenium\selenium-remote-driver\2.53.0\selenium-remote-driver-2.53.0.jar;C:\Users\Reuel Sicat II\.m2\repository\cglib\cglib-nodep\2.1_3\cglib-nodep-2.1_3.jar;C:\Users\Reuel Sicat II\.m2\repository\org\seleniumhq\selenium\selenium-api\2.53.0\selenium-api-2.53.0.jar;C:\Users\Reuel Sicat II\.m2\repository\org\seleniumhq\selenium\selenium-edge-driver\2.53.0\selenium-edge-driver-2.53.0.jar;C:\Users\Reuel Sicat II\.m2\repository\org\seleniumhq\selenium\selenium-firefox-driver\2.53.0\selenium-firefox-driver-2.53.0.jar;C:\Users\Reuel Sicat II\.m2\repository\org\seleniumhq\selenium\selenium-ie-driver\2.53.0\selenium-ie-driver-2.53.0.jar;C:\Users\Reuel Sicat II\.m2\repository\net\java\dev\jna\jna\4.1.0\jna-4.1.0.jar;C:\Users\Reuel Sicat II\.m2\repository\net\java\dev\jna\jna-platform\4.1.0\jna-platform-4.1.0.jar;C:\Users\Reuel Sicat II\.m2\repository\org\seleniumhq\selenium\selenium-safari-driver\2.53.0\selenium-safari-driver-2.53.0.jar;C:\Users\Reuel Sicat II\.m2\repository\io\netty\netty\3.5.7.Final\netty-3.5.7.Final.jar;C:\Users\Reuel Sicat II\.m2\repository\org\seleniumhq\selenium\selenium-support\2.53.0\selenium-support-2.53.0.jar;C:\Users\Reuel Sicat II\.m2\repository\org\seleniumhq\selenium\selenium-leg-rc\2.53.0\selenium-leg-rc-2.53.0.jar;C:\Users\Reuel Sicat II\.m2\repository\io\appium\java-client\2.1.0\java-client-2.1.0.jar;C:\Users\Reuel Sicat II\.m2\repository\com\google\code\gson\gson\2.2.4\gson-2.2.4.jar;C:\Users\Reuel Sicat II\.m2\repository\com\google\guava\guava\17.0\guava-17.0.jar;C:\Users\Reuel Sicat II\.m2\repository\cglib\cglib\3.1\cglib-3.1.jar;C:\Users\Reuel Sicat II\.m2\repository\org\ow2\asm\asm\4.2\asm-4.2.jar;C:\Users\Reuel Sicat II\.m2\repository\com\github\2gis\winium\winium-elements-desktop\0.1.0-1\winium-elements-desktop-0.1.0-1.jar;C:\Users\Reuel Sicat II\.m2\repository\com\github\2gis\winium\winium-webdriver\0.1.0-1\winium-webdriver-0.1.0-1.jar;C:\Users\Reuel Sicat II\.m2\repository\javax\activation\activation\1.1.1\activation-1.1.1.jar;C:\Users\Reuel Sicat II\.m2\repository\javax\mail\mail\1.4.7\mail-1.4.7.jar;C:\Users\Reuel Sicat II\.m2\repository\org\seleniumhq\selenium\htmlunit-driver\2.23.2\htmlunit-driver-2.23.2.jar;C:\Users\Reuel Sicat II\.m2\repository\net\sourceforge\htmlunit\htmlunit\2.23\htmlunit-2.23.jar;C:\Users\Reuel Sicat II\.m2\repository\xalan\xalan\2.7.2\xalan-2.7.2.jar;C:\Users\Reuel Sicat II\.m2\repository\xalan\serializer\2.7.2\serializer-2.7.2.jar;C:\Users\Reuel Sicat II\.m2\repository\net\sourceforge\htmlunit\htmlunit-core-js\2.23\htmlunit-core-js-2.23.jar;C:\Users\Reuel Sicat II\.m2\repository\net\sourceforge\htmlunit\neko-htmlunit\2.23\neko-htmlunit-2.23.jar;C:\Users\Reuel Sicat II\.m2\repository\xerces\xercesImpl\2.11.0\xercesImpl-2.11.0.jar;C:\Users\Reuel Sicat II\.m2\repository\xml-apis\xml-apis\1.4.01\xml-apis-1.4.01.jar;C:\Users\Reuel Sicat II\.m2\repository\net\sourceforge\cssparser\cssparser\0.9.20\cssparser-0.9.20.jar;C:\Users\Reuel Sicat II\.m2\repository\org\w3c\css\sac\1.3\sac-1.3.jar;C:\Users\Reuel Sicat II\.m2\repository\org\eclipse\jetty\websocket\websocket-server\9.3.13.M0\websocket-server-9.3.13.M0.jar;C:\Users\Reuel Sicat II\.m2\repository\org\eclipse\jetty\websocket\websocket-common\9.3.13.M0\websocket-common-9.3.13.M0.jar;C:\Users\Reuel Sicat II\.m2\repository\org\eclipse\jetty\websocket\websocket-api\9.3.13.M0\websocket-api-9.3.13.M0.jar;C:\Users\Reuel Sicat II\.m2\repository\org\eclipse\jetty\jetty-util\9.3.13.M0\jetty-util-9.3.13.M0.jar;C:\Users\Reuel Sicat II\.m2\repository\org\eclipse\jetty\jetty-io\9.3.13.M0\jetty-io-9.3.13.M0.jar;C:\Users\Reuel Sicat II\.m2\repository\org\eclipse\jetty\websocket\websocket-client\9.3.13.M0\websocket-client-9.3.13.M0.jar;C:\Users\Reuel Sicat II\.m2\repository\org\eclipse\jetty\websocket\websocket-servlet\9.3.13.M0\websocket-servlet-9.3.13.M0.jar;C:\Users\Reuel Sicat II\.m2\repository\org\eclipse\jetty\jetty-servlet\9.3.13.M0\jetty-servlet-9.3.13.M0.jar;C:\Users\Reuel Sicat II\.m2\repository\org\eclipse\jetty\jetty-security\9.3.13.M0\jetty-security-9.3.13.M0.jar;C:\Users\Reuel Sicat II\.m2\repository\org\eclipse\jetty\jetty-server\9.3.13.M0\jetty-server-9.3.13.M0.jar;C:\Users\Reuel Sicat II\.m2\repository\org\eclipse\jetty\jetty-http\9.3.13.M0\jetty-http-9.3.13.M0.jar;C:\Users\Reuel Sicat II\.m2\repository\org\apache\httpcomponents\httpclient\4.5.2\httpclient-4.5.2.jar;C:\Users\Reuel Sicat II\.m2\repository\org\apache\httpcomponents\httpcore\4.4.4\httpcore-4.4.4.jar;C:\Users\Reuel Sicat II\.m2\repository\commons-logging\commons-logging\1.2\commons-logging-1.2.jar;C:\Users\Reuel Sicat II\.m2\repository\com\relevantcodes\extentreports\2.41.2\extentreports-2.41.2.jar;C:\Users\Reuel Sicat II\.m2\repository\org\jsoup\jsoup\1.8.3\jsoup-1.8.3.jar;C:\Users\Reuel Sicat II\.m2\repository\org\xerial\sqlite-jdbc\3.8.11.1\sqlite-jdbc-3.8.11.1.jar;C:\Users\Reuel Sicat II\.m2\repository\org\freemarker\freemarker\2.3.23\freemarker-2.3.23.jar;C:\Users\Reuel Sicat II\.m2\repository\org\mongodb\mongodb-driver\3.0.4\mongodb-driver-3.0.4.jar;C:\Users\Reuel Sicat II\.m2\repository\org\mongodb\bson\3.0.4\bson-3.0.4.jar;C:\Users\Reuel Sicat II\.m2\repository\org\mongodb\mongodb-driver-core\3.0.4\mongodb-driver-core-3.0.4.jar;C:\Users\Reuel Sicat II\.m2\repository\log4j\log4j\1.2.17\log4j-1.2.17.jar;C:\Users\Reuel Sicat II\.m2\repository\com\squareup\okhttp\okhttp\2.3.0\okhttp-2.3.0.jar;C:\Users\Reuel Sicat II\.m2\repository\com\squareup\okio\okio\1.3.0\okio-1.3.0.jar;C:\Users\Reuel Sicat II\.m2\repository\com\github\genium-framework\Appium-Support\1.0.2\Appium-Support-1.0.2.jar;C:\Users\Reuel Sicat II\.m2\repository\org\apache\commons\commons-exec\1.3\commons-exec-1.3.jar;C:\Users\Reuel Sicat II\.m2\repository\commons-io\commons-io\2.4\commons-io-2.4.jar;C:\Users\Reuel Sicat II\.m2\repository\io\rest-assured\rest-assured\3.0.3\rest-assured-3.0.3.jar;C:\Users\Reuel Sicat II\.m2\repository\org\codehaus\groovy\groovy\2.4.9\groovy-2.4.9.jar;C:\Users\Reuel Sicat II\.m2\repository\org\codehaus\groovy\groovy-xml\2.4.9\groovy-xml-2.4.9.jar;C:\Users\Reuel Sicat II\.m2\repository\org\apache\httpcomponents\httpmime\4.5.1\httpmime-4.5.1.jar;C:\Users\Reuel Sicat II\.m2\repository\org\hamcrest\hamcrest-library\1.3\hamcrest-library-1.3.jar;C:\Users\Reuel Sicat II\.m2\repository\org\ccil\cowan\tagsoup\tagsoup\1.2.1\tagsoup-1.2.1.jar;C:\Users\Reuel Sicat II\.m2\repository\io\rest-assured\json-path\3.0.3\json-path-3.0.3.jar;C:\Users\Reuel Sicat II\.m2\repository\org\codehaus\groovy\groovy-json\2.4.9\groovy-json-2.4.9.jar;C:\Users\Reuel Sicat II\.m2\repository\io\rest-assured\rest-assured-common\3.0.3\rest-assured-common-3.0.3.jar;C:\Users\Reuel Sicat II\.m2\repository\io\rest-assured\xml-path\3.0.3\xml-path-3.0.3.jar;C:\Users\Reuel Sicat II\.m2\repository\org\apache\commons\commons-lang3\3.4\commons-lang3-3.4.jar;C:\Users\Reuel Sicat II\.m2\repository\io\rest-assured\json-schema-validator\3.0.3\json-schema-validator-3.0.3.jar;C:\Users\Reuel Sicat II\.m2\repository\com\github\fge\json-schema-validator\2.2.6\json-schema-validator-2.2.6.jar;C:\Users\Reuel Sicat II\.m2\repository\joda-time\joda-time\2.3\joda-time-2.3.jar;C:\Users\Reuel Sicat II\.m2\repository\com\googlecode\libphonenumber\libphonenumber\6.2\libphonenumber-6.2.jar;C:\Users\Reuel Sicat II\.m2\repository\com\github\fge\json-schema-core\1.2.5\json-schema-core-1.2.5.jar;C:\Users\Reuel Sicat II\.m2\repository\com\github\fge\uri-template\0.9\uri-template-0.9.jar;C:\Users\Reuel Sicat II\.m2\repository\com\github\fge\msg-simple\1.1\msg-simple-1.1.jar;C:\Users\Reuel Sicat II\.m2\repository\com\github\fge\btf\1.2\btf-1.2.jar;C:\Users\Reuel Sicat II\.m2\repository\com\github\fge\jackson-coreutils\1.8\jackson-coreutils-1.8.jar;C:\Users\Reuel Sicat II\.m2\repository\org\mozilla\rhino\1.7R4\rhino-1.7R4.jar;C:\Users\Reuel Sicat II\.m2\repository\javax\mail\mailapi\1.4.3\mailapi-1.4.3.jar;C:\Users\Reuel Sicat II\.m2\repository\net\sf\jopt-simple\jopt-simple\4.6\jopt-simple-4.6.jar;C:\Users\Reuel Sicat II\.m2\repository\com\jayway\jsonpath\json-path\2.0.0\json-path-2.0.0.jar;C:\Users\Reuel Sicat II\.m2\repository\org\slf4j\slf4j-api\1.7.10\slf4j-api-1.7.10.jar;C:\Users\Reuel Sicat II\.m2\repository\net\minidev\json-smart\2.1.1\json-smart-2.1.1.jar;C:\Users\Reuel Sicat II\.m2\repository\net\minidev\asm\1.0.2\asm-1.0.2.jar;C:\Users\Reuel Sicat II\.m2\repository\asm\asm\3.3.1\asm-3.3.1.jar;C:\Users\Reuel Sicat II\.m2\repository\mysql\mysql-connector-java\5.1.39\mysql-connector-java-5.1.39.jar;C:\Users\Reuel Sicat II\.m2\repository\org\mybatis\mybatis\3.3.0\mybatis-3.3.0.jar;C:\Users\Reuel Sicat II\.m2\repository\com\fasterxml\jackson\core\jackson-core\2.7.2\jackson-core-2.7.2.jar;C:\Users\Reuel Sicat II\.m2\repository\com\fasterxml\jackson\core\jackson-databind\2.7.2\jackson-databind-2.7.2.jar;C:\Users\Reuel Sicat II\.m2\repository\com\fasterxml\jackson\core\jackson-annotations\2.7.2\jackson-annotations-2.7.2.jar;C:\Users\Reuel Sicat II\.m2\repository\org\codehaus\jettison\jettison\1.1\jettison-1.1.jar;C:\Users\Reuel Sicat II\.m2\repository\stax\stax-api\1.0.1\stax-api-1.0.1.jar;C:\Users\Reuel Sicat II\.m2\repository\com\google\apis\google-api-services-sheets\v4-rev549-1.25.0\google-api-services-sheets-v4-rev549-1.25.0.jar;C:\Users\Reuel Sicat II\.m2\repository\com\google\gdata\core\1.47.1\core-1.47.1.jar;C:\Users\Reuel Sicat II\.m2\repository\com\google\code\findbugs\jsr305\1.3.7\jsr305-1.3.7.jar;C:\Users\Reuel Sicat II\.m2\repository\com\google\api-client\google-api-client\1.23.0\google-api-client-1.23.0.jar;C:\Users\Reuel Sicat II\.m2\repository\com\google\oauth-client\google-oauth-client\1.23.0\google-oauth-client-1.23.0.jar;C:\Users\Reuel Sicat II\.m2\repository\com\google\http-client\google-http-client\1.23.0\google-http-client-1.23.0.jar;C:\Users\Reuel Sicat II\.m2\repository\com\google\http-client\google-http-client-jackson2\1.23.0\google-http-client-jackson2-1.23.0.jar;C:\Users\Reuel Sicat II\.m2\repository\com\google\guava\guava-jdk5\17.0\guava-jdk5-17.0.jar;C:\Users\Reuel Sicat II\.m2\repository\com\google\oauth-client\google-oauth-client-jetty\1.23.0\google-oauth-client-jetty-1.23.0.jar;C:\Users\Reuel Sicat II\.m2\repository\com\google\oauth-client\google-oauth-client-java6\1.23.0\google-oauth-client-java6-1.23.0.jar;C:\Users\Reuel Sicat II\.m2\repository\org\mortbay\jetty\jetty\6.1.26\jetty-6.1.26.jar;C:\Users\Reuel Sicat II\.m2\repository\org\mortbay\jetty\jetty-util\6.1.26\jetty-util-6.1.26.jar;C:\Users\Reuel Sicat II\.m2\repository\org\mortbay\jetty\servlet-api\2.5-20081211\servlet-api-2.5-20081211.jar;"/>
    <property name="java.io.tmpdir" value="C:\Users\REUELS~1\AppData\Local\Temp\"/>
    <property name="env.PROCESSOR_REVISION" value="9e09"/>
    <property name="java.vendor.url.bug" value="http://bugreport.sun.com/bugreport/"/>
    <property name="maven.multiModuleProjectDirectory" value="D:\04. Test Automation\03 RemoteRepo\tlos_autotest"/>
    <property name="env.COMSPEC" value="C:\Windows\system32\cmd.exe"/>
    <property name="env.PROGRAMDATA" value="C:\ProgramData"/>
    <property name="env.FPS_BROWSER_APP_PROFILE_STRING" value="Internet Explorer"/>
    <property name="java.awt.graphicsenv" value="sun.awt.Win32GraphicsEnvironment"/>
    <property name="os.arch" value="amd64"/>
    <property name="java.ext.dirs" value="C:\Program Files\Java\jdk1.8.0_181\jre\lib\ext;C:\Windows\Sun\Java\lib\ext"/>
    <property name="env.=D:" value="D:\04. Test Automation\03 RemoteRepo\tlos_autotest"/>
    <property name="user.dir" value="D:\04. Test Automation\03 RemoteRepo\tlos_autotest"/>
    <property name="env.LOCALAPPDATA" value="C:\Users\Reuel Sicat II\AppData\Local"/>
    <property name="env.MAVEN_HOME" value="C:\Program Files\Apache\apache-maven-3.5.4\bin\.."/>
    <property name="line.separator" value="
"/>
    <property name="java.vm.name" value="Java HotSpot(TM) 64-Bit Server VM"/>
    <property name="env.CLASSWORLDS_JAR" value="&quot;C:\Program Files\Apache\apache-maven-3.5.4\bin\..\boot\plexus-classworlds-2.5.2.jar&quot;"/>
    <property name="env.PATHEXT" value=".COM;.EXE;.BAT;.CMD;.VBS;.VBE;.JS;.JSE;.WSF;.WSH;.MSC"/>
    <property name="basedir" value="D:\04. Test Automation\03 RemoteRepo\tlos_autotest"/>
    <property name="env.ERROR_CODE" value="0"/>
    <property name="env.USERNAME" value="Reuel Sicat II"/>
    <property name="file.encoding" value="Cp1252"/>
    <property name="sun.stderr.encoding" value="cp437"/>
    <property name="env.USERDOMAIN" value="REUELSICATII-LA"/>
    <property name="java.specification.version" value="1.8"/>
    <property name="env.=C:" value="C:\Users\Reuel Sicat II"/>
    <property name="env.MAVEN_PROJECTBASEDIR" value="D:\04. Test Automation\03 RemoteRepo\tlos_autotest"/>
    <property name="env.PROCESSOR_LEVEL" value="6"/>
  </properties>
  <testcase classname="| Website Development | Basic Web Design |" name="| Website Development | Basic Web Design |" time="4.146">
    <error message="chrome not reachable
  (Session info: chrome=53.0.2785.116)
  (Driver info: chromedriver=2.25.426923 (0390b88869384d6eb0d5d09729679f934aab9eed),platform=Windows NT 10.0.17134 x86_64) (WARNING: The server did not provide any stacktrace information)
Command duration or timeout: 4.05 seconds
Build info: version: &apos;2.53.0&apos;, revision: &apos;35ae25b1534ae328c771e0856c93e187490ca824&apos;, time: &apos;2016-03-15 10:43:46&apos;
System info: host: &apos;ReuelSicatII-LAPTOP&apos;, ip: &apos;192.168.40.144&apos;, os.name: &apos;Windows 10&apos;, os.arch: &apos;amd64&apos;, os.version: &apos;10.0&apos;, java.version: &apos;1.8.0_181&apos;
Driver info: org.openqa.selenium.chrome.ChromeDriver
Capabilities [{applicationCacheEnabled=false, rotatable=false, mobileEmulationEnabled=false, networkConnectionEnabled=false, chrome={chromedriverVersion=2.25.426923 (0390b88869384d6eb0d5d09729679f934aab9eed), userDataDir=C:\Users\REUELS~1\AppData\Local\Temp\scoped_dir93948_25971}, takesHeapSnapshot=true, pageLoadStrategy=normal, databaseEnabled=false, handlesAlerts=true, hasTouchScreen=false, version=53.0.2785.116, platform=XP, browserConnectionEnabled=false, nativeEvents=true, acceptSslCerts=true, locationContextEnabled=true, webStorageEnabled=true, browserName=chrome, takesScreenshot=true, javascriptEnabled=true, cssSelectorsEnabled=true}]
Session ID: 92d136295998e0382b0f0cc7099b83b6" type="org.openqa.selenium.WebDriverException">org.openqa.selenium.WebDriverException: chrome not reachable
  (Session info: chrome=53.0.2785.116)
  (Driver info: chromedriver=2.25.426923 (0390b88869384d6eb0d5d09729679f934aab9eed),platform=Windows NT 10.0.17134 x86_64) (WARNING: The server did not provide any stacktrace information)
Command duration or timeout: 4.05 seconds
Build info: version: &apos;2.53.0&apos;, revision: &apos;35ae25b1534ae328c771e0856c93e187490ca824&apos;, time: &apos;2016-03-15 10:43:46&apos;
System info: host: &apos;ReuelSicatII-LAPTOP&apos;, ip: &apos;192.168.40.144&apos;, os.name: &apos;Windows 10&apos;, os.arch: &apos;amd64&apos;, os.version: &apos;10.0&apos;, java.version: &apos;1.8.0_181&apos;
Driver info: org.openqa.selenium.chrome.ChromeDriver
Capabilities [{applicationCacheEnabled=false, rotatable=false, mobileEmulationEnabled=false, networkConnectionEnabled=false, chrome={chromedriverVersion=2.25.426923 (0390b88869384d6eb0d5d09729679f934aab9eed), userDataDir=C:\Users\REUELS~1\AppData\Local\Temp\scoped_dir93948_25971}, takesHeapSnapshot=true, pageLoadStrategy=normal, databaseEnabled=false, handlesAlerts=true, hasTouchScreen=false, version=53.0.2785.116, platform=XP, browserConnectionEnabled=false, nativeEvents=true, acceptSslCerts=true, locationContextEnabled=true, webStorageEnabled=true, browserName=chrome, takesScreenshot=true, javascriptEnabled=true, cssSelectorsEnabled=true}]
Session ID: 92d136295998e0382b0f0cc7099b83b6
	at sun.reflect.GeneratedConstructorAccessor19.newInstance(Unknown Source)
	at sun.reflect.DelegatingConstructorAccessorImpl.newInstance(DelegatingConstructorAccessorImpl.java:45)
	at java.lang.reflect.Constructor.newInstance(Constructor.java:423)
	at org.openqa.selenium.remote.ErrorHandler.createThrowable(ErrorHandler.java:206)
	at org.openqa.selenium.remote.ErrorHandler.throwIfResponseFailed(ErrorHandler.java:158)
	at org.openqa.selenium.remote.RemoteWebDriver.execute(RemoteWebDriver.java:678)
	at org.openqa.selenium.remote.RemoteWebDriver.execute(RemoteWebDriver.java:701)
	at org.openqa.selenium.remote.RemoteWebDriver$RemoteWebDriverOptions.deleteAllCookies(RemoteWebDriver.java:773)
	at cucumber.Framework.WEBHelper.GetDriverObject(WEBHelper.java:217)
	at cucumber.Framework.SetUp.setup(SetUp.java:50)
	at sun.reflect.GeneratedMethodAccessor33.invoke(Unknown Source)
	at sun.reflect.DelegatingMethodAccessorImpl.invoke(DelegatingMethodAccessorImpl.java:43)
	at java.lang.reflect.Method.invoke(Method.java:498)
	at cucumber.runtime.Utils$1.call(Utils.java:37)
	at cucumber.runtime.Timeout.timeout(Timeout.java:13)
	at cucumber.runtime.Utils.invoke(Utils.java:31)
	at cucumber.runtime.java.JavaHookDefinition.execute(JavaHookDefinition.java:60)
	at cucumber.runtime.Runtime.runHookIfTagsMatch(Runtime.java:223)
	at cucumber.runtime.Runtime.runHooks(Runtime.java:211)
	at cucumber.runtime.Runtime.runBeforeHooks(Runtime.java:201)
	at cucumber.runtime.model.CucumberScenario.run(CucumberScenario.java:40)
	at cucumber.runtime.junit.ExecutionUnitRunner.run(ExecutionUnitRunner.java:91)
	at org.junit.runners.Suite.runChild(Suite.java:127)
	at org.junit.runners.Suite.runChild(Suite.java:26)
	at org.junit.runners.ParentRunner$3.run(ParentRunner.java:238)
	at org.junit.runners.ParentRunner$1.schedule(ParentRunner.java:63)
	at org.junit.runners.ParentRunner.runChildren(ParentRunner.java:236)
	at org.junit.runners.ParentRunner.access$000(ParentRunner.java:53)
	at org.junit.runners.ParentRunner$2.evaluate(ParentRunner.java:229)
	at org.junit.runners.ParentRunner.run(ParentRunner.java:309)
	at cucumber.runtime.junit.ExamplesRunner.run(ExamplesRunner.java:59)
	at org.junit.runners.Suite.runChild(Suite.java:127)
	at org.junit.runners.Suite.runChild(Suite.java:26)
	at org.junit.runners.ParentRunner$3.run(ParentRunner.java:238)
	at org.junit.runners.ParentRunner$1.schedule(ParentRunner.java:63)
	at org.junit.runners.ParentRunner.runChildren(ParentRunner.java:236)
	at org.junit.runners.ParentRunner.access$000(ParentRunner.java:53)
	at org.junit.runners.ParentRunner$2.evaluate(ParentRunner.java:229)
	at org.junit.runners.ParentRunner.run(ParentRunner.java:309)
	at cucumber.runtime.junit.ScenarioOutlineRunner.run(ScenarioOutlineRunner.java:53)
	at cucumber.runtime.junit.FeatureRunner.runChild(FeatureRunner.java:63)
	at cucumber.runtime.junit.FeatureRunner.runChild(FeatureRunner.java:18)
	at org.junit.runners.ParentRunner$3.run(ParentRunner.java:238)
	at org.junit.runners.ParentRunner$1.schedule(ParentRunner.java:63)
	at org.junit.runners.ParentRunner.runChildren(ParentRunner.java:236)
	at org.junit.runners.ParentRunner.access$000(ParentRunner.java:53)
	at org.junit.runners.ParentRunner$2.evaluate(ParentRunner.java:229)
	at org.junit.runners.ParentRunner.run(ParentRunner.java:309)
	at cucumber.runtime.junit.FeatureRunner.run(FeatureRunner.java:70)
	at cucumber.api.junit.Cucumber.runChild(Cucumber.java:93)
	at cucumber.api.junit.Cucumber.runChild(Cucumber.java:37)
	at org.junit.runners.ParentRunner$3.run(ParentRunner.java:238)
	at org.junit.runners.ParentRunner$1.schedule(ParentRunner.java:63)
	at org.junit.runners.ParentRunner.runChildren(ParentRunner.java:236)
	at org.junit.runners.ParentRunner.access$000(ParentRunner.java:53)
	at org.junit.runners.ParentRunner$2.evaluate(ParentRunner.java:229)
	at org.junit.internal.runners.statements.RunBefores.evaluate(RunBefores.java:26)
	at org.junit.internal.runners.statements.RunAfters.evaluate(RunAfters.java:27)
	at org.junit.runners.ParentRunner.run(ParentRunner.java:309)
	at cucumber.api.junit.Cucumber.run(Cucumber.java:98)
	at org.apache.maven.surefire.junit4.JUnit4TestSet.execute(JUnit4TestSet.java:62)
	at org.apache.maven.surefire.suite.AbstractDirectoryTestSuite.executeTestSet(AbstractDirectoryTestSuite.java:140)
	at org.apache.maven.surefire.suite.AbstractDirectoryTestSuite.execute(AbstractDirectoryTestSuite.java:127)
	at org.apache.maven.surefire.Surefire.run(Surefire.java:177)
	at sun.reflect.NativeMethodAccessorImpl.invoke0(Native Method)
	at sun.reflect.NativeMethodAccessorImpl.invoke(NativeMethodAccessorImpl.java:62)
	at sun.reflect.DelegatingMethodAccessorImpl.invoke(DelegatingMethodAccessorImpl.java:43)
	at java.lang.reflect.Method.invoke(Method.java:498)
	at org.apache.maven.surefire.booter.SurefireBooter.runSuitesInProcess(SurefireBooter.java:338)
	at org.apache.maven.surefire.booter.SurefireBooter.main(SurefireBooter.java:997)
</error>
    <system-out>URL link Resopnse Code not 200
Helper - Scenario Name: COMSMOKETEST_TS01
</system-out>
  </testcase>
  <testcase classname="| Website Development | Basic Web Design |" name="Given Im an Account Manager" time="4.161">
    <skipped/>
  </testcase>
  <testcase classname="| Website Development | Basic Web Design |" name="When I navigate to &quot;COMDEV_Login&quot;" time="4.161">
    <skipped/>
  </testcase>
  <testcase classname="| Website Development | Basic Web Design |" name="And I populate COM01_Username with &quot;rv.villanueva@truelogic.com.ph&quot;" time="4.161">
    <skipped/>
  </testcase>
  <testcase classname="| Website Development | Basic Web Design |" name="And I populate COM01_Password with &quot;qwerty&quot;" time="4.161">
    <skipped/>
  </testcase>
  <testcase classname="| Website Development | Basic Web Design |" name="And I click COM01_LogIn button" time="4.161">
    <skipped/>
  </testcase>
  <testcase classname="| Website Development | Basic Web Design |" name="Then Ill see that Ive login successfully" time="4.161">
    <skipped/>
  </testcase>
  <testcase classname="| Website Development | Basic Web Design |" name="When I navigate to &quot;COMDEV_Client&quot;" time="4.161">
    <skipped/>
  </testcase>
  <testcase classname="| Website Development | Basic Web Design |" name="And I click COM02_Campaigns tab" time="4.161">
    <skipped/>
  </testcase>
  <testcase classname="| Website Development | Basic Web Design |" name="And I click COM03_CreateCampaign button" time="4.161">
    <skipped/>
  </testcase>
  <testcase classname="| Website Development | Basic Web Design |" name="And I populate COM04_CampaignName with &quot;www.seleniumhq.org/projects/&quot;" time="4.161">
    <skipped/>
  </testcase>
  <testcase classname="| Website Development | Basic Web Design |" name="And I populate COM04_BrandName with &quot;www.seleniumhq.org/projects/&quot;" time="4.161">
    <skipped/>
  </testcase>
  <testcase classname="| Website Development | Basic Web Design |" name="And I populate COM04_CampaignURL with &quot;http://www.seleniumhq.org/projects/&quot;" time="4.161">
    <skipped/>
  </testcase>
  <testcase classname="| Website Development | Basic Web Design |" name="And I populate COM04_Description textfield with &quot;Test Automation Description&quot;" time="4.161">
    <skipped/>
  </testcase>
  <testcase classname="And I select &quot;IT &amp; Tech (deleted)&quot; over COM04_Category dropdown(| Website Development | Basic Web Design |)" name="And I select &quot;IT &amp; Tech " time="4.161">
    <skipped/>
  </testcase>
  <testcase classname="| Website Development | Basic Web Design |" name="And I populate COM04_ProductandServiceOverview textfield with &quot;Test Automation ProductandServiceOverview&quot;" time="4.161">
    <skipped/>
  </testcase>
  <testcase classname="| Website Development | Basic Web Design |" name="And I click COM04_Submit button" time="4.161">
    <skipped/>
  </testcase>
  <testcase classname="| Website Development | Basic Web Design |" name="Then Ill see campaign successfully created" time="4.161">
    <skipped/>
  </testcase>
  <testcase classname="| Website Development | Basic Web Design |" name="When I navigate to &quot;COMDEV_Client&quot;" time="4.177">
    <skipped/>
  </testcase>
  <testcase classname="| Website Development | Basic Web Design |" name="And I click COM02_Campaigns tab" time="4.177">
    <skipped/>
  </testcase>
  <testcase classname="| Website Development | Basic Web Design |" name="And I click &quot;www.seleniumhq.org/projects/&quot; link" time="4.177">
    <skipped/>
  </testcase>
  <testcase classname="| Website Development | Basic Web Design |" name="And I click COM06_Products tab" time="4.177">
    <skipped/>
  </testcase>
  <testcase classname="| Website Development | Basic Web Design |" name="And I click COM07_OrderAProduct button" time="4.177">
    <skipped/>
  </testcase>
  <testcase classname="| Website Development | Basic Web Design |" name="And I select Website Development over COM07_SelectACategory list" time="4.177">
    <skipped/>
  </testcase>
  <testcase classname="| Website Development | Basic Web Design |" name="And I click Basic Web Design name" time="4.177">
    <skipped/>
  </testcase>
  <testcase classname="| Website Development | Basic Web Design |" name="And I click COM07_AddthisProduct button" time="4.177">
    <skipped/>
  </testcase>
  <testcase classname="| Website Development | Basic Web Design |" name="Then Ill see Basic Web Design successfully added" time="4.177">
    <skipped/>
  </testcase>
  <testcase classname="| Website Development | Basic Web Design |" name="When I navigate to &quot;COMDEV_Client&quot;" time="4.177">
    <skipped/>
  </testcase>
  <testcase classname="| Website Development | Basic Web Design |" name="And I click COM02_Campaigns tab" time="4.177">
    <skipped/>
  </testcase>
  <testcase classname="| Website Development | Basic Web Design |" name="And I click &quot;www.seleniumhq.org/projects/&quot; link" time="4.177">
    <skipped/>
  </testcase>
  <testcase classname="| Website Development | Basic Web Design |" name="And I click COM06_Products tab" time="4.177">
    <skipped/>
  </testcase>
  <testcase classname="| Website Development | Basic Web Design |" name="And I click the COM07_Basic Web Design link" time="4.177">
    <skipped/>
  </testcase>
  <testcase classname="| Website Development | Basic Web Design |" name="And I click COM07_Invoice link" time="4.177">
    <skipped/>
  </testcase>
  <testcase classname="| Website Development | Basic Web Design |" name="And I click COM05_Payments tab" time="4.177">
    <skipped/>
  </testcase>
  <testcase classname="| Website Development | Basic Web Design |" name="And I click COM05_AddNewPayment button" time="4.177">
    <skipped/>
  </testcase>
  <testcase classname="| Website Development | Basic Web Design |" name="And I populate COM05_AmountPaid with &quot;399.00&quot;" time="4.177">
    <skipped/>
  </testcase>
  <testcase classname="| Website Development | Basic Web Design |" name="And I select &quot;Cash&quot; over COM05_Type dropdown" time="4.177">
    <skipped/>
  </testcase>
  <testcase classname="| Website Development | Basic Web Design |" name="And I populate COM05_ReferenceNumber with &quot;12345&quot;" time="4.177">
    <skipped/>
  </testcase>
  <testcase classname="| Website Development | Basic Web Design |" name="And I click COM05_No_DoYouWantToSendOpsANotification button" time="4.177">
    <skipped/>
  </testcase>
  <testcase classname="| Website Development | Basic Web Design |" name="And I click COM05_No_UseCredit button" time="4.177">
    <skipped/>
  </testcase>
  <testcase classname="| Website Development | Basic Web Design |" name="And I click COM05_No_DoyouWantToSendTheClientANotification button" time="4.177">
    <skipped/>
  </testcase>
  <testcase classname="| Website Development | Basic Web Design |" name="And I click COM05_Submit button" time="4.177">
    <skipped/>
  </testcase>
  <testcase classname="| Website Development | Basic Web Design |" name="Then Ill see Basic Web Design successfully paid" time="4.177">
    <skipped/>
  </testcase>
  <testcase classname="| Website Development | Basic Web Design |" name="When I navigate to &quot;COMDEV_Client&quot;" time="4.177">
    <skipped/>
  </testcase>
  <testcase classname="| Website Development | Basic Web Design |" name="And I click COM02_Campaigns tab" time="4.177">
    <skipped/>
  </testcase>
  <testcase classname="| Website Development | Basic Web Design |" name="And I click &quot;www.seleniumhq.org/projects/&quot; link" time="4.177">
    <skipped/>
  </testcase>
  <testcase classname="| Website Development | Basic Web Design |" name="And I hover COM06_ProjectManagement tab" time="4.177">
    <skipped/>
  </testcase>
  <testcase classname="| Website Development | Basic Web Design |" name="And I click COM06_Project dropdown" time="4.177">
    <skipped/>
  </testcase>
  <testcase classname="| Website Development | Basic Web Design |" name="And I click COM08_AddAProject button" time="4.177">
    <skipped/>
  </testcase>
  <testcase classname="| Website Development | Basic Web Design |" name="And I populate COM08_NameTheProject textfield with &quot;TestAutomation - BasicWebDesign&quot;" time="4.177">
    <skipped/>
  </testcase>
  <testcase classname="| Website Development | Basic Web Design |" name="And I select Basic Web Design over COM08_SelectAProduct dropdown" time="4.177">
    <skipped/>
  </testcase>
  <testcase classname="| Website Development | Basic Web Design |" name="And I click COM08_SaveProject button" time="4.177">
    <skipped/>
  </testcase>
  <testcase classname="| Website Development | Basic Web Design |" name="Then I see the product associated with the project" time="4.177">
    <skipped/>
  </testcase>
  <testcase classname="| Website Development | Basic Web Design |" name="When I navigate to &quot;COMDEV_Client&quot;" time="4.177">
    <skipped/>
  </testcase>
  <testcase classname="| Website Development | Basic Web Design |" name="And I click COM02_Campaigns tab" time="4.177">
    <skipped/>
  </testcase>
  <testcase classname="| Website Development | Basic Web Design |" name="And I click &quot;www.seleniumhq.org/projects/&quot; link" time="4.177">
    <skipped/>
  </testcase>
  <testcase classname="| Website Development | Basic Web Design |" name="And I click COM06_Products tab" time="4.177">
    <skipped/>
  </testcase>
  <testcase classname="| Website Development | Basic Web Design |" name="And I click the COM07_Basic Web Design link" time="4.177">
    <skipped/>
  </testcase>
  <testcase classname="| Website Development | Basic Web Design |" name="And I click the COM07_Edit button" time="4.177">
    <skipped/>
  </testcase>
  <testcase classname="| Website Development | Basic Web Design |" name="And I select &quot;Active&quot; over COM07_ProductStatus dropdown" time="4.177">
    <skipped/>
  </testcase>
  <testcase classname="| Website Development | Basic Web Design |" name="And I click COM07_Save button" time="4.177">
    <skipped/>
  </testcase>
  <testcase classname="| Website Development | Basic Web Design |" name="Then Ill see Basic Web Design activated" time="4.177">
    <skipped/>
  </testcase>
  <testcase classname="| Website Development | Basic Web Design |" name="When I navigate to &quot;COMDEV_Deployment&quot;" time="4.177">
    <skipped/>
  </testcase>
  <testcase classname="| Website Development | Basic Web Design |" name="And I populate COM09_Campaign textfield with &quot;www.seleniumhq.org/projects/&quot;" time="4.177">
    <skipped/>
  </testcase>
  <testcase classname="| Website Development | Basic Web Design |" name="And I click COM09_Deployment button" time="4.177">
    <skipped/>
  </testcase>
  <testcase classname="| Website Development | Basic Web Design |" name="And I populate COM10_MonthNo with &quot;1&quot;" time="4.177">
    <skipped/>
  </testcase>
  <testcase classname="| Website Development | Basic Web Design |" name="And I click COM10_Deploy button" time="4.177">
    <skipped/>
  </testcase>
  <testcase classname="| Website Development | Basic Web Design |" name="And I click COM10_Yes button" time="4.177">
    <skipped/>
  </testcase>
  <testcase classname="| Website Development | Basic Web Design |" name="Then Ill see Basic Web Design is deployed over COMDEV_Deployment" time="4.177">
    <skipped/>
  </testcase>
  <testcase classname="| Website Development | Basic Web Design |" name="And Ill see Basic Web Design task correctly deployed" time="4.193">
    <skipped/>
  </testcase>
  <testcase classname="| Website Development | Basic Web Design |" name="When I navigate to &quot;COMDEV_Logout&quot;" time="4.193">
    <skipped/>
  </testcase>
  <testcase classname="| Website Development | Basic Web Design |" name="Then Ill see that Ive logout successfully" time="4.193">
    <skipped/>
  </testcase>
  <testcase classname="| Website Development | Basic Web Design |" name="| Website Development | Basic Web Design |" time="8.254">
    <error message="chrome not reachable
  (Session info: chrome=53.0.2785.116)
  (Driver info: chromedriver=2.25.426923 (0390b88869384d6eb0d5d09729679f934aab9eed),platform=Windows NT 10.0.17134 x86_64) (WARNING: The server did not provide any stacktrace information)
Command duration or timeout: 4.06 seconds
Build info: version: &apos;2.53.0&apos;, revision: &apos;35ae25b1534ae328c771e0856c93e187490ca824&apos;, time: &apos;2016-03-15 10:43:46&apos;
System info: host: &apos;ReuelSicatII-LAPTOP&apos;, ip: &apos;192.168.40.144&apos;, os.name: &apos;Windows 10&apos;, os.arch: &apos;amd64&apos;, os.version: &apos;10.0&apos;, java.version: &apos;1.8.0_181&apos;
Driver info: org.openqa.selenium.chrome.ChromeDriver
Capabilities [{applicationCacheEnabled=false, rotatable=false, mobileEmulationEnabled=false, networkConnectionEnabled=false, chrome={chromedriverVersion=2.25.426923 (0390b88869384d6eb0d5d09729679f934aab9eed), userDataDir=C:\Users\REUELS~1\AppData\Local\Temp\scoped_dir93948_25971}, takesHeapSnapshot=true, pageLoadStrategy=normal, databaseEnabled=false, handlesAlerts=true, hasTouchScreen=false, version=53.0.2785.116, platform=XP, browserConnectionEnabled=false, nativeEvents=true, acceptSslCerts=true, locationContextEnabled=true, webStorageEnabled=true, browserName=chrome, takesScreenshot=true, javascriptEnabled=true, cssSelectorsEnabled=true}]
Session ID: 92d136295998e0382b0f0cc7099b83b6" type="org.openqa.selenium.WebDriverException">org.openqa.selenium.WebDriverException: chrome not reachable
  (Session info: chrome=53.0.2785.116)
  (Driver info: chromedriver=2.25.426923 (0390b88869384d6eb0d5d09729679f934aab9eed),platform=Windows NT 10.0.17134 x86_64) (WARNING: The server did not provide any stacktrace information)
Command duration or timeout: 4.06 seconds
Build info: version: &apos;2.53.0&apos;, revision: &apos;35ae25b1534ae328c771e0856c93e187490ca824&apos;, time: &apos;2016-03-15 10:43:46&apos;
System info: host: &apos;ReuelSicatII-LAPTOP&apos;, ip: &apos;192.168.40.144&apos;, os.name: &apos;Windows 10&apos;, os.arch: &apos;amd64&apos;, os.version: &apos;10.0&apos;, java.version: &apos;1.8.0_181&apos;
Driver info: org.openqa.selenium.chrome.ChromeDriver
Capabilities [{applicationCacheEnabled=false, rotatable=false, mobileEmulationEnabled=false, networkConnectionEnabled=false, chrome={chromedriverVersion=2.25.426923 (0390b88869384d6eb0d5d09729679f934aab9eed), userDataDir=C:\Users\REUELS~1\AppData\Local\Temp\scoped_dir93948_25971}, takesHeapSnapshot=true, pageLoadStrategy=normal, databaseEnabled=false, handlesAlerts=true, hasTouchScreen=false, version=53.0.2785.116, platform=XP, browserConnectionEnabled=false, nativeEvents=true, acceptSslCerts=true, locationContextEnabled=true, webStorageEnabled=true, browserName=chrome, takesScreenshot=true, javascriptEnabled=true, cssSelectorsEnabled=true}]
Session ID: 92d136295998e0382b0f0cc7099b83b6
	at sun.reflect.GeneratedConstructorAccessor19.newInstance(Unknown Source)
	at sun.reflect.DelegatingConstructorAccessorImpl.newInstance(DelegatingConstructorAccessorImpl.java:45)
	at java.lang.reflect.Constructor.newInstance(Constructor.java:423)
	at org.openqa.selenium.remote.ErrorHandler.createThrowable(ErrorHandler.java:206)
	at org.openqa.selenium.remote.ErrorHandler.throwIfResponseFailed(ErrorHandler.java:158)
	at org.openqa.selenium.remote.RemoteWebDriver.execute(RemoteWebDriver.java:678)
	at org.openqa.selenium.remote.RemoteWebDriver.execute(RemoteWebDriver.java:701)
	at org.openqa.selenium.remote.RemoteWebDriver.getScreenshotAs(RemoteWebDriver.java:335)
	at cucumber.Framework.TearDown.teardown(TearDown.java:33)
	at sun.reflect.GeneratedMethodAccessor36.invoke(Unknown Source)
	at sun.reflect.DelegatingMethodAccessorImpl.invoke(DelegatingMethodAccessorImpl.java:43)
	at java.lang.reflect.Method.invoke(Method.java:498)
	at cucumber.runtime.Utils$1.call(Utils.java:37)
	at cucumber.runtime.Timeout.timeout(Timeout.java:13)
	at cucumber.runtime.Utils.invoke(Utils.java:31)
	at cucumber.runtime.java.JavaHookDefinition.execute(JavaHookDefinition.java:60)
	at cucumber.runtime.Runtime.runHookIfTagsMatch(Runtime.java:223)
	at cucumber.runtime.Runtime.runHooks(Runtime.java:211)
	at cucumber.runtime.Runtime.runAfterHooks(Runtime.java:205)
	at cucumber.runtime.model.CucumberScenario.run(CucumberScenario.java:46)
	at cucumber.runtime.junit.ExecutionUnitRunner.run(ExecutionUnitRunner.java:91)
	at org.junit.runners.Suite.runChild(Suite.java:127)
	at org.junit.runners.Suite.runChild(Suite.java:26)
	at org.junit.runners.ParentRunner$3.run(ParentRunner.java:238)
	at org.junit.runners.ParentRunner$1.schedule(ParentRunner.java:63)
	at org.junit.runners.ParentRunner.runChildren(ParentRunner.java:236)
	at org.junit.runners.ParentRunner.access$000(ParentRunner.java:53)
	at org.junit.runners.ParentRunner$2.evaluate(ParentRunner.java:229)
	at org.junit.runners.ParentRunner.run(ParentRunner.java:309)
	at cucumber.runtime.junit.ExamplesRunner.run(ExamplesRunner.java:59)
	at org.junit.runners.Suite.runChild(Suite.java:127)
	at org.junit.runners.Suite.runChild(Suite.java:26)
	at org.junit.runners.ParentRunner$3.run(ParentRunner.java:238)
	at org.junit.runners.ParentRunner$1.schedule(ParentRunner.java:63)
	at org.junit.runners.ParentRunner.runChildren(ParentRunner.java:236)
	at org.junit.runners.ParentRunner.access$000(ParentRunner.java:53)
	at org.junit.runners.ParentRunner$2.evaluate(ParentRunner.java:229)
	at org.junit.runners.ParentRunner.run(ParentRunner.java:309)
	at cucumber.runtime.junit.ScenarioOutlineRunner.run(ScenarioOutlineRunner.java:53)
	at cucumber.runtime.junit.FeatureRunner.runChild(FeatureRunner.java:63)
	at cucumber.runtime.junit.FeatureRunner.runChild(FeatureRunner.java:18)
	at org.junit.runners.ParentRunner$3.run(ParentRunner.java:238)
	at org.junit.runners.ParentRunner$1.schedule(ParentRunner.java:63)
	at org.junit.runners.ParentRunner.runChildren(ParentRunner.java:236)
	at org.junit.runners.ParentRunner.access$000(ParentRunner.java:53)
	at org.junit.runners.ParentRunner$2.evaluate(ParentRunner.java:229)
	at org.junit.runners.ParentRunner.run(ParentRunner.java:309)
	at cucumber.runtime.junit.FeatureRunner.run(FeatureRunner.java:70)
	at cucumber.api.junit.Cucumber.runChild(Cucumber.java:93)
	at cucumber.api.junit.Cucumber.runChild(Cucumber.java:37)
	at org.junit.runners.ParentRunner$3.run(ParentRunner.java:238)
	at org.junit.runners.ParentRunner$1.schedule(ParentRunner.java:63)
	at org.junit.runners.ParentRunner.runChildren(ParentRunner.java:236)
	at org.junit.runners.ParentRunner.access$000(ParentRunner.java:53)
	at org.junit.runners.ParentRunner$2.evaluate(ParentRunner.java:229)
	at org.junit.internal.runners.statements.RunBefores.evaluate(RunBefores.java:26)
	at org.junit.internal.runners.statements.RunAfters.evaluate(RunAfters.java:27)
	at org.junit.runners.ParentRunner.run(ParentRunner.java:309)
	at cucumber.api.junit.Cucumber.run(Cucumber.java:98)
	at org.apache.maven.surefire.junit4.JUnit4TestSet.execute(JUnit4TestSet.java:62)
	at org.apache.maven.surefire.suite.AbstractDirectoryTestSuite.executeTestSet(AbstractDirectoryTestSuite.java:140)
	at org.apache.maven.surefire.suite.AbstractDirectoryTestSuite.execute(AbstractDirectoryTestSuite.java:127)
	at org.apache.maven.surefire.Surefire.run(Surefire.java:177)
	at sun.reflect.NativeMethodAccessorImpl.invoke0(Native Method)
	at sun.reflect.NativeMethodAccessorImpl.invoke(NativeMethodAccessorImpl.java:62)
	at sun.reflect.DelegatingMethodAccessorImpl.invoke(DelegatingMethodAccessorImpl.java:43)
	at java.lang.reflect.Method.invoke(Method.java:498)
	at org.apache.maven.surefire.booter.SurefireBooter.runSuitesInProcess(SurefireBooter.java:338)
	at org.apache.maven.surefire.booter.SurefireBooter.main(SurefireBooter.java:997)
</error>
    <system-out>URL link Resopnse Code not 200
Helper - Scenario Name: COMSMOKETEST_TS01
</system-out>
  </testcase>
  <testcase classname="| Website Development | Basic Web Design |" name="| Website Development | Basic Web Design |" time="8.254">
    <skipped/>
  </testcase>
  <testcase classname="| SEO Services | Advanced SEO Site Consultation |" name="| SEO Services | Advanced SEO Site Consultation |" time="4.114">
    <error message="chrome not reachable
  (Session info: chrome=53.0.2785.116)
  (Driver info: chromedriver=2.25.426923 (0390b88869384d6eb0d5d09729679f934aab9eed),platform=Windows NT 10.0.17134 x86_64) (WARNING: The server did not provide any stacktrace information)
Command duration or timeout: 4.04 seconds
Build info: version: &apos;2.53.0&apos;, revision: &apos;35ae25b1534ae328c771e0856c93e187490ca824&apos;, time: &apos;2016-03-15 10:43:46&apos;
System info: host: &apos;ReuelSicatII-LAPTOP&apos;, ip: &apos;192.168.40.144&apos;, os.name: &apos;Windows 10&apos;, os.arch: &apos;amd64&apos;, os.version: &apos;10.0&apos;, java.version: &apos;1.8.0_181&apos;
Driver info: org.openqa.selenium.chrome.ChromeDriver
Capabilities [{applicationCacheEnabled=false, rotatable=false, mobileEmulationEnabled=false, networkConnectionEnabled=false, chrome={chromedriverVersion=2.25.426923 (0390b88869384d6eb0d5d09729679f934aab9eed), userDataDir=C:\Users\REUELS~1\AppData\Local\Temp\scoped_dir93948_25971}, takesHeapSnapshot=true, pageLoadStrategy=normal, databaseEnabled=false, handlesAlerts=true, hasTouchScreen=false, version=53.0.2785.116, platform=XP, browserConnectionEnabled=false, nativeEvents=true, acceptSslCerts=true, locationContextEnabled=true, webStorageEnabled=true, browserName=chrome, takesScreenshot=true, javascriptEnabled=true, cssSelectorsEnabled=true}]
Session ID: 92d136295998e0382b0f0cc7099b83b6" type="org.openqa.selenium.WebDriverException">org.openqa.selenium.WebDriverException: chrome not reachable
  (Session info: chrome=53.0.2785.116)
  (Driver info: chromedriver=2.25.426923 (0390b88869384d6eb0d5d09729679f934aab9eed),platform=Windows NT 10.0.17134 x86_64) (WARNING: The server did not provide any stacktrace information)
Command duration or timeout: 4.04 seconds
Build info: version: &apos;2.53.0&apos;, revision: &apos;35ae25b1534ae328c771e0856c93e187490ca824&apos;, time: &apos;2016-03-15 10:43:46&apos;
System info: host: &apos;ReuelSicatII-LAPTOP&apos;, ip: &apos;192.168.40.144&apos;, os.name: &apos;Windows 10&apos;, os.arch: &apos;amd64&apos;, os.version: &apos;10.0&apos;, java.version: &apos;1.8.0_181&apos;
Driver info: org.openqa.selenium.chrome.ChromeDriver
Capabilities [{applicationCacheEnabled=false, rotatable=false, mobileEmulationEnabled=false, networkConnectionEnabled=false, chrome={chromedriverVersion=2.25.426923 (0390b88869384d6eb0d5d09729679f934aab9eed), userDataDir=C:\Users\REUELS~1\AppData\Local\Temp\scoped_dir93948_25971}, takesHeapSnapshot=true, pageLoadStrategy=normal, databaseEnabled=false, handlesAlerts=true, hasTouchScreen=false, version=53.0.2785.116, platform=XP, browserConnectionEnabled=false, nativeEvents=true, acceptSslCerts=true, locationContextEnabled=true, webStorageEnabled=true, browserName=chrome, takesScreenshot=true, javascriptEnabled=true, cssSelectorsEnabled=true}]
Session ID: 92d136295998e0382b0f0cc7099b83b6
	at sun.reflect.GeneratedConstructorAccessor19.newInstance(Unknown Source)
	at sun.reflect.DelegatingConstructorAccessorImpl.newInstance(DelegatingConstructorAccessorImpl.java:45)
	at java.lang.reflect.Constructor.newInstance(Constructor.java:423)
	at org.openqa.selenium.remote.ErrorHandler.createThrowable(ErrorHandler.java:206)
	at org.openqa.selenium.remote.ErrorHandler.throwIfResponseFailed(ErrorHandler.java:158)
	at org.openqa.selenium.remote.RemoteWebDriver.execute(RemoteWebDriver.java:678)
	at org.openqa.selenium.remote.RemoteWebDriver.execute(RemoteWebDriver.java:701)
	at org.openqa.selenium.remote.RemoteWebDriver$RemoteWebDriverOptions.deleteAllCookies(RemoteWebDriver.java:773)
	at cucumber.Framework.WEBHelper.GetDriverObject(WEBHelper.java:217)
	at cucumber.Framework.SetUp.setup(SetUp.java:50)
	at sun.reflect.GeneratedMethodAccessor33.invoke(Unknown Source)
	at sun.reflect.DelegatingMethodAccessorImpl.invoke(DelegatingMethodAccessorImpl.java:43)
	at java.lang.reflect.Method.invoke(Method.java:498)
	at cucumber.runtime.Utils$1.call(Utils.java:37)
	at cucumber.runtime.Timeout.timeout(Timeout.java:13)
	at cucumber.runtime.Utils.invoke(Utils.java:31)
	at cucumber.runtime.java.JavaHookDefinition.execute(JavaHookDefinition.java:60)
	at cucumber.runtime.Runtime.runHookIfTagsMatch(Runtime.java:223)
	at cucumber.runtime.Runtime.runHooks(Runtime.java:211)
	at cucumber.runtime.Runtime.runBeforeHooks(Runtime.java:201)
	at cucumber.runtime.model.CucumberScenario.run(CucumberScenario.java:40)
	at cucumber.runtime.junit.ExecutionUnitRunner.run(ExecutionUnitRunner.java:91)
	at org.junit.runners.Suite.runChild(Suite.java:127)
	at org.junit.runners.Suite.runChild(Suite.java:26)
	at org.junit.runners.ParentRunner$3.run(ParentRunner.java:238)
	at org.junit.runners.ParentRunner$1.schedule(ParentRunner.java:63)
	at org.junit.runners.ParentRunner.runChildren(ParentRunner.java:236)
	at org.junit.runners.ParentRunner.access$000(ParentRunner.java:53)
	at org.junit.runners.ParentRunner$2.evaluate(ParentRunner.java:229)
	at org.junit.runners.ParentRunner.run(ParentRunner.java:309)
	at cucumber.runtime.junit.ExamplesRunner.run(ExamplesRunner.java:59)
	at org.junit.runners.Suite.runChild(Suite.java:127)
	at org.junit.runners.Suite.runChild(Suite.java:26)
	at org.junit.runners.ParentRunner$3.run(ParentRunner.java:238)
	at org.junit.runners.ParentRunner$1.schedule(ParentRunner.java:63)
	at org.junit.runners.ParentRunner.runChildren(ParentRunner.java:236)
	at org.junit.runners.ParentRunner.access$000(ParentRunner.java:53)
	at org.junit.runners.ParentRunner$2.evaluate(ParentRunner.java:229)
	at org.junit.runners.ParentRunner.run(ParentRunner.java:309)
	at cucumber.runtime.junit.ScenarioOutlineRunner.run(ScenarioOutlineRunner.java:53)
	at cucumber.runtime.junit.FeatureRunner.runChild(FeatureRunner.java:63)
	at cucumber.runtime.junit.FeatureRunner.runChild(FeatureRunner.java:18)
	at org.junit.runners.ParentRunner$3.run(ParentRunner.java:238)
	at org.junit.runners.ParentRunner$1.schedule(ParentRunner.java:63)
	at org.junit.runners.ParentRunner.runChildren(ParentRunner.java:236)
	at org.junit.runners.ParentRunner.access$000(ParentRunner.java:53)
	at org.junit.runners.ParentRunner$2.evaluate(ParentRunner.java:229)
	at org.junit.runners.ParentRunner.run(ParentRunner.java:309)
	at cucumber.runtime.junit.FeatureRunner.run(FeatureRunner.java:70)
	at cucumber.api.junit.Cucumber.runChild(Cucumber.java:93)
	at cucumber.api.junit.Cucumber.runChild(Cucumber.java:37)
	at org.junit.runners.ParentRunner$3.run(ParentRunner.java:238)
	at org.junit.runners.ParentRunner$1.schedule(ParentRunner.java:63)
	at org.junit.runners.ParentRunner.runChildren(ParentRunner.java:236)
	at org.junit.runners.ParentRunner.access$000(ParentRunner.java:53)
	at org.junit.runners.ParentRunner$2.evaluate(ParentRunner.java:229)
	at org.junit.internal.runners.statements.RunBefores.evaluate(RunBefores.java:26)
	at org.junit.internal.runners.statements.RunAfters.evaluate(RunAfters.java:27)
	at org.junit.runners.ParentRunner.run(ParentRunner.java:309)
	at cucumber.api.junit.Cucumber.run(Cucumber.java:98)
	at org.apache.maven.surefire.junit4.JUnit4TestSet.execute(JUnit4TestSet.java:62)
	at org.apache.maven.surefire.suite.AbstractDirectoryTestSuite.executeTestSet(AbstractDirectoryTestSuite.java:140)
	at org.apache.maven.surefire.suite.AbstractDirectoryTestSuite.execute(AbstractDirectoryTestSuite.java:127)
	at org.apache.maven.surefire.Surefire.run(Surefire.java:177)
	at sun.reflect.NativeMethodAccessorImpl.invoke0(Native Method)
	at sun.reflect.NativeMethodAccessorImpl.invoke(NativeMethodAccessorImpl.java:62)
	at sun.reflect.DelegatingMethodAccessorImpl.invoke(DelegatingMethodAccessorImpl.java:43)
	at java.lang.reflect.Method.invoke(Method.java:498)
	at org.apache.maven.surefire.booter.SurefireBooter.runSuitesInProcess(SurefireBooter.java:338)
	at org.apache.maven.surefire.booter.SurefireBooter.main(SurefireBooter.java:997)
</error>
    <system-out>URL link Resopnse Code not 200
Helper - Scenario Name: COMSMOKETEST_TS01
</system-out>
  </testcase>
  <testcase classname="| SEO Services | Advanced SEO Site Consultation |" name="Given Im an Account Manager" time="4.129">
    <skipped/>
  </testcase>
  <testcase classname="| SEO Services | Advanced SEO Site Consultation |" name="When I navigate to &quot;COMDEV_Login&quot;" time="4.129">
    <skipped/>
  </testcase>
  <testcase classname="| SEO Services | Advanced SEO Site Consultation |" name="And I populate COM01_Username with &quot;rv.villanueva@truelogic.com.ph&quot;" time="4.13">
    <skipped/>
  </testcase>
  <testcase classname="| SEO Services | Advanced SEO Site Consultation |" name="And I populate COM01_Password with &quot;qwerty&quot;" time="4.13">
    <skipped/>
  </testcase>
  <testcase classname="| SEO Services | Advanced SEO Site Consultation |" name="And I click COM01_LogIn button" time="4.13">
    <skipped/>
  </testcase>
  <testcase classname="| SEO Services | Advanced SEO Site Consultation |" name="Then Ill see that Ive login successfully" time="4.131">
    <skipped/>
  </testcase>
  <testcase classname="| SEO Services | Advanced SEO Site Consultation |" name="When I navigate to &quot;COMDEV_Client&quot;" time="4.131">
    <skipped/>
  </testcase>
  <testcase classname="| SEO Services | Advanced SEO Site Consultation |" name="And I click COM02_Campaigns tab" time="4.131">
    <skipped/>
  </testcase>
  <testcase classname="| SEO Services | Advanced SEO Site Consultation |" name="And I click COM03_CreateCampaign button" time="4.132">
    <skipped/>
  </testcase>
  <testcase classname="| SEO Services | Advanced SEO Site Consultation |" name="And I populate COM04_CampaignName with &quot;www.seleniumhq.org/projects/&quot;" time="4.132">
    <skipped/>
  </testcase>
  <testcase classname="| SEO Services | Advanced SEO Site Consultation |" name="And I populate COM04_BrandName with &quot;www.seleniumhq.org/projects/&quot;" time="4.132">
    <skipped/>
  </testcase>
  <testcase classname="| SEO Services | Advanced SEO Site Consultation |" name="And I populate COM04_CampaignURL with &quot;http://www.seleniumhq.org/projects/&quot;" time="4.133">
    <skipped/>
  </testcase>
  <testcase classname="| SEO Services | Advanced SEO Site Consultation |" name="And I populate COM04_Description textfield with &quot;Test Automation Description&quot;" time="4.142">
    <skipped/>
  </testcase>
  <testcase classname="And I select &quot;IT &amp; Tech (deleted)&quot; over COM04_Category dropdown(| SEO Services | Advanced SEO Site Consultation |)" name="And I select &quot;IT &amp; Tech " time="4.143">
    <skipped/>
  </testcase>
  <testcase classname="| SEO Services | Advanced SEO Site Consultation |" name="And I populate COM04_ProductandServiceOverview textfield with &quot;Test Automation ProductandServiceOverview&quot;" time="4.144">
    <skipped/>
  </testcase>
  <testcase classname="| SEO Services | Advanced SEO Site Consultation |" name="And I click COM04_Submit button" time="4.144">
    <skipped/>
  </testcase>
  <testcase classname="| SEO Services | Advanced SEO Site Consultation |" name="Then Ill see campaign successfully created" time="4.144">
    <skipped/>
  </testcase>
  <testcase classname="| SEO Services | Advanced SEO Site Consultation |" name="When I navigate to &quot;COMDEV_Client&quot;" time="4.145">
    <skipped/>
  </testcase>
  <testcase classname="| SEO Services | Advanced SEO Site Consultation |" name="And I click COM02_Campaigns tab" time="4.146">
    <skipped/>
  </testcase>
  <testcase classname="| SEO Services | Advanced SEO Site Consultation |" name="And I click &quot;www.seleniumhq.org/projects/&quot; link" time="4.147">
    <skipped/>
  </testcase>
  <testcase classname="| SEO Services | Advanced SEO Site Consultation |" name="And I click COM06_Products tab" time="4.147">
    <skipped/>
  </testcase>
  <testcase classname="| SEO Services | Advanced SEO Site Consultation |" name="And I click COM07_OrderAProduct button" time="4.147">
    <skipped/>
  </testcase>
  <testcase classname="| SEO Services | Advanced SEO Site Consultation |" name="And I select SEO Services over COM07_SelectACategory list" time="4.147">
    <skipped/>
  </testcase>
  <testcase classname="| SEO Services | Advanced SEO Site Consultation |" name="And I click Advanced SEO Site Consultation name" time="4.147">
    <skipped/>
  </testcase>
  <testcase classname="| SEO Services | Advanced SEO Site Consultation |" name="And I click COM07_AddthisProduct button" time="4.147">
    <skipped/>
  </testcase>
  <testcase classname="| SEO Services | Advanced SEO Site Consultation |" name="Then Ill see Advanced SEO Site Consultation successfully added" time="4.148">
    <skipped/>
  </testcase>
  <testcase classname="| SEO Services | Advanced SEO Site Consultation |" name="When I navigate to &quot;COMDEV_Client&quot;" time="4.148">
    <skipped/>
  </testcase>
  <testcase classname="| SEO Services | Advanced SEO Site Consultation |" name="And I click COM02_Campaigns tab" time="4.148">
    <skipped/>
  </testcase>
  <testcase classname="| SEO Services | Advanced SEO Site Consultation |" name="And I click &quot;www.seleniumhq.org/projects/&quot; link" time="4.148">
    <skipped/>
  </testcase>
  <testcase classname="| SEO Services | Advanced SEO Site Consultation |" name="And I click COM06_Products tab" time="4.148">
    <skipped/>
  </testcase>
  <testcase classname="| SEO Services | Advanced SEO Site Consultation |" name="And I click the COM07_Advanced SEO Site Consultation link" time="4.148">
    <skipped/>
  </testcase>
  <testcase classname="| SEO Services | Advanced SEO Site Consultation |" name="And I click COM07_Invoice link" time="4.148">
    <skipped/>
  </testcase>
  <testcase classname="| SEO Services | Advanced SEO Site Consultation |" name="And I click COM05_Payments tab" time="4.149">
    <skipped/>
  </testcase>
  <testcase classname="| SEO Services | Advanced SEO Site Consultation |" name="And I click COM05_AddNewPayment button" time="4.149">
    <skipped/>
  </testcase>
  <testcase classname="| SEO Services | Advanced SEO Site Consultation |" name="And I populate COM05_AmountPaid with &quot;399.00&quot;" time="4.149">
    <skipped/>
  </testcase>
  <testcase classname="| SEO Services | Advanced SEO Site Consultation |" name="And I select &quot;Cash&quot; over COM05_Type dropdown" time="4.149">
    <skipped/>
  </testcase>
  <testcase classname="| SEO Services | Advanced SEO Site Consultation |" name="And I populate COM05_ReferenceNumber with &quot;12345&quot;" time="4.149">
    <skipped/>
  </testcase>
  <testcase classname="| SEO Services | Advanced SEO Site Consultation |" name="And I click COM05_No_DoYouWantToSendOpsANotification button" time="4.149">
    <skipped/>
  </testcase>
  <testcase classname="| SEO Services | Advanced SEO Site Consultation |" name="And I click COM05_No_UseCredit button" time="4.149">
    <skipped/>
  </testcase>
  <testcase classname="| SEO Services | Advanced SEO Site Consultation |" name="And I click COM05_No_DoyouWantToSendTheClientANotification button" time="4.15">
    <skipped/>
  </testcase>
  <testcase classname="| SEO Services | Advanced SEO Site Consultation |" name="And I click COM05_Submit button" time="4.15">
    <skipped/>
  </testcase>
  <testcase classname="| SEO Services | Advanced SEO Site Consultation |" name="Then Ill see Advanced SEO Site Consultation successfully paid" time="4.15">
    <skipped/>
  </testcase>
  <testcase classname="| SEO Services | Advanced SEO Site Consultation |" name="When I navigate to &quot;COMDEV_Client&quot;" time="4.15">
    <skipped/>
  </testcase>
  <testcase classname="| SEO Services | Advanced SEO Site Consultation |" name="And I click COM02_Campaigns tab" time="4.15">
    <skipped/>
  </testcase>
  <testcase classname="| SEO Services | Advanced SEO Site Consultation |" name="And I click &quot;www.seleniumhq.org/projects/&quot; link" time="4.15">
    <skipped/>
  </testcase>
  <testcase classname="| SEO Services | Advanced SEO Site Consultation |" name="And I hover COM06_ProjectManagement tab" time="4.15">
    <skipped/>
  </testcase>
  <testcase classname="| SEO Services | Advanced SEO Site Consultation |" name="And I click COM06_Project dropdown" time="4.151">
    <skipped/>
  </testcase>
  <testcase classname="| SEO Services | Advanced SEO Site Consultation |" name="And I click COM08_AddAProject button" time="4.151">
    <skipped/>
  </testcase>
  <testcase classname="| SEO Services | Advanced SEO Site Consultation |" name="And I populate COM08_NameTheProject textfield with &quot;TestAutomation - BasicWebDesign&quot;" time="4.151">
    <skipped/>
  </testcase>
  <testcase classname="| SEO Services | Advanced SEO Site Consultation |" name="And I select Advanced SEO Site Consultation over COM08_SelectAProduct dropdown" time="4.151">
    <skipped/>
  </testcase>
  <testcase classname="| SEO Services | Advanced SEO Site Consultation |" name="And I click COM08_SaveProject button" time="4.151">
    <skipped/>
  </testcase>
  <testcase classname="| SEO Services | Advanced SEO Site Consultation |" name="Then I see the product associated with the project" time="4.151">
    <skipped/>
  </testcase>
  <testcase classname="| SEO Services | Advanced SEO Site Consultation |" name="When I navigate to &quot;COMDEV_Client&quot;" time="4.151">
    <skipped/>
  </testcase>
  <testcase classname="| SEO Services | Advanced SEO Site Consultation |" name="And I click COM02_Campaigns tab" time="4.151">
    <skipped/>
  </testcase>
  <testcase classname="| SEO Services | Advanced SEO Site Consultation |" name="And I click &quot;www.seleniumhq.org/projects/&quot; link" time="4.152">
    <skipped/>
  </testcase>
  <testcase classname="| SEO Services | Advanced SEO Site Consultation |" name="And I click COM06_Products tab" time="4.152">
    <skipped/>
  </testcase>
  <testcase classname="| SEO Services | Advanced SEO Site Consultation |" name="And I click the COM07_Advanced SEO Site Consultation link" time="4.152">
    <skipped/>
  </testcase>
  <testcase classname="| SEO Services | Advanced SEO Site Consultation |" name="And I click the COM07_Edit button" time="4.152">
    <skipped/>
  </testcase>
  <testcase classname="| SEO Services | Advanced SEO Site Consultation |" name="And I select &quot;Active&quot; over COM07_ProductStatus dropdown" time="4.152">
    <skipped/>
  </testcase>
  <testcase classname="| SEO Services | Advanced SEO Site Consultation |" name="And I click COM07_Save button" time="4.152">
    <skipped/>
  </testcase>
  <testcase classname="| SEO Services | Advanced SEO Site Consultation |" name="Then Ill see Advanced SEO Site Consultation activated" time="4.152">
    <skipped/>
  </testcase>
  <testcase classname="| SEO Services | Advanced SEO Site Consultation |" name="When I navigate to &quot;COMDEV_Deployment&quot;" time="4.153">
    <skipped/>
  </testcase>
  <testcase classname="| SEO Services | Advanced SEO Site Consultation |" name="And I populate COM09_Campaign textfield with &quot;www.seleniumhq.org/projects/&quot;" time="4.153">
    <skipped/>
  </testcase>
  <testcase classname="| SEO Services | Advanced SEO Site Consultation |" name="And I click COM09_Deployment button" time="4.153">
    <skipped/>
  </testcase>
  <testcase classname="| SEO Services | Advanced SEO Site Consultation |" name="And I populate COM10_MonthNo with &quot;1&quot;" time="4.153">
    <skipped/>
  </testcase>
  <testcase classname="| SEO Services | Advanced SEO Site Consultation |" name="And I click COM10_Deploy button" time="4.153">
    <skipped/>
  </testcase>
  <testcase classname="| SEO Services | Advanced SEO Site Consultation |" name="And I click COM10_Yes button" time="4.153">
    <skipped/>
  </testcase>
  <testcase classname="| SEO Services | Advanced SEO Site Consultation |" name="Then Ill see Advanced SEO Site Consultation is deployed over COMDEV_Deployment" time="4.153">
    <skipped/>
  </testcase>
  <testcase classname="| SEO Services | Advanced SEO Site Consultation |" name="And Ill see Advanced SEO Site Consultation task correctly deployed" time="4.153">
    <skipped/>
  </testcase>
  <testcase classname="| SEO Services | Advanced SEO Site Consultation |" name="When I navigate to &quot;COMDEV_Logout&quot;" time="4.154">
    <skipped/>
  </testcase>
  <testcase classname="| SEO Services | Advanced SEO Site Consultation |" name="Then Ill see that Ive logout successfully" time="4.154">
    <skipped/>
  </testcase>
  <testcase classname="| SEO Services | Advanced SEO Site Consultation |" name="| SEO Services | Advanced SEO Site Consultation |" time="8.18">
    <error message="chrome not reachable
  (Session info: chrome=53.0.2785.116)
  (Driver info: chromedriver=2.25.426923 (0390b88869384d6eb0d5d09729679f934aab9eed),platform=Windows NT 10.0.17134 x86_64) (WARNING: The server did not provide any stacktrace information)
Command duration or timeout: 4.02 seconds
Build info: version: &apos;2.53.0&apos;, revision: &apos;35ae25b1534ae328c771e0856c93e187490ca824&apos;, time: &apos;2016-03-15 10:43:46&apos;
System info: host: &apos;ReuelSicatII-LAPTOP&apos;, ip: &apos;192.168.40.144&apos;, os.name: &apos;Windows 10&apos;, os.arch: &apos;amd64&apos;, os.version: &apos;10.0&apos;, java.version: &apos;1.8.0_181&apos;
Driver info: org.openqa.selenium.chrome.ChromeDriver
Capabilities [{applicationCacheEnabled=false, rotatable=false, mobileEmulationEnabled=false, networkConnectionEnabled=false, chrome={chromedriverVersion=2.25.426923 (0390b88869384d6eb0d5d09729679f934aab9eed), userDataDir=C:\Users\REUELS~1\AppData\Local\Temp\scoped_dir93948_25971}, takesHeapSnapshot=true, pageLoadStrategy=normal, databaseEnabled=false, handlesAlerts=true, hasTouchScreen=false, version=53.0.2785.116, platform=XP, browserConnectionEnabled=false, nativeEvents=true, acceptSslCerts=true, locationContextEnabled=true, webStorageEnabled=true, browserName=chrome, takesScreenshot=true, javascriptEnabled=true, cssSelectorsEnabled=true}]
Session ID: 92d136295998e0382b0f0cc7099b83b6" type="org.openqa.selenium.WebDriverException">org.openqa.selenium.WebDriverException: chrome not reachable
  (Session info: chrome=53.0.2785.116)
  (Driver info: chromedriver=2.25.426923 (0390b88869384d6eb0d5d09729679f934aab9eed),platform=Windows NT 10.0.17134 x86_64) (WARNING: The server did not provide any stacktrace information)
Command duration or timeout: 4.02 seconds
Build info: version: &apos;2.53.0&apos;, revision: &apos;35ae25b1534ae328c771e0856c93e187490ca824&apos;, time: &apos;2016-03-15 10:43:46&apos;
System info: host: &apos;ReuelSicatII-LAPTOP&apos;, ip: &apos;192.168.40.144&apos;, os.name: &apos;Windows 10&apos;, os.arch: &apos;amd64&apos;, os.version: &apos;10.0&apos;, java.version: &apos;1.8.0_181&apos;
Driver info: org.openqa.selenium.chrome.ChromeDriver
Capabilities [{applicationCacheEnabled=false, rotatable=false, mobileEmulationEnabled=false, networkConnectionEnabled=false, chrome={chromedriverVersion=2.25.426923 (0390b88869384d6eb0d5d09729679f934aab9eed), userDataDir=C:\Users\REUELS~1\AppData\Local\Temp\scoped_dir93948_25971}, takesHeapSnapshot=true, pageLoadStrategy=normal, databaseEnabled=false, handlesAlerts=true, hasTouchScreen=false, version=53.0.2785.116, platform=XP, browserConnectionEnabled=false, nativeEvents=true, acceptSslCerts=true, locationContextEnabled=true, webStorageEnabled=true, browserName=chrome, takesScreenshot=true, javascriptEnabled=true, cssSelectorsEnabled=true}]
Session ID: 92d136295998e0382b0f0cc7099b83b6
	at sun.reflect.GeneratedConstructorAccessor19.newInstance(Unknown Source)
	at sun.reflect.DelegatingConstructorAccessorImpl.newInstance(DelegatingConstructorAccessorImpl.java:45)
	at java.lang.reflect.Constructor.newInstance(Constructor.java:423)
	at org.openqa.selenium.remote.ErrorHandler.createThrowable(ErrorHandler.java:206)
	at org.openqa.selenium.remote.ErrorHandler.throwIfResponseFailed(ErrorHandler.java:158)
	at org.openqa.selenium.remote.RemoteWebDriver.execute(RemoteWebDriver.java:678)
	at org.openqa.selenium.remote.RemoteWebDriver.execute(RemoteWebDriver.java:701)
	at org.openqa.selenium.remote.RemoteWebDriver.getScreenshotAs(RemoteWebDriver.java:335)
	at cucumber.Framework.TearDown.teardown(TearDown.java:33)
	at sun.reflect.GeneratedMethodAccessor36.invoke(Unknown Source)
	at sun.reflect.DelegatingMethodAccessorImpl.invoke(DelegatingMethodAccessorImpl.java:43)
	at java.lang.reflect.Method.invoke(Method.java:498)
	at cucumber.runtime.Utils$1.call(Utils.java:37)
	at cucumber.runtime.Timeout.timeout(Timeout.java:13)
	at cucumber.runtime.Utils.invoke(Utils.java:31)
	at cucumber.runtime.java.JavaHookDefinition.execute(JavaHookDefinition.java:60)
	at cucumber.runtime.Runtime.runHookIfTagsMatch(Runtime.java:223)
	at cucumber.runtime.Runtime.runHooks(Runtime.java:211)
	at cucumber.runtime.Runtime.runAfterHooks(Runtime.java:205)
	at cucumber.runtime.model.CucumberScenario.run(CucumberScenario.java:46)
	at cucumber.runtime.junit.ExecutionUnitRunner.run(ExecutionUnitRunner.java:91)
	at org.junit.runners.Suite.runChild(Suite.java:127)
	at org.junit.runners.Suite.runChild(Suite.java:26)
	at org.junit.runners.ParentRunner$3.run(ParentRunner.java:238)
	at org.junit.runners.ParentRunner$1.schedule(ParentRunner.java:63)
	at org.junit.runners.ParentRunner.runChildren(ParentRunner.java:236)
	at org.junit.runners.ParentRunner.access$000(ParentRunner.java:53)
	at org.junit.runners.ParentRunner$2.evaluate(ParentRunner.java:229)
	at org.junit.runners.ParentRunner.run(ParentRunner.java:309)
	at cucumber.runtime.junit.ExamplesRunner.run(ExamplesRunner.java:59)
	at org.junit.runners.Suite.runChild(Suite.java:127)
	at org.junit.runners.Suite.runChild(Suite.java:26)
	at org.junit.runners.ParentRunner$3.run(ParentRunner.java:238)
	at org.junit.runners.ParentRunner$1.schedule(ParentRunner.java:63)
	at org.junit.runners.ParentRunner.runChildren(ParentRunner.java:236)
	at org.junit.runners.ParentRunner.access$000(ParentRunner.java:53)
	at org.junit.runners.ParentRunner$2.evaluate(ParentRunner.java:229)
	at org.junit.runners.ParentRunner.run(ParentRunner.java:309)
	at cucumber.runtime.junit.ScenarioOutlineRunner.run(ScenarioOutlineRunner.java:53)
	at cucumber.runtime.junit.FeatureRunner.runChild(FeatureRunner.java:63)
	at cucumber.runtime.junit.FeatureRunner.runChild(FeatureRunner.java:18)
	at org.junit.runners.ParentRunner$3.run(ParentRunner.java:238)
	at org.junit.runners.ParentRunner$1.schedule(ParentRunner.java:63)
	at org.junit.runners.ParentRunner.runChildren(ParentRunner.java:236)
	at org.junit.runners.ParentRunner.access$000(ParentRunner.java:53)
	at org.junit.runners.ParentRunner$2.evaluate(ParentRunner.java:229)
	at org.junit.runners.ParentRunner.run(ParentRunner.java:309)
	at cucumber.runtime.junit.FeatureRunner.run(FeatureRunner.java:70)
	at cucumber.api.junit.Cucumber.runChild(Cucumber.java:93)
	at cucumber.api.junit.Cucumber.runChild(Cucumber.java:37)
	at org.junit.runners.ParentRunner$3.run(ParentRunner.java:238)
	at org.junit.runners.ParentRunner$1.schedule(ParentRunner.java:63)
	at org.junit.runners.ParentRunner.runChildren(ParentRunner.java:236)
	at org.junit.runners.ParentRunner.access$000(ParentRunner.java:53)
	at org.junit.runners.ParentRunner$2.evaluate(ParentRunner.java:229)
	at org.junit.internal.runners.statements.RunBefores.evaluate(RunBefores.java:26)
	at org.junit.internal.runners.statements.RunAfters.evaluate(RunAfters.java:27)
	at org.junit.runners.ParentRunner.run(ParentRunner.java:309)
	at cucumber.api.junit.Cucumber.run(Cucumber.java:98)
	at org.apache.maven.surefire.junit4.JUnit4TestSet.execute(JUnit4TestSet.java:62)
	at org.apache.maven.surefire.suite.AbstractDirectoryTestSuite.executeTestSet(AbstractDirectoryTestSuite.java:140)
	at org.apache.maven.surefire.suite.AbstractDirectoryTestSuite.execute(AbstractDirectoryTestSuite.java:127)
	at org.apache.maven.surefire.Surefire.run(Surefire.java:177)
	at sun.reflect.NativeMethodAccessorImpl.invoke0(Native Method)
	at sun.reflect.NativeMethodAccessorImpl.invoke(NativeMethodAccessorImpl.java:62)
	at sun.reflect.DelegatingMethodAccessorImpl.invoke(DelegatingMethodAccessorImpl.java:43)
	at java.lang.reflect.Method.invoke(Method.java:498)
	at org.apache.maven.surefire.booter.SurefireBooter.runSuitesInProcess(SurefireBooter.java:338)
	at org.apache.maven.surefire.booter.SurefireBooter.main(SurefireBooter.java:997)
</error>
    <system-out>URL link Resopnse Code not 200
Helper - Scenario Name: COMSMOKETEST_TS01
</system-out>
  </testcase>
  <testcase classname="| SEO Services | Advanced SEO Site Consultation |" name="| SEO Services | Advanced SEO Site Consultation |" time="8.185">
    <skipped/>
  </testcase>
  <testcase classname="| Website Development | Basic Web Design |" name="| Website Development | Basic Web Design |" time="4.133">
    <error message="chrome not reachable
  (Session info: chrome=53.0.2785.116)
  (Driver info: chromedriver=2.25.426923 (0390b88869384d6eb0d5d09729679f934aab9eed),platform=Windows NT 10.0.17134 x86_64) (WARNING: The server did not provide any stacktrace information)
Command duration or timeout: 4.07 seconds
Build info: version: &apos;2.53.0&apos;, revision: &apos;35ae25b1534ae328c771e0856c93e187490ca824&apos;, time: &apos;2016-03-15 10:43:46&apos;
System info: host: &apos;ReuelSicatII-LAPTOP&apos;, ip: &apos;192.168.40.144&apos;, os.name: &apos;Windows 10&apos;, os.arch: &apos;amd64&apos;, os.version: &apos;10.0&apos;, java.version: &apos;1.8.0_181&apos;
Driver info: org.openqa.selenium.chrome.ChromeDriver
Capabilities [{applicationCacheEnabled=false, rotatable=false, mobileEmulationEnabled=false, networkConnectionEnabled=false, chrome={chromedriverVersion=2.25.426923 (0390b88869384d6eb0d5d09729679f934aab9eed), userDataDir=C:\Users\REUELS~1\AppData\Local\Temp\scoped_dir93948_25971}, takesHeapSnapshot=true, pageLoadStrategy=normal, databaseEnabled=false, handlesAlerts=true, hasTouchScreen=false, version=53.0.2785.116, platform=XP, browserConnectionEnabled=false, nativeEvents=true, acceptSslCerts=true, locationContextEnabled=true, webStorageEnabled=true, browserName=chrome, takesScreenshot=true, javascriptEnabled=true, cssSelectorsEnabled=true}]
Session ID: 92d136295998e0382b0f0cc7099b83b6" type="org.openqa.selenium.WebDriverException">org.openqa.selenium.WebDriverException: chrome not reachable
  (Session info: chrome=53.0.2785.116)
  (Driver info: chromedriver=2.25.426923 (0390b88869384d6eb0d5d09729679f934aab9eed),platform=Windows NT 10.0.17134 x86_64) (WARNING: The server did not provide any stacktrace information)
Command duration or timeout: 4.07 seconds
Build info: version: &apos;2.53.0&apos;, revision: &apos;35ae25b1534ae328c771e0856c93e187490ca824&apos;, time: &apos;2016-03-15 10:43:46&apos;
System info: host: &apos;ReuelSicatII-LAPTOP&apos;, ip: &apos;192.168.40.144&apos;, os.name: &apos;Windows 10&apos;, os.arch: &apos;amd64&apos;, os.version: &apos;10.0&apos;, java.version: &apos;1.8.0_181&apos;
Driver info: org.openqa.selenium.chrome.ChromeDriver
Capabilities [{applicationCacheEnabled=false, rotatable=false, mobileEmulationEnabled=false, networkConnectionEnabled=false, chrome={chromedriverVersion=2.25.426923 (0390b88869384d6eb0d5d09729679f934aab9eed), userDataDir=C:\Users\REUELS~1\AppData\Local\Temp\scoped_dir93948_25971}, takesHeapSnapshot=true, pageLoadStrategy=normal, databaseEnabled=false, handlesAlerts=true, hasTouchScreen=false, version=53.0.2785.116, platform=XP, browserConnectionEnabled=false, nativeEvents=true, acceptSslCerts=true, locationContextEnabled=true, webStorageEnabled=true, browserName=chrome, takesScreenshot=true, javascriptEnabled=true, cssSelectorsEnabled=true}]
Session ID: 92d136295998e0382b0f0cc7099b83b6
	at sun.reflect.GeneratedConstructorAccessor19.newInstance(Unknown Source)
	at sun.reflect.DelegatingConstructorAccessorImpl.newInstance(DelegatingConstructorAccessorImpl.java:45)
	at java.lang.reflect.Constructor.newInstance(Constructor.java:423)
	at org.openqa.selenium.remote.ErrorHandler.createThrowable(ErrorHandler.java:206)
	at org.openqa.selenium.remote.ErrorHandler.throwIfResponseFailed(ErrorHandler.java:158)
	at org.openqa.selenium.remote.RemoteWebDriver.execute(RemoteWebDriver.java:678)
	at org.openqa.selenium.remote.RemoteWebDriver.execute(RemoteWebDriver.java:701)
	at org.openqa.selenium.remote.RemoteWebDriver$RemoteWebDriverOptions.deleteAllCookies(RemoteWebDriver.java:773)
	at cucumber.Framework.WEBHelper.GetDriverObject(WEBHelper.java:217)
	at cucumber.Framework.SetUp.setup(SetUp.java:50)
	at sun.reflect.GeneratedMethodAccessor33.invoke(Unknown Source)
	at sun.reflect.DelegatingMethodAccessorImpl.invoke(DelegatingMethodAccessorImpl.java:43)
	at java.lang.reflect.Method.invoke(Method.java:498)
	at cucumber.runtime.Utils$1.call(Utils.java:37)
	at cucumber.runtime.Timeout.timeout(Timeout.java:13)
	at cucumber.runtime.Utils.invoke(Utils.java:31)
	at cucumber.runtime.java.JavaHookDefinition.execute(JavaHookDefinition.java:60)
	at cucumber.runtime.Runtime.runHookIfTagsMatch(Runtime.java:223)
	at cucumber.runtime.Runtime.runHooks(Runtime.java:211)
	at cucumber.runtime.Runtime.runBeforeHooks(Runtime.java:201)
	at cucumber.runtime.model.CucumberScenario.run(CucumberScenario.java:40)
	at cucumber.runtime.junit.ExecutionUnitRunner.run(ExecutionUnitRunner.java:91)
	at org.junit.runners.Suite.runChild(Suite.java:127)
	at org.junit.runners.Suite.runChild(Suite.java:26)
	at org.junit.runners.ParentRunner$3.run(ParentRunner.java:238)
	at org.junit.runners.ParentRunner$1.schedule(ParentRunner.java:63)
	at org.junit.runners.ParentRunner.runChildren(ParentRunner.java:236)
	at org.junit.runners.ParentRunner.access$000(ParentRunner.java:53)
	at org.junit.runners.ParentRunner$2.evaluate(ParentRunner.java:229)
	at org.junit.runners.ParentRunner.run(ParentRunner.java:309)
	at cucumber.runtime.junit.ExamplesRunner.run(ExamplesRunner.java:59)
	at org.junit.runners.Suite.runChild(Suite.java:127)
	at org.junit.runners.Suite.runChild(Suite.java:26)
	at org.junit.runners.ParentRunner$3.run(ParentRunner.java:238)
	at org.junit.runners.ParentRunner$1.schedule(ParentRunner.java:63)
	at org.junit.runners.ParentRunner.runChildren(ParentRunner.java:236)
	at org.junit.runners.ParentRunner.access$000(ParentRunner.java:53)
	at org.junit.runners.ParentRunner$2.evaluate(ParentRunner.java:229)
	at org.junit.runners.ParentRunner.run(ParentRunner.java:309)
	at cucumber.runtime.junit.ScenarioOutlineRunner.run(ScenarioOutlineRunner.java:53)
	at cucumber.runtime.junit.FeatureRunner.runChild(FeatureRunner.java:63)
	at cucumber.runtime.junit.FeatureRunner.runChild(FeatureRunner.java:18)
	at org.junit.runners.ParentRunner$3.run(ParentRunner.java:238)
	at org.junit.runners.ParentRunner$1.schedule(ParentRunner.java:63)
	at org.junit.runners.ParentRunner.runChildren(ParentRunner.java:236)
	at org.junit.runners.ParentRunner.access$000(ParentRunner.java:53)
	at org.junit.runners.ParentRunner$2.evaluate(ParentRunner.java:229)
	at org.junit.runners.ParentRunner.run(ParentRunner.java:309)
	at cucumber.runtime.junit.FeatureRunner.run(FeatureRunner.java:70)
	at cucumber.api.junit.Cucumber.runChild(Cucumber.java:93)
	at cucumber.api.junit.Cucumber.runChild(Cucumber.java:37)
	at org.junit.runners.ParentRunner$3.run(ParentRunner.java:238)
	at org.junit.runners.ParentRunner$1.schedule(ParentRunner.java:63)
	at org.junit.runners.ParentRunner.runChildren(ParentRunner.java:236)
	at org.junit.runners.ParentRunner.access$000(ParentRunner.java:53)
	at org.junit.runners.ParentRunner$2.evaluate(ParentRunner.java:229)
	at org.junit.internal.runners.statements.RunBefores.evaluate(RunBefores.java:26)
	at org.junit.internal.runners.statements.RunAfters.evaluate(RunAfters.java:27)
	at org.junit.runners.ParentRunner.run(ParentRunner.java:309)
	at cucumber.api.junit.Cucumber.run(Cucumber.java:98)
	at org.apache.maven.surefire.junit4.JUnit4TestSet.execute(JUnit4TestSet.java:62)
	at org.apache.maven.surefire.suite.AbstractDirectoryTestSuite.executeTestSet(AbstractDirectoryTestSuite.java:140)
	at org.apache.maven.surefire.suite.AbstractDirectoryTestSuite.execute(AbstractDirectoryTestSuite.java:127)
	at org.apache.maven.surefire.Surefire.run(Surefire.java:177)
	at sun.reflect.NativeMethodAccessorImpl.invoke0(Native Method)
	at sun.reflect.NativeMethodAccessorImpl.invoke(NativeMethodAccessorImpl.java:62)
	at sun.reflect.DelegatingMethodAccessorImpl.invoke(DelegatingMethodAccessorImpl.java:43)
	at java.lang.reflect.Method.invoke(Method.java:498)
	at org.apache.maven.surefire.booter.SurefireBooter.runSuitesInProcess(SurefireBooter.java:338)
	at org.apache.maven.surefire.booter.SurefireBooter.main(SurefireBooter.java:997)
</error>
    <system-out>URL link Resopnse Code not 200
Helper - Scenario Name: COMSMOKETEST_TS02
</system-out>
  </testcase>
  <testcase classname="| Website Development | Basic Web Design |" name="Given Im an Account Manager" time="4.137">
    <skipped/>
  </testcase>
  <testcase classname="| Website Development | Basic Web Design |" name="When I navigate to &quot;COMDEV_Login&quot;" time="4.137">
    <skipped/>
  </testcase>
  <testcase classname="| Website Development | Basic Web Design |" name="And I populate COM01_Username with &quot;rv.villanueva@truelogic.com.ph&quot;" time="4.137">
    <skipped/>
  </testcase>
  <testcase classname="| Website Development | Basic Web Design |" name="And I populate COM01_Password with &quot;qwerty&quot;" time="4.137">
    <skipped/>
  </testcase>
  <testcase classname="| Website Development | Basic Web Design |" name="And I click COM01_LogIn button" time="4.137">
    <skipped/>
  </testcase>
  <testcase classname="| Website Development | Basic Web Design |" name="Then Ill see that Ive login successfully" time="4.137">
    <skipped/>
  </testcase>
  <testcase classname="| Website Development | Basic Web Design |" name="When I navigate to &quot;COMDEV_Client&quot;" time="4.153">
    <skipped/>
  </testcase>
  <testcase classname="| Website Development | Basic Web Design |" name="And I click COM02_Campaigns tab" time="4.153">
    <skipped/>
  </testcase>
  <testcase classname="| Website Development | Basic Web Design |" name="And I click COM03_CreateCampaign button" time="4.153">
    <skipped/>
  </testcase>
  <testcase classname="| Website Development | Basic Web Design |" name="And I populate COM04_CampaignName with &quot;www.seleniumhq.org/projects/&quot;" time="4.153">
    <skipped/>
  </testcase>
  <testcase classname="| Website Development | Basic Web Design |" name="And I populate COM04_BrandName with &quot;www.seleniumhq.org/projects/&quot;" time="4.153">
    <skipped/>
  </testcase>
  <testcase classname="| Website Development | Basic Web Design |" name="And I populate COM04_CampaignURL with &quot;http://www.seleniumhq.org/projects/&quot;" time="4.153">
    <skipped/>
  </testcase>
  <testcase classname="| Website Development | Basic Web Design |" name="And I populate COM04_Description textfield with &quot;Test Automation Description&quot;" time="4.153">
    <skipped/>
  </testcase>
  <testcase classname="And I select &quot;IT &amp; Tech (deleted)&quot; over COM04_Category dropdown(| Website Development | Basic Web Design |)" name="And I select &quot;IT &amp; Tech " time="4.153">
    <skipped/>
  </testcase>
  <testcase classname="| Website Development | Basic Web Design |" name="And I populate COM04_ProductandServiceOverview textfield with &quot;Test Automation ProductandServiceOverview&quot;" time="4.153">
    <skipped/>
  </testcase>
  <testcase classname="| Website Development | Basic Web Design |" name="And I click COM04_Submit button" time="4.153">
    <skipped/>
  </testcase>
  <testcase classname="| Website Development | Basic Web Design |" name="Then Ill see campaign successfully created" time="4.153">
    <skipped/>
  </testcase>
  <testcase classname="| Website Development | Basic Web Design |" name="When I navigate to &quot;COMDEV_Client&quot;" time="4.153">
    <skipped/>
  </testcase>
  <testcase classname="| Website Development | Basic Web Design |" name="And I click COM02_Campaigns tab" time="4.153">
    <skipped/>
  </testcase>
  <testcase classname="| Website Development | Basic Web Design |" name="And I click &quot;www.seleniumhq.org/projects/&quot; link" time="4.153">
    <skipped/>
  </testcase>
  <testcase classname="| Website Development | Basic Web Design |" name="And I click COM06_Products tab" time="4.153">
    <skipped/>
  </testcase>
  <testcase classname="| Website Development | Basic Web Design |" name="And I click COM07_OrderAProduct button" time="4.153">
    <skipped/>
  </testcase>
  <testcase classname="| Website Development | Basic Web Design |" name="And I select Website Development over COM07_SelectACategory list" time="4.153">
    <skipped/>
  </testcase>
  <testcase classname="| Website Development | Basic Web Design |" name="And I click Basic Web Design name" time="4.153">
    <skipped/>
  </testcase>
  <testcase classname="| Website Development | Basic Web Design |" name="And I click COM07_AddthisProduct button" time="4.153">
    <skipped/>
  </testcase>
  <testcase classname="| Website Development | Basic Web Design |" name="Then Ill see Basic Web Design successfully added" time="4.153">
    <skipped/>
  </testcase>
  <testcase classname="| Website Development | Basic Web Design |" name="When I navigate to &quot;COMDEV_Client&quot;" time="4.153">
    <skipped/>
  </testcase>
  <testcase classname="| Website Development | Basic Web Design |" name="And I click COM02_Campaigns tab" time="4.153">
    <skipped/>
  </testcase>
  <testcase classname="| Website Development | Basic Web Design |" name="And I click &quot;www.seleniumhq.org/projects/&quot; link" time="4.153">
    <skipped/>
  </testcase>
  <testcase classname="| Website Development | Basic Web Design |" name="And I click COM06_Products tab" time="4.153">
    <skipped/>
  </testcase>
  <testcase classname="| Website Development | Basic Web Design |" name="And I click the Basic Web Design link" time="4.162">
    <skipped/>
  </testcase>
  <testcase classname="| Website Development | Basic Web Design |" name="And I click COM07_Invoice link" time="4.162">
    <skipped/>
  </testcase>
  <testcase classname="| Website Development | Basic Web Design |" name="And I click COM05_Payments tab" time="4.162">
    <skipped/>
  </testcase>
  <testcase classname="| Website Development | Basic Web Design |" name="And I click COM05_AddNewPayment button" time="4.163">
    <skipped/>
  </testcase>
  <testcase classname="| Website Development | Basic Web Design |" name="And I populate COM05_AmountPaid with &quot;399.00&quot;" time="4.163">
    <skipped/>
  </testcase>
  <testcase classname="| Website Development | Basic Web Design |" name="And I select &quot;Cash&quot; over COM05_Type dropdown" time="4.164">
    <skipped/>
  </testcase>
  <testcase classname="| Website Development | Basic Web Design |" name="And I populate COM05_ReferenceNumber with &quot;12345&quot;" time="4.164">
    <skipped/>
  </testcase>
  <testcase classname="| Website Development | Basic Web Design |" name="And I click COM05_No_DoYouWantToSendOpsANotification button" time="4.164">
    <skipped/>
  </testcase>
  <testcase classname="| Website Development | Basic Web Design |" name="And I click COM05_No_UseCredit button" time="4.165">
    <skipped/>
  </testcase>
  <testcase classname="| Website Development | Basic Web Design |" name="And I click COM05_No_DoyouWantToSendTheClientANotification button" time="4.165">
    <skipped/>
  </testcase>
  <testcase classname="| Website Development | Basic Web Design |" name="And I click COM05_Submit button" time="4.166">
    <skipped/>
  </testcase>
  <testcase classname="| Website Development | Basic Web Design |" name="Then Ill see Basic Web Design successfully paid" time="4.166">
    <skipped/>
  </testcase>
  <testcase classname="| Website Development | Basic Web Design |" name="When I navigate to &quot;COMDEV_Client&quot;" time="4.166">
    <skipped/>
  </testcase>
  <testcase classname="| Website Development | Basic Web Design |" name="And I click COM02_Campaigns tab" time="4.167">
    <skipped/>
  </testcase>
  <testcase classname="| Website Development | Basic Web Design |" name="And I click &quot;www.seleniumhq.org/projects/&quot; link" time="4.167">
    <skipped/>
  </testcase>
  <testcase classname="| Website Development | Basic Web Design |" name="And I hover COM06_ProjectManagement tab" time="4.167">
    <skipped/>
  </testcase>
  <testcase classname="| Website Development | Basic Web Design |" name="And I click COM06_Project dropdown" time="4.168">
    <skipped/>
  </testcase>
  <testcase classname="| Website Development | Basic Web Design |" name="And I click COM08_AddAProject button" time="4.168">
    <skipped/>
  </testcase>
  <testcase classname="| Website Development | Basic Web Design |" name="And I populate COM08_NameTheProject textfield with &quot;TestAutomation&quot;" time="4.168">
    <skipped/>
  </testcase>
  <testcase classname="| Website Development | Basic Web Design |" name="And I select Basic Web Design over COM08_SelectAProduct dropdown" time="4.169">
    <skipped/>
  </testcase>
  <testcase classname="| Website Development | Basic Web Design |" name="And I click COM08_SaveProject button" time="4.169">
    <skipped/>
  </testcase>
  <testcase classname="| Website Development | Basic Web Design |" name="Then I see the product associated with the project" time="4.17">
    <skipped/>
  </testcase>
  <testcase classname="| Website Development | Basic Web Design |" name="When I navigate to &quot;COMDEV_Client&quot;" time="4.17">
    <skipped/>
  </testcase>
  <testcase classname="| Website Development | Basic Web Design |" name="And I click COM02_Campaigns tab" time="4.17">
    <skipped/>
  </testcase>
  <testcase classname="| Website Development | Basic Web Design |" name="And I click &quot;www.seleniumhq.org/projects/&quot; link" time="4.171">
    <skipped/>
  </testcase>
  <testcase classname="| Website Development | Basic Web Design |" name="And I click COM06_Products tab" time="4.171">
    <skipped/>
  </testcase>
  <testcase classname="| Website Development | Basic Web Design |" name="And I click the Basic Web Design link" time="4.171">
    <skipped/>
  </testcase>
  <testcase classname="| Website Development | Basic Web Design |" name="And I click the COM07_Edit button" time="4.172">
    <skipped/>
  </testcase>
  <testcase classname="| Website Development | Basic Web Design |" name="And I select &quot;Active&quot; over COM07_ProductStatus dropdown" time="4.172">
    <skipped/>
  </testcase>
  <testcase classname="| Website Development | Basic Web Design |" name="And I click COM07_Save button" time="4.172">
    <skipped/>
  </testcase>
  <testcase classname="| Website Development | Basic Web Design |" name="Then Ill see Basic Web Design activated" time="4.173">
    <skipped/>
  </testcase>
  <testcase classname="| Website Development | Basic Web Design |" name="When I navigate to &quot;COMDEV_Queue&quot;" time="4.173">
    <skipped/>
  </testcase>
  <testcase classname="| Website Development | Basic Web Design |" name="And I populate COM11_Campaign textfield with &quot;www.seleniumhq.org/projects/&quot;" time="4.174">
    <skipped/>
  </testcase>
  <testcase classname="| Website Development | Basic Web Design |" name="And I click COM11_Deploy button" time="4.174">
    <skipped/>
  </testcase>
  <testcase classname="| Website Development | Basic Web Design |" name="And I select &quot;1&quot; over COM12_Template dropdown" time="4.174">
    <skipped/>
  </testcase>
  <testcase classname="| Website Development | Basic Web Design |" name="And I populate COM12_From with &quot;Today&quot;" time="4.175">
    <skipped/>
  </testcase>
  <testcase classname="| Website Development | Basic Web Design |" name="And I populate COM12_To with &quot;Next Day&quot;" time="4.175">
    <skipped/>
  </testcase>
  <testcase classname="| Website Development | Basic Web Design |" name="And I click COM12_DeployNow button" time="4.175">
    <skipped/>
  </testcase>
  <testcase classname="| Website Development | Basic Web Design |" name="Then Ill see Basic Web Design is deployed over COMDEV_Queue" time="4.175">
    <skipped/>
  </testcase>
  <testcase classname="| Website Development | Basic Web Design |" name="And Ill see Basic Web Design task correctly deployed" time="4.175">
    <skipped/>
  </testcase>
  <testcase classname="| Website Development | Basic Web Design |" name="When I navigate to &quot;COMDEV_Logout&quot;" time="4.176">
    <skipped/>
  </testcase>
  <testcase classname="| Website Development | Basic Web Design |" name="Then Ill see that Ive logout successfully" time="4.176">
    <skipped/>
  </testcase>
  <testcase classname="| Website Development | Basic Web Design |" name="| Website Development | Basic Web Design |" time="8.223">
    <error message="chrome not reachable
  (Session info: chrome=53.0.2785.116)
  (Driver info: chromedriver=2.25.426923 (0390b88869384d6eb0d5d09729679f934aab9eed),platform=Windows NT 10.0.17134 x86_64) (WARNING: The server did not provide any stacktrace information)
Command duration or timeout: 4.05 seconds
Build info: version: &apos;2.53.0&apos;, revision: &apos;35ae25b1534ae328c771e0856c93e187490ca824&apos;, time: &apos;2016-03-15 10:43:46&apos;
System info: host: &apos;ReuelSicatII-LAPTOP&apos;, ip: &apos;192.168.40.144&apos;, os.name: &apos;Windows 10&apos;, os.arch: &apos;amd64&apos;, os.version: &apos;10.0&apos;, java.version: &apos;1.8.0_181&apos;
Driver info: org.openqa.selenium.chrome.ChromeDriver
Capabilities [{applicationCacheEnabled=false, rotatable=false, mobileEmulationEnabled=false, networkConnectionEnabled=false, chrome={chromedriverVersion=2.25.426923 (0390b88869384d6eb0d5d09729679f934aab9eed), userDataDir=C:\Users\REUELS~1\AppData\Local\Temp\scoped_dir93948_25971}, takesHeapSnapshot=true, pageLoadStrategy=normal, databaseEnabled=false, handlesAlerts=true, hasTouchScreen=false, version=53.0.2785.116, platform=XP, browserConnectionEnabled=false, nativeEvents=true, acceptSslCerts=true, locationContextEnabled=true, webStorageEnabled=true, browserName=chrome, takesScreenshot=true, javascriptEnabled=true, cssSelectorsEnabled=true}]
Session ID: 92d136295998e0382b0f0cc7099b83b6" type="org.openqa.selenium.WebDriverException">org.openqa.selenium.WebDriverException: chrome not reachable
  (Session info: chrome=53.0.2785.116)
  (Driver info: chromedriver=2.25.426923 (0390b88869384d6eb0d5d09729679f934aab9eed),platform=Windows NT 10.0.17134 x86_64) (WARNING: The server did not provide any stacktrace information)
Command duration or timeout: 4.05 seconds
Build info: version: &apos;2.53.0&apos;, revision: &apos;35ae25b1534ae328c771e0856c93e187490ca824&apos;, time: &apos;2016-03-15 10:43:46&apos;
System info: host: &apos;ReuelSicatII-LAPTOP&apos;, ip: &apos;192.168.40.144&apos;, os.name: &apos;Windows 10&apos;, os.arch: &apos;amd64&apos;, os.version: &apos;10.0&apos;, java.version: &apos;1.8.0_181&apos;
Driver info: org.openqa.selenium.chrome.ChromeDriver
Capabilities [{applicationCacheEnabled=false, rotatable=false, mobileEmulationEnabled=false, networkConnectionEnabled=false, chrome={chromedriverVersion=2.25.426923 (0390b88869384d6eb0d5d09729679f934aab9eed), userDataDir=C:\Users\REUELS~1\AppData\Local\Temp\scoped_dir93948_25971}, takesHeapSnapshot=true, pageLoadStrategy=normal, databaseEnabled=false, handlesAlerts=true, hasTouchScreen=false, version=53.0.2785.116, platform=XP, browserConnectionEnabled=false, nativeEvents=true, acceptSslCerts=true, locationContextEnabled=true, webStorageEnabled=true, browserName=chrome, takesScreenshot=true, javascriptEnabled=true, cssSelectorsEnabled=true}]
Session ID: 92d136295998e0382b0f0cc7099b83b6
	at sun.reflect.GeneratedConstructorAccessor19.newInstance(Unknown Source)
	at sun.reflect.DelegatingConstructorAccessorImpl.newInstance(DelegatingConstructorAccessorImpl.java:45)
	at java.lang.reflect.Constructor.newInstance(Constructor.java:423)
	at org.openqa.selenium.remote.ErrorHandler.createThrowable(ErrorHandler.java:206)
	at org.openqa.selenium.remote.ErrorHandler.throwIfResponseFailed(ErrorHandler.java:158)
	at org.openqa.selenium.remote.RemoteWebDriver.execute(RemoteWebDriver.java:678)
	at org.openqa.selenium.remote.RemoteWebDriver.execute(RemoteWebDriver.java:701)
	at org.openqa.selenium.remote.RemoteWebDriver.getScreenshotAs(RemoteWebDriver.java:335)
	at cucumber.Framework.TearDown.teardown(TearDown.java:33)
	at sun.reflect.GeneratedMethodAccessor36.invoke(Unknown Source)
	at sun.reflect.DelegatingMethodAccessorImpl.invoke(DelegatingMethodAccessorImpl.java:43)
	at java.lang.reflect.Method.invoke(Method.java:498)
	at cucumber.runtime.Utils$1.call(Utils.java:37)
	at cucumber.runtime.Timeout.timeout(Timeout.java:13)
	at cucumber.runtime.Utils.invoke(Utils.java:31)
	at cucumber.runtime.java.JavaHookDefinition.execute(JavaHookDefinition.java:60)
	at cucumber.runtime.Runtime.runHookIfTagsMatch(Runtime.java:223)
	at cucumber.runtime.Runtime.runHooks(Runtime.java:211)
	at cucumber.runtime.Runtime.runAfterHooks(Runtime.java:205)
	at cucumber.runtime.model.CucumberScenario.run(CucumberScenario.java:46)
	at cucumber.runtime.junit.ExecutionUnitRunner.run(ExecutionUnitRunner.java:91)
	at org.junit.runners.Suite.runChild(Suite.java:127)
	at org.junit.runners.Suite.runChild(Suite.java:26)
	at org.junit.runners.ParentRunner$3.run(ParentRunner.java:238)
	at org.junit.runners.ParentRunner$1.schedule(ParentRunner.java:63)
	at org.junit.runners.ParentRunner.runChildren(ParentRunner.java:236)
	at org.junit.runners.ParentRunner.access$000(ParentRunner.java:53)
	at org.junit.runners.ParentRunner$2.evaluate(ParentRunner.java:229)
	at org.junit.runners.ParentRunner.run(ParentRunner.java:309)
	at cucumber.runtime.junit.ExamplesRunner.run(ExamplesRunner.java:59)
	at org.junit.runners.Suite.runChild(Suite.java:127)
	at org.junit.runners.Suite.runChild(Suite.java:26)
	at org.junit.runners.ParentRunner$3.run(ParentRunner.java:238)
	at org.junit.runners.ParentRunner$1.schedule(ParentRunner.java:63)
	at org.junit.runners.ParentRunner.runChildren(ParentRunner.java:236)
	at org.junit.runners.ParentRunner.access$000(ParentRunner.java:53)
	at org.junit.runners.ParentRunner$2.evaluate(ParentRunner.java:229)
	at org.junit.runners.ParentRunner.run(ParentRunner.java:309)
	at cucumber.runtime.junit.ScenarioOutlineRunner.run(ScenarioOutlineRunner.java:53)
	at cucumber.runtime.junit.FeatureRunner.runChild(FeatureRunner.java:63)
	at cucumber.runtime.junit.FeatureRunner.runChild(FeatureRunner.java:18)
	at org.junit.runners.ParentRunner$3.run(ParentRunner.java:238)
	at org.junit.runners.ParentRunner$1.schedule(ParentRunner.java:63)
	at org.junit.runners.ParentRunner.runChildren(ParentRunner.java:236)
	at org.junit.runners.ParentRunner.access$000(ParentRunner.java:53)
	at org.junit.runners.ParentRunner$2.evaluate(ParentRunner.java:229)
	at org.junit.runners.ParentRunner.run(ParentRunner.java:309)
	at cucumber.runtime.junit.FeatureRunner.run(FeatureRunner.java:70)
	at cucumber.api.junit.Cucumber.runChild(Cucumber.java:93)
	at cucumber.api.junit.Cucumber.runChild(Cucumber.java:37)
	at org.junit.runners.ParentRunner$3.run(ParentRunner.java:238)
	at org.junit.runners.ParentRunner$1.schedule(ParentRunner.java:63)
	at org.junit.runners.ParentRunner.runChildren(ParentRunner.java:236)
	at org.junit.runners.ParentRunner.access$000(ParentRunner.java:53)
	at org.junit.runners.ParentRunner$2.evaluate(ParentRunner.java:229)
	at org.junit.internal.runners.statements.RunBefores.evaluate(RunBefores.java:26)
	at org.junit.internal.runners.statements.RunAfters.evaluate(RunAfters.java:27)
	at org.junit.runners.ParentRunner.run(ParentRunner.java:309)
	at cucumber.api.junit.Cucumber.run(Cucumber.java:98)
	at org.apache.maven.surefire.junit4.JUnit4TestSet.execute(JUnit4TestSet.java:62)
	at org.apache.maven.surefire.suite.AbstractDirectoryTestSuite.executeTestSet(AbstractDirectoryTestSuite.java:140)
	at org.apache.maven.surefire.suite.AbstractDirectoryTestSuite.execute(AbstractDirectoryTestSuite.java:127)
	at org.apache.maven.surefire.Surefire.run(Surefire.java:177)
	at sun.reflect.NativeMethodAccessorImpl.invoke0(Native Method)
	at sun.reflect.NativeMethodAccessorImpl.invoke(NativeMethodAccessorImpl.java:62)
	at sun.reflect.DelegatingMethodAccessorImpl.invoke(DelegatingMethodAccessorImpl.java:43)
	at java.lang.reflect.Method.invoke(Method.java:498)
	at org.apache.maven.surefire.booter.SurefireBooter.runSuitesInProcess(SurefireBooter.java:338)
	at org.apache.maven.surefire.booter.SurefireBooter.main(SurefireBooter.java:997)
</error>
    <system-out>URL link Resopnse Code not 200
Helper - Scenario Name: COMSMOKETEST_TS02
</system-out>
  </testcase>
  <testcase classname="| Website Development | Basic Web Design |" name="| Website Development | Basic Web Design |" time="8.223">
    <skipped/>
  </testcase>
  <testcase classname="| SEO Services | Advanced SEO Site Consultation |" name="| SEO Services | Advanced SEO Site Consultation |" time="4.138">
    <error message="chrome not reachable
  (Session info: chrome=53.0.2785.116)
  (Driver info: chromedriver=2.25.426923 (0390b88869384d6eb0d5d09729679f934aab9eed),platform=Windows NT 10.0.17134 x86_64) (WARNING: The server did not provide any stacktrace information)
Command duration or timeout: 4.08 seconds
Build info: version: &apos;2.53.0&apos;, revision: &apos;35ae25b1534ae328c771e0856c93e187490ca824&apos;, time: &apos;2016-03-15 10:43:46&apos;
System info: host: &apos;ReuelSicatII-LAPTOP&apos;, ip: &apos;192.168.40.144&apos;, os.name: &apos;Windows 10&apos;, os.arch: &apos;amd64&apos;, os.version: &apos;10.0&apos;, java.version: &apos;1.8.0_181&apos;
Driver info: org.openqa.selenium.chrome.ChromeDriver
Capabilities [{applicationCacheEnabled=false, rotatable=false, mobileEmulationEnabled=false, networkConnectionEnabled=false, chrome={chromedriverVersion=2.25.426923 (0390b88869384d6eb0d5d09729679f934aab9eed), userDataDir=C:\Users\REUELS~1\AppData\Local\Temp\scoped_dir93948_25971}, takesHeapSnapshot=true, pageLoadStrategy=normal, databaseEnabled=false, handlesAlerts=true, hasTouchScreen=false, version=53.0.2785.116, platform=XP, browserConnectionEnabled=false, nativeEvents=true, acceptSslCerts=true, locationContextEnabled=true, webStorageEnabled=true, browserName=chrome, takesScreenshot=true, javascriptEnabled=true, cssSelectorsEnabled=true}]
Session ID: 92d136295998e0382b0f0cc7099b83b6" type="org.openqa.selenium.WebDriverException">org.openqa.selenium.WebDriverException: chrome not reachable
  (Session info: chrome=53.0.2785.116)
  (Driver info: chromedriver=2.25.426923 (0390b88869384d6eb0d5d09729679f934aab9eed),platform=Windows NT 10.0.17134 x86_64) (WARNING: The server did not provide any stacktrace information)
Command duration or timeout: 4.08 seconds
Build info: version: &apos;2.53.0&apos;, revision: &apos;35ae25b1534ae328c771e0856c93e187490ca824&apos;, time: &apos;2016-03-15 10:43:46&apos;
System info: host: &apos;ReuelSicatII-LAPTOP&apos;, ip: &apos;192.168.40.144&apos;, os.name: &apos;Windows 10&apos;, os.arch: &apos;amd64&apos;, os.version: &apos;10.0&apos;, java.version: &apos;1.8.0_181&apos;
Driver info: org.openqa.selenium.chrome.ChromeDriver
Capabilities [{applicationCacheEnabled=false, rotatable=false, mobileEmulationEnabled=false, networkConnectionEnabled=false, chrome={chromedriverVersion=2.25.426923 (0390b88869384d6eb0d5d09729679f934aab9eed), userDataDir=C:\Users\REUELS~1\AppData\Local\Temp\scoped_dir93948_25971}, takesHeapSnapshot=true, pageLoadStrategy=normal, databaseEnabled=false, handlesAlerts=true, hasTouchScreen=false, version=53.0.2785.116, platform=XP, browserConnectionEnabled=false, nativeEvents=true, acceptSslCerts=true, locationContextEnabled=true, webStorageEnabled=true, browserName=chrome, takesScreenshot=true, javascriptEnabled=true, cssSelectorsEnabled=true}]
Session ID: 92d136295998e0382b0f0cc7099b83b6
	at sun.reflect.GeneratedConstructorAccessor19.newInstance(Unknown Source)
	at sun.reflect.DelegatingConstructorAccessorImpl.newInstance(DelegatingConstructorAccessorImpl.java:45)
	at java.lang.reflect.Constructor.newInstance(Constructor.java:423)
	at org.openqa.selenium.remote.ErrorHandler.createThrowable(ErrorHandler.java:206)
	at org.openqa.selenium.remote.ErrorHandler.throwIfResponseFailed(ErrorHandler.java:158)
	at org.openqa.selenium.remote.RemoteWebDriver.execute(RemoteWebDriver.java:678)
	at org.openqa.selenium.remote.RemoteWebDriver.execute(RemoteWebDriver.java:701)
	at org.openqa.selenium.remote.RemoteWebDriver$RemoteWebDriverOptions.deleteAllCookies(RemoteWebDriver.java:773)
	at cucumber.Framework.WEBHelper.GetDriverObject(WEBHelper.java:217)
	at cucumber.Framework.SetUp.setup(SetUp.java:50)
	at sun.reflect.GeneratedMethodAccessor33.invoke(Unknown Source)
	at sun.reflect.DelegatingMethodAccessorImpl.invoke(DelegatingMethodAccessorImpl.java:43)
	at java.lang.reflect.Method.invoke(Method.java:498)
	at cucumber.runtime.Utils$1.call(Utils.java:37)
	at cucumber.runtime.Timeout.timeout(Timeout.java:13)
	at cucumber.runtime.Utils.invoke(Utils.java:31)
	at cucumber.runtime.java.JavaHookDefinition.execute(JavaHookDefinition.java:60)
	at cucumber.runtime.Runtime.runHookIfTagsMatch(Runtime.java:223)
	at cucumber.runtime.Runtime.runHooks(Runtime.java:211)
	at cucumber.runtime.Runtime.runBeforeHooks(Runtime.java:201)
	at cucumber.runtime.model.CucumberScenario.run(CucumberScenario.java:40)
	at cucumber.runtime.junit.ExecutionUnitRunner.run(ExecutionUnitRunner.java:91)
	at org.junit.runners.Suite.runChild(Suite.java:127)
	at org.junit.runners.Suite.runChild(Suite.java:26)
	at org.junit.runners.ParentRunner$3.run(ParentRunner.java:238)
	at org.junit.runners.ParentRunner$1.schedule(ParentRunner.java:63)
	at org.junit.runners.ParentRunner.runChildren(ParentRunner.java:236)
	at org.junit.runners.ParentRunner.access$000(ParentRunner.java:53)
	at org.junit.runners.ParentRunner$2.evaluate(ParentRunner.java:229)
	at org.junit.runners.ParentRunner.run(ParentRunner.java:309)
	at cucumber.runtime.junit.ExamplesRunner.run(ExamplesRunner.java:59)
	at org.junit.runners.Suite.runChild(Suite.java:127)
	at org.junit.runners.Suite.runChild(Suite.java:26)
	at org.junit.runners.ParentRunner$3.run(ParentRunner.java:238)
	at org.junit.runners.ParentRunner$1.schedule(ParentRunner.java:63)
	at org.junit.runners.ParentRunner.runChildren(ParentRunner.java:236)
	at org.junit.runners.ParentRunner.access$000(ParentRunner.java:53)
	at org.junit.runners.ParentRunner$2.evaluate(ParentRunner.java:229)
	at org.junit.runners.ParentRunner.run(ParentRunner.java:309)
	at cucumber.runtime.junit.ScenarioOutlineRunner.run(ScenarioOutlineRunner.java:53)
	at cucumber.runtime.junit.FeatureRunner.runChild(FeatureRunner.java:63)
	at cucumber.runtime.junit.FeatureRunner.runChild(FeatureRunner.java:18)
	at org.junit.runners.ParentRunner$3.run(ParentRunner.java:238)
	at org.junit.runners.ParentRunner$1.schedule(ParentRunner.java:63)
	at org.junit.runners.ParentRunner.runChildren(ParentRunner.java:236)
	at org.junit.runners.ParentRunner.access$000(ParentRunner.java:53)
	at org.junit.runners.ParentRunner$2.evaluate(ParentRunner.java:229)
	at org.junit.runners.ParentRunner.run(ParentRunner.java:309)
	at cucumber.runtime.junit.FeatureRunner.run(FeatureRunner.java:70)
	at cucumber.api.junit.Cucumber.runChild(Cucumber.java:93)
	at cucumber.api.junit.Cucumber.runChild(Cucumber.java:37)
	at org.junit.runners.ParentRunner$3.run(ParentRunner.java:238)
	at org.junit.runners.ParentRunner$1.schedule(ParentRunner.java:63)
	at org.junit.runners.ParentRunner.runChildren(ParentRunner.java:236)
	at org.junit.runners.ParentRunner.access$000(ParentRunner.java:53)
	at org.junit.runners.ParentRunner$2.evaluate(ParentRunner.java:229)
	at org.junit.internal.runners.statements.RunBefores.evaluate(RunBefores.java:26)
	at org.junit.internal.runners.statements.RunAfters.evaluate(RunAfters.java:27)
	at org.junit.runners.ParentRunner.run(ParentRunner.java:309)
	at cucumber.api.junit.Cucumber.run(Cucumber.java:98)
	at org.apache.maven.surefire.junit4.JUnit4TestSet.execute(JUnit4TestSet.java:62)
	at org.apache.maven.surefire.suite.AbstractDirectoryTestSuite.executeTestSet(AbstractDirectoryTestSuite.java:140)
	at org.apache.maven.surefire.suite.AbstractDirectoryTestSuite.execute(AbstractDirectoryTestSuite.java:127)
	at org.apache.maven.surefire.Surefire.run(Surefire.java:177)
	at sun.reflect.NativeMethodAccessorImpl.invoke0(Native Method)
	at sun.reflect.NativeMethodAccessorImpl.invoke(NativeMethodAccessorImpl.java:62)
	at sun.reflect.DelegatingMethodAccessorImpl.invoke(DelegatingMethodAccessorImpl.java:43)
	at java.lang.reflect.Method.invoke(Method.java:498)
	at org.apache.maven.surefire.booter.SurefireBooter.runSuitesInProcess(SurefireBooter.java:338)
	at org.apache.maven.surefire.booter.SurefireBooter.main(SurefireBooter.java:997)
</error>
    <system-out>URL link Resopnse Code not 200
Helper - Scenario Name: COMSMOKETEST_TS02
</system-out>
  </testcase>
  <testcase classname="| SEO Services | Advanced SEO Site Consultation |" name="Given Im an Account Manager" time="4.169">
    <skipped/>
  </testcase>
  <testcase classname="| SEO Services | Advanced SEO Site Consultation |" name="When I navigate to &quot;COMDEV_Login&quot;" time="4.169">
    <skipped/>
  </testcase>
  <testcase classname="| SEO Services | Advanced SEO Site Consultation |" name="And I populate COM01_Username with &quot;rv.villanueva@truelogic.com.ph&quot;" time="4.169">
    <skipped/>
  </testcase>
  <testcase classname="| SEO Services | Advanced SEO Site Consultation |" name="And I populate COM01_Password with &quot;qwerty&quot;" time="4.169">
    <skipped/>
  </testcase>
  <testcase classname="| SEO Services | Advanced SEO Site Consultation |" name="And I click COM01_LogIn button" time="4.169">
    <skipped/>
  </testcase>
  <testcase classname="| SEO Services | Advanced SEO Site Consultation |" name="Then Ill see that Ive login successfully" time="4.169">
    <skipped/>
  </testcase>
  <testcase classname="| SEO Services | Advanced SEO Site Consultation |" name="When I navigate to &quot;COMDEV_Client&quot;" time="4.169">
    <skipped/>
  </testcase>
  <testcase classname="| SEO Services | Advanced SEO Site Consultation |" name="And I click COM02_Campaigns tab" time="4.169">
    <skipped/>
  </testcase>
  <testcase classname="| SEO Services | Advanced SEO Site Consultation |" name="And I click COM03_CreateCampaign button" time="4.169">
    <skipped/>
  </testcase>
  <testcase classname="| SEO Services | Advanced SEO Site Consultation |" name="And I populate COM04_CampaignName with &quot;www.seleniumhq.org/projects/&quot;" time="4.169">
    <skipped/>
  </testcase>
  <testcase classname="| SEO Services | Advanced SEO Site Consultation |" name="And I populate COM04_BrandName with &quot;www.seleniumhq.org/projects/&quot;" time="4.169">
    <skipped/>
  </testcase>
  <testcase classname="| SEO Services | Advanced SEO Site Consultation |" name="And I populate COM04_CampaignURL with &quot;http://www.seleniumhq.org/projects/&quot;" time="4.169">
    <skipped/>
  </testcase>
  <testcase classname="| SEO Services | Advanced SEO Site Consultation |" name="And I populate COM04_Description textfield with &quot;Test Automation Description&quot;" time="4.169">
    <skipped/>
  </testcase>
  <testcase classname="And I select &quot;IT &amp; Tech (deleted)&quot; over COM04_Category dropdown(| SEO Services | Advanced SEO Site Consultation |)" name="And I select &quot;IT &amp; Tech " time="4.169">
    <skipped/>
  </testcase>
  <testcase classname="| SEO Services | Advanced SEO Site Consultation |" name="And I populate COM04_ProductandServiceOverview textfield with &quot;Test Automation ProductandServiceOverview&quot;" time="4.169">
    <skipped/>
  </testcase>
  <testcase classname="| SEO Services | Advanced SEO Site Consultation |" name="And I click COM04_Submit button" time="4.169">
    <skipped/>
  </testcase>
  <testcase classname="| SEO Services | Advanced SEO Site Consultation |" name="Then Ill see campaign successfully created" time="4.169">
    <skipped/>
  </testcase>
  <testcase classname="| SEO Services | Advanced SEO Site Consultation |" name="When I navigate to &quot;COMDEV_Client&quot;" time="4.169">
    <skipped/>
  </testcase>
  <testcase classname="| SEO Services | Advanced SEO Site Consultation |" name="And I click COM02_Campaigns tab" time="4.169">
    <skipped/>
  </testcase>
  <testcase classname="| SEO Services | Advanced SEO Site Consultation |" name="And I click &quot;www.seleniumhq.org/projects/&quot; link" time="4.169">
    <skipped/>
  </testcase>
  <testcase classname="| SEO Services | Advanced SEO Site Consultation |" name="And I click COM06_Products tab" time="4.169">
    <skipped/>
  </testcase>
  <testcase classname="| SEO Services | Advanced SEO Site Consultation |" name="And I click COM07_OrderAProduct button" time="4.169">
    <skipped/>
  </testcase>
  <testcase classname="| SEO Services | Advanced SEO Site Consultation |" name="And I select SEO Services over COM07_SelectACategory list" time="4.169">
    <skipped/>
  </testcase>
  <testcase classname="| SEO Services | Advanced SEO Site Consultation |" name="And I click Advanced SEO Site Consultation name" time="4.169">
    <skipped/>
  </testcase>
  <testcase classname="| SEO Services | Advanced SEO Site Consultation |" name="And I click COM07_AddthisProduct button" time="4.175">
    <skipped/>
  </testcase>
  <testcase classname="| SEO Services | Advanced SEO Site Consultation |" name="Then Ill see Advanced SEO Site Consultation successfully added" time="4.175">
    <skipped/>
  </testcase>
  <testcase classname="| SEO Services | Advanced SEO Site Consultation |" name="When I navigate to &quot;COMDEV_Client&quot;" time="4.175">
    <skipped/>
  </testcase>
  <testcase classname="| SEO Services | Advanced SEO Site Consultation |" name="And I click COM02_Campaigns tab" time="4.175">
    <skipped/>
  </testcase>
  <testcase classname="| SEO Services | Advanced SEO Site Consultation |" name="And I click &quot;www.seleniumhq.org/projects/&quot; link" time="4.175">
    <skipped/>
  </testcase>
  <testcase classname="| SEO Services | Advanced SEO Site Consultation |" name="And I click COM06_Products tab" time="4.175">
    <skipped/>
  </testcase>
  <testcase classname="| SEO Services | Advanced SEO Site Consultation |" name="And I click the Advanced SEO Site Consultation link" time="4.175">
    <skipped/>
  </testcase>
  <testcase classname="| SEO Services | Advanced SEO Site Consultation |" name="And I click COM07_Invoice link" time="4.175">
    <skipped/>
  </testcase>
  <testcase classname="| SEO Services | Advanced SEO Site Consultation |" name="And I click COM05_Payments tab" time="4.175">
    <skipped/>
  </testcase>
  <testcase classname="| SEO Services | Advanced SEO Site Consultation |" name="And I click COM05_AddNewPayment button" time="4.175">
    <skipped/>
  </testcase>
  <testcase classname="| SEO Services | Advanced SEO Site Consultation |" name="And I populate COM05_AmountPaid with &quot;399.00&quot;" time="4.175">
    <skipped/>
  </testcase>
  <testcase classname="| SEO Services | Advanced SEO Site Consultation |" name="And I select &quot;Cash&quot; over COM05_Type dropdown" time="4.175">
    <skipped/>
  </testcase>
  <testcase classname="| SEO Services | Advanced SEO Site Consultation |" name="And I populate COM05_ReferenceNumber with &quot;12345&quot;" time="4.175">
    <skipped/>
  </testcase>
  <testcase classname="| SEO Services | Advanced SEO Site Consultation |" name="And I click COM05_No_DoYouWantToSendOpsANotification button" time="4.175">
    <skipped/>
  </testcase>
  <testcase classname="| SEO Services | Advanced SEO Site Consultation |" name="And I click COM05_No_UseCredit button" time="4.175">
    <skipped/>
  </testcase>
  <testcase classname="| SEO Services | Advanced SEO Site Consultation |" name="And I click COM05_No_DoyouWantToSendTheClientANotification button" time="4.175">
    <skipped/>
  </testcase>
  <testcase classname="| SEO Services | Advanced SEO Site Consultation |" name="And I click COM05_Submit button" time="4.175">
    <skipped/>
  </testcase>
  <testcase classname="| SEO Services | Advanced SEO Site Consultation |" name="Then Ill see Advanced SEO Site Consultation successfully paid" time="4.175">
    <skipped/>
  </testcase>
  <testcase classname="| SEO Services | Advanced SEO Site Consultation |" name="When I navigate to &quot;COMDEV_Client&quot;" time="4.175">
    <skipped/>
  </testcase>
  <testcase classname="| SEO Services | Advanced SEO Site Consultation |" name="And I click COM02_Campaigns tab" time="4.175">
    <skipped/>
  </testcase>
  <testcase classname="| SEO Services | Advanced SEO Site Consultation |" name="And I click &quot;www.seleniumhq.org/projects/&quot; link" time="4.175">
    <skipped/>
  </testcase>
  <testcase classname="| SEO Services | Advanced SEO Site Consultation |" name="And I hover COM06_ProjectManagement tab" time="4.175">
    <skipped/>
  </testcase>
  <testcase classname="| SEO Services | Advanced SEO Site Consultation |" name="And I click COM06_Project dropdown" time="4.175">
    <skipped/>
  </testcase>
  <testcase classname="| SEO Services | Advanced SEO Site Consultation |" name="And I click COM08_AddAProject button" time="4.175">
    <skipped/>
  </testcase>
  <testcase classname="| SEO Services | Advanced SEO Site Consultation |" name="And I populate COM08_NameTheProject textfield with &quot;TestAutomation&quot;" time="4.175">
    <skipped/>
  </testcase>
  <testcase classname="| SEO Services | Advanced SEO Site Consultation |" name="And I select Advanced SEO Site Consultation over COM08_SelectAProduct dropdown" time="4.175">
    <skipped/>
  </testcase>
  <testcase classname="| SEO Services | Advanced SEO Site Consultation |" name="And I click COM08_SaveProject button" time="4.175">
    <skipped/>
  </testcase>
  <testcase classname="| SEO Services | Advanced SEO Site Consultation |" name="Then I see the product associated with the project" time="4.175">
    <skipped/>
  </testcase>
  <testcase classname="| SEO Services | Advanced SEO Site Consultation |" name="When I navigate to &quot;COMDEV_Client&quot;" time="4.175">
    <skipped/>
  </testcase>
  <testcase classname="| SEO Services | Advanced SEO Site Consultation |" name="And I click COM02_Campaigns tab" time="4.175">
    <skipped/>
  </testcase>
  <testcase classname="| SEO Services | Advanced SEO Site Consultation |" name="And I click &quot;www.seleniumhq.org/projects/&quot; link" time="4.175">
    <skipped/>
  </testcase>
  <testcase classname="| SEO Services | Advanced SEO Site Consultation |" name="And I click COM06_Products tab" time="4.175">
    <skipped/>
  </testcase>
  <testcase classname="| SEO Services | Advanced SEO Site Consultation |" name="And I click the Advanced SEO Site Consultation link" time="4.175">
    <skipped/>
  </testcase>
  <testcase classname="| SEO Services | Advanced SEO Site Consultation |" name="And I click the COM07_Edit button" time="4.175">
    <skipped/>
  </testcase>
  <testcase classname="| SEO Services | Advanced SEO Site Consultation |" name="And I select &quot;Active&quot; over COM07_ProductStatus dropdown" time="4.175">
    <skipped/>
  </testcase>
  <testcase classname="| SEO Services | Advanced SEO Site Consultation |" name="And I click COM07_Save button" time="4.175">
    <skipped/>
  </testcase>
  <testcase classname="| SEO Services | Advanced SEO Site Consultation |" name="Then Ill see Advanced SEO Site Consultation activated" time="4.175">
    <skipped/>
  </testcase>
  <testcase classname="| SEO Services | Advanced SEO Site Consultation |" name="When I navigate to &quot;COMDEV_Queue&quot;" time="4.175">
    <skipped/>
  </testcase>
  <testcase classname="| SEO Services | Advanced SEO Site Consultation |" name="And I populate COM11_Campaign textfield with &quot;www.seleniumhq.org/projects/&quot;" time="4.175">
    <skipped/>
  </testcase>
  <testcase classname="| SEO Services | Advanced SEO Site Consultation |" name="And I click COM11_Deploy button" time="4.175">
    <skipped/>
  </testcase>
  <testcase classname="| SEO Services | Advanced SEO Site Consultation |" name="And I select &quot;1&quot; over COM12_Template dropdown" time="4.175">
    <skipped/>
  </testcase>
  <testcase classname="| SEO Services | Advanced SEO Site Consultation |" name="And I populate COM12_From with &quot;Today&quot;" time="4.175">
    <skipped/>
  </testcase>
  <testcase classname="| SEO Services | Advanced SEO Site Consultation |" name="And I populate COM12_To with &quot;Next Day&quot;" time="4.175">
    <skipped/>
  </testcase>
  <testcase classname="| SEO Services | Advanced SEO Site Consultation |" name="And I click COM12_DeployNow button" time="4.175">
    <skipped/>
  </testcase>
  <testcase classname="| SEO Services | Advanced SEO Site Consultation |" name="Then Ill see Advanced SEO Site Consultation is deployed over COMDEV_Queue" time="4.175">
    <skipped/>
  </testcase>
  <testcase classname="| SEO Services | Advanced SEO Site Consultation |" name="And Ill see Advanced SEO Site Consultation task correctly deployed" time="4.175">
    <skipped/>
  </testcase>
  <testcase classname="| SEO Services | Advanced SEO Site Consultation |" name="When I navigate to &quot;COMDEV_Logout&quot;" time="4.175">
    <skipped/>
  </testcase>
  <testcase classname="| SEO Services | Advanced SEO Site Consultation |" name="Then Ill see that Ive logout successfully" time="4.175">
    <skipped/>
  </testcase>
  <testcase classname="| SEO Services | Advanced SEO Site Consultation |" name="| SEO Services | Advanced SEO Site Consultation |" time="8.202">
    <error message="chrome not reachable
  (Session info: chrome=53.0.2785.116)
  (Driver info: chromedriver=2.25.426923 (0390b88869384d6eb0d5d09729679f934aab9eed),platform=Windows NT 10.0.17134 x86_64) (WARNING: The server did not provide any stacktrace information)
Command duration or timeout: 4.03 seconds
Build info: version: &apos;2.53.0&apos;, revision: &apos;35ae25b1534ae328c771e0856c93e187490ca824&apos;, time: &apos;2016-03-15 10:43:46&apos;
System info: host: &apos;ReuelSicatII-LAPTOP&apos;, ip: &apos;192.168.40.144&apos;, os.name: &apos;Windows 10&apos;, os.arch: &apos;amd64&apos;, os.version: &apos;10.0&apos;, java.version: &apos;1.8.0_181&apos;
Driver info: org.openqa.selenium.chrome.ChromeDriver
Capabilities [{applicationCacheEnabled=false, rotatable=false, mobileEmulationEnabled=false, networkConnectionEnabled=false, chrome={chromedriverVersion=2.25.426923 (0390b88869384d6eb0d5d09729679f934aab9eed), userDataDir=C:\Users\REUELS~1\AppData\Local\Temp\scoped_dir93948_25971}, takesHeapSnapshot=true, pageLoadStrategy=normal, databaseEnabled=false, handlesAlerts=true, hasTouchScreen=false, version=53.0.2785.116, platform=XP, browserConnectionEnabled=false, nativeEvents=true, acceptSslCerts=true, locationContextEnabled=true, webStorageEnabled=true, browserName=chrome, takesScreenshot=true, javascriptEnabled=true, cssSelectorsEnabled=true}]
Session ID: 92d136295998e0382b0f0cc7099b83b6" type="org.openqa.selenium.WebDriverException">org.openqa.selenium.WebDriverException: chrome not reachable
  (Session info: chrome=53.0.2785.116)
  (Driver info: chromedriver=2.25.426923 (0390b88869384d6eb0d5d09729679f934aab9eed),platform=Windows NT 10.0.17134 x86_64) (WARNING: The server did not provide any stacktrace information)
Command duration or timeout: 4.03 seconds
Build info: version: &apos;2.53.0&apos;, revision: &apos;35ae25b1534ae328c771e0856c93e187490ca824&apos;, time: &apos;2016-03-15 10:43:46&apos;
System info: host: &apos;ReuelSicatII-LAPTOP&apos;, ip: &apos;192.168.40.144&apos;, os.name: &apos;Windows 10&apos;, os.arch: &apos;amd64&apos;, os.version: &apos;10.0&apos;, java.version: &apos;1.8.0_181&apos;
Driver info: org.openqa.selenium.chrome.ChromeDriver
Capabilities [{applicationCacheEnabled=false, rotatable=false, mobileEmulationEnabled=false, networkConnectionEnabled=false, chrome={chromedriverVersion=2.25.426923 (0390b88869384d6eb0d5d09729679f934aab9eed), userDataDir=C:\Users\REUELS~1\AppData\Local\Temp\scoped_dir93948_25971}, takesHeapSnapshot=true, pageLoadStrategy=normal, databaseEnabled=false, handlesAlerts=true, hasTouchScreen=false, version=53.0.2785.116, platform=XP, browserConnectionEnabled=false, nativeEvents=true, acceptSslCerts=true, locationContextEnabled=true, webStorageEnabled=true, browserName=chrome, takesScreenshot=true, javascriptEnabled=true, cssSelectorsEnabled=true}]
Session ID: 92d136295998e0382b0f0cc7099b83b6
	at sun.reflect.GeneratedConstructorAccessor19.newInstance(Unknown Source)
	at sun.reflect.DelegatingConstructorAccessorImpl.newInstance(DelegatingConstructorAccessorImpl.java:45)
	at java.lang.reflect.Constructor.newInstance(Constructor.java:423)
	at org.openqa.selenium.remote.ErrorHandler.createThrowable(ErrorHandler.java:206)
	at org.openqa.selenium.remote.ErrorHandler.throwIfResponseFailed(ErrorHandler.java:158)
	at org.openqa.selenium.remote.RemoteWebDriver.execute(RemoteWebDriver.java:678)
	at org.openqa.selenium.remote.RemoteWebDriver.execute(RemoteWebDriver.java:701)
	at org.openqa.selenium.remote.RemoteWebDriver.getScreenshotAs(RemoteWebDriver.java:335)
	at cucumber.Framework.TearDown.teardown(TearDown.java:33)
	at sun.reflect.GeneratedMethodAccessor36.invoke(Unknown Source)
	at sun.reflect.DelegatingMethodAccessorImpl.invoke(DelegatingMethodAccessorImpl.java:43)
	at java.lang.reflect.Method.invoke(Method.java:498)
	at cucumber.runtime.Utils$1.call(Utils.java:37)
	at cucumber.runtime.Timeout.timeout(Timeout.java:13)
	at cucumber.runtime.Utils.invoke(Utils.java:31)
	at cucumber.runtime.java.JavaHookDefinition.execute(JavaHookDefinition.java:60)
	at cucumber.runtime.Runtime.runHookIfTagsMatch(Runtime.java:223)
	at cucumber.runtime.Runtime.runHooks(Runtime.java:211)
	at cucumber.runtime.Runtime.runAfterHooks(Runtime.java:205)
	at cucumber.runtime.model.CucumberScenario.run(CucumberScenario.java:46)
	at cucumber.runtime.junit.ExecutionUnitRunner.run(ExecutionUnitRunner.java:91)
	at org.junit.runners.Suite.runChild(Suite.java:127)
	at org.junit.runners.Suite.runChild(Suite.java:26)
	at org.junit.runners.ParentRunner$3.run(ParentRunner.java:238)
	at org.junit.runners.ParentRunner$1.schedule(ParentRunner.java:63)
	at org.junit.runners.ParentRunner.runChildren(ParentRunner.java:236)
	at org.junit.runners.ParentRunner.access$000(ParentRunner.java:53)
	at org.junit.runners.ParentRunner$2.evaluate(ParentRunner.java:229)
	at org.junit.runners.ParentRunner.run(ParentRunner.java:309)
	at cucumber.runtime.junit.ExamplesRunner.run(ExamplesRunner.java:59)
	at org.junit.runners.Suite.runChild(Suite.java:127)
	at org.junit.runners.Suite.runChild(Suite.java:26)
	at org.junit.runners.ParentRunner$3.run(ParentRunner.java:238)
	at org.junit.runners.ParentRunner$1.schedule(ParentRunner.java:63)
	at org.junit.runners.ParentRunner.runChildren(ParentRunner.java:236)
	at org.junit.runners.ParentRunner.access$000(ParentRunner.java:53)
	at org.junit.runners.ParentRunner$2.evaluate(ParentRunner.java:229)
	at org.junit.runners.ParentRunner.run(ParentRunner.java:309)
	at cucumber.runtime.junit.ScenarioOutlineRunner.run(ScenarioOutlineRunner.java:53)
	at cucumber.runtime.junit.FeatureRunner.runChild(FeatureRunner.java:63)
	at cucumber.runtime.junit.FeatureRunner.runChild(FeatureRunner.java:18)
	at org.junit.runners.ParentRunner$3.run(ParentRunner.java:238)
	at org.junit.runners.ParentRunner$1.schedule(ParentRunner.java:63)
	at org.junit.runners.ParentRunner.runChildren(ParentRunner.java:236)
	at org.junit.runners.ParentRunner.access$000(ParentRunner.java:53)
	at org.junit.runners.ParentRunner$2.evaluate(ParentRunner.java:229)
	at org.junit.runners.ParentRunner.run(ParentRunner.java:309)
	at cucumber.runtime.junit.FeatureRunner.run(FeatureRunner.java:70)
	at cucumber.api.junit.Cucumber.runChild(Cucumber.java:93)
	at cucumber.api.junit.Cucumber.runChild(Cucumber.java:37)
	at org.junit.runners.ParentRunner$3.run(ParentRunner.java:238)
	at org.junit.runners.ParentRunner$1.schedule(ParentRunner.java:63)
	at org.junit.runners.ParentRunner.runChildren(ParentRunner.java:236)
	at org.junit.runners.ParentRunner.access$000(ParentRunner.java:53)
	at org.junit.runners.ParentRunner$2.evaluate(ParentRunner.java:229)
	at org.junit.internal.runners.statements.RunBefores.evaluate(RunBefores.java:26)
	at org.junit.internal.runners.statements.RunAfters.evaluate(RunAfters.java:27)
	at org.junit.runners.ParentRunner.run(ParentRunner.java:309)
	at cucumber.api.junit.Cucumber.run(Cucumber.java:98)
	at org.apache.maven.surefire.junit4.JUnit4TestSet.execute(JUnit4TestSet.java:62)
	at org.apache.maven.surefire.suite.AbstractDirectoryTestSuite.executeTestSet(AbstractDirectoryTestSuite.java:140)
	at org.apache.maven.surefire.suite.AbstractDirectoryTestSuite.execute(AbstractDirectoryTestSuite.java:127)
	at org.apache.maven.surefire.Surefire.run(Surefire.java:177)
	at sun.reflect.NativeMethodAccessorImpl.invoke0(Native Method)
	at sun.reflect.NativeMethodAccessorImpl.invoke(NativeMethodAccessorImpl.java:62)
	at sun.reflect.DelegatingMethodAccessorImpl.invoke(DelegatingMethodAccessorImpl.java:43)
	at java.lang.reflect.Method.invoke(Method.java:498)
	at org.apache.maven.surefire.booter.SurefireBooter.runSuitesInProcess(SurefireBooter.java:338)
	at org.apache.maven.surefire.booter.SurefireBooter.main(SurefireBooter.java:997)
</error>
    <system-out>URL link Resopnse Code not 200
Helper - Scenario Name: COMSMOKETEST_TS02
</system-out>
  </testcase>
  <testcase classname="| SEO Services | Advanced SEO Site Consultation |" name="| SEO Services | Advanced SEO Site Consultation |" time="8.202">
    <skipped/>
  </testcase>
  <testcase classname="| Website Development | Basic Web Design |" name="| Website Development | Basic Web Design |" time="4.135">
    <error message="chrome not reachable
  (Session info: chrome=53.0.2785.116)
  (Driver info: chromedriver=2.25.426923 (0390b88869384d6eb0d5d09729679f934aab9eed),platform=Windows NT 10.0.17134 x86_64) (WARNING: The server did not provide any stacktrace information)
Command duration or timeout: 4.08 seconds
Build info: version: &apos;2.53.0&apos;, revision: &apos;35ae25b1534ae328c771e0856c93e187490ca824&apos;, time: &apos;2016-03-15 10:43:46&apos;
System info: host: &apos;ReuelSicatII-LAPTOP&apos;, ip: &apos;192.168.40.144&apos;, os.name: &apos;Windows 10&apos;, os.arch: &apos;amd64&apos;, os.version: &apos;10.0&apos;, java.version: &apos;1.8.0_181&apos;
Driver info: org.openqa.selenium.chrome.ChromeDriver
Capabilities [{applicationCacheEnabled=false, rotatable=false, mobileEmulationEnabled=false, networkConnectionEnabled=false, chrome={chromedriverVersion=2.25.426923 (0390b88869384d6eb0d5d09729679f934aab9eed), userDataDir=C:\Users\REUELS~1\AppData\Local\Temp\scoped_dir93948_25971}, takesHeapSnapshot=true, pageLoadStrategy=normal, databaseEnabled=false, handlesAlerts=true, hasTouchScreen=false, version=53.0.2785.116, platform=XP, browserConnectionEnabled=false, nativeEvents=true, acceptSslCerts=true, locationContextEnabled=true, webStorageEnabled=true, browserName=chrome, takesScreenshot=true, javascriptEnabled=true, cssSelectorsEnabled=true}]
Session ID: 92d136295998e0382b0f0cc7099b83b6" type="org.openqa.selenium.WebDriverException">org.openqa.selenium.WebDriverException: chrome not reachable
  (Session info: chrome=53.0.2785.116)
  (Driver info: chromedriver=2.25.426923 (0390b88869384d6eb0d5d09729679f934aab9eed),platform=Windows NT 10.0.17134 x86_64) (WARNING: The server did not provide any stacktrace information)
Command duration or timeout: 4.08 seconds
Build info: version: &apos;2.53.0&apos;, revision: &apos;35ae25b1534ae328c771e0856c93e187490ca824&apos;, time: &apos;2016-03-15 10:43:46&apos;
System info: host: &apos;ReuelSicatII-LAPTOP&apos;, ip: &apos;192.168.40.144&apos;, os.name: &apos;Windows 10&apos;, os.arch: &apos;amd64&apos;, os.version: &apos;10.0&apos;, java.version: &apos;1.8.0_181&apos;
Driver info: org.openqa.selenium.chrome.ChromeDriver
Capabilities [{applicationCacheEnabled=false, rotatable=false, mobileEmulationEnabled=false, networkConnectionEnabled=false, chrome={chromedriverVersion=2.25.426923 (0390b88869384d6eb0d5d09729679f934aab9eed), userDataDir=C:\Users\REUELS~1\AppData\Local\Temp\scoped_dir93948_25971}, takesHeapSnapshot=true, pageLoadStrategy=normal, databaseEnabled=false, handlesAlerts=true, hasTouchScreen=false, version=53.0.2785.116, platform=XP, browserConnectionEnabled=false, nativeEvents=true, acceptSslCerts=true, locationContextEnabled=true, webStorageEnabled=true, browserName=chrome, takesScreenshot=true, javascriptEnabled=true, cssSelectorsEnabled=true}]
Session ID: 92d136295998e0382b0f0cc7099b83b6
	at sun.reflect.GeneratedConstructorAccessor19.newInstance(Unknown Source)
	at sun.reflect.DelegatingConstructorAccessorImpl.newInstance(DelegatingConstructorAccessorImpl.java:45)
	at java.lang.reflect.Constructor.newInstance(Constructor.java:423)
	at org.openqa.selenium.remote.ErrorHandler.createThrowable(ErrorHandler.java:206)
	at org.openqa.selenium.remote.ErrorHandler.throwIfResponseFailed(ErrorHandler.java:158)
	at org.openqa.selenium.remote.RemoteWebDriver.execute(RemoteWebDriver.java:678)
	at org.openqa.selenium.remote.RemoteWebDriver.execute(RemoteWebDriver.java:701)
	at org.openqa.selenium.remote.RemoteWebDriver$RemoteWebDriverOptions.deleteAllCookies(RemoteWebDriver.java:773)
	at cucumber.Framework.WEBHelper.GetDriverObject(WEBHelper.java:217)
	at cucumber.Framework.SetUp.setup(SetUp.java:50)
	at sun.reflect.GeneratedMethodAccessor33.invoke(Unknown Source)
	at sun.reflect.DelegatingMethodAccessorImpl.invoke(DelegatingMethodAccessorImpl.java:43)
	at java.lang.reflect.Method.invoke(Method.java:498)
	at cucumber.runtime.Utils$1.call(Utils.java:37)
	at cucumber.runtime.Timeout.timeout(Timeout.java:13)
	at cucumber.runtime.Utils.invoke(Utils.java:31)
	at cucumber.runtime.java.JavaHookDefinition.execute(JavaHookDefinition.java:60)
	at cucumber.runtime.Runtime.runHookIfTagsMatch(Runtime.java:223)
	at cucumber.runtime.Runtime.runHooks(Runtime.java:211)
	at cucumber.runtime.Runtime.runBeforeHooks(Runtime.java:201)
	at cucumber.runtime.model.CucumberScenario.run(CucumberScenario.java:40)
	at cucumber.runtime.junit.ExecutionUnitRunner.run(ExecutionUnitRunner.java:91)
	at org.junit.runners.Suite.runChild(Suite.java:127)
	at org.junit.runners.Suite.runChild(Suite.java:26)
	at org.junit.runners.ParentRunner$3.run(ParentRunner.java:238)
	at org.junit.runners.ParentRunner$1.schedule(ParentRunner.java:63)
	at org.junit.runners.ParentRunner.runChildren(ParentRunner.java:236)
	at org.junit.runners.ParentRunner.access$000(ParentRunner.java:53)
	at org.junit.runners.ParentRunner$2.evaluate(ParentRunner.java:229)
	at org.junit.runners.ParentRunner.run(ParentRunner.java:309)
	at cucumber.runtime.junit.ExamplesRunner.run(ExamplesRunner.java:59)
	at org.junit.runners.Suite.runChild(Suite.java:127)
	at org.junit.runners.Suite.runChild(Suite.java:26)
	at org.junit.runners.ParentRunner$3.run(ParentRunner.java:238)
	at org.junit.runners.ParentRunner$1.schedule(ParentRunner.java:63)
	at org.junit.runners.ParentRunner.runChildren(ParentRunner.java:236)
	at org.junit.runners.ParentRunner.access$000(ParentRunner.java:53)
	at org.junit.runners.ParentRunner$2.evaluate(ParentRunner.java:229)
	at org.junit.runners.ParentRunner.run(ParentRunner.java:309)
	at cucumber.runtime.junit.ScenarioOutlineRunner.run(ScenarioOutlineRunner.java:53)
	at cucumber.runtime.junit.FeatureRunner.runChild(FeatureRunner.java:63)
	at cucumber.runtime.junit.FeatureRunner.runChild(FeatureRunner.java:18)
	at org.junit.runners.ParentRunner$3.run(ParentRunner.java:238)
	at org.junit.runners.ParentRunner$1.schedule(ParentRunner.java:63)
	at org.junit.runners.ParentRunner.runChildren(ParentRunner.java:236)
	at org.junit.runners.ParentRunner.access$000(ParentRunner.java:53)
	at org.junit.runners.ParentRunner$2.evaluate(ParentRunner.java:229)
	at org.junit.runners.ParentRunner.run(ParentRunner.java:309)
	at cucumber.runtime.junit.FeatureRunner.run(FeatureRunner.java:70)
	at cucumber.api.junit.Cucumber.runChild(Cucumber.java:93)
	at cucumber.api.junit.Cucumber.runChild(Cucumber.java:37)
	at org.junit.runners.ParentRunner$3.run(ParentRunner.java:238)
	at org.junit.runners.ParentRunner$1.schedule(ParentRunner.java:63)
	at org.junit.runners.ParentRunner.runChildren(ParentRunner.java:236)
	at org.junit.runners.ParentRunner.access$000(ParentRunner.java:53)
	at org.junit.runners.ParentRunner$2.evaluate(ParentRunner.java:229)
	at org.junit.internal.runners.statements.RunBefores.evaluate(RunBefores.java:26)
	at org.junit.internal.runners.statements.RunAfters.evaluate(RunAfters.java:27)
	at org.junit.runners.ParentRunner.run(ParentRunner.java:309)
	at cucumber.api.junit.Cucumber.run(Cucumber.java:98)
	at org.apache.maven.surefire.junit4.JUnit4TestSet.execute(JUnit4TestSet.java:62)
	at org.apache.maven.surefire.suite.AbstractDirectoryTestSuite.executeTestSet(AbstractDirectoryTestSuite.java:140)
	at org.apache.maven.surefire.suite.AbstractDirectoryTestSuite.execute(AbstractDirectoryTestSuite.java:127)
	at org.apache.maven.surefire.Surefire.run(Surefire.java:177)
	at sun.reflect.NativeMethodAccessorImpl.invoke0(Native Method)
	at sun.reflect.NativeMethodAccessorImpl.invoke(NativeMethodAccessorImpl.java:62)
	at sun.reflect.DelegatingMethodAccessorImpl.invoke(DelegatingMethodAccessorImpl.java:43)
	at java.lang.reflect.Method.invoke(Method.java:498)
	at org.apache.maven.surefire.booter.SurefireBooter.runSuitesInProcess(SurefireBooter.java:338)
	at org.apache.maven.surefire.booter.SurefireBooter.main(SurefireBooter.java:997)
</error>
    <system-out>URL link Resopnse Code not 200
Helper - Scenario Name: COMSMOKETEST_TS03
</system-out>
  </testcase>
  <testcase classname="| Website Development | Basic Web Design |" name="Given Im an Account Manager" time="4.135">
    <skipped/>
  </testcase>
  <testcase classname="| Website Development | Basic Web Design |" name="When I navigate to &quot;COMDEV_Login&quot;" time="4.135">
    <skipped/>
  </testcase>
  <testcase classname="| Website Development | Basic Web Design |" name="And I populate COM01_Username with &quot;rv.villanueva@truelogic.com.ph&quot;" time="4.135">
    <skipped/>
  </testcase>
  <testcase classname="| Website Development | Basic Web Design |" name="And I populate COM01_Password with &quot;qwerty&quot;" time="4.135">
    <skipped/>
  </testcase>
  <testcase classname="| Website Development | Basic Web Design |" name="And I click COM01_LogIn button" time="4.135">
    <skipped/>
  </testcase>
  <testcase classname="| Website Development | Basic Web Design |" name="Then Ill see that Ive login successfully" time="4.135">
    <skipped/>
  </testcase>
  <testcase classname="| Website Development | Basic Web Design |" name="When I navigate to &quot;COMDEV_Client&quot;" time="4.135">
    <skipped/>
  </testcase>
  <testcase classname="| Website Development | Basic Web Design |" name="And I click COM02_LogInAsClient button" time="4.151">
    <skipped/>
  </testcase>
  <testcase classname="| Website Development | Basic Web Design |" name="And I switch to child window tab" time="4.151">
    <skipped/>
  </testcase>
  <testcase classname="| Website Development | Basic Web Design |" name="And I click SEO01_AddCampaign button" time="4.151">
    <skipped/>
  </testcase>
  <testcase classname="| Website Development | Basic Web Design |" name="And I populate the SEO01_DomainUrl textfield with &quot;www.seleniumhq.org/projects/&quot;" time="4.151">
    <skipped/>
  </testcase>
  <testcase classname="| Website Development | Basic Web Design |" name="And I click SEO02_CheckDomain button" time="4.151">
    <skipped/>
  </testcase>
  <testcase classname="| Website Development | Basic Web Design |" name="And I click SEO02_CreateCampaign button" time="4.151">
    <skipped/>
  </testcase>
  <testcase classname="| Website Development | Basic Web Design |" name="And I click SEO02_ClickToGetStarted button" time="4.151">
    <skipped/>
  </testcase>
  <testcase classname="| Website Development | Basic Web Design |" name="Then Ill see campaign successfully created in SEO" time="4.151">
    <skipped/>
  </testcase>
  <testcase classname="| Website Development | Basic Web Design |" name="When I navigate to &quot;SEODEV_Store&quot;" time="4.151">
    <skipped/>
  </testcase>
  <testcase classname="| Website Development | Basic Web Design |" name="And I click Website Development link in SEO Store" time="4.151">
    <skipped/>
  </testcase>
  <testcase classname="| Website Development | Basic Web Design |" name="And I click Basic Web Design button in SEO Store" time="4.151">
    <skipped/>
  </testcase>
  <testcase classname="| Website Development | Basic Web Design |" name="And I select Selenium over SEO03_SelectCampaign dropdown for Basic Web Design" time="4.151">
    <skipped/>
  </testcase>
  <testcase classname="| Website Development | Basic Web Design |" name="And I click SEO03_Continue button for Basic Web Design" time="4.151">
    <skipped/>
  </testcase>
  <testcase classname="| Website Development | Basic Web Design |" name="And I click SEO03_ProceedToCheckout button" time="4.151">
    <skipped/>
  </testcase>
  <testcase classname="| Website Development | Basic Web Design |" name="And I click SEO04_OthersPaymentMethod radiobutton" time="4.151">
    <skipped/>
  </testcase>
  <testcase classname="| Website Development | Basic Web Design |" name="And I populate SEO04_Street textfield with &quot;Street&quot;" time="4.151">
    <skipped/>
  </testcase>
  <testcase classname="| Website Development | Basic Web Design |" name="And I populate SEO04_City textfield with &quot;City&quot;" time="4.151">
    <skipped/>
  </testcase>
  <testcase classname="| Website Development | Basic Web Design |" name="And I select &quot;United States&quot; over SEO04_Country dropdown" time="4.151">
    <skipped/>
  </testcase>
  <testcase classname="| Website Development | Basic Web Design |" name="And I click SEO04_MakePayment button" time="4.151">
    <skipped/>
  </testcase>
  <testcase classname="| Website Development | Basic Web Design |" name="And I capture and store Invoice Number from InvoiceNumber link" time="4.151">
    <skipped/>
  </testcase>
  <testcase classname="| Website Development | Basic Web Design |" name="Then Ill see Basic Web Design successfully added in SEO" time="4.151">
    <skipped/>
  </testcase>
  <testcase classname="| Website Development | Basic Web Design |" name="When I navigate to &quot;COMDEV_Invoices&quot;" time="4.151">
    <skipped/>
  </testcase>
  <testcase classname="| Website Development | Basic Web Design |" name="And I click COM05_Invoice link" time="4.151">
    <skipped/>
  </testcase>
  <testcase classname="| Website Development | Basic Web Design |" name="And I click COM05_Payments tab" time="4.151">
    <skipped/>
  </testcase>
  <testcase classname="| Website Development | Basic Web Design |" name="And I click COM05_AddNewPayment button" time="4.151">
    <skipped/>
  </testcase>
  <testcase classname="| Website Development | Basic Web Design |" name="And I populate COM05_AmountPaid with &quot;399.00&quot;" time="4.151">
    <skipped/>
  </testcase>
  <testcase classname="| Website Development | Basic Web Design |" name="And I select &quot;Cash&quot; over COM05_Type dropdown" time="4.151">
    <skipped/>
  </testcase>
  <testcase classname="| Website Development | Basic Web Design |" name="And I populate COM05_ReferenceNumber with &quot;12345&quot;" time="4.151">
    <skipped/>
  </testcase>
  <testcase classname="| Website Development | Basic Web Design |" name="And I click COM05_No_DoYouWantToSendOpsANotification button" time="4.151">
    <skipped/>
  </testcase>
  <testcase classname="| Website Development | Basic Web Design |" name="And I click COM05_No_UseCredit button" time="4.151">
    <skipped/>
  </testcase>
  <testcase classname="| Website Development | Basic Web Design |" name="And I click COM05_No_DoyouWantToSendTheClientANotification button" time="4.151">
    <skipped/>
  </testcase>
  <testcase classname="| Website Development | Basic Web Design |" name="And I click COM05_Submit button" time="4.151">
    <skipped/>
  </testcase>
  <testcase classname="| Website Development | Basic Web Design |" name="Then Ill see Basic Web Design successfully paid" time="4.151">
    <skipped/>
  </testcase>
  <testcase classname="| Website Development | Basic Web Design |" name="When I navigate to &quot;COMDEV_Client&quot;" time="4.151">
    <skipped/>
  </testcase>
  <testcase classname="| Website Development | Basic Web Design |" name="And I click COM02_Campaigns tab" time="4.151">
    <skipped/>
  </testcase>
  <testcase classname="| Website Development | Basic Web Design |" name="And I click &quot;Selenium&quot; link" time="4.151">
    <skipped/>
  </testcase>
  <testcase classname="| Website Development | Basic Web Design |" name="And I hover COM06_ProjectManagement tab" time="4.151">
    <skipped/>
  </testcase>
  <testcase classname="| Website Development | Basic Web Design |" name="And I click COM06_Project dropdown" time="4.151">
    <skipped/>
  </testcase>
  <testcase classname="| Website Development | Basic Web Design |" name="And I click COM08_AddAProject button" time="4.151">
    <skipped/>
  </testcase>
  <testcase classname="| Website Development | Basic Web Design |" name="And I populate COM08_NameTheProject textfield with &quot;TestAutomation - BasicWebDesign&quot;" time="4.151">
    <skipped/>
  </testcase>
  <testcase classname="| Website Development | Basic Web Design |" name="And I select Basic Web Design over COM08_SelectAProduct dropdown" time="4.151">
    <skipped/>
  </testcase>
  <testcase classname="| Website Development | Basic Web Design |" name="And I click COM08_SaveProject button" time="4.151">
    <skipped/>
  </testcase>
  <testcase classname="| Website Development | Basic Web Design |" name="Then I see the product associated with the project" time="4.151">
    <skipped/>
  </testcase>
  <testcase classname="| Website Development | Basic Web Design |" name="When I navigate to &quot;COMDEV_Client&quot;" time="4.166">
    <skipped/>
  </testcase>
  <testcase classname="| Website Development | Basic Web Design |" name="And I click COM02_Campaigns tab" time="4.166">
    <skipped/>
  </testcase>
  <testcase classname="| Website Development | Basic Web Design |" name="And I click &quot;Selenium&quot; link" time="4.166">
    <skipped/>
  </testcase>
  <testcase classname="| Website Development | Basic Web Design |" name="And I click COM06_Products tab" time="4.166">
    <skipped/>
  </testcase>
  <testcase classname="| Website Development | Basic Web Design |" name="And I click the Basic Web Design link" time="4.166">
    <skipped/>
  </testcase>
  <testcase classname="| Website Development | Basic Web Design |" name="And I click the COM07_Edit button" time="4.166">
    <skipped/>
  </testcase>
  <testcase classname="| Website Development | Basic Web Design |" name="And I select &quot;Active&quot; over COM07_ProductStatus dropdown" time="4.166">
    <skipped/>
  </testcase>
  <testcase classname="| Website Development | Basic Web Design |" name="And I click COM07_Save button" time="4.166">
    <skipped/>
  </testcase>
  <testcase classname="| Website Development | Basic Web Design |" name="Then Ill see Basic Web Design activated" time="4.166">
    <skipped/>
  </testcase>
  <testcase classname="| Website Development | Basic Web Design |" name="When I navigate to &quot;COMDEV_Deployment&quot;" time="4.166">
    <skipped/>
  </testcase>
  <testcase classname="| Website Development | Basic Web Design |" name="And I populate COM09_Campaign textfield with &quot;www.seleniumhq.org/projects/&quot;" time="4.166">
    <skipped/>
  </testcase>
  <testcase classname="| Website Development | Basic Web Design |" name="And I click COM09_Deployment button" time="4.166">
    <skipped/>
  </testcase>
  <testcase classname="| Website Development | Basic Web Design |" name="And I populate COM10_MonthNo with &quot;1&quot;" time="4.166">
    <skipped/>
  </testcase>
  <testcase classname="| Website Development | Basic Web Design |" name="And I click COM10_Deploy button" time="4.166">
    <skipped/>
  </testcase>
  <testcase classname="| Website Development | Basic Web Design |" name="Then Ill see Basic Web Design is deployed over COMDEV_Deployment" time="4.166">
    <skipped/>
  </testcase>
  <testcase classname="| Website Development | Basic Web Design |" name="And Ill see Basic Web Design task correctly deployed" time="4.166">
    <skipped/>
  </testcase>
  <testcase classname="| Website Development | Basic Web Design |" name="When I navigate to &quot;COMDEV_Logout&quot;" time="4.166">
    <skipped/>
  </testcase>
  <testcase classname="| Website Development | Basic Web Design |" name="Then Ill see that Ive logout successfully" time="4.166">
    <skipped/>
  </testcase>
  <testcase classname="| Website Development | Basic Web Design |" name="| Website Development | Basic Web Design |" time="8.243">
    <error message="chrome not reachable
  (Session info: chrome=53.0.2785.116)
  (Driver info: chromedriver=2.25.426923 (0390b88869384d6eb0d5d09729679f934aab9eed),platform=Windows NT 10.0.17134 x86_64) (WARNING: The server did not provide any stacktrace information)
Command duration or timeout: 4.08 seconds
Build info: version: &apos;2.53.0&apos;, revision: &apos;35ae25b1534ae328c771e0856c93e187490ca824&apos;, time: &apos;2016-03-15 10:43:46&apos;
System info: host: &apos;ReuelSicatII-LAPTOP&apos;, ip: &apos;192.168.40.144&apos;, os.name: &apos;Windows 10&apos;, os.arch: &apos;amd64&apos;, os.version: &apos;10.0&apos;, java.version: &apos;1.8.0_181&apos;
Driver info: org.openqa.selenium.chrome.ChromeDriver
Capabilities [{applicationCacheEnabled=false, rotatable=false, mobileEmulationEnabled=false, networkConnectionEnabled=false, chrome={chromedriverVersion=2.25.426923 (0390b88869384d6eb0d5d09729679f934aab9eed), userDataDir=C:\Users\REUELS~1\AppData\Local\Temp\scoped_dir93948_25971}, takesHeapSnapshot=true, pageLoadStrategy=normal, databaseEnabled=false, handlesAlerts=true, hasTouchScreen=false, version=53.0.2785.116, platform=XP, browserConnectionEnabled=false, nativeEvents=true, acceptSslCerts=true, locationContextEnabled=true, webStorageEnabled=true, browserName=chrome, takesScreenshot=true, javascriptEnabled=true, cssSelectorsEnabled=true}]
Session ID: 92d136295998e0382b0f0cc7099b83b6" type="org.openqa.selenium.WebDriverException">org.openqa.selenium.WebDriverException: chrome not reachable
  (Session info: chrome=53.0.2785.116)
  (Driver info: chromedriver=2.25.426923 (0390b88869384d6eb0d5d09729679f934aab9eed),platform=Windows NT 10.0.17134 x86_64) (WARNING: The server did not provide any stacktrace information)
Command duration or timeout: 4.08 seconds
Build info: version: &apos;2.53.0&apos;, revision: &apos;35ae25b1534ae328c771e0856c93e187490ca824&apos;, time: &apos;2016-03-15 10:43:46&apos;
System info: host: &apos;ReuelSicatII-LAPTOP&apos;, ip: &apos;192.168.40.144&apos;, os.name: &apos;Windows 10&apos;, os.arch: &apos;amd64&apos;, os.version: &apos;10.0&apos;, java.version: &apos;1.8.0_181&apos;
Driver info: org.openqa.selenium.chrome.ChromeDriver
Capabilities [{applicationCacheEnabled=false, rotatable=false, mobileEmulationEnabled=false, networkConnectionEnabled=false, chrome={chromedriverVersion=2.25.426923 (0390b88869384d6eb0d5d09729679f934aab9eed), userDataDir=C:\Users\REUELS~1\AppData\Local\Temp\scoped_dir93948_25971}, takesHeapSnapshot=true, pageLoadStrategy=normal, databaseEnabled=false, handlesAlerts=true, hasTouchScreen=false, version=53.0.2785.116, platform=XP, browserConnectionEnabled=false, nativeEvents=true, acceptSslCerts=true, locationContextEnabled=true, webStorageEnabled=true, browserName=chrome, takesScreenshot=true, javascriptEnabled=true, cssSelectorsEnabled=true}]
Session ID: 92d136295998e0382b0f0cc7099b83b6
	at sun.reflect.GeneratedConstructorAccessor19.newInstance(Unknown Source)
	at sun.reflect.DelegatingConstructorAccessorImpl.newInstance(DelegatingConstructorAccessorImpl.java:45)
	at java.lang.reflect.Constructor.newInstance(Constructor.java:423)
	at org.openqa.selenium.remote.ErrorHandler.createThrowable(ErrorHandler.java:206)
	at org.openqa.selenium.remote.ErrorHandler.throwIfResponseFailed(ErrorHandler.java:158)
	at org.openqa.selenium.remote.RemoteWebDriver.execute(RemoteWebDriver.java:678)
	at org.openqa.selenium.remote.RemoteWebDriver.execute(RemoteWebDriver.java:701)
	at org.openqa.selenium.remote.RemoteWebDriver.getScreenshotAs(RemoteWebDriver.java:335)
	at cucumber.Framework.TearDown.teardown(TearDown.java:33)
	at sun.reflect.GeneratedMethodAccessor36.invoke(Unknown Source)
	at sun.reflect.DelegatingMethodAccessorImpl.invoke(DelegatingMethodAccessorImpl.java:43)
	at java.lang.reflect.Method.invoke(Method.java:498)
	at cucumber.runtime.Utils$1.call(Utils.java:37)
	at cucumber.runtime.Timeout.timeout(Timeout.java:13)
	at cucumber.runtime.Utils.invoke(Utils.java:31)
	at cucumber.runtime.java.JavaHookDefinition.execute(JavaHookDefinition.java:60)
	at cucumber.runtime.Runtime.runHookIfTagsMatch(Runtime.java:223)
	at cucumber.runtime.Runtime.runHooks(Runtime.java:211)
	at cucumber.runtime.Runtime.runAfterHooks(Runtime.java:205)
	at cucumber.runtime.model.CucumberScenario.run(CucumberScenario.java:46)
	at cucumber.runtime.junit.ExecutionUnitRunner.run(ExecutionUnitRunner.java:91)
	at org.junit.runners.Suite.runChild(Suite.java:127)
	at org.junit.runners.Suite.runChild(Suite.java:26)
	at org.junit.runners.ParentRunner$3.run(ParentRunner.java:238)
	at org.junit.runners.ParentRunner$1.schedule(ParentRunner.java:63)
	at org.junit.runners.ParentRunner.runChildren(ParentRunner.java:236)
	at org.junit.runners.ParentRunner.access$000(ParentRunner.java:53)
	at org.junit.runners.ParentRunner$2.evaluate(ParentRunner.java:229)
	at org.junit.runners.ParentRunner.run(ParentRunner.java:309)
	at cucumber.runtime.junit.ExamplesRunner.run(ExamplesRunner.java:59)
	at org.junit.runners.Suite.runChild(Suite.java:127)
	at org.junit.runners.Suite.runChild(Suite.java:26)
	at org.junit.runners.ParentRunner$3.run(ParentRunner.java:238)
	at org.junit.runners.ParentRunner$1.schedule(ParentRunner.java:63)
	at org.junit.runners.ParentRunner.runChildren(ParentRunner.java:236)
	at org.junit.runners.ParentRunner.access$000(ParentRunner.java:53)
	at org.junit.runners.ParentRunner$2.evaluate(ParentRunner.java:229)
	at org.junit.runners.ParentRunner.run(ParentRunner.java:309)
	at cucumber.runtime.junit.ScenarioOutlineRunner.run(ScenarioOutlineRunner.java:53)
	at cucumber.runtime.junit.FeatureRunner.runChild(FeatureRunner.java:63)
	at cucumber.runtime.junit.FeatureRunner.runChild(FeatureRunner.java:18)
	at org.junit.runners.ParentRunner$3.run(ParentRunner.java:238)
	at org.junit.runners.ParentRunner$1.schedule(ParentRunner.java:63)
	at org.junit.runners.ParentRunner.runChildren(ParentRunner.java:236)
	at org.junit.runners.ParentRunner.access$000(ParentRunner.java:53)
	at org.junit.runners.ParentRunner$2.evaluate(ParentRunner.java:229)
	at org.junit.runners.ParentRunner.run(ParentRunner.java:309)
	at cucumber.runtime.junit.FeatureRunner.run(FeatureRunner.java:70)
	at cucumber.api.junit.Cucumber.runChild(Cucumber.java:93)
	at cucumber.api.junit.Cucumber.runChild(Cucumber.java:37)
	at org.junit.runners.ParentRunner$3.run(ParentRunner.java:238)
	at org.junit.runners.ParentRunner$1.schedule(ParentRunner.java:63)
	at org.junit.runners.ParentRunner.runChildren(ParentRunner.java:236)
	at org.junit.runners.ParentRunner.access$000(ParentRunner.java:53)
	at org.junit.runners.ParentRunner$2.evaluate(ParentRunner.java:229)
	at org.junit.internal.runners.statements.RunBefores.evaluate(RunBefores.java:26)
	at org.junit.internal.runners.statements.RunAfters.evaluate(RunAfters.java:27)
	at org.junit.runners.ParentRunner.run(ParentRunner.java:309)
	at cucumber.api.junit.Cucumber.run(Cucumber.java:98)
	at org.apache.maven.surefire.junit4.JUnit4TestSet.execute(JUnit4TestSet.java:62)
	at org.apache.maven.surefire.suite.AbstractDirectoryTestSuite.executeTestSet(AbstractDirectoryTestSuite.java:140)
	at org.apache.maven.surefire.suite.AbstractDirectoryTestSuite.execute(AbstractDirectoryTestSuite.java:127)
	at org.apache.maven.surefire.Surefire.run(Surefire.java:177)
	at sun.reflect.NativeMethodAccessorImpl.invoke0(Native Method)
	at sun.reflect.NativeMethodAccessorImpl.invoke(NativeMethodAccessorImpl.java:62)
	at sun.reflect.DelegatingMethodAccessorImpl.invoke(DelegatingMethodAccessorImpl.java:43)
	at java.lang.reflect.Method.invoke(Method.java:498)
	at org.apache.maven.surefire.booter.SurefireBooter.runSuitesInProcess(SurefireBooter.java:338)
	at org.apache.maven.surefire.booter.SurefireBooter.main(SurefireBooter.java:997)
</error>
    <system-out>URL link Resopnse Code not 200
Helper - Scenario Name: COMSMOKETEST_TS03
</system-out>
  </testcase>
  <testcase classname="| Website Development | Basic Web Design |" name="| Website Development | Basic Web Design |" time="8.243">
    <skipped/>
  </testcase>
  <testcase classname="| SEO Services | Advanced SEO Site Consultation |" name="| SEO Services | Advanced SEO Site Consultation |" time="4.118">
    <error message="chrome not reachable
  (Session info: chrome=53.0.2785.116)
  (Driver info: chromedriver=2.25.426923 (0390b88869384d6eb0d5d09729679f934aab9eed),platform=Windows NT 10.0.17134 x86_64) (WARNING: The server did not provide any stacktrace information)
Command duration or timeout: 4.06 seconds
Build info: version: &apos;2.53.0&apos;, revision: &apos;35ae25b1534ae328c771e0856c93e187490ca824&apos;, time: &apos;2016-03-15 10:43:46&apos;
System info: host: &apos;ReuelSicatII-LAPTOP&apos;, ip: &apos;192.168.40.144&apos;, os.name: &apos;Windows 10&apos;, os.arch: &apos;amd64&apos;, os.version: &apos;10.0&apos;, java.version: &apos;1.8.0_181&apos;
Driver info: org.openqa.selenium.chrome.ChromeDriver
Capabilities [{applicationCacheEnabled=false, rotatable=false, mobileEmulationEnabled=false, networkConnectionEnabled=false, chrome={chromedriverVersion=2.25.426923 (0390b88869384d6eb0d5d09729679f934aab9eed), userDataDir=C:\Users\REUELS~1\AppData\Local\Temp\scoped_dir93948_25971}, takesHeapSnapshot=true, pageLoadStrategy=normal, databaseEnabled=false, handlesAlerts=true, hasTouchScreen=false, version=53.0.2785.116, platform=XP, browserConnectionEnabled=false, nativeEvents=true, acceptSslCerts=true, locationContextEnabled=true, webStorageEnabled=true, browserName=chrome, takesScreenshot=true, javascriptEnabled=true, cssSelectorsEnabled=true}]
Session ID: 92d136295998e0382b0f0cc7099b83b6" type="org.openqa.selenium.WebDriverException">org.openqa.selenium.WebDriverException: chrome not reachable
  (Session info: chrome=53.0.2785.116)
  (Driver info: chromedriver=2.25.426923 (0390b88869384d6eb0d5d09729679f934aab9eed),platform=Windows NT 10.0.17134 x86_64) (WARNING: The server did not provide any stacktrace information)
Command duration or timeout: 4.06 seconds
Build info: version: &apos;2.53.0&apos;, revision: &apos;35ae25b1534ae328c771e0856c93e187490ca824&apos;, time: &apos;2016-03-15 10:43:46&apos;
System info: host: &apos;ReuelSicatII-LAPTOP&apos;, ip: &apos;192.168.40.144&apos;, os.name: &apos;Windows 10&apos;, os.arch: &apos;amd64&apos;, os.version: &apos;10.0&apos;, java.version: &apos;1.8.0_181&apos;
Driver info: org.openqa.selenium.chrome.ChromeDriver
Capabilities [{applicationCacheEnabled=false, rotatable=false, mobileEmulationEnabled=false, networkConnectionEnabled=false, chrome={chromedriverVersion=2.25.426923 (0390b88869384d6eb0d5d09729679f934aab9eed), userDataDir=C:\Users\REUELS~1\AppData\Local\Temp\scoped_dir93948_25971}, takesHeapSnapshot=true, pageLoadStrategy=normal, databaseEnabled=false, handlesAlerts=true, hasTouchScreen=false, version=53.0.2785.116, platform=XP, browserConnectionEnabled=false, nativeEvents=true, acceptSslCerts=true, locationContextEnabled=true, webStorageEnabled=true, browserName=chrome, takesScreenshot=true, javascriptEnabled=true, cssSelectorsEnabled=true}]
Session ID: 92d136295998e0382b0f0cc7099b83b6
	at sun.reflect.GeneratedConstructorAccessor19.newInstance(Unknown Source)
	at sun.reflect.DelegatingConstructorAccessorImpl.newInstance(DelegatingConstructorAccessorImpl.java:45)
	at java.lang.reflect.Constructor.newInstance(Constructor.java:423)
	at org.openqa.selenium.remote.ErrorHandler.createThrowable(ErrorHandler.java:206)
	at org.openqa.selenium.remote.ErrorHandler.throwIfResponseFailed(ErrorHandler.java:158)
	at org.openqa.selenium.remote.RemoteWebDriver.execute(RemoteWebDriver.java:678)
	at org.openqa.selenium.remote.RemoteWebDriver.execute(RemoteWebDriver.java:701)
	at org.openqa.selenium.remote.RemoteWebDriver$RemoteWebDriverOptions.deleteAllCookies(RemoteWebDriver.java:773)
	at cucumber.Framework.WEBHelper.GetDriverObject(WEBHelper.java:217)
	at cucumber.Framework.SetUp.setup(SetUp.java:50)
	at sun.reflect.GeneratedMethodAccessor33.invoke(Unknown Source)
	at sun.reflect.DelegatingMethodAccessorImpl.invoke(DelegatingMethodAccessorImpl.java:43)
	at java.lang.reflect.Method.invoke(Method.java:498)
	at cucumber.runtime.Utils$1.call(Utils.java:37)
	at cucumber.runtime.Timeout.timeout(Timeout.java:13)
	at cucumber.runtime.Utils.invoke(Utils.java:31)
	at cucumber.runtime.java.JavaHookDefinition.execute(JavaHookDefinition.java:60)
	at cucumber.runtime.Runtime.runHookIfTagsMatch(Runtime.java:223)
	at cucumber.runtime.Runtime.runHooks(Runtime.java:211)
	at cucumber.runtime.Runtime.runBeforeHooks(Runtime.java:201)
	at cucumber.runtime.model.CucumberScenario.run(CucumberScenario.java:40)
	at cucumber.runtime.junit.ExecutionUnitRunner.run(ExecutionUnitRunner.java:91)
	at org.junit.runners.Suite.runChild(Suite.java:127)
	at org.junit.runners.Suite.runChild(Suite.java:26)
	at org.junit.runners.ParentRunner$3.run(ParentRunner.java:238)
	at org.junit.runners.ParentRunner$1.schedule(ParentRunner.java:63)
	at org.junit.runners.ParentRunner.runChildren(ParentRunner.java:236)
	at org.junit.runners.ParentRunner.access$000(ParentRunner.java:53)
	at org.junit.runners.ParentRunner$2.evaluate(ParentRunner.java:229)
	at org.junit.runners.ParentRunner.run(ParentRunner.java:309)
	at cucumber.runtime.junit.ExamplesRunner.run(ExamplesRunner.java:59)
	at org.junit.runners.Suite.runChild(Suite.java:127)
	at org.junit.runners.Suite.runChild(Suite.java:26)
	at org.junit.runners.ParentRunner$3.run(ParentRunner.java:238)
	at org.junit.runners.ParentRunner$1.schedule(ParentRunner.java:63)
	at org.junit.runners.ParentRunner.runChildren(ParentRunner.java:236)
	at org.junit.runners.ParentRunner.access$000(ParentRunner.java:53)
	at org.junit.runners.ParentRunner$2.evaluate(ParentRunner.java:229)
	at org.junit.runners.ParentRunner.run(ParentRunner.java:309)
	at cucumber.runtime.junit.ScenarioOutlineRunner.run(ScenarioOutlineRunner.java:53)
	at cucumber.runtime.junit.FeatureRunner.runChild(FeatureRunner.java:63)
	at cucumber.runtime.junit.FeatureRunner.runChild(FeatureRunner.java:18)
	at org.junit.runners.ParentRunner$3.run(ParentRunner.java:238)
	at org.junit.runners.ParentRunner$1.schedule(ParentRunner.java:63)
	at org.junit.runners.ParentRunner.runChildren(ParentRunner.java:236)
	at org.junit.runners.ParentRunner.access$000(ParentRunner.java:53)
	at org.junit.runners.ParentRunner$2.evaluate(ParentRunner.java:229)
	at org.junit.runners.ParentRunner.run(ParentRunner.java:309)
	at cucumber.runtime.junit.FeatureRunner.run(FeatureRunner.java:70)
	at cucumber.api.junit.Cucumber.runChild(Cucumber.java:93)
	at cucumber.api.junit.Cucumber.runChild(Cucumber.java:37)
	at org.junit.runners.ParentRunner$3.run(ParentRunner.java:238)
	at org.junit.runners.ParentRunner$1.schedule(ParentRunner.java:63)
	at org.junit.runners.ParentRunner.runChildren(ParentRunner.java:236)
	at org.junit.runners.ParentRunner.access$000(ParentRunner.java:53)
	at org.junit.runners.ParentRunner$2.evaluate(ParentRunner.java:229)
	at org.junit.internal.runners.statements.RunBefores.evaluate(RunBefores.java:26)
	at org.junit.internal.runners.statements.RunAfters.evaluate(RunAfters.java:27)
	at org.junit.runners.ParentRunner.run(ParentRunner.java:309)
	at cucumber.api.junit.Cucumber.run(Cucumber.java:98)
	at org.apache.maven.surefire.junit4.JUnit4TestSet.execute(JUnit4TestSet.java:62)
	at org.apache.maven.surefire.suite.AbstractDirectoryTestSuite.executeTestSet(AbstractDirectoryTestSuite.java:140)
	at org.apache.maven.surefire.suite.AbstractDirectoryTestSuite.execute(AbstractDirectoryTestSuite.java:127)
	at org.apache.maven.surefire.Surefire.run(Surefire.java:177)
	at sun.reflect.NativeMethodAccessorImpl.invoke0(Native Method)
	at sun.reflect.NativeMethodAccessorImpl.invoke(NativeMethodAccessorImpl.java:62)
	at sun.reflect.DelegatingMethodAccessorImpl.invoke(DelegatingMethodAccessorImpl.java:43)
	at java.lang.reflect.Method.invoke(Method.java:498)
	at org.apache.maven.surefire.booter.SurefireBooter.runSuitesInProcess(SurefireBooter.java:338)
	at org.apache.maven.surefire.booter.SurefireBooter.main(SurefireBooter.java:997)
</error>
    <system-out>URL link Resopnse Code not 200
Helper - Scenario Name: COMSMOKETEST_TS03
</system-out>
  </testcase>
  <testcase classname="| SEO Services | Advanced SEO Site Consultation |" name="Given Im an Account Manager" time="4.14">
    <skipped/>
  </testcase>
  <testcase classname="| SEO Services | Advanced SEO Site Consultation |" name="When I navigate to &quot;COMDEV_Login&quot;" time="4.14">
    <skipped/>
  </testcase>
  <testcase classname="| SEO Services | Advanced SEO Site Consultation |" name="And I populate COM01_Username with &quot;rv.villanueva@truelogic.com.ph&quot;" time="4.14">
    <skipped/>
  </testcase>
  <testcase classname="| SEO Services | Advanced SEO Site Consultation |" name="And I populate COM01_Password with &quot;qwerty&quot;" time="4.14">
    <skipped/>
  </testcase>
  <testcase classname="| SEO Services | Advanced SEO Site Consultation |" name="And I click COM01_LogIn button" time="4.14">
    <skipped/>
  </testcase>
  <testcase classname="| SEO Services | Advanced SEO Site Consultation |" name="Then Ill see that Ive login successfully" time="4.14">
    <skipped/>
  </testcase>
  <testcase classname="| SEO Services | Advanced SEO Site Consultation |" name="When I navigate to &quot;COMDEV_Client&quot;" time="4.14">
    <skipped/>
  </testcase>
  <testcase classname="| SEO Services | Advanced SEO Site Consultation |" name="And I click COM02_LogInAsClient button" time="4.14">
    <skipped/>
  </testcase>
  <testcase classname="| SEO Services | Advanced SEO Site Consultation |" name="And I switch to child window tab" time="4.14">
    <skipped/>
  </testcase>
  <testcase classname="| SEO Services | Advanced SEO Site Consultation |" name="And I click SEO01_AddCampaign button" time="4.156">
    <skipped/>
  </testcase>
  <testcase classname="| SEO Services | Advanced SEO Site Consultation |" name="And I populate the SEO01_DomainUrl textfield with &quot;www.seleniumhq.org/projects/&quot;" time="4.156">
    <skipped/>
  </testcase>
  <testcase classname="| SEO Services | Advanced SEO Site Consultation |" name="And I click SEO02_CheckDomain button" time="4.156">
    <skipped/>
  </testcase>
  <testcase classname="| SEO Services | Advanced SEO Site Consultation |" name="And I click SEO02_CreateCampaign button" time="4.156">
    <skipped/>
  </testcase>
  <testcase classname="| SEO Services | Advanced SEO Site Consultation |" name="And I click SEO02_ClickToGetStarted button" time="4.157">
    <skipped/>
  </testcase>
  <testcase classname="| SEO Services | Advanced SEO Site Consultation |" name="Then Ill see campaign successfully created in SEO" time="4.157">
    <skipped/>
  </testcase>
  <testcase classname="| SEO Services | Advanced SEO Site Consultation |" name="When I navigate to &quot;SEODEV_Store&quot;" time="4.157">
    <skipped/>
  </testcase>
  <testcase classname="| SEO Services | Advanced SEO Site Consultation |" name="And I click SEO Services link in SEO Store" time="4.157">
    <skipped/>
  </testcase>
  <testcase classname="| SEO Services | Advanced SEO Site Consultation |" name="And I click Advanced SEO Site Consultation button in SEO Store" time="4.157">
    <skipped/>
  </testcase>
  <testcase classname="| SEO Services | Advanced SEO Site Consultation |" name="And I select Selenium over SEO03_SelectCampaign dropdown for Advanced SEO Site Consultation" time="4.158">
    <skipped/>
  </testcase>
  <testcase classname="| SEO Services | Advanced SEO Site Consultation |" name="And I click SEO03_Continue button for Advanced SEO Site Consultation" time="4.158">
    <skipped/>
  </testcase>
  <testcase classname="| SEO Services | Advanced SEO Site Consultation |" name="And I click SEO03_ProceedToCheckout button" time="4.158">
    <skipped/>
  </testcase>
  <testcase classname="| SEO Services | Advanced SEO Site Consultation |" name="And I click SEO04_OthersPaymentMethod radiobutton" time="4.158">
    <skipped/>
  </testcase>
  <testcase classname="| SEO Services | Advanced SEO Site Consultation |" name="And I populate SEO04_Street textfield with &quot;Street&quot;" time="4.159">
    <skipped/>
  </testcase>
  <testcase classname="| SEO Services | Advanced SEO Site Consultation |" name="And I populate SEO04_City textfield with &quot;City&quot;" time="4.159">
    <skipped/>
  </testcase>
  <testcase classname="| SEO Services | Advanced SEO Site Consultation |" name="And I select &quot;United States&quot; over SEO04_Country dropdown" time="4.159">
    <skipped/>
  </testcase>
  <testcase classname="| SEO Services | Advanced SEO Site Consultation |" name="And I click SEO04_MakePayment button" time="4.159">
    <skipped/>
  </testcase>
  <testcase classname="| SEO Services | Advanced SEO Site Consultation |" name="And I capture and store Invoice Number from InvoiceNumber link" time="4.16">
    <skipped/>
  </testcase>
  <testcase classname="| SEO Services | Advanced SEO Site Consultation |" name="Then Ill see Advanced SEO Site Consultation successfully added in SEO" time="4.16">
    <skipped/>
  </testcase>
  <testcase classname="| SEO Services | Advanced SEO Site Consultation |" name="When I navigate to &quot;COMDEV_Invoices&quot;" time="4.16">
    <skipped/>
  </testcase>
  <testcase classname="| SEO Services | Advanced SEO Site Consultation |" name="And I click COM05_Invoice link" time="4.16">
    <skipped/>
  </testcase>
  <testcase classname="| SEO Services | Advanced SEO Site Consultation |" name="And I click COM05_Payments tab" time="4.161">
    <skipped/>
  </testcase>
  <testcase classname="| SEO Services | Advanced SEO Site Consultation |" name="And I click COM05_AddNewPayment button" time="4.161">
    <skipped/>
  </testcase>
  <testcase classname="| SEO Services | Advanced SEO Site Consultation |" name="And I populate COM05_AmountPaid with &quot;399.00&quot;" time="4.161">
    <skipped/>
  </testcase>
  <testcase classname="| SEO Services | Advanced SEO Site Consultation |" name="And I select &quot;Cash&quot; over COM05_Type dropdown" time="4.161">
    <skipped/>
  </testcase>
  <testcase classname="| SEO Services | Advanced SEO Site Consultation |" name="And I populate COM05_ReferenceNumber with &quot;12345&quot;" time="4.162">
    <skipped/>
  </testcase>
  <testcase classname="| SEO Services | Advanced SEO Site Consultation |" name="And I click COM05_No_DoYouWantToSendOpsANotification button" time="4.162">
    <skipped/>
  </testcase>
  <testcase classname="| SEO Services | Advanced SEO Site Consultation |" name="And I click COM05_No_UseCredit button" time="4.162">
    <skipped/>
  </testcase>
  <testcase classname="| SEO Services | Advanced SEO Site Consultation |" name="And I click COM05_No_DoyouWantToSendTheClientANotification button" time="4.162">
    <skipped/>
  </testcase>
  <testcase classname="| SEO Services | Advanced SEO Site Consultation |" name="And I click COM05_Submit button" time="4.162">
    <skipped/>
  </testcase>
  <testcase classname="| SEO Services | Advanced SEO Site Consultation |" name="Then Ill see Advanced SEO Site Consultation successfully paid" time="4.163">
    <skipped/>
  </testcase>
  <testcase classname="| SEO Services | Advanced SEO Site Consultation |" name="When I navigate to &quot;COMDEV_Client&quot;" time="4.163">
    <skipped/>
  </testcase>
  <testcase classname="| SEO Services | Advanced SEO Site Consultation |" name="And I click COM02_Campaigns tab" time="4.163">
    <skipped/>
  </testcase>
  <testcase classname="| SEO Services | Advanced SEO Site Consultation |" name="And I click &quot;Selenium&quot; link" time="4.163">
    <skipped/>
  </testcase>
  <testcase classname="| SEO Services | Advanced SEO Site Consultation |" name="And I hover COM06_ProjectManagement tab" time="4.164">
    <skipped/>
  </testcase>
  <testcase classname="| SEO Services | Advanced SEO Site Consultation |" name="And I click COM06_Project dropdown" time="4.164">
    <skipped/>
  </testcase>
  <testcase classname="| SEO Services | Advanced SEO Site Consultation |" name="And I click COM08_AddAProject button" time="4.164">
    <skipped/>
  </testcase>
  <testcase classname="| SEO Services | Advanced SEO Site Consultation |" name="And I populate COM08_NameTheProject textfield with &quot;TestAutomation - BasicWebDesign&quot;" time="4.164">
    <skipped/>
  </testcase>
  <testcase classname="| SEO Services | Advanced SEO Site Consultation |" name="And I select Advanced SEO Site Consultation over COM08_SelectAProduct dropdown" time="4.165">
    <skipped/>
  </testcase>
  <testcase classname="| SEO Services | Advanced SEO Site Consultation |" name="And I click COM08_SaveProject button" time="4.165">
    <skipped/>
  </testcase>
  <testcase classname="| SEO Services | Advanced SEO Site Consultation |" name="Then I see the product associated with the project" time="4.165">
    <skipped/>
  </testcase>
  <testcase classname="| SEO Services | Advanced SEO Site Consultation |" name="When I navigate to &quot;COMDEV_Client&quot;" time="4.165">
    <skipped/>
  </testcase>
  <testcase classname="| SEO Services | Advanced SEO Site Consultation |" name="And I click COM02_Campaigns tab" time="4.165">
    <skipped/>
  </testcase>
  <testcase classname="| SEO Services | Advanced SEO Site Consultation |" name="And I click &quot;Selenium&quot; link" time="4.166">
    <skipped/>
  </testcase>
  <testcase classname="| SEO Services | Advanced SEO Site Consultation |" name="And I click COM06_Products tab" time="4.166">
    <skipped/>
  </testcase>
  <testcase classname="| SEO Services | Advanced SEO Site Consultation |" name="And I click the Advanced SEO Site Consultation link" time="4.166">
    <skipped/>
  </testcase>
  <testcase classname="| SEO Services | Advanced SEO Site Consultation |" name="And I click the COM07_Edit button" time="4.166">
    <skipped/>
  </testcase>
  <testcase classname="| SEO Services | Advanced SEO Site Consultation |" name="And I select &quot;Active&quot; over COM07_ProductStatus dropdown" time="4.167">
    <skipped/>
  </testcase>
  <testcase classname="| SEO Services | Advanced SEO Site Consultation |" name="And I click COM07_Save button" time="4.167">
    <skipped/>
  </testcase>
  <testcase classname="| SEO Services | Advanced SEO Site Consultation |" name="Then Ill see Advanced SEO Site Consultation activated" time="4.167">
    <skipped/>
  </testcase>
  <testcase classname="| SEO Services | Advanced SEO Site Consultation |" name="When I navigate to &quot;COMDEV_Deployment&quot;" time="4.167">
    <skipped/>
  </testcase>
  <testcase classname="| SEO Services | Advanced SEO Site Consultation |" name="And I populate COM09_Campaign textfield with &quot;www.seleniumhq.org/projects/&quot;" time="4.168">
    <skipped/>
  </testcase>
  <testcase classname="| SEO Services | Advanced SEO Site Consultation |" name="And I click COM09_Deployment button" time="4.168">
    <skipped/>
  </testcase>
  <testcase classname="| SEO Services | Advanced SEO Site Consultation |" name="And I populate COM10_MonthNo with &quot;1&quot;" time="4.169">
    <skipped/>
  </testcase>
  <testcase classname="| SEO Services | Advanced SEO Site Consultation |" name="And I click COM10_Deploy button" time="4.169">
    <skipped/>
  </testcase>
  <testcase classname="| SEO Services | Advanced SEO Site Consultation |" name="Then Ill see Advanced SEO Site Consultation is deployed over COMDEV_Deployment" time="4.17">
    <skipped/>
  </testcase>
  <testcase classname="| SEO Services | Advanced SEO Site Consultation |" name="And Ill see Advanced SEO Site Consultation task correctly deployed" time="4.17">
    <skipped/>
  </testcase>
  <testcase classname="| SEO Services | Advanced SEO Site Consultation |" name="When I navigate to &quot;COMDEV_Logout&quot;" time="4.17">
    <skipped/>
  </testcase>
  <testcase classname="| SEO Services | Advanced SEO Site Consultation |" name="Then Ill see that Ive logout successfully" time="4.17">
    <skipped/>
  </testcase>
  <testcase classname="| SEO Services | Advanced SEO Site Consultation |" name="| SEO Services | Advanced SEO Site Consultation |" time="8.243">
    <error message="chrome not reachable
  (Session info: chrome=53.0.2785.116)
  (Driver info: chromedriver=2.25.426923 (0390b88869384d6eb0d5d09729679f934aab9eed),platform=Windows NT 10.0.17134 x86_64) (WARNING: The server did not provide any stacktrace information)
Command duration or timeout: 4.07 seconds
Build info: version: &apos;2.53.0&apos;, revision: &apos;35ae25b1534ae328c771e0856c93e187490ca824&apos;, time: &apos;2016-03-15 10:43:46&apos;
System info: host: &apos;ReuelSicatII-LAPTOP&apos;, ip: &apos;192.168.40.144&apos;, os.name: &apos;Windows 10&apos;, os.arch: &apos;amd64&apos;, os.version: &apos;10.0&apos;, java.version: &apos;1.8.0_181&apos;
Driver info: org.openqa.selenium.chrome.ChromeDriver
Capabilities [{applicationCacheEnabled=false, rotatable=false, mobileEmulationEnabled=false, networkConnectionEnabled=false, chrome={chromedriverVersion=2.25.426923 (0390b88869384d6eb0d5d09729679f934aab9eed), userDataDir=C:\Users\REUELS~1\AppData\Local\Temp\scoped_dir93948_25971}, takesHeapSnapshot=true, pageLoadStrategy=normal, databaseEnabled=false, handlesAlerts=true, hasTouchScreen=false, version=53.0.2785.116, platform=XP, browserConnectionEnabled=false, nativeEvents=true, acceptSslCerts=true, locationContextEnabled=true, webStorageEnabled=true, browserName=chrome, takesScreenshot=true, javascriptEnabled=true, cssSelectorsEnabled=true}]
Session ID: 92d136295998e0382b0f0cc7099b83b6" type="org.openqa.selenium.WebDriverException">org.openqa.selenium.WebDriverException: chrome not reachable
  (Session info: chrome=53.0.2785.116)
  (Driver info: chromedriver=2.25.426923 (0390b88869384d6eb0d5d09729679f934aab9eed),platform=Windows NT 10.0.17134 x86_64) (WARNING: The server did not provide any stacktrace information)
Command duration or timeout: 4.07 seconds
Build info: version: &apos;2.53.0&apos;, revision: &apos;35ae25b1534ae328c771e0856c93e187490ca824&apos;, time: &apos;2016-03-15 10:43:46&apos;
System info: host: &apos;ReuelSicatII-LAPTOP&apos;, ip: &apos;192.168.40.144&apos;, os.name: &apos;Windows 10&apos;, os.arch: &apos;amd64&apos;, os.version: &apos;10.0&apos;, java.version: &apos;1.8.0_181&apos;
Driver info: org.openqa.selenium.chrome.ChromeDriver
Capabilities [{applicationCacheEnabled=false, rotatable=false, mobileEmulationEnabled=false, networkConnectionEnabled=false, chrome={chromedriverVersion=2.25.426923 (0390b88869384d6eb0d5d09729679f934aab9eed), userDataDir=C:\Users\REUELS~1\AppData\Local\Temp\scoped_dir93948_25971}, takesHeapSnapshot=true, pageLoadStrategy=normal, databaseEnabled=false, handlesAlerts=true, hasTouchScreen=false, version=53.0.2785.116, platform=XP, browserConnectionEnabled=false, nativeEvents=true, acceptSslCerts=true, locationContextEnabled=true, webStorageEnabled=true, browserName=chrome, takesScreenshot=true, javascriptEnabled=true, cssSelectorsEnabled=true}]
Session ID: 92d136295998e0382b0f0cc7099b83b6
	at sun.reflect.GeneratedConstructorAccessor19.newInstance(Unknown Source)
	at sun.reflect.DelegatingConstructorAccessorImpl.newInstance(DelegatingConstructorAccessorImpl.java:45)
	at java.lang.reflect.Constructor.newInstance(Constructor.java:423)
	at org.openqa.selenium.remote.ErrorHandler.createThrowable(ErrorHandler.java:206)
	at org.openqa.selenium.remote.ErrorHandler.throwIfResponseFailed(ErrorHandler.java:158)
	at org.openqa.selenium.remote.RemoteWebDriver.execute(RemoteWebDriver.java:678)
	at org.openqa.selenium.remote.RemoteWebDriver.execute(RemoteWebDriver.java:701)
	at org.openqa.selenium.remote.RemoteWebDriver.getScreenshotAs(RemoteWebDriver.java:335)
	at cucumber.Framework.TearDown.teardown(TearDown.java:33)
	at sun.reflect.GeneratedMethodAccessor36.invoke(Unknown Source)
	at sun.reflect.DelegatingMethodAccessorImpl.invoke(DelegatingMethodAccessorImpl.java:43)
	at java.lang.reflect.Method.invoke(Method.java:498)
	at cucumber.runtime.Utils$1.call(Utils.java:37)
	at cucumber.runtime.Timeout.timeout(Timeout.java:13)
	at cucumber.runtime.Utils.invoke(Utils.java:31)
	at cucumber.runtime.java.JavaHookDefinition.execute(JavaHookDefinition.java:60)
	at cucumber.runtime.Runtime.runHookIfTagsMatch(Runtime.java:223)
	at cucumber.runtime.Runtime.runHooks(Runtime.java:211)
	at cucumber.runtime.Runtime.runAfterHooks(Runtime.java:205)
	at cucumber.runtime.model.CucumberScenario.run(CucumberScenario.java:46)
	at cucumber.runtime.junit.ExecutionUnitRunner.run(ExecutionUnitRunner.java:91)
	at org.junit.runners.Suite.runChild(Suite.java:127)
	at org.junit.runners.Suite.runChild(Suite.java:26)
	at org.junit.runners.ParentRunner$3.run(ParentRunner.java:238)
	at org.junit.runners.ParentRunner$1.schedule(ParentRunner.java:63)
	at org.junit.runners.ParentRunner.runChildren(ParentRunner.java:236)
	at org.junit.runners.ParentRunner.access$000(ParentRunner.java:53)
	at org.junit.runners.ParentRunner$2.evaluate(ParentRunner.java:229)
	at org.junit.runners.ParentRunner.run(ParentRunner.java:309)
	at cucumber.runtime.junit.ExamplesRunner.run(ExamplesRunner.java:59)
	at org.junit.runners.Suite.runChild(Suite.java:127)
	at org.junit.runners.Suite.runChild(Suite.java:26)
	at org.junit.runners.ParentRunner$3.run(ParentRunner.java:238)
	at org.junit.runners.ParentRunner$1.schedule(ParentRunner.java:63)
	at org.junit.runners.ParentRunner.runChildren(ParentRunner.java:236)
	at org.junit.runners.ParentRunner.access$000(ParentRunner.java:53)
	at org.junit.runners.ParentRunner$2.evaluate(ParentRunner.java:229)
	at org.junit.runners.ParentRunner.run(ParentRunner.java:309)
	at cucumber.runtime.junit.ScenarioOutlineRunner.run(ScenarioOutlineRunner.java:53)
	at cucumber.runtime.junit.FeatureRunner.runChild(FeatureRunner.java:63)
	at cucumber.runtime.junit.FeatureRunner.runChild(FeatureRunner.java:18)
	at org.junit.runners.ParentRunner$3.run(ParentRunner.java:238)
	at org.junit.runners.ParentRunner$1.schedule(ParentRunner.java:63)
	at org.junit.runners.ParentRunner.runChildren(ParentRunner.java:236)
	at org.junit.runners.ParentRunner.access$000(ParentRunner.java:53)
	at org.junit.runners.ParentRunner$2.evaluate(ParentRunner.java:229)
	at org.junit.runners.ParentRunner.run(ParentRunner.java:309)
	at cucumber.runtime.junit.FeatureRunner.run(FeatureRunner.java:70)
	at cucumber.api.junit.Cucumber.runChild(Cucumber.java:93)
	at cucumber.api.junit.Cucumber.runChild(Cucumber.java:37)
	at org.junit.runners.ParentRunner$3.run(ParentRunner.java:238)
	at org.junit.runners.ParentRunner$1.schedule(ParentRunner.java:63)
	at org.junit.runners.ParentRunner.runChildren(ParentRunner.java:236)
	at org.junit.runners.ParentRunner.access$000(ParentRunner.java:53)
	at org.junit.runners.ParentRunner$2.evaluate(ParentRunner.java:229)
	at org.junit.internal.runners.statements.RunBefores.evaluate(RunBefores.java:26)
	at org.junit.internal.runners.statements.RunAfters.evaluate(RunAfters.java:27)
	at org.junit.runners.ParentRunner.run(ParentRunner.java:309)
	at cucumber.api.junit.Cucumber.run(Cucumber.java:98)
	at org.apache.maven.surefire.junit4.JUnit4TestSet.execute(JUnit4TestSet.java:62)
	at org.apache.maven.surefire.suite.AbstractDirectoryTestSuite.executeTestSet(AbstractDirectoryTestSuite.java:140)
	at org.apache.maven.surefire.suite.AbstractDirectoryTestSuite.execute(AbstractDirectoryTestSuite.java:127)
	at org.apache.maven.surefire.Surefire.run(Surefire.java:177)
	at sun.reflect.NativeMethodAccessorImpl.invoke0(Native Method)
	at sun.reflect.NativeMethodAccessorImpl.invoke(NativeMethodAccessorImpl.java:62)
	at sun.reflect.DelegatingMethodAccessorImpl.invoke(DelegatingMethodAccessorImpl.java:43)
	at java.lang.reflect.Method.invoke(Method.java:498)
	at org.apache.maven.surefire.booter.SurefireBooter.runSuitesInProcess(SurefireBooter.java:338)
	at org.apache.maven.surefire.booter.SurefireBooter.main(SurefireBooter.java:997)
</error>
    <system-out>URL link Resopnse Code not 200
Helper - Scenario Name: COMSMOKETEST_TS03
</system-out>
  </testcase>
  <testcase classname="| SEO Services | Advanced SEO Site Consultation |" name="| SEO Services | Advanced SEO Site Consultation |" time="8.244">
    <skipped/>
  </testcase>
  <testcase classname="| ContentCOMDEV@mailinator.com | Today | Completed | All | Citation |" name="| ContentCOMDEV@mailinator.com | Today | Completed | All | Citation |" time="4.118">
    <error message="chrome not reachable
  (Session info: chrome=53.0.2785.116)
  (Driver info: chromedriver=2.25.426923 (0390b88869384d6eb0d5d09729679f934aab9eed),platform=Windows NT 10.0.17134 x86_64) (WARNING: The server did not provide any stacktrace information)
Command duration or timeout: 4.06 seconds
Build info: version: &apos;2.53.0&apos;, revision: &apos;35ae25b1534ae328c771e0856c93e187490ca824&apos;, time: &apos;2016-03-15 10:43:46&apos;
System info: host: &apos;ReuelSicatII-LAPTOP&apos;, ip: &apos;192.168.40.144&apos;, os.name: &apos;Windows 10&apos;, os.arch: &apos;amd64&apos;, os.version: &apos;10.0&apos;, java.version: &apos;1.8.0_181&apos;
Driver info: org.openqa.selenium.chrome.ChromeDriver
Capabilities [{applicationCacheEnabled=false, rotatable=false, mobileEmulationEnabled=false, networkConnectionEnabled=false, chrome={chromedriverVersion=2.25.426923 (0390b88869384d6eb0d5d09729679f934aab9eed), userDataDir=C:\Users\REUELS~1\AppData\Local\Temp\scoped_dir93948_25971}, takesHeapSnapshot=true, pageLoadStrategy=normal, databaseEnabled=false, handlesAlerts=true, hasTouchScreen=false, version=53.0.2785.116, platform=XP, browserConnectionEnabled=false, nativeEvents=true, acceptSslCerts=true, locationContextEnabled=true, webStorageEnabled=true, browserName=chrome, takesScreenshot=true, javascriptEnabled=true, cssSelectorsEnabled=true}]
Session ID: 92d136295998e0382b0f0cc7099b83b6" type="org.openqa.selenium.WebDriverException">org.openqa.selenium.WebDriverException: chrome not reachable
  (Session info: chrome=53.0.2785.116)
  (Driver info: chromedriver=2.25.426923 (0390b88869384d6eb0d5d09729679f934aab9eed),platform=Windows NT 10.0.17134 x86_64) (WARNING: The server did not provide any stacktrace information)
Command duration or timeout: 4.06 seconds
Build info: version: &apos;2.53.0&apos;, revision: &apos;35ae25b1534ae328c771e0856c93e187490ca824&apos;, time: &apos;2016-03-15 10:43:46&apos;
System info: host: &apos;ReuelSicatII-LAPTOP&apos;, ip: &apos;192.168.40.144&apos;, os.name: &apos;Windows 10&apos;, os.arch: &apos;amd64&apos;, os.version: &apos;10.0&apos;, java.version: &apos;1.8.0_181&apos;
Driver info: org.openqa.selenium.chrome.ChromeDriver
Capabilities [{applicationCacheEnabled=false, rotatable=false, mobileEmulationEnabled=false, networkConnectionEnabled=false, chrome={chromedriverVersion=2.25.426923 (0390b88869384d6eb0d5d09729679f934aab9eed), userDataDir=C:\Users\REUELS~1\AppData\Local\Temp\scoped_dir93948_25971}, takesHeapSnapshot=true, pageLoadStrategy=normal, databaseEnabled=false, handlesAlerts=true, hasTouchScreen=false, version=53.0.2785.116, platform=XP, browserConnectionEnabled=false, nativeEvents=true, acceptSslCerts=true, locationContextEnabled=true, webStorageEnabled=true, browserName=chrome, takesScreenshot=true, javascriptEnabled=true, cssSelectorsEnabled=true}]
Session ID: 92d136295998e0382b0f0cc7099b83b6
	at sun.reflect.GeneratedConstructorAccessor19.newInstance(Unknown Source)
	at sun.reflect.DelegatingConstructorAccessorImpl.newInstance(DelegatingConstructorAccessorImpl.java:45)
	at java.lang.reflect.Constructor.newInstance(Constructor.java:423)
	at org.openqa.selenium.remote.ErrorHandler.createThrowable(ErrorHandler.java:206)
	at org.openqa.selenium.remote.ErrorHandler.throwIfResponseFailed(ErrorHandler.java:158)
	at org.openqa.selenium.remote.RemoteWebDriver.execute(RemoteWebDriver.java:678)
	at org.openqa.selenium.remote.RemoteWebDriver.execute(RemoteWebDriver.java:701)
	at org.openqa.selenium.remote.RemoteWebDriver$RemoteWebDriverOptions.deleteAllCookies(RemoteWebDriver.java:773)
	at cucumber.Framework.WEBHelper.GetDriverObject(WEBHelper.java:217)
	at cucumber.Framework.SetUp.setup(SetUp.java:50)
	at sun.reflect.GeneratedMethodAccessor33.invoke(Unknown Source)
	at sun.reflect.DelegatingMethodAccessorImpl.invoke(DelegatingMethodAccessorImpl.java:43)
	at java.lang.reflect.Method.invoke(Method.java:498)
	at cucumber.runtime.Utils$1.call(Utils.java:37)
	at cucumber.runtime.Timeout.timeout(Timeout.java:13)
	at cucumber.runtime.Utils.invoke(Utils.java:31)
	at cucumber.runtime.java.JavaHookDefinition.execute(JavaHookDefinition.java:60)
	at cucumber.runtime.Runtime.runHookIfTagsMatch(Runtime.java:223)
	at cucumber.runtime.Runtime.runHooks(Runtime.java:211)
	at cucumber.runtime.Runtime.runBeforeHooks(Runtime.java:201)
	at cucumber.runtime.model.CucumberScenario.run(CucumberScenario.java:40)
	at cucumber.runtime.junit.ExecutionUnitRunner.run(ExecutionUnitRunner.java:91)
	at org.junit.runners.Suite.runChild(Suite.java:127)
	at org.junit.runners.Suite.runChild(Suite.java:26)
	at org.junit.runners.ParentRunner$3.run(ParentRunner.java:238)
	at org.junit.runners.ParentRunner$1.schedule(ParentRunner.java:63)
	at org.junit.runners.ParentRunner.runChildren(ParentRunner.java:236)
	at org.junit.runners.ParentRunner.access$000(ParentRunner.java:53)
	at org.junit.runners.ParentRunner$2.evaluate(ParentRunner.java:229)
	at org.junit.runners.ParentRunner.run(ParentRunner.java:309)
	at cucumber.runtime.junit.ExamplesRunner.run(ExamplesRunner.java:59)
	at org.junit.runners.Suite.runChild(Suite.java:127)
	at org.junit.runners.Suite.runChild(Suite.java:26)
	at org.junit.runners.ParentRunner$3.run(ParentRunner.java:238)
	at org.junit.runners.ParentRunner$1.schedule(ParentRunner.java:63)
	at org.junit.runners.ParentRunner.runChildren(ParentRunner.java:236)
	at org.junit.runners.ParentRunner.access$000(ParentRunner.java:53)
	at org.junit.runners.ParentRunner$2.evaluate(ParentRunner.java:229)
	at org.junit.runners.ParentRunner.run(ParentRunner.java:309)
	at cucumber.runtime.junit.ScenarioOutlineRunner.run(ScenarioOutlineRunner.java:53)
	at cucumber.runtime.junit.FeatureRunner.runChild(FeatureRunner.java:63)
	at cucumber.runtime.junit.FeatureRunner.runChild(FeatureRunner.java:18)
	at org.junit.runners.ParentRunner$3.run(ParentRunner.java:238)
	at org.junit.runners.ParentRunner$1.schedule(ParentRunner.java:63)
	at org.junit.runners.ParentRunner.runChildren(ParentRunner.java:236)
	at org.junit.runners.ParentRunner.access$000(ParentRunner.java:53)
	at org.junit.runners.ParentRunner$2.evaluate(ParentRunner.java:229)
	at org.junit.runners.ParentRunner.run(ParentRunner.java:309)
	at cucumber.runtime.junit.FeatureRunner.run(FeatureRunner.java:70)
	at cucumber.api.junit.Cucumber.runChild(Cucumber.java:93)
	at cucumber.api.junit.Cucumber.runChild(Cucumber.java:37)
	at org.junit.runners.ParentRunner$3.run(ParentRunner.java:238)
	at org.junit.runners.ParentRunner$1.schedule(ParentRunner.java:63)
	at org.junit.runners.ParentRunner.runChildren(ParentRunner.java:236)
	at org.junit.runners.ParentRunner.access$000(ParentRunner.java:53)
	at org.junit.runners.ParentRunner$2.evaluate(ParentRunner.java:229)
	at org.junit.internal.runners.statements.RunBefores.evaluate(RunBefores.java:26)
	at org.junit.internal.runners.statements.RunAfters.evaluate(RunAfters.java:27)
	at org.junit.runners.ParentRunner.run(ParentRunner.java:309)
	at cucumber.api.junit.Cucumber.run(Cucumber.java:98)
	at org.apache.maven.surefire.junit4.JUnit4TestSet.execute(JUnit4TestSet.java:62)
	at org.apache.maven.surefire.suite.AbstractDirectoryTestSuite.executeTestSet(AbstractDirectoryTestSuite.java:140)
	at org.apache.maven.surefire.suite.AbstractDirectoryTestSuite.execute(AbstractDirectoryTestSuite.java:127)
	at org.apache.maven.surefire.Surefire.run(Surefire.java:177)
	at sun.reflect.NativeMethodAccessorImpl.invoke0(Native Method)
	at sun.reflect.NativeMethodAccessorImpl.invoke(NativeMethodAccessorImpl.java:62)
	at sun.reflect.DelegatingMethodAccessorImpl.invoke(DelegatingMethodAccessorImpl.java:43)
	at java.lang.reflect.Method.invoke(Method.java:498)
	at org.apache.maven.surefire.booter.SurefireBooter.runSuitesInProcess(SurefireBooter.java:338)
	at org.apache.maven.surefire.booter.SurefireBooter.main(SurefireBooter.java:997)
</error>
    <system-out>URL link Resopnse Code not 200
URL link Resopnse Code not 200
Helper - Scenario Name: COMSMOKETEST_TS04
</system-out>
  </testcase>
  <testcase classname="| ContentCOMDEV@mailinator.com | Today | Completed | All | Citation |" name="Given Im an Account Manager" time="4.125">
    <skipped/>
  </testcase>
  <testcase classname="| ContentCOMDEV@mailinator.com | Today | Completed | All | Citation |" name="When I navigate to &quot;COMDEV_Login&quot;" time="4.125">
    <skipped/>
  </testcase>
  <testcase classname="| ContentCOMDEV@mailinator.com | Today | Completed | All | Citation |" name="And I populate COM01_Username with ContentCOMDEV@mailinator.com" time="4.126">
    <skipped/>
  </testcase>
  <testcase classname="| ContentCOMDEV@mailinator.com | Today | Completed | All | Citation |" name="And I populate COM01_Password with &quot;qwerty123&quot;" time="4.127">
    <skipped/>
  </testcase>
  <testcase classname="| ContentCOMDEV@mailinator.com | Today | Completed | All | Citation |" name="And I click COM01_LogIn button" time="4.128">
    <skipped/>
  </testcase>
  <testcase classname="| ContentCOMDEV@mailinator.com | Today | Completed | All | Citation |" name="Then Ill see that Ive login successfully" time="4.128">
    <skipped/>
  </testcase>
  <testcase classname="| ContentCOMDEV@mailinator.com | Today | Completed | All | Citation |" name="When I navigate to &quot;COMDEV_Task&quot;" time="4.129">
    <skipped/>
  </testcase>
  <testcase classname="| ContentCOMDEV@mailinator.com | Today | Completed | All | Citation |" name="And I click COM13_Today button" time="4.129">
    <skipped/>
  </testcase>
  <testcase classname="| ContentCOMDEV@mailinator.com | Today | Completed | All | Citation |" name="Then Ill see all assigned Today task during 1Fil of ContentCOMDEV@mailinator.com" time="4.13">
    <skipped/>
  </testcase>
  <testcase classname="| ContentCOMDEV@mailinator.com | Today | Completed | All | Citation |" name="When I select Completed over COM13_FilterStatus dropdown" time="4.13">
    <skipped/>
  </testcase>
  <testcase classname="| ContentCOMDEV@mailinator.com | Today | Completed | All | Citation |" name="Then Ill see all assigned Completed for a given Today during 2Fil of ContentCOMDEV@mailinator.com" time="4.131">
    <skipped/>
  </testcase>
  <testcase classname="| ContentCOMDEV@mailinator.com | Today | Completed | All | Citation |" name="When I select All over COM13_FilterAddtlStatus dropdown" time="4.131">
    <skipped/>
  </testcase>
  <testcase classname="| ContentCOMDEV@mailinator.com | Today | Completed | All | Citation |" name="Then Ill see all assigned All for a given Today and Completed during 3Fil of ContentCOMDEV@mailinator.com" time="4.132">
    <skipped/>
  </testcase>
  <testcase classname="| ContentCOMDEV@mailinator.com | Today | Completed | All | Citation |" name="When I populate COM13_MytaskSearch with Citation" time="4.132">
    <skipped/>
  </testcase>
  <testcase classname="| ContentCOMDEV@mailinator.com | Today | Completed | All | Citation |" name="And I click COM13_Search button over COM13_MyTask" time="4.133">
    <skipped/>
  </testcase>
  <testcase classname="| ContentCOMDEV@mailinator.com | Today | Completed | All | Citation |" name="Then Ill see all assigned Citation for a given Today, Completed and All during 4Fil of ContentCOMDEV@mailinator.com" time="4.133">
    <skipped/>
  </testcase>
  <testcase classname="| ContentCOMDEV@mailinator.com | Today | Completed | All | Citation |" name="When I navigate to &quot;COMDEV_Logout&quot;" time="4.134">
    <skipped/>
  </testcase>
  <testcase classname="| ContentCOMDEV@mailinator.com | Today | Completed | All | Citation |" name="Then Ill see that Ive logout successfully" time="4.134">
    <skipped/>
  </testcase>
  <testcase classname="| ContentCOMDEV@mailinator.com | Today | Completed | All | Citation |" name="| ContentCOMDEV@mailinator.com | Today | Completed | All | Citation |" time="8.17">
    <error message="chrome not reachable
  (Session info: chrome=53.0.2785.116)
  (Driver info: chromedriver=2.25.426923 (0390b88869384d6eb0d5d09729679f934aab9eed),platform=Windows NT 10.0.17134 x86_64) (WARNING: The server did not provide any stacktrace information)
Command duration or timeout: 4.03 seconds
Build info: version: &apos;2.53.0&apos;, revision: &apos;35ae25b1534ae328c771e0856c93e187490ca824&apos;, time: &apos;2016-03-15 10:43:46&apos;
System info: host: &apos;ReuelSicatII-LAPTOP&apos;, ip: &apos;192.168.40.144&apos;, os.name: &apos;Windows 10&apos;, os.arch: &apos;amd64&apos;, os.version: &apos;10.0&apos;, java.version: &apos;1.8.0_181&apos;
Driver info: org.openqa.selenium.chrome.ChromeDriver
Capabilities [{applicationCacheEnabled=false, rotatable=false, mobileEmulationEnabled=false, networkConnectionEnabled=false, chrome={chromedriverVersion=2.25.426923 (0390b88869384d6eb0d5d09729679f934aab9eed), userDataDir=C:\Users\REUELS~1\AppData\Local\Temp\scoped_dir93948_25971}, takesHeapSnapshot=true, pageLoadStrategy=normal, databaseEnabled=false, handlesAlerts=true, hasTouchScreen=false, version=53.0.2785.116, platform=XP, browserConnectionEnabled=false, nativeEvents=true, acceptSslCerts=true, locationContextEnabled=true, webStorageEnabled=true, browserName=chrome, takesScreenshot=true, javascriptEnabled=true, cssSelectorsEnabled=true}]
Session ID: 92d136295998e0382b0f0cc7099b83b6" type="org.openqa.selenium.WebDriverException">org.openqa.selenium.WebDriverException: chrome not reachable
  (Session info: chrome=53.0.2785.116)
  (Driver info: chromedriver=2.25.426923 (0390b88869384d6eb0d5d09729679f934aab9eed),platform=Windows NT 10.0.17134 x86_64) (WARNING: The server did not provide any stacktrace information)
Command duration or timeout: 4.03 seconds
Build info: version: &apos;2.53.0&apos;, revision: &apos;35ae25b1534ae328c771e0856c93e187490ca824&apos;, time: &apos;2016-03-15 10:43:46&apos;
System info: host: &apos;ReuelSicatII-LAPTOP&apos;, ip: &apos;192.168.40.144&apos;, os.name: &apos;Windows 10&apos;, os.arch: &apos;amd64&apos;, os.version: &apos;10.0&apos;, java.version: &apos;1.8.0_181&apos;
Driver info: org.openqa.selenium.chrome.ChromeDriver
Capabilities [{applicationCacheEnabled=false, rotatable=false, mobileEmulationEnabled=false, networkConnectionEnabled=false, chrome={chromedriverVersion=2.25.426923 (0390b88869384d6eb0d5d09729679f934aab9eed), userDataDir=C:\Users\REUELS~1\AppData\Local\Temp\scoped_dir93948_25971}, takesHeapSnapshot=true, pageLoadStrategy=normal, databaseEnabled=false, handlesAlerts=true, hasTouchScreen=false, version=53.0.2785.116, platform=XP, browserConnectionEnabled=false, nativeEvents=true, acceptSslCerts=true, locationContextEnabled=true, webStorageEnabled=true, browserName=chrome, takesScreenshot=true, javascriptEnabled=true, cssSelectorsEnabled=true}]
Session ID: 92d136295998e0382b0f0cc7099b83b6
	at sun.reflect.GeneratedConstructorAccessor19.newInstance(Unknown Source)
	at sun.reflect.DelegatingConstructorAccessorImpl.newInstance(DelegatingConstructorAccessorImpl.java:45)
	at java.lang.reflect.Constructor.newInstance(Constructor.java:423)
	at org.openqa.selenium.remote.ErrorHandler.createThrowable(ErrorHandler.java:206)
	at org.openqa.selenium.remote.ErrorHandler.throwIfResponseFailed(ErrorHandler.java:158)
	at org.openqa.selenium.remote.RemoteWebDriver.execute(RemoteWebDriver.java:678)
	at org.openqa.selenium.remote.RemoteWebDriver.execute(RemoteWebDriver.java:701)
	at org.openqa.selenium.remote.RemoteWebDriver.getScreenshotAs(RemoteWebDriver.java:335)
	at cucumber.Framework.TearDown.teardown(TearDown.java:33)
	at sun.reflect.GeneratedMethodAccessor36.invoke(Unknown Source)
	at sun.reflect.DelegatingMethodAccessorImpl.invoke(DelegatingMethodAccessorImpl.java:43)
	at java.lang.reflect.Method.invoke(Method.java:498)
	at cucumber.runtime.Utils$1.call(Utils.java:37)
	at cucumber.runtime.Timeout.timeout(Timeout.java:13)
	at cucumber.runtime.Utils.invoke(Utils.java:31)
	at cucumber.runtime.java.JavaHookDefinition.execute(JavaHookDefinition.java:60)
	at cucumber.runtime.Runtime.runHookIfTagsMatch(Runtime.java:223)
	at cucumber.runtime.Runtime.runHooks(Runtime.java:211)
	at cucumber.runtime.Runtime.runAfterHooks(Runtime.java:205)
	at cucumber.runtime.model.CucumberScenario.run(CucumberScenario.java:46)
	at cucumber.runtime.junit.ExecutionUnitRunner.run(ExecutionUnitRunner.java:91)
	at org.junit.runners.Suite.runChild(Suite.java:127)
	at org.junit.runners.Suite.runChild(Suite.java:26)
	at org.junit.runners.ParentRunner$3.run(ParentRunner.java:238)
	at org.junit.runners.ParentRunner$1.schedule(ParentRunner.java:63)
	at org.junit.runners.ParentRunner.runChildren(ParentRunner.java:236)
	at org.junit.runners.ParentRunner.access$000(ParentRunner.java:53)
	at org.junit.runners.ParentRunner$2.evaluate(ParentRunner.java:229)
	at org.junit.runners.ParentRunner.run(ParentRunner.java:309)
	at cucumber.runtime.junit.ExamplesRunner.run(ExamplesRunner.java:59)
	at org.junit.runners.Suite.runChild(Suite.java:127)
	at org.junit.runners.Suite.runChild(Suite.java:26)
	at org.junit.runners.ParentRunner$3.run(ParentRunner.java:238)
	at org.junit.runners.ParentRunner$1.schedule(ParentRunner.java:63)
	at org.junit.runners.ParentRunner.runChildren(ParentRunner.java:236)
	at org.junit.runners.ParentRunner.access$000(ParentRunner.java:53)
	at org.junit.runners.ParentRunner$2.evaluate(ParentRunner.java:229)
	at org.junit.runners.ParentRunner.run(ParentRunner.java:309)
	at cucumber.runtime.junit.ScenarioOutlineRunner.run(ScenarioOutlineRunner.java:53)
	at cucumber.runtime.junit.FeatureRunner.runChild(FeatureRunner.java:63)
	at cucumber.runtime.junit.FeatureRunner.runChild(FeatureRunner.java:18)
	at org.junit.runners.ParentRunner$3.run(ParentRunner.java:238)
	at org.junit.runners.ParentRunner$1.schedule(ParentRunner.java:63)
	at org.junit.runners.ParentRunner.runChildren(ParentRunner.java:236)
	at org.junit.runners.ParentRunner.access$000(ParentRunner.java:53)
	at org.junit.runners.ParentRunner$2.evaluate(ParentRunner.java:229)
	at org.junit.runners.ParentRunner.run(ParentRunner.java:309)
	at cucumber.runtime.junit.FeatureRunner.run(FeatureRunner.java:70)
	at cucumber.api.junit.Cucumber.runChild(Cucumber.java:93)
	at cucumber.api.junit.Cucumber.runChild(Cucumber.java:37)
	at org.junit.runners.ParentRunner$3.run(ParentRunner.java:238)
	at org.junit.runners.ParentRunner$1.schedule(ParentRunner.java:63)
	at org.junit.runners.ParentRunner.runChildren(ParentRunner.java:236)
	at org.junit.runners.ParentRunner.access$000(ParentRunner.java:53)
	at org.junit.runners.ParentRunner$2.evaluate(ParentRunner.java:229)
	at org.junit.internal.runners.statements.RunBefores.evaluate(RunBefores.java:26)
	at org.junit.internal.runners.statements.RunAfters.evaluate(RunAfters.java:27)
	at org.junit.runners.ParentRunner.run(ParentRunner.java:309)
	at cucumber.api.junit.Cucumber.run(Cucumber.java:98)
	at org.apache.maven.surefire.junit4.JUnit4TestSet.execute(JUnit4TestSet.java:62)
	at org.apache.maven.surefire.suite.AbstractDirectoryTestSuite.executeTestSet(AbstractDirectoryTestSuite.java:140)
	at org.apache.maven.surefire.suite.AbstractDirectoryTestSuite.execute(AbstractDirectoryTestSuite.java:127)
	at org.apache.maven.surefire.Surefire.run(Surefire.java:177)
	at sun.reflect.NativeMethodAccessorImpl.invoke0(Native Method)
	at sun.reflect.NativeMethodAccessorImpl.invoke(NativeMethodAccessorImpl.java:62)
	at sun.reflect.DelegatingMethodAccessorImpl.invoke(DelegatingMethodAccessorImpl.java:43)
	at java.lang.reflect.Method.invoke(Method.java:498)
	at org.apache.maven.surefire.booter.SurefireBooter.runSuitesInProcess(SurefireBooter.java:338)
	at org.apache.maven.surefire.booter.SurefireBooter.main(SurefireBooter.java:997)
</error>
    <system-out>URL link Resopnse Code not 200
URL link Resopnse Code not 200
Helper - Scenario Name: COMSMOKETEST_TS04
</system-out>
  </testcase>
  <testcase classname="| PPCCOMDEV@mailinator.com | This Week | Open | All | Account |" name="| PPCCOMDEV@mailinator.com | This Week | Open | All | Account |" time="4.116">
    <error message="chrome not reachable
  (Session info: chrome=53.0.2785.116)
  (Driver info: chromedriver=2.25.426923 (0390b88869384d6eb0d5d09729679f934aab9eed),platform=Windows NT 10.0.17134 x86_64) (WARNING: The server did not provide any stacktrace information)
Command duration or timeout: 4.03 seconds
Build info: version: &apos;2.53.0&apos;, revision: &apos;35ae25b1534ae328c771e0856c93e187490ca824&apos;, time: &apos;2016-03-15 10:43:46&apos;
System info: host: &apos;ReuelSicatII-LAPTOP&apos;, ip: &apos;192.168.40.144&apos;, os.name: &apos;Windows 10&apos;, os.arch: &apos;amd64&apos;, os.version: &apos;10.0&apos;, java.version: &apos;1.8.0_181&apos;
Driver info: org.openqa.selenium.chrome.ChromeDriver
Capabilities [{applicationCacheEnabled=false, rotatable=false, mobileEmulationEnabled=false, networkConnectionEnabled=false, chrome={chromedriverVersion=2.25.426923 (0390b88869384d6eb0d5d09729679f934aab9eed), userDataDir=C:\Users\REUELS~1\AppData\Local\Temp\scoped_dir93948_25971}, takesHeapSnapshot=true, pageLoadStrategy=normal, databaseEnabled=false, handlesAlerts=true, hasTouchScreen=false, version=53.0.2785.116, platform=XP, browserConnectionEnabled=false, nativeEvents=true, acceptSslCerts=true, locationContextEnabled=true, webStorageEnabled=true, browserName=chrome, takesScreenshot=true, javascriptEnabled=true, cssSelectorsEnabled=true}]
Session ID: 92d136295998e0382b0f0cc7099b83b6" type="org.openqa.selenium.WebDriverException">org.openqa.selenium.WebDriverException: chrome not reachable
  (Session info: chrome=53.0.2785.116)
  (Driver info: chromedriver=2.25.426923 (0390b88869384d6eb0d5d09729679f934aab9eed),platform=Windows NT 10.0.17134 x86_64) (WARNING: The server did not provide any stacktrace information)
Command duration or timeout: 4.03 seconds
Build info: version: &apos;2.53.0&apos;, revision: &apos;35ae25b1534ae328c771e0856c93e187490ca824&apos;, time: &apos;2016-03-15 10:43:46&apos;
System info: host: &apos;ReuelSicatII-LAPTOP&apos;, ip: &apos;192.168.40.144&apos;, os.name: &apos;Windows 10&apos;, os.arch: &apos;amd64&apos;, os.version: &apos;10.0&apos;, java.version: &apos;1.8.0_181&apos;
Driver info: org.openqa.selenium.chrome.ChromeDriver
Capabilities [{applicationCacheEnabled=false, rotatable=false, mobileEmulationEnabled=false, networkConnectionEnabled=false, chrome={chromedriverVersion=2.25.426923 (0390b88869384d6eb0d5d09729679f934aab9eed), userDataDir=C:\Users\REUELS~1\AppData\Local\Temp\scoped_dir93948_25971}, takesHeapSnapshot=true, pageLoadStrategy=normal, databaseEnabled=false, handlesAlerts=true, hasTouchScreen=false, version=53.0.2785.116, platform=XP, browserConnectionEnabled=false, nativeEvents=true, acceptSslCerts=true, locationContextEnabled=true, webStorageEnabled=true, browserName=chrome, takesScreenshot=true, javascriptEnabled=true, cssSelectorsEnabled=true}]
Session ID: 92d136295998e0382b0f0cc7099b83b6
	at sun.reflect.GeneratedConstructorAccessor19.newInstance(Unknown Source)
	at sun.reflect.DelegatingConstructorAccessorImpl.newInstance(DelegatingConstructorAccessorImpl.java:45)
	at java.lang.reflect.Constructor.newInstance(Constructor.java:423)
	at org.openqa.selenium.remote.ErrorHandler.createThrowable(ErrorHandler.java:206)
	at org.openqa.selenium.remote.ErrorHandler.throwIfResponseFailed(ErrorHandler.java:158)
	at org.openqa.selenium.remote.RemoteWebDriver.execute(RemoteWebDriver.java:678)
	at org.openqa.selenium.remote.RemoteWebDriver.execute(RemoteWebDriver.java:701)
	at org.openqa.selenium.remote.RemoteWebDriver$RemoteWebDriverOptions.deleteAllCookies(RemoteWebDriver.java:773)
	at cucumber.Framework.WEBHelper.GetDriverObject(WEBHelper.java:217)
	at cucumber.Framework.SetUp.setup(SetUp.java:50)
	at sun.reflect.GeneratedMethodAccessor33.invoke(Unknown Source)
	at sun.reflect.DelegatingMethodAccessorImpl.invoke(DelegatingMethodAccessorImpl.java:43)
	at java.lang.reflect.Method.invoke(Method.java:498)
	at cucumber.runtime.Utils$1.call(Utils.java:37)
	at cucumber.runtime.Timeout.timeout(Timeout.java:13)
	at cucumber.runtime.Utils.invoke(Utils.java:31)
	at cucumber.runtime.java.JavaHookDefinition.execute(JavaHookDefinition.java:60)
	at cucumber.runtime.Runtime.runHookIfTagsMatch(Runtime.java:223)
	at cucumber.runtime.Runtime.runHooks(Runtime.java:211)
	at cucumber.runtime.Runtime.runBeforeHooks(Runtime.java:201)
	at cucumber.runtime.model.CucumberScenario.run(CucumberScenario.java:40)
	at cucumber.runtime.junit.ExecutionUnitRunner.run(ExecutionUnitRunner.java:91)
	at org.junit.runners.Suite.runChild(Suite.java:127)
	at org.junit.runners.Suite.runChild(Suite.java:26)
	at org.junit.runners.ParentRunner$3.run(ParentRunner.java:238)
	at org.junit.runners.ParentRunner$1.schedule(ParentRunner.java:63)
	at org.junit.runners.ParentRunner.runChildren(ParentRunner.java:236)
	at org.junit.runners.ParentRunner.access$000(ParentRunner.java:53)
	at org.junit.runners.ParentRunner$2.evaluate(ParentRunner.java:229)
	at org.junit.runners.ParentRunner.run(ParentRunner.java:309)
	at cucumber.runtime.junit.ExamplesRunner.run(ExamplesRunner.java:59)
	at org.junit.runners.Suite.runChild(Suite.java:127)
	at org.junit.runners.Suite.runChild(Suite.java:26)
	at org.junit.runners.ParentRunner$3.run(ParentRunner.java:238)
	at org.junit.runners.ParentRunner$1.schedule(ParentRunner.java:63)
	at org.junit.runners.ParentRunner.runChildren(ParentRunner.java:236)
	at org.junit.runners.ParentRunner.access$000(ParentRunner.java:53)
	at org.junit.runners.ParentRunner$2.evaluate(ParentRunner.java:229)
	at org.junit.runners.ParentRunner.run(ParentRunner.java:309)
	at cucumber.runtime.junit.ScenarioOutlineRunner.run(ScenarioOutlineRunner.java:53)
	at cucumber.runtime.junit.FeatureRunner.runChild(FeatureRunner.java:63)
	at cucumber.runtime.junit.FeatureRunner.runChild(FeatureRunner.java:18)
	at org.junit.runners.ParentRunner$3.run(ParentRunner.java:238)
	at org.junit.runners.ParentRunner$1.schedule(ParentRunner.java:63)
	at org.junit.runners.ParentRunner.runChildren(ParentRunner.java:236)
	at org.junit.runners.ParentRunner.access$000(ParentRunner.java:53)
	at org.junit.runners.ParentRunner$2.evaluate(ParentRunner.java:229)
	at org.junit.runners.ParentRunner.run(ParentRunner.java:309)
	at cucumber.runtime.junit.FeatureRunner.run(FeatureRunner.java:70)
	at cucumber.api.junit.Cucumber.runChild(Cucumber.java:93)
	at cucumber.api.junit.Cucumber.runChild(Cucumber.java:37)
	at org.junit.runners.ParentRunner$3.run(ParentRunner.java:238)
	at org.junit.runners.ParentRunner$1.schedule(ParentRunner.java:63)
	at org.junit.runners.ParentRunner.runChildren(ParentRunner.java:236)
	at org.junit.runners.ParentRunner.access$000(ParentRunner.java:53)
	at org.junit.runners.ParentRunner$2.evaluate(ParentRunner.java:229)
	at org.junit.internal.runners.statements.RunBefores.evaluate(RunBefores.java:26)
	at org.junit.internal.runners.statements.RunAfters.evaluate(RunAfters.java:27)
	at org.junit.runners.ParentRunner.run(ParentRunner.java:309)
	at cucumber.api.junit.Cucumber.run(Cucumber.java:98)
	at org.apache.maven.surefire.junit4.JUnit4TestSet.execute(JUnit4TestSet.java:62)
	at org.apache.maven.surefire.suite.AbstractDirectoryTestSuite.executeTestSet(AbstractDirectoryTestSuite.java:140)
	at org.apache.maven.surefire.suite.AbstractDirectoryTestSuite.execute(AbstractDirectoryTestSuite.java:127)
	at org.apache.maven.surefire.Surefire.run(Surefire.java:177)
	at sun.reflect.NativeMethodAccessorImpl.invoke0(Native Method)
	at sun.reflect.NativeMethodAccessorImpl.invoke(NativeMethodAccessorImpl.java:62)
	at sun.reflect.DelegatingMethodAccessorImpl.invoke(DelegatingMethodAccessorImpl.java:43)
	at java.lang.reflect.Method.invoke(Method.java:498)
	at org.apache.maven.surefire.booter.SurefireBooter.runSuitesInProcess(SurefireBooter.java:338)
	at org.apache.maven.surefire.booter.SurefireBooter.main(SurefireBooter.java:997)
</error>
    <system-out>URL link Resopnse Code not 200
URL link Resopnse Code not 200
Helper - Scenario Name: COMSMOKETEST_TS04
</system-out>
  </testcase>
  <testcase classname="| PPCCOMDEV@mailinator.com | This Week | Open | All | Account |" name="Given Im an Account Manager" time="4.132">
    <skipped/>
  </testcase>
  <testcase classname="| PPCCOMDEV@mailinator.com | This Week | Open | All | Account |" name="When I navigate to &quot;COMDEV_Login&quot;" time="4.132">
    <skipped/>
  </testcase>
  <testcase classname="| PPCCOMDEV@mailinator.com | This Week | Open | All | Account |" name="And I populate COM01_Username with PPCCOMDEV@mailinator.com" time="4.132">
    <skipped/>
  </testcase>
  <testcase classname="| PPCCOMDEV@mailinator.com | This Week | Open | All | Account |" name="And I populate COM01_Password with &quot;qwerty123&quot;" time="4.132">
    <skipped/>
  </testcase>
  <testcase classname="| PPCCOMDEV@mailinator.com | This Week | Open | All | Account |" name="And I click COM01_LogIn button" time="4.132">
    <skipped/>
  </testcase>
  <testcase classname="| PPCCOMDEV@mailinator.com | This Week | Open | All | Account |" name="Then Ill see that Ive login successfully" time="4.132">
    <skipped/>
  </testcase>
  <testcase classname="| PPCCOMDEV@mailinator.com | This Week | Open | All | Account |" name="When I navigate to &quot;COMDEV_Task&quot;" time="4.132">
    <skipped/>
  </testcase>
  <testcase classname="| PPCCOMDEV@mailinator.com | This Week | Open | All | Account |" name="And I click COM13_This Week button" time="4.132">
    <skipped/>
  </testcase>
  <testcase classname="| PPCCOMDEV@mailinator.com | This Week | Open | All | Account |" name="Then Ill see all assigned This Week task during 1Fil of PPCCOMDEV@mailinator.com" time="4.132">
    <skipped/>
  </testcase>
  <testcase classname="| PPCCOMDEV@mailinator.com | This Week | Open | All | Account |" name="When I select Open over COM13_FilterStatus dropdown" time="4.132">
    <skipped/>
  </testcase>
  <testcase classname="| PPCCOMDEV@mailinator.com | This Week | Open | All | Account |" name="Then Ill see all assigned Open for a given This Week during 2Fil of PPCCOMDEV@mailinator.com" time="4.132">
    <skipped/>
  </testcase>
  <testcase classname="| PPCCOMDEV@mailinator.com | This Week | Open | All | Account |" name="When I select All over COM13_FilterAddtlStatus dropdown" time="4.132">
    <skipped/>
  </testcase>
  <testcase classname="| PPCCOMDEV@mailinator.com | This Week | Open | All | Account |" name="Then Ill see all assigned All for a given This Week and Open during 3Fil of PPCCOMDEV@mailinator.com" time="4.132">
    <skipped/>
  </testcase>
  <testcase classname="| PPCCOMDEV@mailinator.com | This Week | Open | All | Account |" name="When I populate COM13_MytaskSearch with Account" time="4.132">
    <skipped/>
  </testcase>
  <testcase classname="| PPCCOMDEV@mailinator.com | This Week | Open | All | Account |" name="And I click COM13_Search button over COM13_MyTask" time="4.132">
    <skipped/>
  </testcase>
  <testcase classname="| PPCCOMDEV@mailinator.com | This Week | Open | All | Account |" name="Then Ill see all assigned Account for a given This Week, Open and All during 4Fil of PPCCOMDEV@mailinator.com" time="4.132">
    <skipped/>
  </testcase>
  <testcase classname="| PPCCOMDEV@mailinator.com | This Week | Open | All | Account |" name="When I navigate to &quot;COMDEV_Logout&quot;" time="4.132">
    <skipped/>
  </testcase>
  <testcase classname="| PPCCOMDEV@mailinator.com | This Week | Open | All | Account |" name="Then Ill see that Ive logout successfully" time="4.132">
    <skipped/>
  </testcase>
  <testcase classname="| PPCCOMDEV@mailinator.com | This Week | Open | All | Account |" name="| PPCCOMDEV@mailinator.com | This Week | Open | All | Account |" time="8.243">
    <error message="chrome not reachable
  (Session info: chrome=53.0.2785.116)
  (Driver info: chromedriver=2.25.426923 (0390b88869384d6eb0d5d09729679f934aab9eed),platform=Windows NT 10.0.17134 x86_64) (WARNING: The server did not provide any stacktrace information)
Command duration or timeout: 4.11 seconds
Build info: version: &apos;2.53.0&apos;, revision: &apos;35ae25b1534ae328c771e0856c93e187490ca824&apos;, time: &apos;2016-03-15 10:43:46&apos;
System info: host: &apos;ReuelSicatII-LAPTOP&apos;, ip: &apos;192.168.40.144&apos;, os.name: &apos;Windows 10&apos;, os.arch: &apos;amd64&apos;, os.version: &apos;10.0&apos;, java.version: &apos;1.8.0_181&apos;
Driver info: org.openqa.selenium.chrome.ChromeDriver
Capabilities [{applicationCacheEnabled=false, rotatable=false, mobileEmulationEnabled=false, networkConnectionEnabled=false, chrome={chromedriverVersion=2.25.426923 (0390b88869384d6eb0d5d09729679f934aab9eed), userDataDir=C:\Users\REUELS~1\AppData\Local\Temp\scoped_dir93948_25971}, takesHeapSnapshot=true, pageLoadStrategy=normal, databaseEnabled=false, handlesAlerts=true, hasTouchScreen=false, version=53.0.2785.116, platform=XP, browserConnectionEnabled=false, nativeEvents=true, acceptSslCerts=true, locationContextEnabled=true, webStorageEnabled=true, browserName=chrome, takesScreenshot=true, javascriptEnabled=true, cssSelectorsEnabled=true}]
Session ID: 92d136295998e0382b0f0cc7099b83b6" type="org.openqa.selenium.WebDriverException">org.openqa.selenium.WebDriverException: chrome not reachable
  (Session info: chrome=53.0.2785.116)
  (Driver info: chromedriver=2.25.426923 (0390b88869384d6eb0d5d09729679f934aab9eed),platform=Windows NT 10.0.17134 x86_64) (WARNING: The server did not provide any stacktrace information)
Command duration or timeout: 4.11 seconds
Build info: version: &apos;2.53.0&apos;, revision: &apos;35ae25b1534ae328c771e0856c93e187490ca824&apos;, time: &apos;2016-03-15 10:43:46&apos;
System info: host: &apos;ReuelSicatII-LAPTOP&apos;, ip: &apos;192.168.40.144&apos;, os.name: &apos;Windows 10&apos;, os.arch: &apos;amd64&apos;, os.version: &apos;10.0&apos;, java.version: &apos;1.8.0_181&apos;
Driver info: org.openqa.selenium.chrome.ChromeDriver
Capabilities [{applicationCacheEnabled=false, rotatable=false, mobileEmulationEnabled=false, networkConnectionEnabled=false, chrome={chromedriverVersion=2.25.426923 (0390b88869384d6eb0d5d09729679f934aab9eed), userDataDir=C:\Users\REUELS~1\AppData\Local\Temp\scoped_dir93948_25971}, takesHeapSnapshot=true, pageLoadStrategy=normal, databaseEnabled=false, handlesAlerts=true, hasTouchScreen=false, version=53.0.2785.116, platform=XP, browserConnectionEnabled=false, nativeEvents=true, acceptSslCerts=true, locationContextEnabled=true, webStorageEnabled=true, browserName=chrome, takesScreenshot=true, javascriptEnabled=true, cssSelectorsEnabled=true}]
Session ID: 92d136295998e0382b0f0cc7099b83b6
	at sun.reflect.GeneratedConstructorAccessor19.newInstance(Unknown Source)
	at sun.reflect.DelegatingConstructorAccessorImpl.newInstance(DelegatingConstructorAccessorImpl.java:45)
	at java.lang.reflect.Constructor.newInstance(Constructor.java:423)
	at org.openqa.selenium.remote.ErrorHandler.createThrowable(ErrorHandler.java:206)
	at org.openqa.selenium.remote.ErrorHandler.throwIfResponseFailed(ErrorHandler.java:158)
	at org.openqa.selenium.remote.RemoteWebDriver.execute(RemoteWebDriver.java:678)
	at org.openqa.selenium.remote.RemoteWebDriver.execute(RemoteWebDriver.java:701)
	at org.openqa.selenium.remote.RemoteWebDriver.getScreenshotAs(RemoteWebDriver.java:335)
	at cucumber.Framework.TearDown.teardown(TearDown.java:33)
	at sun.reflect.GeneratedMethodAccessor36.invoke(Unknown Source)
	at sun.reflect.DelegatingMethodAccessorImpl.invoke(DelegatingMethodAccessorImpl.java:43)
	at java.lang.reflect.Method.invoke(Method.java:498)
	at cucumber.runtime.Utils$1.call(Utils.java:37)
	at cucumber.runtime.Timeout.timeout(Timeout.java:13)
	at cucumber.runtime.Utils.invoke(Utils.java:31)
	at cucumber.runtime.java.JavaHookDefinition.execute(JavaHookDefinition.java:60)
	at cucumber.runtime.Runtime.runHookIfTagsMatch(Runtime.java:223)
	at cucumber.runtime.Runtime.runHooks(Runtime.java:211)
	at cucumber.runtime.Runtime.runAfterHooks(Runtime.java:205)
	at cucumber.runtime.model.CucumberScenario.run(CucumberScenario.java:46)
	at cucumber.runtime.junit.ExecutionUnitRunner.run(ExecutionUnitRunner.java:91)
	at org.junit.runners.Suite.runChild(Suite.java:127)
	at org.junit.runners.Suite.runChild(Suite.java:26)
	at org.junit.runners.ParentRunner$3.run(ParentRunner.java:238)
	at org.junit.runners.ParentRunner$1.schedule(ParentRunner.java:63)
	at org.junit.runners.ParentRunner.runChildren(ParentRunner.java:236)
	at org.junit.runners.ParentRunner.access$000(ParentRunner.java:53)
	at org.junit.runners.ParentRunner$2.evaluate(ParentRunner.java:229)
	at org.junit.runners.ParentRunner.run(ParentRunner.java:309)
	at cucumber.runtime.junit.ExamplesRunner.run(ExamplesRunner.java:59)
	at org.junit.runners.Suite.runChild(Suite.java:127)
	at org.junit.runners.Suite.runChild(Suite.java:26)
	at org.junit.runners.ParentRunner$3.run(ParentRunner.java:238)
	at org.junit.runners.ParentRunner$1.schedule(ParentRunner.java:63)
	at org.junit.runners.ParentRunner.runChildren(ParentRunner.java:236)
	at org.junit.runners.ParentRunner.access$000(ParentRunner.java:53)
	at org.junit.runners.ParentRunner$2.evaluate(ParentRunner.java:229)
	at org.junit.runners.ParentRunner.run(ParentRunner.java:309)
	at cucumber.runtime.junit.ScenarioOutlineRunner.run(ScenarioOutlineRunner.java:53)
	at cucumber.runtime.junit.FeatureRunner.runChild(FeatureRunner.java:63)
	at cucumber.runtime.junit.FeatureRunner.runChild(FeatureRunner.java:18)
	at org.junit.runners.ParentRunner$3.run(ParentRunner.java:238)
	at org.junit.runners.ParentRunner$1.schedule(ParentRunner.java:63)
	at org.junit.runners.ParentRunner.runChildren(ParentRunner.java:236)
	at org.junit.runners.ParentRunner.access$000(ParentRunner.java:53)
	at org.junit.runners.ParentRunner$2.evaluate(ParentRunner.java:229)
	at org.junit.runners.ParentRunner.run(ParentRunner.java:309)
	at cucumber.runtime.junit.FeatureRunner.run(FeatureRunner.java:70)
	at cucumber.api.junit.Cucumber.runChild(Cucumber.java:93)
	at cucumber.api.junit.Cucumber.runChild(Cucumber.java:37)
	at org.junit.runners.ParentRunner$3.run(ParentRunner.java:238)
	at org.junit.runners.ParentRunner$1.schedule(ParentRunner.java:63)
	at org.junit.runners.ParentRunner.runChildren(ParentRunner.java:236)
	at org.junit.runners.ParentRunner.access$000(ParentRunner.java:53)
	at org.junit.runners.ParentRunner$2.evaluate(ParentRunner.java:229)
	at org.junit.internal.runners.statements.RunBefores.evaluate(RunBefores.java:26)
	at org.junit.internal.runners.statements.RunAfters.evaluate(RunAfters.java:27)
	at org.junit.runners.ParentRunner.run(ParentRunner.java:309)
	at cucumber.api.junit.Cucumber.run(Cucumber.java:98)
	at org.apache.maven.surefire.junit4.JUnit4TestSet.execute(JUnit4TestSet.java:62)
	at org.apache.maven.surefire.suite.AbstractDirectoryTestSuite.executeTestSet(AbstractDirectoryTestSuite.java:140)
	at org.apache.maven.surefire.suite.AbstractDirectoryTestSuite.execute(AbstractDirectoryTestSuite.java:127)
	at org.apache.maven.surefire.Surefire.run(Surefire.java:177)
	at sun.reflect.NativeMethodAccessorImpl.invoke0(Native Method)
	at sun.reflect.NativeMethodAccessorImpl.invoke(NativeMethodAccessorImpl.java:62)
	at sun.reflect.DelegatingMethodAccessorImpl.invoke(DelegatingMethodAccessorImpl.java:43)
	at java.lang.reflect.Method.invoke(Method.java:498)
	at org.apache.maven.surefire.booter.SurefireBooter.runSuitesInProcess(SurefireBooter.java:338)
	at org.apache.maven.surefire.booter.SurefireBooter.main(SurefireBooter.java:997)
</error>
    <system-out>URL link Resopnse Code not 200
URL link Resopnse Code not 200
Helper - Scenario Name: COMSMOKETEST_TS04
</system-out>
  </testcase>
  <testcase classname="| SocialMediaCOMDEV@mailinator.com | This Month | In-Progress | All | Crossposts |" name="| SocialMediaCOMDEV@mailinator.com | This Month | In-Progress | All | Crossposts |" time="4.164">
    <error message="chrome not reachable
  (Session info: chrome=53.0.2785.116)
  (Driver info: chromedriver=2.25.426923 (0390b88869384d6eb0d5d09729679f934aab9eed),platform=Windows NT 10.0.17134 x86_64) (WARNING: The server did not provide any stacktrace information)
Command duration or timeout: 4.06 seconds
Build info: version: &apos;2.53.0&apos;, revision: &apos;35ae25b1534ae328c771e0856c93e187490ca824&apos;, time: &apos;2016-03-15 10:43:46&apos;
System info: host: &apos;ReuelSicatII-LAPTOP&apos;, ip: &apos;192.168.40.144&apos;, os.name: &apos;Windows 10&apos;, os.arch: &apos;amd64&apos;, os.version: &apos;10.0&apos;, java.version: &apos;1.8.0_181&apos;
Driver info: org.openqa.selenium.chrome.ChromeDriver
Capabilities [{applicationCacheEnabled=false, rotatable=false, mobileEmulationEnabled=false, networkConnectionEnabled=false, chrome={chromedriverVersion=2.25.426923 (0390b88869384d6eb0d5d09729679f934aab9eed), userDataDir=C:\Users\REUELS~1\AppData\Local\Temp\scoped_dir93948_25971}, takesHeapSnapshot=true, pageLoadStrategy=normal, databaseEnabled=false, handlesAlerts=true, hasTouchScreen=false, version=53.0.2785.116, platform=XP, browserConnectionEnabled=false, nativeEvents=true, acceptSslCerts=true, locationContextEnabled=true, webStorageEnabled=true, browserName=chrome, takesScreenshot=true, javascriptEnabled=true, cssSelectorsEnabled=true}]
Session ID: 92d136295998e0382b0f0cc7099b83b6" type="org.openqa.selenium.WebDriverException">org.openqa.selenium.WebDriverException: chrome not reachable
  (Session info: chrome=53.0.2785.116)
  (Driver info: chromedriver=2.25.426923 (0390b88869384d6eb0d5d09729679f934aab9eed),platform=Windows NT 10.0.17134 x86_64) (WARNING: The server did not provide any stacktrace information)
Command duration or timeout: 4.06 seconds
Build info: version: &apos;2.53.0&apos;, revision: &apos;35ae25b1534ae328c771e0856c93e187490ca824&apos;, time: &apos;2016-03-15 10:43:46&apos;
System info: host: &apos;ReuelSicatII-LAPTOP&apos;, ip: &apos;192.168.40.144&apos;, os.name: &apos;Windows 10&apos;, os.arch: &apos;amd64&apos;, os.version: &apos;10.0&apos;, java.version: &apos;1.8.0_181&apos;
Driver info: org.openqa.selenium.chrome.ChromeDriver
Capabilities [{applicationCacheEnabled=false, rotatable=false, mobileEmulationEnabled=false, networkConnectionEnabled=false, chrome={chromedriverVersion=2.25.426923 (0390b88869384d6eb0d5d09729679f934aab9eed), userDataDir=C:\Users\REUELS~1\AppData\Local\Temp\scoped_dir93948_25971}, takesHeapSnapshot=true, pageLoadStrategy=normal, databaseEnabled=false, handlesAlerts=true, hasTouchScreen=false, version=53.0.2785.116, platform=XP, browserConnectionEnabled=false, nativeEvents=true, acceptSslCerts=true, locationContextEnabled=true, webStorageEnabled=true, browserName=chrome, takesScreenshot=true, javascriptEnabled=true, cssSelectorsEnabled=true}]
Session ID: 92d136295998e0382b0f0cc7099b83b6
	at sun.reflect.GeneratedConstructorAccessor19.newInstance(Unknown Source)
	at sun.reflect.DelegatingConstructorAccessorImpl.newInstance(DelegatingConstructorAccessorImpl.java:45)
	at java.lang.reflect.Constructor.newInstance(Constructor.java:423)
	at org.openqa.selenium.remote.ErrorHandler.createThrowable(ErrorHandler.java:206)
	at org.openqa.selenium.remote.ErrorHandler.throwIfResponseFailed(ErrorHandler.java:158)
	at org.openqa.selenium.remote.RemoteWebDriver.execute(RemoteWebDriver.java:678)
	at org.openqa.selenium.remote.RemoteWebDriver.execute(RemoteWebDriver.java:701)
	at org.openqa.selenium.remote.RemoteWebDriver$RemoteWebDriverOptions.deleteAllCookies(RemoteWebDriver.java:773)
	at cucumber.Framework.WEBHelper.GetDriverObject(WEBHelper.java:217)
	at cucumber.Framework.SetUp.setup(SetUp.java:50)
	at sun.reflect.GeneratedMethodAccessor33.invoke(Unknown Source)
	at sun.reflect.DelegatingMethodAccessorImpl.invoke(DelegatingMethodAccessorImpl.java:43)
	at java.lang.reflect.Method.invoke(Method.java:498)
	at cucumber.runtime.Utils$1.call(Utils.java:37)
	at cucumber.runtime.Timeout.timeout(Timeout.java:13)
	at cucumber.runtime.Utils.invoke(Utils.java:31)
	at cucumber.runtime.java.JavaHookDefinition.execute(JavaHookDefinition.java:60)
	at cucumber.runtime.Runtime.runHookIfTagsMatch(Runtime.java:223)
	at cucumber.runtime.Runtime.runHooks(Runtime.java:211)
	at cucumber.runtime.Runtime.runBeforeHooks(Runtime.java:201)
	at cucumber.runtime.model.CucumberScenario.run(CucumberScenario.java:40)
	at cucumber.runtime.junit.ExecutionUnitRunner.run(ExecutionUnitRunner.java:91)
	at org.junit.runners.Suite.runChild(Suite.java:127)
	at org.junit.runners.Suite.runChild(Suite.java:26)
	at org.junit.runners.ParentRunner$3.run(ParentRunner.java:238)
	at org.junit.runners.ParentRunner$1.schedule(ParentRunner.java:63)
	at org.junit.runners.ParentRunner.runChildren(ParentRunner.java:236)
	at org.junit.runners.ParentRunner.access$000(ParentRunner.java:53)
	at org.junit.runners.ParentRunner$2.evaluate(ParentRunner.java:229)
	at org.junit.runners.ParentRunner.run(ParentRunner.java:309)
	at cucumber.runtime.junit.ExamplesRunner.run(ExamplesRunner.java:59)
	at org.junit.runners.Suite.runChild(Suite.java:127)
	at org.junit.runners.Suite.runChild(Suite.java:26)
	at org.junit.runners.ParentRunner$3.run(ParentRunner.java:238)
	at org.junit.runners.ParentRunner$1.schedule(ParentRunner.java:63)
	at org.junit.runners.ParentRunner.runChildren(ParentRunner.java:236)
	at org.junit.runners.ParentRunner.access$000(ParentRunner.java:53)
	at org.junit.runners.ParentRunner$2.evaluate(ParentRunner.java:229)
	at org.junit.runners.ParentRunner.run(ParentRunner.java:309)
	at cucumber.runtime.junit.ScenarioOutlineRunner.run(ScenarioOutlineRunner.java:53)
	at cucumber.runtime.junit.FeatureRunner.runChild(FeatureRunner.java:63)
	at cucumber.runtime.junit.FeatureRunner.runChild(FeatureRunner.java:18)
	at org.junit.runners.ParentRunner$3.run(ParentRunner.java:238)
	at org.junit.runners.ParentRunner$1.schedule(ParentRunner.java:63)
	at org.junit.runners.ParentRunner.runChildren(ParentRunner.java:236)
	at org.junit.runners.ParentRunner.access$000(ParentRunner.java:53)
	at org.junit.runners.ParentRunner$2.evaluate(ParentRunner.java:229)
	at org.junit.runners.ParentRunner.run(ParentRunner.java:309)
	at cucumber.runtime.junit.FeatureRunner.run(FeatureRunner.java:70)
	at cucumber.api.junit.Cucumber.runChild(Cucumber.java:93)
	at cucumber.api.junit.Cucumber.runChild(Cucumber.java:37)
	at org.junit.runners.ParentRunner$3.run(ParentRunner.java:238)
	at org.junit.runners.ParentRunner$1.schedule(ParentRunner.java:63)
	at org.junit.runners.ParentRunner.runChildren(ParentRunner.java:236)
	at org.junit.runners.ParentRunner.access$000(ParentRunner.java:53)
	at org.junit.runners.ParentRunner$2.evaluate(ParentRunner.java:229)
	at org.junit.internal.runners.statements.RunBefores.evaluate(RunBefores.java:26)
	at org.junit.internal.runners.statements.RunAfters.evaluate(RunAfters.java:27)
	at org.junit.runners.ParentRunner.run(ParentRunner.java:309)
	at cucumber.api.junit.Cucumber.run(Cucumber.java:98)
	at org.apache.maven.surefire.junit4.JUnit4TestSet.execute(JUnit4TestSet.java:62)
	at org.apache.maven.surefire.suite.AbstractDirectoryTestSuite.executeTestSet(AbstractDirectoryTestSuite.java:140)
	at org.apache.maven.surefire.suite.AbstractDirectoryTestSuite.execute(AbstractDirectoryTestSuite.java:127)
	at org.apache.maven.surefire.Surefire.run(Surefire.java:177)
	at sun.reflect.NativeMethodAccessorImpl.invoke0(Native Method)
	at sun.reflect.NativeMethodAccessorImpl.invoke(NativeMethodAccessorImpl.java:62)
	at sun.reflect.DelegatingMethodAccessorImpl.invoke(DelegatingMethodAccessorImpl.java:43)
	at java.lang.reflect.Method.invoke(Method.java:498)
	at org.apache.maven.surefire.booter.SurefireBooter.runSuitesInProcess(SurefireBooter.java:338)
	at org.apache.maven.surefire.booter.SurefireBooter.main(SurefireBooter.java:997)
</error>
    <system-out>URL link Resopnse Code not 200
URL link Resopnse Code not 200
Helper - Scenario Name: COMSMOKETEST_TS04
</system-out>
  </testcase>
  <testcase classname="| SocialMediaCOMDEV@mailinator.com | This Month | In-Progress | All | Crossposts |" name="Given Im an Account Manager" time="4.17">
    <skipped/>
  </testcase>
  <testcase classname="| SocialMediaCOMDEV@mailinator.com | This Month | In-Progress | All | Crossposts |" name="When I navigate to &quot;COMDEV_Login&quot;" time="4.17">
    <skipped/>
  </testcase>
  <testcase classname="| SocialMediaCOMDEV@mailinator.com | This Month | In-Progress | All | Crossposts |" name="And I populate COM01_Username with SocialMediaCOMDEV@mailinator.com" time="4.17">
    <skipped/>
  </testcase>
  <testcase classname="| SocialMediaCOMDEV@mailinator.com | This Month | In-Progress | All | Crossposts |" name="And I populate COM01_Password with &quot;qwerty123&quot;" time="4.17">
    <skipped/>
  </testcase>
  <testcase classname="| SocialMediaCOMDEV@mailinator.com | This Month | In-Progress | All | Crossposts |" name="And I click COM01_LogIn button" time="4.17">
    <skipped/>
  </testcase>
  <testcase classname="| SocialMediaCOMDEV@mailinator.com | This Month | In-Progress | All | Crossposts |" name="Then Ill see that Ive login successfully" time="4.17">
    <skipped/>
  </testcase>
  <testcase classname="| SocialMediaCOMDEV@mailinator.com | This Month | In-Progress | All | Crossposts |" name="When I navigate to &quot;COMDEV_Task&quot;" time="4.17">
    <skipped/>
  </testcase>
  <testcase classname="| SocialMediaCOMDEV@mailinator.com | This Month | In-Progress | All | Crossposts |" name="And I click COM13_This Month button" time="4.17">
    <skipped/>
  </testcase>
  <testcase classname="| SocialMediaCOMDEV@mailinator.com | This Month | In-Progress | All | Crossposts |" name="Then Ill see all assigned This Month task during 1Fil of SocialMediaCOMDEV@mailinator.com" time="4.17">
    <skipped/>
  </testcase>
  <testcase classname="| SocialMediaCOMDEV@mailinator.com | This Month | In-Progress | All | Crossposts |" name="When I select In-Progress over COM13_FilterStatus dropdown" time="4.17">
    <skipped/>
  </testcase>
  <testcase classname="| SocialMediaCOMDEV@mailinator.com | This Month | In-Progress | All | Crossposts |" name="Then Ill see all assigned In-Progress for a given This Month during 2Fil of SocialMediaCOMDEV@mailinator.com" time="4.17">
    <skipped/>
  </testcase>
  <testcase classname="| SocialMediaCOMDEV@mailinator.com | This Month | In-Progress | All | Crossposts |" name="When I select All over COM13_FilterAddtlStatus dropdown" time="4.186">
    <skipped/>
  </testcase>
  <testcase classname="| SocialMediaCOMDEV@mailinator.com | This Month | In-Progress | All | Crossposts |" name="Then Ill see all assigned All for a given This Month and In-Progress during 3Fil of SocialMediaCOMDEV@mailinator.com" time="4.186">
    <skipped/>
  </testcase>
  <testcase classname="| SocialMediaCOMDEV@mailinator.com | This Month | In-Progress | All | Crossposts |" name="When I populate COM13_MytaskSearch with Crossposts" time="4.186">
    <skipped/>
  </testcase>
  <testcase classname="| SocialMediaCOMDEV@mailinator.com | This Month | In-Progress | All | Crossposts |" name="And I click COM13_Search button over COM13_MyTask" time="4.186">
    <skipped/>
  </testcase>
  <testcase classname="| SocialMediaCOMDEV@mailinator.com | This Month | In-Progress | All | Crossposts |" name="Then Ill see all assigned Crossposts for a given This Month, In-Progress and All during 4Fil of SocialMediaCOMDEV@mailinator.com" time="4.186">
    <skipped/>
  </testcase>
  <testcase classname="| SocialMediaCOMDEV@mailinator.com | This Month | In-Progress | All | Crossposts |" name="When I navigate to &quot;COMDEV_Logout&quot;" time="4.186">
    <skipped/>
  </testcase>
  <testcase classname="| SocialMediaCOMDEV@mailinator.com | This Month | In-Progress | All | Crossposts |" name="Then Ill see that Ive logout successfully" time="4.186">
    <skipped/>
  </testcase>
  <testcase classname="| SocialMediaCOMDEV@mailinator.com | This Month | In-Progress | All | Crossposts |" name="| SocialMediaCOMDEV@mailinator.com | This Month | In-Progress | All | Crossposts |" time="8.229">
    <error message="chrome not reachable
  (Session info: chrome=53.0.2785.116)
  (Driver info: chromedriver=2.25.426923 (0390b88869384d6eb0d5d09729679f934aab9eed),platform=Windows NT 10.0.17134 x86_64) (WARNING: The server did not provide any stacktrace information)
Command duration or timeout: 4.04 seconds
Build info: version: &apos;2.53.0&apos;, revision: &apos;35ae25b1534ae328c771e0856c93e187490ca824&apos;, time: &apos;2016-03-15 10:43:46&apos;
System info: host: &apos;ReuelSicatII-LAPTOP&apos;, ip: &apos;192.168.40.144&apos;, os.name: &apos;Windows 10&apos;, os.arch: &apos;amd64&apos;, os.version: &apos;10.0&apos;, java.version: &apos;1.8.0_181&apos;
Driver info: org.openqa.selenium.chrome.ChromeDriver
Capabilities [{applicationCacheEnabled=false, rotatable=false, mobileEmulationEnabled=false, networkConnectionEnabled=false, chrome={chromedriverVersion=2.25.426923 (0390b88869384d6eb0d5d09729679f934aab9eed), userDataDir=C:\Users\REUELS~1\AppData\Local\Temp\scoped_dir93948_25971}, takesHeapSnapshot=true, pageLoadStrategy=normal, databaseEnabled=false, handlesAlerts=true, hasTouchScreen=false, version=53.0.2785.116, platform=XP, browserConnectionEnabled=false, nativeEvents=true, acceptSslCerts=true, locationContextEnabled=true, webStorageEnabled=true, browserName=chrome, takesScreenshot=true, javascriptEnabled=true, cssSelectorsEnabled=true}]
Session ID: 92d136295998e0382b0f0cc7099b83b6" type="org.openqa.selenium.WebDriverException">org.openqa.selenium.WebDriverException: chrome not reachable
  (Session info: chrome=53.0.2785.116)
  (Driver info: chromedriver=2.25.426923 (0390b88869384d6eb0d5d09729679f934aab9eed),platform=Windows NT 10.0.17134 x86_64) (WARNING: The server did not provide any stacktrace information)
Command duration or timeout: 4.04 seconds
Build info: version: &apos;2.53.0&apos;, revision: &apos;35ae25b1534ae328c771e0856c93e187490ca824&apos;, time: &apos;2016-03-15 10:43:46&apos;
System info: host: &apos;ReuelSicatII-LAPTOP&apos;, ip: &apos;192.168.40.144&apos;, os.name: &apos;Windows 10&apos;, os.arch: &apos;amd64&apos;, os.version: &apos;10.0&apos;, java.version: &apos;1.8.0_181&apos;
Driver info: org.openqa.selenium.chrome.ChromeDriver
Capabilities [{applicationCacheEnabled=false, rotatable=false, mobileEmulationEnabled=false, networkConnectionEnabled=false, chrome={chromedriverVersion=2.25.426923 (0390b88869384d6eb0d5d09729679f934aab9eed), userDataDir=C:\Users\REUELS~1\AppData\Local\Temp\scoped_dir93948_25971}, takesHeapSnapshot=true, pageLoadStrategy=normal, databaseEnabled=false, handlesAlerts=true, hasTouchScreen=false, version=53.0.2785.116, platform=XP, browserConnectionEnabled=false, nativeEvents=true, acceptSslCerts=true, locationContextEnabled=true, webStorageEnabled=true, browserName=chrome, takesScreenshot=true, javascriptEnabled=true, cssSelectorsEnabled=true}]
Session ID: 92d136295998e0382b0f0cc7099b83b6
	at sun.reflect.GeneratedConstructorAccessor19.newInstance(Unknown Source)
	at sun.reflect.DelegatingConstructorAccessorImpl.newInstance(DelegatingConstructorAccessorImpl.java:45)
	at java.lang.reflect.Constructor.newInstance(Constructor.java:423)
	at org.openqa.selenium.remote.ErrorHandler.createThrowable(ErrorHandler.java:206)
	at org.openqa.selenium.remote.ErrorHandler.throwIfResponseFailed(ErrorHandler.java:158)
	at org.openqa.selenium.remote.RemoteWebDriver.execute(RemoteWebDriver.java:678)
	at org.openqa.selenium.remote.RemoteWebDriver.execute(RemoteWebDriver.java:701)
	at org.openqa.selenium.remote.RemoteWebDriver.getScreenshotAs(RemoteWebDriver.java:335)
	at cucumber.Framework.TearDown.teardown(TearDown.java:33)
	at sun.reflect.GeneratedMethodAccessor36.invoke(Unknown Source)
	at sun.reflect.DelegatingMethodAccessorImpl.invoke(DelegatingMethodAccessorImpl.java:43)
	at java.lang.reflect.Method.invoke(Method.java:498)
	at cucumber.runtime.Utils$1.call(Utils.java:37)
	at cucumber.runtime.Timeout.timeout(Timeout.java:13)
	at cucumber.runtime.Utils.invoke(Utils.java:31)
	at cucumber.runtime.java.JavaHookDefinition.execute(JavaHookDefinition.java:60)
	at cucumber.runtime.Runtime.runHookIfTagsMatch(Runtime.java:223)
	at cucumber.runtime.Runtime.runHooks(Runtime.java:211)
	at cucumber.runtime.Runtime.runAfterHooks(Runtime.java:205)
	at cucumber.runtime.model.CucumberScenario.run(CucumberScenario.java:46)
	at cucumber.runtime.junit.ExecutionUnitRunner.run(ExecutionUnitRunner.java:91)
	at org.junit.runners.Suite.runChild(Suite.java:127)
	at org.junit.runners.Suite.runChild(Suite.java:26)
	at org.junit.runners.ParentRunner$3.run(ParentRunner.java:238)
	at org.junit.runners.ParentRunner$1.schedule(ParentRunner.java:63)
	at org.junit.runners.ParentRunner.runChildren(ParentRunner.java:236)
	at org.junit.runners.ParentRunner.access$000(ParentRunner.java:53)
	at org.junit.runners.ParentRunner$2.evaluate(ParentRunner.java:229)
	at org.junit.runners.ParentRunner.run(ParentRunner.java:309)
	at cucumber.runtime.junit.ExamplesRunner.run(ExamplesRunner.java:59)
	at org.junit.runners.Suite.runChild(Suite.java:127)
	at org.junit.runners.Suite.runChild(Suite.java:26)
	at org.junit.runners.ParentRunner$3.run(ParentRunner.java:238)
	at org.junit.runners.ParentRunner$1.schedule(ParentRunner.java:63)
	at org.junit.runners.ParentRunner.runChildren(ParentRunner.java:236)
	at org.junit.runners.ParentRunner.access$000(ParentRunner.java:53)
	at org.junit.runners.ParentRunner$2.evaluate(ParentRunner.java:229)
	at org.junit.runners.ParentRunner.run(ParentRunner.java:309)
	at cucumber.runtime.junit.ScenarioOutlineRunner.run(ScenarioOutlineRunner.java:53)
	at cucumber.runtime.junit.FeatureRunner.runChild(FeatureRunner.java:63)
	at cucumber.runtime.junit.FeatureRunner.runChild(FeatureRunner.java:18)
	at org.junit.runners.ParentRunner$3.run(ParentRunner.java:238)
	at org.junit.runners.ParentRunner$1.schedule(ParentRunner.java:63)
	at org.junit.runners.ParentRunner.runChildren(ParentRunner.java:236)
	at org.junit.runners.ParentRunner.access$000(ParentRunner.java:53)
	at org.junit.runners.ParentRunner$2.evaluate(ParentRunner.java:229)
	at org.junit.runners.ParentRunner.run(ParentRunner.java:309)
	at cucumber.runtime.junit.FeatureRunner.run(FeatureRunner.java:70)
	at cucumber.api.junit.Cucumber.runChild(Cucumber.java:93)
	at cucumber.api.junit.Cucumber.runChild(Cucumber.java:37)
	at org.junit.runners.ParentRunner$3.run(ParentRunner.java:238)
	at org.junit.runners.ParentRunner$1.schedule(ParentRunner.java:63)
	at org.junit.runners.ParentRunner.runChildren(ParentRunner.java:236)
	at org.junit.runners.ParentRunner.access$000(ParentRunner.java:53)
	at org.junit.runners.ParentRunner$2.evaluate(ParentRunner.java:229)
	at org.junit.internal.runners.statements.RunBefores.evaluate(RunBefores.java:26)
	at org.junit.internal.runners.statements.RunAfters.evaluate(RunAfters.java:27)
	at org.junit.runners.ParentRunner.run(ParentRunner.java:309)
	at cucumber.api.junit.Cucumber.run(Cucumber.java:98)
	at org.apache.maven.surefire.junit4.JUnit4TestSet.execute(JUnit4TestSet.java:62)
	at org.apache.maven.surefire.suite.AbstractDirectoryTestSuite.executeTestSet(AbstractDirectoryTestSuite.java:140)
	at org.apache.maven.surefire.suite.AbstractDirectoryTestSuite.execute(AbstractDirectoryTestSuite.java:127)
	at org.apache.maven.surefire.Surefire.run(Surefire.java:177)
	at sun.reflect.NativeMethodAccessorImpl.invoke0(Native Method)
	at sun.reflect.NativeMethodAccessorImpl.invoke(NativeMethodAccessorImpl.java:62)
	at sun.reflect.DelegatingMethodAccessorImpl.invoke(DelegatingMethodAccessorImpl.java:43)
	at java.lang.reflect.Method.invoke(Method.java:498)
	at org.apache.maven.surefire.booter.SurefireBooter.runSuitesInProcess(SurefireBooter.java:338)
	at org.apache.maven.surefire.booter.SurefireBooter.main(SurefireBooter.java:997)
</error>
    <system-out>URL link Resopnse Code not 200
URL link Resopnse Code not 200
Helper - Scenario Name: COMSMOKETEST_TS04
</system-out>
  </testcase>
  <testcase classname="| WebDevCOMDEV@mailinator.com | All Time | On-hold | All | Development |" name="| WebDevCOMDEV@mailinator.com | All Time | On-hold | All | Development |" time="4.155">
    <error message="chrome not reachable
  (Session info: chrome=53.0.2785.116)
  (Driver info: chromedriver=2.25.426923 (0390b88869384d6eb0d5d09729679f934aab9eed),platform=Windows NT 10.0.17134 x86_64) (WARNING: The server did not provide any stacktrace information)
Command duration or timeout: 4.07 seconds
Build info: version: &apos;2.53.0&apos;, revision: &apos;35ae25b1534ae328c771e0856c93e187490ca824&apos;, time: &apos;2016-03-15 10:43:46&apos;
System info: host: &apos;ReuelSicatII-LAPTOP&apos;, ip: &apos;192.168.40.144&apos;, os.name: &apos;Windows 10&apos;, os.arch: &apos;amd64&apos;, os.version: &apos;10.0&apos;, java.version: &apos;1.8.0_181&apos;
Driver info: org.openqa.selenium.chrome.ChromeDriver
Capabilities [{applicationCacheEnabled=false, rotatable=false, mobileEmulationEnabled=false, networkConnectionEnabled=false, chrome={chromedriverVersion=2.25.426923 (0390b88869384d6eb0d5d09729679f934aab9eed), userDataDir=C:\Users\REUELS~1\AppData\Local\Temp\scoped_dir93948_25971}, takesHeapSnapshot=true, pageLoadStrategy=normal, databaseEnabled=false, handlesAlerts=true, hasTouchScreen=false, version=53.0.2785.116, platform=XP, browserConnectionEnabled=false, nativeEvents=true, acceptSslCerts=true, locationContextEnabled=true, webStorageEnabled=true, browserName=chrome, takesScreenshot=true, javascriptEnabled=true, cssSelectorsEnabled=true}]
Session ID: 92d136295998e0382b0f0cc7099b83b6" type="org.openqa.selenium.WebDriverException">org.openqa.selenium.WebDriverException: chrome not reachable
  (Session info: chrome=53.0.2785.116)
  (Driver info: chromedriver=2.25.426923 (0390b88869384d6eb0d5d09729679f934aab9eed),platform=Windows NT 10.0.17134 x86_64) (WARNING: The server did not provide any stacktrace information)
Command duration or timeout: 4.07 seconds
Build info: version: &apos;2.53.0&apos;, revision: &apos;35ae25b1534ae328c771e0856c93e187490ca824&apos;, time: &apos;2016-03-15 10:43:46&apos;
System info: host: &apos;ReuelSicatII-LAPTOP&apos;, ip: &apos;192.168.40.144&apos;, os.name: &apos;Windows 10&apos;, os.arch: &apos;amd64&apos;, os.version: &apos;10.0&apos;, java.version: &apos;1.8.0_181&apos;
Driver info: org.openqa.selenium.chrome.ChromeDriver
Capabilities [{applicationCacheEnabled=false, rotatable=false, mobileEmulationEnabled=false, networkConnectionEnabled=false, chrome={chromedriverVersion=2.25.426923 (0390b88869384d6eb0d5d09729679f934aab9eed), userDataDir=C:\Users\REUELS~1\AppData\Local\Temp\scoped_dir93948_25971}, takesHeapSnapshot=true, pageLoadStrategy=normal, databaseEnabled=false, handlesAlerts=true, hasTouchScreen=false, version=53.0.2785.116, platform=XP, browserConnectionEnabled=false, nativeEvents=true, acceptSslCerts=true, locationContextEnabled=true, webStorageEnabled=true, browserName=chrome, takesScreenshot=true, javascriptEnabled=true, cssSelectorsEnabled=true}]
Session ID: 92d136295998e0382b0f0cc7099b83b6
	at sun.reflect.GeneratedConstructorAccessor19.newInstance(Unknown Source)
	at sun.reflect.DelegatingConstructorAccessorImpl.newInstance(DelegatingConstructorAccessorImpl.java:45)
	at java.lang.reflect.Constructor.newInstance(Constructor.java:423)
	at org.openqa.selenium.remote.ErrorHandler.createThrowable(ErrorHandler.java:206)
	at org.openqa.selenium.remote.ErrorHandler.throwIfResponseFailed(ErrorHandler.java:158)
	at org.openqa.selenium.remote.RemoteWebDriver.execute(RemoteWebDriver.java:678)
	at org.openqa.selenium.remote.RemoteWebDriver.execute(RemoteWebDriver.java:701)
	at org.openqa.selenium.remote.RemoteWebDriver$RemoteWebDriverOptions.deleteAllCookies(RemoteWebDriver.java:773)
	at cucumber.Framework.WEBHelper.GetDriverObject(WEBHelper.java:217)
	at cucumber.Framework.SetUp.setup(SetUp.java:50)
	at sun.reflect.GeneratedMethodAccessor33.invoke(Unknown Source)
	at sun.reflect.DelegatingMethodAccessorImpl.invoke(DelegatingMethodAccessorImpl.java:43)
	at java.lang.reflect.Method.invoke(Method.java:498)
	at cucumber.runtime.Utils$1.call(Utils.java:37)
	at cucumber.runtime.Timeout.timeout(Timeout.java:13)
	at cucumber.runtime.Utils.invoke(Utils.java:31)
	at cucumber.runtime.java.JavaHookDefinition.execute(JavaHookDefinition.java:60)
	at cucumber.runtime.Runtime.runHookIfTagsMatch(Runtime.java:223)
	at cucumber.runtime.Runtime.runHooks(Runtime.java:211)
	at cucumber.runtime.Runtime.runBeforeHooks(Runtime.java:201)
	at cucumber.runtime.model.CucumberScenario.run(CucumberScenario.java:40)
	at cucumber.runtime.junit.ExecutionUnitRunner.run(ExecutionUnitRunner.java:91)
	at org.junit.runners.Suite.runChild(Suite.java:127)
	at org.junit.runners.Suite.runChild(Suite.java:26)
	at org.junit.runners.ParentRunner$3.run(ParentRunner.java:238)
	at org.junit.runners.ParentRunner$1.schedule(ParentRunner.java:63)
	at org.junit.runners.ParentRunner.runChildren(ParentRunner.java:236)
	at org.junit.runners.ParentRunner.access$000(ParentRunner.java:53)
	at org.junit.runners.ParentRunner$2.evaluate(ParentRunner.java:229)
	at org.junit.runners.ParentRunner.run(ParentRunner.java:309)
	at cucumber.runtime.junit.ExamplesRunner.run(ExamplesRunner.java:59)
	at org.junit.runners.Suite.runChild(Suite.java:127)
	at org.junit.runners.Suite.runChild(Suite.java:26)
	at org.junit.runners.ParentRunner$3.run(ParentRunner.java:238)
	at org.junit.runners.ParentRunner$1.schedule(ParentRunner.java:63)
	at org.junit.runners.ParentRunner.runChildren(ParentRunner.java:236)
	at org.junit.runners.ParentRunner.access$000(ParentRunner.java:53)
	at org.junit.runners.ParentRunner$2.evaluate(ParentRunner.java:229)
	at org.junit.runners.ParentRunner.run(ParentRunner.java:309)
	at cucumber.runtime.junit.ScenarioOutlineRunner.run(ScenarioOutlineRunner.java:53)
	at cucumber.runtime.junit.FeatureRunner.runChild(FeatureRunner.java:63)
	at cucumber.runtime.junit.FeatureRunner.runChild(FeatureRunner.java:18)
	at org.junit.runners.ParentRunner$3.run(ParentRunner.java:238)
	at org.junit.runners.ParentRunner$1.schedule(ParentRunner.java:63)
	at org.junit.runners.ParentRunner.runChildren(ParentRunner.java:236)
	at org.junit.runners.ParentRunner.access$000(ParentRunner.java:53)
	at org.junit.runners.ParentRunner$2.evaluate(ParentRunner.java:229)
	at org.junit.runners.ParentRunner.run(ParentRunner.java:309)
	at cucumber.runtime.junit.FeatureRunner.run(FeatureRunner.java:70)
	at cucumber.api.junit.Cucumber.runChild(Cucumber.java:93)
	at cucumber.api.junit.Cucumber.runChild(Cucumber.java:37)
	at org.junit.runners.ParentRunner$3.run(ParentRunner.java:238)
	at org.junit.runners.ParentRunner$1.schedule(ParentRunner.java:63)
	at org.junit.runners.ParentRunner.runChildren(ParentRunner.java:236)
	at org.junit.runners.ParentRunner.access$000(ParentRunner.java:53)
	at org.junit.runners.ParentRunner$2.evaluate(ParentRunner.java:229)
	at org.junit.internal.runners.statements.RunBefores.evaluate(RunBefores.java:26)
	at org.junit.internal.runners.statements.RunAfters.evaluate(RunAfters.java:27)
	at org.junit.runners.ParentRunner.run(ParentRunner.java:309)
	at cucumber.api.junit.Cucumber.run(Cucumber.java:98)
	at org.apache.maven.surefire.junit4.JUnit4TestSet.execute(JUnit4TestSet.java:62)
	at org.apache.maven.surefire.suite.AbstractDirectoryTestSuite.executeTestSet(AbstractDirectoryTestSuite.java:140)
	at org.apache.maven.surefire.suite.AbstractDirectoryTestSuite.execute(AbstractDirectoryTestSuite.java:127)
	at org.apache.maven.surefire.Surefire.run(Surefire.java:177)
	at sun.reflect.NativeMethodAccessorImpl.invoke0(Native Method)
	at sun.reflect.NativeMethodAccessorImpl.invoke(NativeMethodAccessorImpl.java:62)
	at sun.reflect.DelegatingMethodAccessorImpl.invoke(DelegatingMethodAccessorImpl.java:43)
	at java.lang.reflect.Method.invoke(Method.java:498)
	at org.apache.maven.surefire.booter.SurefireBooter.runSuitesInProcess(SurefireBooter.java:338)
	at org.apache.maven.surefire.booter.SurefireBooter.main(SurefireBooter.java:997)
</error>
    <system-out>URL link Resopnse Code not 200
URL link Resopnse Code not 200
Helper - Scenario Name: COMSMOKETEST_TS04
</system-out>
  </testcase>
  <testcase classname="| WebDevCOMDEV@mailinator.com | All Time | On-hold | All | Development |" name="Given Im an Account Manager" time="4.171">
    <skipped/>
  </testcase>
  <testcase classname="| WebDevCOMDEV@mailinator.com | All Time | On-hold | All | Development |" name="When I navigate to &quot;COMDEV_Login&quot;" time="4.171">
    <skipped/>
  </testcase>
  <testcase classname="| WebDevCOMDEV@mailinator.com | All Time | On-hold | All | Development |" name="And I populate COM01_Username with WebDevCOMDEV@mailinator.com" time="4.171">
    <skipped/>
  </testcase>
  <testcase classname="| WebDevCOMDEV@mailinator.com | All Time | On-hold | All | Development |" name="And I populate COM01_Password with &quot;qwerty123&quot;" time="4.171">
    <skipped/>
  </testcase>
  <testcase classname="| WebDevCOMDEV@mailinator.com | All Time | On-hold | All | Development |" name="And I click COM01_LogIn button" time="4.171">
    <skipped/>
  </testcase>
  <testcase classname="| WebDevCOMDEV@mailinator.com | All Time | On-hold | All | Development |" name="Then Ill see that Ive login successfully" time="4.171">
    <skipped/>
  </testcase>
  <testcase classname="| WebDevCOMDEV@mailinator.com | All Time | On-hold | All | Development |" name="When I navigate to &quot;COMDEV_Task&quot;" time="4.171">
    <skipped/>
  </testcase>
  <testcase classname="| WebDevCOMDEV@mailinator.com | All Time | On-hold | All | Development |" name="And I click COM13_All Time button" time="4.171">
    <skipped/>
  </testcase>
  <testcase classname="| WebDevCOMDEV@mailinator.com | All Time | On-hold | All | Development |" name="Then Ill see all assigned All Time task during 1Fil of WebDevCOMDEV@mailinator.com" time="4.171">
    <skipped/>
  </testcase>
  <testcase classname="| WebDevCOMDEV@mailinator.com | All Time | On-hold | All | Development |" name="When I select On-hold over COM13_FilterStatus dropdown" time="4.171">
    <skipped/>
  </testcase>
  <testcase classname="| WebDevCOMDEV@mailinator.com | All Time | On-hold | All | Development |" name="Then Ill see all assigned On-hold for a given All Time during 2Fil of WebDevCOMDEV@mailinator.com" time="4.171">
    <skipped/>
  </testcase>
  <testcase classname="| WebDevCOMDEV@mailinator.com | All Time | On-hold | All | Development |" name="When I select All over COM13_FilterAddtlStatus dropdown" time="4.177">
    <skipped/>
  </testcase>
  <testcase classname="| WebDevCOMDEV@mailinator.com | All Time | On-hold | All | Development |" name="Then Ill see all assigned All for a given All Time and On-hold during 3Fil of WebDevCOMDEV@mailinator.com" time="4.177">
    <skipped/>
  </testcase>
  <testcase classname="| WebDevCOMDEV@mailinator.com | All Time | On-hold | All | Development |" name="When I populate COM13_MytaskSearch with Development" time="4.177">
    <skipped/>
  </testcase>
  <testcase classname="| WebDevCOMDEV@mailinator.com | All Time | On-hold | All | Development |" name="And I click COM13_Search button over COM13_MyTask" time="4.177">
    <skipped/>
  </testcase>
  <testcase classname="| WebDevCOMDEV@mailinator.com | All Time | On-hold | All | Development |" name="Then Ill see all assigned Development for a given All Time, On-hold and All during 4Fil of WebDevCOMDEV@mailinator.com" time="4.177">
    <skipped/>
  </testcase>
  <testcase classname="| WebDevCOMDEV@mailinator.com | All Time | On-hold | All | Development |" name="When I navigate to &quot;COMDEV_Logout&quot;" time="4.177">
    <skipped/>
  </testcase>
  <testcase classname="| WebDevCOMDEV@mailinator.com | All Time | On-hold | All | Development |" name="Then Ill see that Ive logout successfully" time="4.177">
    <skipped/>
  </testcase>
  <testcase classname="| WebDevCOMDEV@mailinator.com | All Time | On-hold | All | Development |" name="| WebDevCOMDEV@mailinator.com | All Time | On-hold | All | Development |" time="8.255">
    <error message="chrome not reachable
  (Session info: chrome=53.0.2785.116)
  (Driver info: chromedriver=2.25.426923 (0390b88869384d6eb0d5d09729679f934aab9eed),platform=Windows NT 10.0.17134 x86_64) (WARNING: The server did not provide any stacktrace information)
Command duration or timeout: 4.08 seconds
Build info: version: &apos;2.53.0&apos;, revision: &apos;35ae25b1534ae328c771e0856c93e187490ca824&apos;, time: &apos;2016-03-15 10:43:46&apos;
System info: host: &apos;ReuelSicatII-LAPTOP&apos;, ip: &apos;192.168.40.144&apos;, os.name: &apos;Windows 10&apos;, os.arch: &apos;amd64&apos;, os.version: &apos;10.0&apos;, java.version: &apos;1.8.0_181&apos;
Driver info: org.openqa.selenium.chrome.ChromeDriver
Capabilities [{applicationCacheEnabled=false, rotatable=false, mobileEmulationEnabled=false, networkConnectionEnabled=false, chrome={chromedriverVersion=2.25.426923 (0390b88869384d6eb0d5d09729679f934aab9eed), userDataDir=C:\Users\REUELS~1\AppData\Local\Temp\scoped_dir93948_25971}, takesHeapSnapshot=true, pageLoadStrategy=normal, databaseEnabled=false, handlesAlerts=true, hasTouchScreen=false, version=53.0.2785.116, platform=XP, browserConnectionEnabled=false, nativeEvents=true, acceptSslCerts=true, locationContextEnabled=true, webStorageEnabled=true, browserName=chrome, takesScreenshot=true, javascriptEnabled=true, cssSelectorsEnabled=true}]
Session ID: 92d136295998e0382b0f0cc7099b83b6" type="org.openqa.selenium.WebDriverException">org.openqa.selenium.WebDriverException: chrome not reachable
  (Session info: chrome=53.0.2785.116)
  (Driver info: chromedriver=2.25.426923 (0390b88869384d6eb0d5d09729679f934aab9eed),platform=Windows NT 10.0.17134 x86_64) (WARNING: The server did not provide any stacktrace information)
Command duration or timeout: 4.08 seconds
Build info: version: &apos;2.53.0&apos;, revision: &apos;35ae25b1534ae328c771e0856c93e187490ca824&apos;, time: &apos;2016-03-15 10:43:46&apos;
System info: host: &apos;ReuelSicatII-LAPTOP&apos;, ip: &apos;192.168.40.144&apos;, os.name: &apos;Windows 10&apos;, os.arch: &apos;amd64&apos;, os.version: &apos;10.0&apos;, java.version: &apos;1.8.0_181&apos;
Driver info: org.openqa.selenium.chrome.ChromeDriver
Capabilities [{applicationCacheEnabled=false, rotatable=false, mobileEmulationEnabled=false, networkConnectionEnabled=false, chrome={chromedriverVersion=2.25.426923 (0390b88869384d6eb0d5d09729679f934aab9eed), userDataDir=C:\Users\REUELS~1\AppData\Local\Temp\scoped_dir93948_25971}, takesHeapSnapshot=true, pageLoadStrategy=normal, databaseEnabled=false, handlesAlerts=true, hasTouchScreen=false, version=53.0.2785.116, platform=XP, browserConnectionEnabled=false, nativeEvents=true, acceptSslCerts=true, locationContextEnabled=true, webStorageEnabled=true, browserName=chrome, takesScreenshot=true, javascriptEnabled=true, cssSelectorsEnabled=true}]
Session ID: 92d136295998e0382b0f0cc7099b83b6
	at sun.reflect.GeneratedConstructorAccessor19.newInstance(Unknown Source)
	at sun.reflect.DelegatingConstructorAccessorImpl.newInstance(DelegatingConstructorAccessorImpl.java:45)
	at java.lang.reflect.Constructor.newInstance(Constructor.java:423)
	at org.openqa.selenium.remote.ErrorHandler.createThrowable(ErrorHandler.java:206)
	at org.openqa.selenium.remote.ErrorHandler.throwIfResponseFailed(ErrorHandler.java:158)
	at org.openqa.selenium.remote.RemoteWebDriver.execute(RemoteWebDriver.java:678)
	at org.openqa.selenium.remote.RemoteWebDriver.execute(RemoteWebDriver.java:701)
	at org.openqa.selenium.remote.RemoteWebDriver.getScreenshotAs(RemoteWebDriver.java:335)
	at cucumber.Framework.TearDown.teardown(TearDown.java:33)
	at sun.reflect.GeneratedMethodAccessor36.invoke(Unknown Source)
	at sun.reflect.DelegatingMethodAccessorImpl.invoke(DelegatingMethodAccessorImpl.java:43)
	at java.lang.reflect.Method.invoke(Method.java:498)
	at cucumber.runtime.Utils$1.call(Utils.java:37)
	at cucumber.runtime.Timeout.timeout(Timeout.java:13)
	at cucumber.runtime.Utils.invoke(Utils.java:31)
	at cucumber.runtime.java.JavaHookDefinition.execute(JavaHookDefinition.java:60)
	at cucumber.runtime.Runtime.runHookIfTagsMatch(Runtime.java:223)
	at cucumber.runtime.Runtime.runHooks(Runtime.java:211)
	at cucumber.runtime.Runtime.runAfterHooks(Runtime.java:205)
	at cucumber.runtime.model.CucumberScenario.run(CucumberScenario.java:46)
	at cucumber.runtime.junit.ExecutionUnitRunner.run(ExecutionUnitRunner.java:91)
	at org.junit.runners.Suite.runChild(Suite.java:127)
	at org.junit.runners.Suite.runChild(Suite.java:26)
	at org.junit.runners.ParentRunner$3.run(ParentRunner.java:238)
	at org.junit.runners.ParentRunner$1.schedule(ParentRunner.java:63)
	at org.junit.runners.ParentRunner.runChildren(ParentRunner.java:236)
	at org.junit.runners.ParentRunner.access$000(ParentRunner.java:53)
	at org.junit.runners.ParentRunner$2.evaluate(ParentRunner.java:229)
	at org.junit.runners.ParentRunner.run(ParentRunner.java:309)
	at cucumber.runtime.junit.ExamplesRunner.run(ExamplesRunner.java:59)
	at org.junit.runners.Suite.runChild(Suite.java:127)
	at org.junit.runners.Suite.runChild(Suite.java:26)
	at org.junit.runners.ParentRunner$3.run(ParentRunner.java:238)
	at org.junit.runners.ParentRunner$1.schedule(ParentRunner.java:63)
	at org.junit.runners.ParentRunner.runChildren(ParentRunner.java:236)
	at org.junit.runners.ParentRunner.access$000(ParentRunner.java:53)
	at org.junit.runners.ParentRunner$2.evaluate(ParentRunner.java:229)
	at org.junit.runners.ParentRunner.run(ParentRunner.java:309)
	at cucumber.runtime.junit.ScenarioOutlineRunner.run(ScenarioOutlineRunner.java:53)
	at cucumber.runtime.junit.FeatureRunner.runChild(FeatureRunner.java:63)
	at cucumber.runtime.junit.FeatureRunner.runChild(FeatureRunner.java:18)
	at org.junit.runners.ParentRunner$3.run(ParentRunner.java:238)
	at org.junit.runners.ParentRunner$1.schedule(ParentRunner.java:63)
	at org.junit.runners.ParentRunner.runChildren(ParentRunner.java:236)
	at org.junit.runners.ParentRunner.access$000(ParentRunner.java:53)
	at org.junit.runners.ParentRunner$2.evaluate(ParentRunner.java:229)
	at org.junit.runners.ParentRunner.run(ParentRunner.java:309)
	at cucumber.runtime.junit.FeatureRunner.run(FeatureRunner.java:70)
	at cucumber.api.junit.Cucumber.runChild(Cucumber.java:93)
	at cucumber.api.junit.Cucumber.runChild(Cucumber.java:37)
	at org.junit.runners.ParentRunner$3.run(ParentRunner.java:238)
	at org.junit.runners.ParentRunner$1.schedule(ParentRunner.java:63)
	at org.junit.runners.ParentRunner.runChildren(ParentRunner.java:236)
	at org.junit.runners.ParentRunner.access$000(ParentRunner.java:53)
	at org.junit.runners.ParentRunner$2.evaluate(ParentRunner.java:229)
	at org.junit.internal.runners.statements.RunBefores.evaluate(RunBefores.java:26)
	at org.junit.internal.runners.statements.RunAfters.evaluate(RunAfters.java:27)
	at org.junit.runners.ParentRunner.run(ParentRunner.java:309)
	at cucumber.api.junit.Cucumber.run(Cucumber.java:98)
	at org.apache.maven.surefire.junit4.JUnit4TestSet.execute(JUnit4TestSet.java:62)
	at org.apache.maven.surefire.suite.AbstractDirectoryTestSuite.executeTestSet(AbstractDirectoryTestSuite.java:140)
	at org.apache.maven.surefire.suite.AbstractDirectoryTestSuite.execute(AbstractDirectoryTestSuite.java:127)
	at org.apache.maven.surefire.Surefire.run(Surefire.java:177)
	at sun.reflect.NativeMethodAccessorImpl.invoke0(Native Method)
	at sun.reflect.NativeMethodAccessorImpl.invoke(NativeMethodAccessorImpl.java:62)
	at sun.reflect.DelegatingMethodAccessorImpl.invoke(DelegatingMethodAccessorImpl.java:43)
	at java.lang.reflect.Method.invoke(Method.java:498)
	at org.apache.maven.surefire.booter.SurefireBooter.runSuitesInProcess(SurefireBooter.java:338)
	at org.apache.maven.surefire.booter.SurefireBooter.main(SurefireBooter.java:997)
</error>
    <system-out>URL link Resopnse Code not 200
URL link Resopnse Code not 200
Helper - Scenario Name: COMSMOKETEST_TS04
</system-out>
  </testcase>
  <testcase classname="| ContentCOMDEV@mailinator.com | All Time | Blocked | Overdue | Publication |" name="| ContentCOMDEV@mailinator.com | All Time | Blocked | Overdue | Publication |" time="4.098">
    <error message="chrome not reachable
  (Session info: chrome=53.0.2785.116)
  (Driver info: chromedriver=2.25.426923 (0390b88869384d6eb0d5d09729679f934aab9eed),platform=Windows NT 10.0.17134 x86_64) (WARNING: The server did not provide any stacktrace information)
Command duration or timeout: 4.02 seconds
Build info: version: &apos;2.53.0&apos;, revision: &apos;35ae25b1534ae328c771e0856c93e187490ca824&apos;, time: &apos;2016-03-15 10:43:46&apos;
System info: host: &apos;ReuelSicatII-LAPTOP&apos;, ip: &apos;192.168.40.144&apos;, os.name: &apos;Windows 10&apos;, os.arch: &apos;amd64&apos;, os.version: &apos;10.0&apos;, java.version: &apos;1.8.0_181&apos;
Driver info: org.openqa.selenium.chrome.ChromeDriver
Capabilities [{applicationCacheEnabled=false, rotatable=false, mobileEmulationEnabled=false, networkConnectionEnabled=false, chrome={chromedriverVersion=2.25.426923 (0390b88869384d6eb0d5d09729679f934aab9eed), userDataDir=C:\Users\REUELS~1\AppData\Local\Temp\scoped_dir93948_25971}, takesHeapSnapshot=true, pageLoadStrategy=normal, databaseEnabled=false, handlesAlerts=true, hasTouchScreen=false, version=53.0.2785.116, platform=XP, browserConnectionEnabled=false, nativeEvents=true, acceptSslCerts=true, locationContextEnabled=true, webStorageEnabled=true, browserName=chrome, takesScreenshot=true, javascriptEnabled=true, cssSelectorsEnabled=true}]
Session ID: 92d136295998e0382b0f0cc7099b83b6" type="org.openqa.selenium.WebDriverException">org.openqa.selenium.WebDriverException: chrome not reachable
  (Session info: chrome=53.0.2785.116)
  (Driver info: chromedriver=2.25.426923 (0390b88869384d6eb0d5d09729679f934aab9eed),platform=Windows NT 10.0.17134 x86_64) (WARNING: The server did not provide any stacktrace information)
Command duration or timeout: 4.02 seconds
Build info: version: &apos;2.53.0&apos;, revision: &apos;35ae25b1534ae328c771e0856c93e187490ca824&apos;, time: &apos;2016-03-15 10:43:46&apos;
System info: host: &apos;ReuelSicatII-LAPTOP&apos;, ip: &apos;192.168.40.144&apos;, os.name: &apos;Windows 10&apos;, os.arch: &apos;amd64&apos;, os.version: &apos;10.0&apos;, java.version: &apos;1.8.0_181&apos;
Driver info: org.openqa.selenium.chrome.ChromeDriver
Capabilities [{applicationCacheEnabled=false, rotatable=false, mobileEmulationEnabled=false, networkConnectionEnabled=false, chrome={chromedriverVersion=2.25.426923 (0390b88869384d6eb0d5d09729679f934aab9eed), userDataDir=C:\Users\REUELS~1\AppData\Local\Temp\scoped_dir93948_25971}, takesHeapSnapshot=true, pageLoadStrategy=normal, databaseEnabled=false, handlesAlerts=true, hasTouchScreen=false, version=53.0.2785.116, platform=XP, browserConnectionEnabled=false, nativeEvents=true, acceptSslCerts=true, locationContextEnabled=true, webStorageEnabled=true, browserName=chrome, takesScreenshot=true, javascriptEnabled=true, cssSelectorsEnabled=true}]
Session ID: 92d136295998e0382b0f0cc7099b83b6
	at sun.reflect.GeneratedConstructorAccessor19.newInstance(Unknown Source)
	at sun.reflect.DelegatingConstructorAccessorImpl.newInstance(DelegatingConstructorAccessorImpl.java:45)
	at java.lang.reflect.Constructor.newInstance(Constructor.java:423)
	at org.openqa.selenium.remote.ErrorHandler.createThrowable(ErrorHandler.java:206)
	at org.openqa.selenium.remote.ErrorHandler.throwIfResponseFailed(ErrorHandler.java:158)
	at org.openqa.selenium.remote.RemoteWebDriver.execute(RemoteWebDriver.java:678)
	at org.openqa.selenium.remote.RemoteWebDriver.execute(RemoteWebDriver.java:701)
	at org.openqa.selenium.remote.RemoteWebDriver$RemoteWebDriverOptions.deleteAllCookies(RemoteWebDriver.java:773)
	at cucumber.Framework.WEBHelper.GetDriverObject(WEBHelper.java:217)
	at cucumber.Framework.SetUp.setup(SetUp.java:50)
	at sun.reflect.GeneratedMethodAccessor33.invoke(Unknown Source)
	at sun.reflect.DelegatingMethodAccessorImpl.invoke(DelegatingMethodAccessorImpl.java:43)
	at java.lang.reflect.Method.invoke(Method.java:498)
	at cucumber.runtime.Utils$1.call(Utils.java:37)
	at cucumber.runtime.Timeout.timeout(Timeout.java:13)
	at cucumber.runtime.Utils.invoke(Utils.java:31)
	at cucumber.runtime.java.JavaHookDefinition.execute(JavaHookDefinition.java:60)
	at cucumber.runtime.Runtime.runHookIfTagsMatch(Runtime.java:223)
	at cucumber.runtime.Runtime.runHooks(Runtime.java:211)
	at cucumber.runtime.Runtime.runBeforeHooks(Runtime.java:201)
	at cucumber.runtime.model.CucumberScenario.run(CucumberScenario.java:40)
	at cucumber.runtime.junit.ExecutionUnitRunner.run(ExecutionUnitRunner.java:91)
	at org.junit.runners.Suite.runChild(Suite.java:127)
	at org.junit.runners.Suite.runChild(Suite.java:26)
	at org.junit.runners.ParentRunner$3.run(ParentRunner.java:238)
	at org.junit.runners.ParentRunner$1.schedule(ParentRunner.java:63)
	at org.junit.runners.ParentRunner.runChildren(ParentRunner.java:236)
	at org.junit.runners.ParentRunner.access$000(ParentRunner.java:53)
	at org.junit.runners.ParentRunner$2.evaluate(ParentRunner.java:229)
	at org.junit.runners.ParentRunner.run(ParentRunner.java:309)
	at cucumber.runtime.junit.ExamplesRunner.run(ExamplesRunner.java:59)
	at org.junit.runners.Suite.runChild(Suite.java:127)
	at org.junit.runners.Suite.runChild(Suite.java:26)
	at org.junit.runners.ParentRunner$3.run(ParentRunner.java:238)
	at org.junit.runners.ParentRunner$1.schedule(ParentRunner.java:63)
	at org.junit.runners.ParentRunner.runChildren(ParentRunner.java:236)
	at org.junit.runners.ParentRunner.access$000(ParentRunner.java:53)
	at org.junit.runners.ParentRunner$2.evaluate(ParentRunner.java:229)
	at org.junit.runners.ParentRunner.run(ParentRunner.java:309)
	at cucumber.runtime.junit.ScenarioOutlineRunner.run(ScenarioOutlineRunner.java:53)
	at cucumber.runtime.junit.FeatureRunner.runChild(FeatureRunner.java:63)
	at cucumber.runtime.junit.FeatureRunner.runChild(FeatureRunner.java:18)
	at org.junit.runners.ParentRunner$3.run(ParentRunner.java:238)
	at org.junit.runners.ParentRunner$1.schedule(ParentRunner.java:63)
	at org.junit.runners.ParentRunner.runChildren(ParentRunner.java:236)
	at org.junit.runners.ParentRunner.access$000(ParentRunner.java:53)
	at org.junit.runners.ParentRunner$2.evaluate(ParentRunner.java:229)
	at org.junit.runners.ParentRunner.run(ParentRunner.java:309)
	at cucumber.runtime.junit.FeatureRunner.run(FeatureRunner.java:70)
	at cucumber.api.junit.Cucumber.runChild(Cucumber.java:93)
	at cucumber.api.junit.Cucumber.runChild(Cucumber.java:37)
	at org.junit.runners.ParentRunner$3.run(ParentRunner.java:238)
	at org.junit.runners.ParentRunner$1.schedule(ParentRunner.java:63)
	at org.junit.runners.ParentRunner.runChildren(ParentRunner.java:236)
	at org.junit.runners.ParentRunner.access$000(ParentRunner.java:53)
	at org.junit.runners.ParentRunner$2.evaluate(ParentRunner.java:229)
	at org.junit.internal.runners.statements.RunBefores.evaluate(RunBefores.java:26)
	at org.junit.internal.runners.statements.RunAfters.evaluate(RunAfters.java:27)
	at org.junit.runners.ParentRunner.run(ParentRunner.java:309)
	at cucumber.api.junit.Cucumber.run(Cucumber.java:98)
	at org.apache.maven.surefire.junit4.JUnit4TestSet.execute(JUnit4TestSet.java:62)
	at org.apache.maven.surefire.suite.AbstractDirectoryTestSuite.executeTestSet(AbstractDirectoryTestSuite.java:140)
	at org.apache.maven.surefire.suite.AbstractDirectoryTestSuite.execute(AbstractDirectoryTestSuite.java:127)
	at org.apache.maven.surefire.Surefire.run(Surefire.java:177)
	at sun.reflect.NativeMethodAccessorImpl.invoke0(Native Method)
	at sun.reflect.NativeMethodAccessorImpl.invoke(NativeMethodAccessorImpl.java:62)
	at sun.reflect.DelegatingMethodAccessorImpl.invoke(DelegatingMethodAccessorImpl.java:43)
	at java.lang.reflect.Method.invoke(Method.java:498)
	at org.apache.maven.surefire.booter.SurefireBooter.runSuitesInProcess(SurefireBooter.java:338)
	at org.apache.maven.surefire.booter.SurefireBooter.main(SurefireBooter.java:997)
</error>
    <system-out>URL link Resopnse Code not 200
URL link Resopnse Code not 200
Helper - Scenario Name: COMSMOKETEST_TS04
</system-out>
  </testcase>
  <testcase classname="| ContentCOMDEV@mailinator.com | All Time | Blocked | Overdue | Publication |" name="Given Im an Account Manager" time="4.11">
    <skipped/>
  </testcase>
  <testcase classname="| ContentCOMDEV@mailinator.com | All Time | Blocked | Overdue | Publication |" name="When I navigate to &quot;COMDEV_Login&quot;" time="4.11">
    <skipped/>
  </testcase>
  <testcase classname="| ContentCOMDEV@mailinator.com | All Time | Blocked | Overdue | Publication |" name="And I populate COM01_Username with ContentCOMDEV@mailinator.com" time="4.111">
    <skipped/>
  </testcase>
  <testcase classname="| ContentCOMDEV@mailinator.com | All Time | Blocked | Overdue | Publication |" name="And I populate COM01_Password with &quot;qwerty123&quot;" time="4.111">
    <skipped/>
  </testcase>
  <testcase classname="| ContentCOMDEV@mailinator.com | All Time | Blocked | Overdue | Publication |" name="And I click COM01_LogIn button" time="4.112">
    <skipped/>
  </testcase>
  <testcase classname="| ContentCOMDEV@mailinator.com | All Time | Blocked | Overdue | Publication |" name="Then Ill see that Ive login successfully" time="4.113">
    <skipped/>
  </testcase>
  <testcase classname="| ContentCOMDEV@mailinator.com | All Time | Blocked | Overdue | Publication |" name="When I navigate to &quot;COMDEV_Task&quot;" time="4.113">
    <skipped/>
  </testcase>
  <testcase classname="| ContentCOMDEV@mailinator.com | All Time | Blocked | Overdue | Publication |" name="And I click COM13_All Time button" time="4.114">
    <skipped/>
  </testcase>
  <testcase classname="| ContentCOMDEV@mailinator.com | All Time | Blocked | Overdue | Publication |" name="Then Ill see all assigned All Time task during 1Fil of ContentCOMDEV@mailinator.com" time="4.114">
    <skipped/>
  </testcase>
  <testcase classname="| ContentCOMDEV@mailinator.com | All Time | Blocked | Overdue | Publication |" name="When I select Blocked over COM13_FilterStatus dropdown" time="4.115">
    <skipped/>
  </testcase>
  <testcase classname="| ContentCOMDEV@mailinator.com | All Time | Blocked | Overdue | Publication |" name="Then Ill see all assigned Blocked for a given All Time during 2Fil of ContentCOMDEV@mailinator.com" time="4.115">
    <skipped/>
  </testcase>
  <testcase classname="| ContentCOMDEV@mailinator.com | All Time | Blocked | Overdue | Publication |" name="When I select Overdue over COM13_FilterAddtlStatus dropdown" time="4.117">
    <skipped/>
  </testcase>
  <testcase classname="| ContentCOMDEV@mailinator.com | All Time | Blocked | Overdue | Publication |" name="Then Ill see all assigned Overdue for a given All Time and Blocked during 3Fil of ContentCOMDEV@mailinator.com" time="4.117">
    <skipped/>
  </testcase>
  <testcase classname="| ContentCOMDEV@mailinator.com | All Time | Blocked | Overdue | Publication |" name="When I populate COM13_MytaskSearch with Publication" time="4.117">
    <skipped/>
  </testcase>
  <testcase classname="| ContentCOMDEV@mailinator.com | All Time | Blocked | Overdue | Publication |" name="And I click COM13_Search button over COM13_MyTask" time="4.117">
    <skipped/>
  </testcase>
  <testcase classname="| ContentCOMDEV@mailinator.com | All Time | Blocked | Overdue | Publication |" name="Then Ill see all assigned Publication for a given All Time, Blocked and Overdue during 4Fil of ContentCOMDEV@mailinator.com" time="4.117">
    <skipped/>
  </testcase>
  <testcase classname="| ContentCOMDEV@mailinator.com | All Time | Blocked | Overdue | Publication |" name="When I navigate to &quot;COMDEV_Logout&quot;" time="4.117">
    <skipped/>
  </testcase>
  <testcase classname="| ContentCOMDEV@mailinator.com | All Time | Blocked | Overdue | Publication |" name="Then Ill see that Ive logout successfully" time="4.117">
    <skipped/>
  </testcase>
  <testcase classname="| ContentCOMDEV@mailinator.com | All Time | Blocked | Overdue | Publication |" name="| ContentCOMDEV@mailinator.com | All Time | Blocked | Overdue | Publication |" time="8.189">
    <error message="chrome not reachable
  (Session info: chrome=53.0.2785.116)
  (Driver info: chromedriver=2.25.426923 (0390b88869384d6eb0d5d09729679f934aab9eed),platform=Windows NT 10.0.17134 x86_64) (WARNING: The server did not provide any stacktrace information)
Command duration or timeout: 4.07 seconds
Build info: version: &apos;2.53.0&apos;, revision: &apos;35ae25b1534ae328c771e0856c93e187490ca824&apos;, time: &apos;2016-03-15 10:43:46&apos;
System info: host: &apos;ReuelSicatII-LAPTOP&apos;, ip: &apos;192.168.40.144&apos;, os.name: &apos;Windows 10&apos;, os.arch: &apos;amd64&apos;, os.version: &apos;10.0&apos;, java.version: &apos;1.8.0_181&apos;
Driver info: org.openqa.selenium.chrome.ChromeDriver
Capabilities [{applicationCacheEnabled=false, rotatable=false, mobileEmulationEnabled=false, networkConnectionEnabled=false, chrome={chromedriverVersion=2.25.426923 (0390b88869384d6eb0d5d09729679f934aab9eed), userDataDir=C:\Users\REUELS~1\AppData\Local\Temp\scoped_dir93948_25971}, takesHeapSnapshot=true, pageLoadStrategy=normal, databaseEnabled=false, handlesAlerts=true, hasTouchScreen=false, version=53.0.2785.116, platform=XP, browserConnectionEnabled=false, nativeEvents=true, acceptSslCerts=true, locationContextEnabled=true, webStorageEnabled=true, browserName=chrome, takesScreenshot=true, javascriptEnabled=true, cssSelectorsEnabled=true}]
Session ID: 92d136295998e0382b0f0cc7099b83b6" type="org.openqa.selenium.WebDriverException">org.openqa.selenium.WebDriverException: chrome not reachable
  (Session info: chrome=53.0.2785.116)
  (Driver info: chromedriver=2.25.426923 (0390b88869384d6eb0d5d09729679f934aab9eed),platform=Windows NT 10.0.17134 x86_64) (WARNING: The server did not provide any stacktrace information)
Command duration or timeout: 4.07 seconds
Build info: version: &apos;2.53.0&apos;, revision: &apos;35ae25b1534ae328c771e0856c93e187490ca824&apos;, time: &apos;2016-03-15 10:43:46&apos;
System info: host: &apos;ReuelSicatII-LAPTOP&apos;, ip: &apos;192.168.40.144&apos;, os.name: &apos;Windows 10&apos;, os.arch: &apos;amd64&apos;, os.version: &apos;10.0&apos;, java.version: &apos;1.8.0_181&apos;
Driver info: org.openqa.selenium.chrome.ChromeDriver
Capabilities [{applicationCacheEnabled=false, rotatable=false, mobileEmulationEnabled=false, networkConnectionEnabled=false, chrome={chromedriverVersion=2.25.426923 (0390b88869384d6eb0d5d09729679f934aab9eed), userDataDir=C:\Users\REUELS~1\AppData\Local\Temp\scoped_dir93948_25971}, takesHeapSnapshot=true, pageLoadStrategy=normal, databaseEnabled=false, handlesAlerts=true, hasTouchScreen=false, version=53.0.2785.116, platform=XP, browserConnectionEnabled=false, nativeEvents=true, acceptSslCerts=true, locationContextEnabled=true, webStorageEnabled=true, browserName=chrome, takesScreenshot=true, javascriptEnabled=true, cssSelectorsEnabled=true}]
Session ID: 92d136295998e0382b0f0cc7099b83b6
	at sun.reflect.GeneratedConstructorAccessor19.newInstance(Unknown Source)
	at sun.reflect.DelegatingConstructorAccessorImpl.newInstance(DelegatingConstructorAccessorImpl.java:45)
	at java.lang.reflect.Constructor.newInstance(Constructor.java:423)
	at org.openqa.selenium.remote.ErrorHandler.createThrowable(ErrorHandler.java:206)
	at org.openqa.selenium.remote.ErrorHandler.throwIfResponseFailed(ErrorHandler.java:158)
	at org.openqa.selenium.remote.RemoteWebDriver.execute(RemoteWebDriver.java:678)
	at org.openqa.selenium.remote.RemoteWebDriver.execute(RemoteWebDriver.java:701)
	at org.openqa.selenium.remote.RemoteWebDriver.getScreenshotAs(RemoteWebDriver.java:335)
	at cucumber.Framework.TearDown.teardown(TearDown.java:33)
	at sun.reflect.GeneratedMethodAccessor36.invoke(Unknown Source)
	at sun.reflect.DelegatingMethodAccessorImpl.invoke(DelegatingMethodAccessorImpl.java:43)
	at java.lang.reflect.Method.invoke(Method.java:498)
	at cucumber.runtime.Utils$1.call(Utils.java:37)
	at cucumber.runtime.Timeout.timeout(Timeout.java:13)
	at cucumber.runtime.Utils.invoke(Utils.java:31)
	at cucumber.runtime.java.JavaHookDefinition.execute(JavaHookDefinition.java:60)
	at cucumber.runtime.Runtime.runHookIfTagsMatch(Runtime.java:223)
	at cucumber.runtime.Runtime.runHooks(Runtime.java:211)
	at cucumber.runtime.Runtime.runAfterHooks(Runtime.java:205)
	at cucumber.runtime.model.CucumberScenario.run(CucumberScenario.java:46)
	at cucumber.runtime.junit.ExecutionUnitRunner.run(ExecutionUnitRunner.java:91)
	at org.junit.runners.Suite.runChild(Suite.java:127)
	at org.junit.runners.Suite.runChild(Suite.java:26)
	at org.junit.runners.ParentRunner$3.run(ParentRunner.java:238)
	at org.junit.runners.ParentRunner$1.schedule(ParentRunner.java:63)
	at org.junit.runners.ParentRunner.runChildren(ParentRunner.java:236)
	at org.junit.runners.ParentRunner.access$000(ParentRunner.java:53)
	at org.junit.runners.ParentRunner$2.evaluate(ParentRunner.java:229)
	at org.junit.runners.ParentRunner.run(ParentRunner.java:309)
	at cucumber.runtime.junit.ExamplesRunner.run(ExamplesRunner.java:59)
	at org.junit.runners.Suite.runChild(Suite.java:127)
	at org.junit.runners.Suite.runChild(Suite.java:26)
	at org.junit.runners.ParentRunner$3.run(ParentRunner.java:238)
	at org.junit.runners.ParentRunner$1.schedule(ParentRunner.java:63)
	at org.junit.runners.ParentRunner.runChildren(ParentRunner.java:236)
	at org.junit.runners.ParentRunner.access$000(ParentRunner.java:53)
	at org.junit.runners.ParentRunner$2.evaluate(ParentRunner.java:229)
	at org.junit.runners.ParentRunner.run(ParentRunner.java:309)
	at cucumber.runtime.junit.ScenarioOutlineRunner.run(ScenarioOutlineRunner.java:53)
	at cucumber.runtime.junit.FeatureRunner.runChild(FeatureRunner.java:63)
	at cucumber.runtime.junit.FeatureRunner.runChild(FeatureRunner.java:18)
	at org.junit.runners.ParentRunner$3.run(ParentRunner.java:238)
	at org.junit.runners.ParentRunner$1.schedule(ParentRunner.java:63)
	at org.junit.runners.ParentRunner.runChildren(ParentRunner.java:236)
	at org.junit.runners.ParentRunner.access$000(ParentRunner.java:53)
	at org.junit.runners.ParentRunner$2.evaluate(ParentRunner.java:229)
	at org.junit.runners.ParentRunner.run(ParentRunner.java:309)
	at cucumber.runtime.junit.FeatureRunner.run(FeatureRunner.java:70)
	at cucumber.api.junit.Cucumber.runChild(Cucumber.java:93)
	at cucumber.api.junit.Cucumber.runChild(Cucumber.java:37)
	at org.junit.runners.ParentRunner$3.run(ParentRunner.java:238)
	at org.junit.runners.ParentRunner$1.schedule(ParentRunner.java:63)
	at org.junit.runners.ParentRunner.runChildren(ParentRunner.java:236)
	at org.junit.runners.ParentRunner.access$000(ParentRunner.java:53)
	at org.junit.runners.ParentRunner$2.evaluate(ParentRunner.java:229)
	at org.junit.internal.runners.statements.RunBefores.evaluate(RunBefores.java:26)
	at org.junit.internal.runners.statements.RunAfters.evaluate(RunAfters.java:27)
	at org.junit.runners.ParentRunner.run(ParentRunner.java:309)
	at cucumber.api.junit.Cucumber.run(Cucumber.java:98)
	at org.apache.maven.surefire.junit4.JUnit4TestSet.execute(JUnit4TestSet.java:62)
	at org.apache.maven.surefire.suite.AbstractDirectoryTestSuite.executeTestSet(AbstractDirectoryTestSuite.java:140)
	at org.apache.maven.surefire.suite.AbstractDirectoryTestSuite.execute(AbstractDirectoryTestSuite.java:127)
	at org.apache.maven.surefire.Surefire.run(Surefire.java:177)
	at sun.reflect.NativeMethodAccessorImpl.invoke0(Native Method)
	at sun.reflect.NativeMethodAccessorImpl.invoke(NativeMethodAccessorImpl.java:62)
	at sun.reflect.DelegatingMethodAccessorImpl.invoke(DelegatingMethodAccessorImpl.java:43)
	at java.lang.reflect.Method.invoke(Method.java:498)
	at org.apache.maven.surefire.booter.SurefireBooter.runSuitesInProcess(SurefireBooter.java:338)
	at org.apache.maven.surefire.booter.SurefireBooter.main(SurefireBooter.java:997)
</error>
    <system-out>URL link Resopnse Code not 200
URL link Resopnse Code not 200
Helper - Scenario Name: COMSMOKETEST_TS04
</system-out>
  </testcase>
  <testcase classname="| WebDevCOMDEV@mailinator.com | All Time | Blocked | Overdue | Hour |" name="| WebDevCOMDEV@mailinator.com | All Time | Blocked | Overdue | Hour |" time="4.179">
    <error message="chrome not reachable
  (Session info: chrome=53.0.2785.116)
  (Driver info: chromedriver=2.25.426923 (0390b88869384d6eb0d5d09729679f934aab9eed),platform=Windows NT 10.0.17134 x86_64) (WARNING: The server did not provide any stacktrace information)
Command duration or timeout: 4.09 seconds
Build info: version: &apos;2.53.0&apos;, revision: &apos;35ae25b1534ae328c771e0856c93e187490ca824&apos;, time: &apos;2016-03-15 10:43:46&apos;
System info: host: &apos;ReuelSicatII-LAPTOP&apos;, ip: &apos;192.168.40.144&apos;, os.name: &apos;Windows 10&apos;, os.arch: &apos;amd64&apos;, os.version: &apos;10.0&apos;, java.version: &apos;1.8.0_181&apos;
Driver info: org.openqa.selenium.chrome.ChromeDriver
Capabilities [{applicationCacheEnabled=false, rotatable=false, mobileEmulationEnabled=false, networkConnectionEnabled=false, chrome={chromedriverVersion=2.25.426923 (0390b88869384d6eb0d5d09729679f934aab9eed), userDataDir=C:\Users\REUELS~1\AppData\Local\Temp\scoped_dir93948_25971}, takesHeapSnapshot=true, pageLoadStrategy=normal, databaseEnabled=false, handlesAlerts=true, hasTouchScreen=false, version=53.0.2785.116, platform=XP, browserConnectionEnabled=false, nativeEvents=true, acceptSslCerts=true, locationContextEnabled=true, webStorageEnabled=true, browserName=chrome, takesScreenshot=true, javascriptEnabled=true, cssSelectorsEnabled=true}]
Session ID: 92d136295998e0382b0f0cc7099b83b6" type="org.openqa.selenium.WebDriverException">org.openqa.selenium.WebDriverException: chrome not reachable
  (Session info: chrome=53.0.2785.116)
  (Driver info: chromedriver=2.25.426923 (0390b88869384d6eb0d5d09729679f934aab9eed),platform=Windows NT 10.0.17134 x86_64) (WARNING: The server did not provide any stacktrace information)
Command duration or timeout: 4.09 seconds
Build info: version: &apos;2.53.0&apos;, revision: &apos;35ae25b1534ae328c771e0856c93e187490ca824&apos;, time: &apos;2016-03-15 10:43:46&apos;
System info: host: &apos;ReuelSicatII-LAPTOP&apos;, ip: &apos;192.168.40.144&apos;, os.name: &apos;Windows 10&apos;, os.arch: &apos;amd64&apos;, os.version: &apos;10.0&apos;, java.version: &apos;1.8.0_181&apos;
Driver info: org.openqa.selenium.chrome.ChromeDriver
Capabilities [{applicationCacheEnabled=false, rotatable=false, mobileEmulationEnabled=false, networkConnectionEnabled=false, chrome={chromedriverVersion=2.25.426923 (0390b88869384d6eb0d5d09729679f934aab9eed), userDataDir=C:\Users\REUELS~1\AppData\Local\Temp\scoped_dir93948_25971}, takesHeapSnapshot=true, pageLoadStrategy=normal, databaseEnabled=false, handlesAlerts=true, hasTouchScreen=false, version=53.0.2785.116, platform=XP, browserConnectionEnabled=false, nativeEvents=true, acceptSslCerts=true, locationContextEnabled=true, webStorageEnabled=true, browserName=chrome, takesScreenshot=true, javascriptEnabled=true, cssSelectorsEnabled=true}]
Session ID: 92d136295998e0382b0f0cc7099b83b6
	at sun.reflect.GeneratedConstructorAccessor19.newInstance(Unknown Source)
	at sun.reflect.DelegatingConstructorAccessorImpl.newInstance(DelegatingConstructorAccessorImpl.java:45)
	at java.lang.reflect.Constructor.newInstance(Constructor.java:423)
	at org.openqa.selenium.remote.ErrorHandler.createThrowable(ErrorHandler.java:206)
	at org.openqa.selenium.remote.ErrorHandler.throwIfResponseFailed(ErrorHandler.java:158)
	at org.openqa.selenium.remote.RemoteWebDriver.execute(RemoteWebDriver.java:678)
	at org.openqa.selenium.remote.RemoteWebDriver.execute(RemoteWebDriver.java:701)
	at org.openqa.selenium.remote.RemoteWebDriver$RemoteWebDriverOptions.deleteAllCookies(RemoteWebDriver.java:773)
	at cucumber.Framework.WEBHelper.GetDriverObject(WEBHelper.java:217)
	at cucumber.Framework.SetUp.setup(SetUp.java:50)
	at sun.reflect.GeneratedMethodAccessor33.invoke(Unknown Source)
	at sun.reflect.DelegatingMethodAccessorImpl.invoke(DelegatingMethodAccessorImpl.java:43)
	at java.lang.reflect.Method.invoke(Method.java:498)
	at cucumber.runtime.Utils$1.call(Utils.java:37)
	at cucumber.runtime.Timeout.timeout(Timeout.java:13)
	at cucumber.runtime.Utils.invoke(Utils.java:31)
	at cucumber.runtime.java.JavaHookDefinition.execute(JavaHookDefinition.java:60)
	at cucumber.runtime.Runtime.runHookIfTagsMatch(Runtime.java:223)
	at cucumber.runtime.Runtime.runHooks(Runtime.java:211)
	at cucumber.runtime.Runtime.runBeforeHooks(Runtime.java:201)
	at cucumber.runtime.model.CucumberScenario.run(CucumberScenario.java:40)
	at cucumber.runtime.junit.ExecutionUnitRunner.run(ExecutionUnitRunner.java:91)
	at org.junit.runners.Suite.runChild(Suite.java:127)
	at org.junit.runners.Suite.runChild(Suite.java:26)
	at org.junit.runners.ParentRunner$3.run(ParentRunner.java:238)
	at org.junit.runners.ParentRunner$1.schedule(ParentRunner.java:63)
	at org.junit.runners.ParentRunner.runChildren(ParentRunner.java:236)
	at org.junit.runners.ParentRunner.access$000(ParentRunner.java:53)
	at org.junit.runners.ParentRunner$2.evaluate(ParentRunner.java:229)
	at org.junit.runners.ParentRunner.run(ParentRunner.java:309)
	at cucumber.runtime.junit.ExamplesRunner.run(ExamplesRunner.java:59)
	at org.junit.runners.Suite.runChild(Suite.java:127)
	at org.junit.runners.Suite.runChild(Suite.java:26)
	at org.junit.runners.ParentRunner$3.run(ParentRunner.java:238)
	at org.junit.runners.ParentRunner$1.schedule(ParentRunner.java:63)
	at org.junit.runners.ParentRunner.runChildren(ParentRunner.java:236)
	at org.junit.runners.ParentRunner.access$000(ParentRunner.java:53)
	at org.junit.runners.ParentRunner$2.evaluate(ParentRunner.java:229)
	at org.junit.runners.ParentRunner.run(ParentRunner.java:309)
	at cucumber.runtime.junit.ScenarioOutlineRunner.run(ScenarioOutlineRunner.java:53)
	at cucumber.runtime.junit.FeatureRunner.runChild(FeatureRunner.java:63)
	at cucumber.runtime.junit.FeatureRunner.runChild(FeatureRunner.java:18)
	at org.junit.runners.ParentRunner$3.run(ParentRunner.java:238)
	at org.junit.runners.ParentRunner$1.schedule(ParentRunner.java:63)
	at org.junit.runners.ParentRunner.runChildren(ParentRunner.java:236)
	at org.junit.runners.ParentRunner.access$000(ParentRunner.java:53)
	at org.junit.runners.ParentRunner$2.evaluate(ParentRunner.java:229)
	at org.junit.runners.ParentRunner.run(ParentRunner.java:309)
	at cucumber.runtime.junit.FeatureRunner.run(FeatureRunner.java:70)
	at cucumber.api.junit.Cucumber.runChild(Cucumber.java:93)
	at cucumber.api.junit.Cucumber.runChild(Cucumber.java:37)
	at org.junit.runners.ParentRunner$3.run(ParentRunner.java:238)
	at org.junit.runners.ParentRunner$1.schedule(ParentRunner.java:63)
	at org.junit.runners.ParentRunner.runChildren(ParentRunner.java:236)
	at org.junit.runners.ParentRunner.access$000(ParentRunner.java:53)
	at org.junit.runners.ParentRunner$2.evaluate(ParentRunner.java:229)
	at org.junit.internal.runners.statements.RunBefores.evaluate(RunBefores.java:26)
	at org.junit.internal.runners.statements.RunAfters.evaluate(RunAfters.java:27)
	at org.junit.runners.ParentRunner.run(ParentRunner.java:309)
	at cucumber.api.junit.Cucumber.run(Cucumber.java:98)
	at org.apache.maven.surefire.junit4.JUnit4TestSet.execute(JUnit4TestSet.java:62)
	at org.apache.maven.surefire.suite.AbstractDirectoryTestSuite.executeTestSet(AbstractDirectoryTestSuite.java:140)
	at org.apache.maven.surefire.suite.AbstractDirectoryTestSuite.execute(AbstractDirectoryTestSuite.java:127)
	at org.apache.maven.surefire.Surefire.run(Surefire.java:177)
	at sun.reflect.NativeMethodAccessorImpl.invoke0(Native Method)
	at sun.reflect.NativeMethodAccessorImpl.invoke(NativeMethodAccessorImpl.java:62)
	at sun.reflect.DelegatingMethodAccessorImpl.invoke(DelegatingMethodAccessorImpl.java:43)
	at java.lang.reflect.Method.invoke(Method.java:498)
	at org.apache.maven.surefire.booter.SurefireBooter.runSuitesInProcess(SurefireBooter.java:338)
	at org.apache.maven.surefire.booter.SurefireBooter.main(SurefireBooter.java:997)
</error>
    <system-out>URL link Resopnse Code not 200
URL link Resopnse Code not 200
Helper - Scenario Name: COMSMOKETEST_TS04
</system-out>
  </testcase>
  <testcase classname="| WebDevCOMDEV@mailinator.com | All Time | Blocked | Overdue | Hour |" name="Given Im an Account Manager" time="4.179">
    <skipped/>
  </testcase>
  <testcase classname="| WebDevCOMDEV@mailinator.com | All Time | Blocked | Overdue | Hour |" name="When I navigate to &quot;COMDEV_Login&quot;" time="4.179">
    <skipped/>
  </testcase>
  <testcase classname="| WebDevCOMDEV@mailinator.com | All Time | Blocked | Overdue | Hour |" name="And I populate COM01_Username with WebDevCOMDEV@mailinator.com" time="4.179">
    <skipped/>
  </testcase>
  <testcase classname="| WebDevCOMDEV@mailinator.com | All Time | Blocked | Overdue | Hour |" name="And I populate COM01_Password with &quot;qwerty123&quot;" time="4.195">
    <skipped/>
  </testcase>
  <testcase classname="| WebDevCOMDEV@mailinator.com | All Time | Blocked | Overdue | Hour |" name="And I click COM01_LogIn button" time="4.195">
    <skipped/>
  </testcase>
  <testcase classname="| WebDevCOMDEV@mailinator.com | All Time | Blocked | Overdue | Hour |" name="Then Ill see that Ive login successfully" time="4.195">
    <skipped/>
  </testcase>
  <testcase classname="| WebDevCOMDEV@mailinator.com | All Time | Blocked | Overdue | Hour |" name="When I navigate to &quot;COMDEV_Task&quot;" time="4.195">
    <skipped/>
  </testcase>
  <testcase classname="| WebDevCOMDEV@mailinator.com | All Time | Blocked | Overdue | Hour |" name="And I click COM13_All Time button" time="4.195">
    <skipped/>
  </testcase>
  <testcase classname="| WebDevCOMDEV@mailinator.com | All Time | Blocked | Overdue | Hour |" name="Then Ill see all assigned All Time task during 1Fil of WebDevCOMDEV@mailinator.com" time="4.195">
    <skipped/>
  </testcase>
  <testcase classname="| WebDevCOMDEV@mailinator.com | All Time | Blocked | Overdue | Hour |" name="When I select Blocked over COM13_FilterStatus dropdown" time="4.195">
    <skipped/>
  </testcase>
  <testcase classname="| WebDevCOMDEV@mailinator.com | All Time | Blocked | Overdue | Hour |" name="Then Ill see all assigned Blocked for a given All Time during 2Fil of WebDevCOMDEV@mailinator.com" time="4.195">
    <skipped/>
  </testcase>
  <testcase classname="| WebDevCOMDEV@mailinator.com | All Time | Blocked | Overdue | Hour |" name="When I select Overdue over COM13_FilterAddtlStatus dropdown" time="4.195">
    <skipped/>
  </testcase>
  <testcase classname="| WebDevCOMDEV@mailinator.com | All Time | Blocked | Overdue | Hour |" name="Then Ill see all assigned Overdue for a given All Time and Blocked during 3Fil of WebDevCOMDEV@mailinator.com" time="4.195">
    <skipped/>
  </testcase>
  <testcase classname="| WebDevCOMDEV@mailinator.com | All Time | Blocked | Overdue | Hour |" name="When I populate COM13_MytaskSearch with Hour" time="4.195">
    <skipped/>
  </testcase>
  <testcase classname="| WebDevCOMDEV@mailinator.com | All Time | Blocked | Overdue | Hour |" name="And I click COM13_Search button over COM13_MyTask" time="4.195">
    <skipped/>
  </testcase>
  <testcase classname="| WebDevCOMDEV@mailinator.com | All Time | Blocked | Overdue | Hour |" name="Then Ill see all assigned Hour for a given All Time, Blocked and Overdue during 4Fil of WebDevCOMDEV@mailinator.com" time="4.195">
    <skipped/>
  </testcase>
  <testcase classname="| WebDevCOMDEV@mailinator.com | All Time | Blocked | Overdue | Hour |" name="When I navigate to &quot;COMDEV_Logout&quot;" time="4.195">
    <skipped/>
  </testcase>
  <testcase classname="| WebDevCOMDEV@mailinator.com | All Time | Blocked | Overdue | Hour |" name="Then Ill see that Ive logout successfully" time="4.195">
    <skipped/>
  </testcase>
  <testcase classname="| WebDevCOMDEV@mailinator.com | All Time | Blocked | Overdue | Hour |" name="| WebDevCOMDEV@mailinator.com | All Time | Blocked | Overdue | Hour |" time="8.26">
    <error message="chrome not reachable
  (Session info: chrome=53.0.2785.116)
  (Driver info: chromedriver=2.25.426923 (0390b88869384d6eb0d5d09729679f934aab9eed),platform=Windows NT 10.0.17134 x86_64) (WARNING: The server did not provide any stacktrace information)
Command duration or timeout: 4.06 seconds
Build info: version: &apos;2.53.0&apos;, revision: &apos;35ae25b1534ae328c771e0856c93e187490ca824&apos;, time: &apos;2016-03-15 10:43:46&apos;
System info: host: &apos;ReuelSicatII-LAPTOP&apos;, ip: &apos;192.168.40.144&apos;, os.name: &apos;Windows 10&apos;, os.arch: &apos;amd64&apos;, os.version: &apos;10.0&apos;, java.version: &apos;1.8.0_181&apos;
Driver info: org.openqa.selenium.chrome.ChromeDriver
Capabilities [{applicationCacheEnabled=false, rotatable=false, mobileEmulationEnabled=false, networkConnectionEnabled=false, chrome={chromedriverVersion=2.25.426923 (0390b88869384d6eb0d5d09729679f934aab9eed), userDataDir=C:\Users\REUELS~1\AppData\Local\Temp\scoped_dir93948_25971}, takesHeapSnapshot=true, pageLoadStrategy=normal, databaseEnabled=false, handlesAlerts=true, hasTouchScreen=false, version=53.0.2785.116, platform=XP, browserConnectionEnabled=false, nativeEvents=true, acceptSslCerts=true, locationContextEnabled=true, webStorageEnabled=true, browserName=chrome, takesScreenshot=true, javascriptEnabled=true, cssSelectorsEnabled=true}]
Session ID: 92d136295998e0382b0f0cc7099b83b6" type="org.openqa.selenium.WebDriverException">org.openqa.selenium.WebDriverException: chrome not reachable
  (Session info: chrome=53.0.2785.116)
  (Driver info: chromedriver=2.25.426923 (0390b88869384d6eb0d5d09729679f934aab9eed),platform=Windows NT 10.0.17134 x86_64) (WARNING: The server did not provide any stacktrace information)
Command duration or timeout: 4.06 seconds
Build info: version: &apos;2.53.0&apos;, revision: &apos;35ae25b1534ae328c771e0856c93e187490ca824&apos;, time: &apos;2016-03-15 10:43:46&apos;
System info: host: &apos;ReuelSicatII-LAPTOP&apos;, ip: &apos;192.168.40.144&apos;, os.name: &apos;Windows 10&apos;, os.arch: &apos;amd64&apos;, os.version: &apos;10.0&apos;, java.version: &apos;1.8.0_181&apos;
Driver info: org.openqa.selenium.chrome.ChromeDriver
Capabilities [{applicationCacheEnabled=false, rotatable=false, mobileEmulationEnabled=false, networkConnectionEnabled=false, chrome={chromedriverVersion=2.25.426923 (0390b88869384d6eb0d5d09729679f934aab9eed), userDataDir=C:\Users\REUELS~1\AppData\Local\Temp\scoped_dir93948_25971}, takesHeapSnapshot=true, pageLoadStrategy=normal, databaseEnabled=false, handlesAlerts=true, hasTouchScreen=false, version=53.0.2785.116, platform=XP, browserConnectionEnabled=false, nativeEvents=true, acceptSslCerts=true, locationContextEnabled=true, webStorageEnabled=true, browserName=chrome, takesScreenshot=true, javascriptEnabled=true, cssSelectorsEnabled=true}]
Session ID: 92d136295998e0382b0f0cc7099b83b6
	at sun.reflect.GeneratedConstructorAccessor19.newInstance(Unknown Source)
	at sun.reflect.DelegatingConstructorAccessorImpl.newInstance(DelegatingConstructorAccessorImpl.java:45)
	at java.lang.reflect.Constructor.newInstance(Constructor.java:423)
	at org.openqa.selenium.remote.ErrorHandler.createThrowable(ErrorHandler.java:206)
	at org.openqa.selenium.remote.ErrorHandler.throwIfResponseFailed(ErrorHandler.java:158)
	at org.openqa.selenium.remote.RemoteWebDriver.execute(RemoteWebDriver.java:678)
	at org.openqa.selenium.remote.RemoteWebDriver.execute(RemoteWebDriver.java:701)
	at org.openqa.selenium.remote.RemoteWebDriver.getScreenshotAs(RemoteWebDriver.java:335)
	at cucumber.Framework.TearDown.teardown(TearDown.java:33)
	at sun.reflect.GeneratedMethodAccessor36.invoke(Unknown Source)
	at sun.reflect.DelegatingMethodAccessorImpl.invoke(DelegatingMethodAccessorImpl.java:43)
	at java.lang.reflect.Method.invoke(Method.java:498)
	at cucumber.runtime.Utils$1.call(Utils.java:37)
	at cucumber.runtime.Timeout.timeout(Timeout.java:13)
	at cucumber.runtime.Utils.invoke(Utils.java:31)
	at cucumber.runtime.java.JavaHookDefinition.execute(JavaHookDefinition.java:60)
	at cucumber.runtime.Runtime.runHookIfTagsMatch(Runtime.java:223)
	at cucumber.runtime.Runtime.runHooks(Runtime.java:211)
	at cucumber.runtime.Runtime.runAfterHooks(Runtime.java:205)
	at cucumber.runtime.model.CucumberScenario.run(CucumberScenario.java:46)
	at cucumber.runtime.junit.ExecutionUnitRunner.run(ExecutionUnitRunner.java:91)
	at org.junit.runners.Suite.runChild(Suite.java:127)
	at org.junit.runners.Suite.runChild(Suite.java:26)
	at org.junit.runners.ParentRunner$3.run(ParentRunner.java:238)
	at org.junit.runners.ParentRunner$1.schedule(ParentRunner.java:63)
	at org.junit.runners.ParentRunner.runChildren(ParentRunner.java:236)
	at org.junit.runners.ParentRunner.access$000(ParentRunner.java:53)
	at org.junit.runners.ParentRunner$2.evaluate(ParentRunner.java:229)
	at org.junit.runners.ParentRunner.run(ParentRunner.java:309)
	at cucumber.runtime.junit.ExamplesRunner.run(ExamplesRunner.java:59)
	at org.junit.runners.Suite.runChild(Suite.java:127)
	at org.junit.runners.Suite.runChild(Suite.java:26)
	at org.junit.runners.ParentRunner$3.run(ParentRunner.java:238)
	at org.junit.runners.ParentRunner$1.schedule(ParentRunner.java:63)
	at org.junit.runners.ParentRunner.runChildren(ParentRunner.java:236)
	at org.junit.runners.ParentRunner.access$000(ParentRunner.java:53)
	at org.junit.runners.ParentRunner$2.evaluate(ParentRunner.java:229)
	at org.junit.runners.ParentRunner.run(ParentRunner.java:309)
	at cucumber.runtime.junit.ScenarioOutlineRunner.run(ScenarioOutlineRunner.java:53)
	at cucumber.runtime.junit.FeatureRunner.runChild(FeatureRunner.java:63)
	at cucumber.runtime.junit.FeatureRunner.runChild(FeatureRunner.java:18)
	at org.junit.runners.ParentRunner$3.run(ParentRunner.java:238)
	at org.junit.runners.ParentRunner$1.schedule(ParentRunner.java:63)
	at org.junit.runners.ParentRunner.runChildren(ParentRunner.java:236)
	at org.junit.runners.ParentRunner.access$000(ParentRunner.java:53)
	at org.junit.runners.ParentRunner$2.evaluate(ParentRunner.java:229)
	at org.junit.runners.ParentRunner.run(ParentRunner.java:309)
	at cucumber.runtime.junit.FeatureRunner.run(FeatureRunner.java:70)
	at cucumber.api.junit.Cucumber.runChild(Cucumber.java:93)
	at cucumber.api.junit.Cucumber.runChild(Cucumber.java:37)
	at org.junit.runners.ParentRunner$3.run(ParentRunner.java:238)
	at org.junit.runners.ParentRunner$1.schedule(ParentRunner.java:63)
	at org.junit.runners.ParentRunner.runChildren(ParentRunner.java:236)
	at org.junit.runners.ParentRunner.access$000(ParentRunner.java:53)
	at org.junit.runners.ParentRunner$2.evaluate(ParentRunner.java:229)
	at org.junit.internal.runners.statements.RunBefores.evaluate(RunBefores.java:26)
	at org.junit.internal.runners.statements.RunAfters.evaluate(RunAfters.java:27)
	at org.junit.runners.ParentRunner.run(ParentRunner.java:309)
	at cucumber.api.junit.Cucumber.run(Cucumber.java:98)
	at org.apache.maven.surefire.junit4.JUnit4TestSet.execute(JUnit4TestSet.java:62)
	at org.apache.maven.surefire.suite.AbstractDirectoryTestSuite.executeTestSet(AbstractDirectoryTestSuite.java:140)
	at org.apache.maven.surefire.suite.AbstractDirectoryTestSuite.execute(AbstractDirectoryTestSuite.java:127)
	at org.apache.maven.surefire.Surefire.run(Surefire.java:177)
	at sun.reflect.NativeMethodAccessorImpl.invoke0(Native Method)
	at sun.reflect.NativeMethodAccessorImpl.invoke(NativeMethodAccessorImpl.java:62)
	at sun.reflect.DelegatingMethodAccessorImpl.invoke(DelegatingMethodAccessorImpl.java:43)
	at java.lang.reflect.Method.invoke(Method.java:498)
	at org.apache.maven.surefire.booter.SurefireBooter.runSuitesInProcess(SurefireBooter.java:338)
	at org.apache.maven.surefire.booter.SurefireBooter.main(SurefireBooter.java:997)
</error>
    <system-out>URL link Resopnse Code not 200
URL link Resopnse Code not 200
Helper - Scenario Name: COMSMOKETEST_TS04
</system-out>
  </testcase>
  <testcase classname="| ContentCOMDEV@mailinator.com | All Time | Blocked | Late | Editing |" name="| ContentCOMDEV@mailinator.com | All Time | Blocked | Late | Editing |" time="4.12">
    <error message="chrome not reachable
  (Session info: chrome=53.0.2785.116)
  (Driver info: chromedriver=2.25.426923 (0390b88869384d6eb0d5d09729679f934aab9eed),platform=Windows NT 10.0.17134 x86_64) (WARNING: The server did not provide any stacktrace information)
Command duration or timeout: 4.04 seconds
Build info: version: &apos;2.53.0&apos;, revision: &apos;35ae25b1534ae328c771e0856c93e187490ca824&apos;, time: &apos;2016-03-15 10:43:46&apos;
System info: host: &apos;ReuelSicatII-LAPTOP&apos;, ip: &apos;192.168.40.144&apos;, os.name: &apos;Windows 10&apos;, os.arch: &apos;amd64&apos;, os.version: &apos;10.0&apos;, java.version: &apos;1.8.0_181&apos;
Driver info: org.openqa.selenium.chrome.ChromeDriver
Capabilities [{applicationCacheEnabled=false, rotatable=false, mobileEmulationEnabled=false, networkConnectionEnabled=false, chrome={chromedriverVersion=2.25.426923 (0390b88869384d6eb0d5d09729679f934aab9eed), userDataDir=C:\Users\REUELS~1\AppData\Local\Temp\scoped_dir93948_25971}, takesHeapSnapshot=true, pageLoadStrategy=normal, databaseEnabled=false, handlesAlerts=true, hasTouchScreen=false, version=53.0.2785.116, platform=XP, browserConnectionEnabled=false, nativeEvents=true, acceptSslCerts=true, locationContextEnabled=true, webStorageEnabled=true, browserName=chrome, takesScreenshot=true, javascriptEnabled=true, cssSelectorsEnabled=true}]
Session ID: 92d136295998e0382b0f0cc7099b83b6" type="org.openqa.selenium.WebDriverException">org.openqa.selenium.WebDriverException: chrome not reachable
  (Session info: chrome=53.0.2785.116)
  (Driver info: chromedriver=2.25.426923 (0390b88869384d6eb0d5d09729679f934aab9eed),platform=Windows NT 10.0.17134 x86_64) (WARNING: The server did not provide any stacktrace information)
Command duration or timeout: 4.04 seconds
Build info: version: &apos;2.53.0&apos;, revision: &apos;35ae25b1534ae328c771e0856c93e187490ca824&apos;, time: &apos;2016-03-15 10:43:46&apos;
System info: host: &apos;ReuelSicatII-LAPTOP&apos;, ip: &apos;192.168.40.144&apos;, os.name: &apos;Windows 10&apos;, os.arch: &apos;amd64&apos;, os.version: &apos;10.0&apos;, java.version: &apos;1.8.0_181&apos;
Driver info: org.openqa.selenium.chrome.ChromeDriver
Capabilities [{applicationCacheEnabled=false, rotatable=false, mobileEmulationEnabled=false, networkConnectionEnabled=false, chrome={chromedriverVersion=2.25.426923 (0390b88869384d6eb0d5d09729679f934aab9eed), userDataDir=C:\Users\REUELS~1\AppData\Local\Temp\scoped_dir93948_25971}, takesHeapSnapshot=true, pageLoadStrategy=normal, databaseEnabled=false, handlesAlerts=true, hasTouchScreen=false, version=53.0.2785.116, platform=XP, browserConnectionEnabled=false, nativeEvents=true, acceptSslCerts=true, locationContextEnabled=true, webStorageEnabled=true, browserName=chrome, takesScreenshot=true, javascriptEnabled=true, cssSelectorsEnabled=true}]
Session ID: 92d136295998e0382b0f0cc7099b83b6
	at sun.reflect.GeneratedConstructorAccessor19.newInstance(Unknown Source)
	at sun.reflect.DelegatingConstructorAccessorImpl.newInstance(DelegatingConstructorAccessorImpl.java:45)
	at java.lang.reflect.Constructor.newInstance(Constructor.java:423)
	at org.openqa.selenium.remote.ErrorHandler.createThrowable(ErrorHandler.java:206)
	at org.openqa.selenium.remote.ErrorHandler.throwIfResponseFailed(ErrorHandler.java:158)
	at org.openqa.selenium.remote.RemoteWebDriver.execute(RemoteWebDriver.java:678)
	at org.openqa.selenium.remote.RemoteWebDriver.execute(RemoteWebDriver.java:701)
	at org.openqa.selenium.remote.RemoteWebDriver$RemoteWebDriverOptions.deleteAllCookies(RemoteWebDriver.java:773)
	at cucumber.Framework.WEBHelper.GetDriverObject(WEBHelper.java:217)
	at cucumber.Framework.SetUp.setup(SetUp.java:50)
	at sun.reflect.GeneratedMethodAccessor33.invoke(Unknown Source)
	at sun.reflect.DelegatingMethodAccessorImpl.invoke(DelegatingMethodAccessorImpl.java:43)
	at java.lang.reflect.Method.invoke(Method.java:498)
	at cucumber.runtime.Utils$1.call(Utils.java:37)
	at cucumber.runtime.Timeout.timeout(Timeout.java:13)
	at cucumber.runtime.Utils.invoke(Utils.java:31)
	at cucumber.runtime.java.JavaHookDefinition.execute(JavaHookDefinition.java:60)
	at cucumber.runtime.Runtime.runHookIfTagsMatch(Runtime.java:223)
	at cucumber.runtime.Runtime.runHooks(Runtime.java:211)
	at cucumber.runtime.Runtime.runBeforeHooks(Runtime.java:201)
	at cucumber.runtime.model.CucumberScenario.run(CucumberScenario.java:40)
	at cucumber.runtime.junit.ExecutionUnitRunner.run(ExecutionUnitRunner.java:91)
	at org.junit.runners.Suite.runChild(Suite.java:127)
	at org.junit.runners.Suite.runChild(Suite.java:26)
	at org.junit.runners.ParentRunner$3.run(ParentRunner.java:238)
	at org.junit.runners.ParentRunner$1.schedule(ParentRunner.java:63)
	at org.junit.runners.ParentRunner.runChildren(ParentRunner.java:236)
	at org.junit.runners.ParentRunner.access$000(ParentRunner.java:53)
	at org.junit.runners.ParentRunner$2.evaluate(ParentRunner.java:229)
	at org.junit.runners.ParentRunner.run(ParentRunner.java:309)
	at cucumber.runtime.junit.ExamplesRunner.run(ExamplesRunner.java:59)
	at org.junit.runners.Suite.runChild(Suite.java:127)
	at org.junit.runners.Suite.runChild(Suite.java:26)
	at org.junit.runners.ParentRunner$3.run(ParentRunner.java:238)
	at org.junit.runners.ParentRunner$1.schedule(ParentRunner.java:63)
	at org.junit.runners.ParentRunner.runChildren(ParentRunner.java:236)
	at org.junit.runners.ParentRunner.access$000(ParentRunner.java:53)
	at org.junit.runners.ParentRunner$2.evaluate(ParentRunner.java:229)
	at org.junit.runners.ParentRunner.run(ParentRunner.java:309)
	at cucumber.runtime.junit.ScenarioOutlineRunner.run(ScenarioOutlineRunner.java:53)
	at cucumber.runtime.junit.FeatureRunner.runChild(FeatureRunner.java:63)
	at cucumber.runtime.junit.FeatureRunner.runChild(FeatureRunner.java:18)
	at org.junit.runners.ParentRunner$3.run(ParentRunner.java:238)
	at org.junit.runners.ParentRunner$1.schedule(ParentRunner.java:63)
	at org.junit.runners.ParentRunner.runChildren(ParentRunner.java:236)
	at org.junit.runners.ParentRunner.access$000(ParentRunner.java:53)
	at org.junit.runners.ParentRunner$2.evaluate(ParentRunner.java:229)
	at org.junit.runners.ParentRunner.run(ParentRunner.java:309)
	at cucumber.runtime.junit.FeatureRunner.run(FeatureRunner.java:70)
	at cucumber.api.junit.Cucumber.runChild(Cucumber.java:93)
	at cucumber.api.junit.Cucumber.runChild(Cucumber.java:37)
	at org.junit.runners.ParentRunner$3.run(ParentRunner.java:238)
	at org.junit.runners.ParentRunner$1.schedule(ParentRunner.java:63)
	at org.junit.runners.ParentRunner.runChildren(ParentRunner.java:236)
	at org.junit.runners.ParentRunner.access$000(ParentRunner.java:53)
	at org.junit.runners.ParentRunner$2.evaluate(ParentRunner.java:229)
	at org.junit.internal.runners.statements.RunBefores.evaluate(RunBefores.java:26)
	at org.junit.internal.runners.statements.RunAfters.evaluate(RunAfters.java:27)
	at org.junit.runners.ParentRunner.run(ParentRunner.java:309)
	at cucumber.api.junit.Cucumber.run(Cucumber.java:98)
	at org.apache.maven.surefire.junit4.JUnit4TestSet.execute(JUnit4TestSet.java:62)
	at org.apache.maven.surefire.suite.AbstractDirectoryTestSuite.executeTestSet(AbstractDirectoryTestSuite.java:140)
	at org.apache.maven.surefire.suite.AbstractDirectoryTestSuite.execute(AbstractDirectoryTestSuite.java:127)
	at org.apache.maven.surefire.Surefire.run(Surefire.java:177)
	at sun.reflect.NativeMethodAccessorImpl.invoke0(Native Method)
	at sun.reflect.NativeMethodAccessorImpl.invoke(NativeMethodAccessorImpl.java:62)
	at sun.reflect.DelegatingMethodAccessorImpl.invoke(DelegatingMethodAccessorImpl.java:43)
	at java.lang.reflect.Method.invoke(Method.java:498)
	at org.apache.maven.surefire.booter.SurefireBooter.runSuitesInProcess(SurefireBooter.java:338)
	at org.apache.maven.surefire.booter.SurefireBooter.main(SurefireBooter.java:997)
</error>
    <system-out>URL link Resopnse Code not 200
URL link Resopnse Code not 200
Helper - Scenario Name: COMSMOKETEST_TS04
</system-out>
  </testcase>
  <testcase classname="| ContentCOMDEV@mailinator.com | All Time | Blocked | Late | Editing |" name="Given Im an Account Manager" time="4.12">
    <skipped/>
  </testcase>
  <testcase classname="| ContentCOMDEV@mailinator.com | All Time | Blocked | Late | Editing |" name="When I navigate to &quot;COMDEV_Login&quot;" time="4.12">
    <skipped/>
  </testcase>
  <testcase classname="| ContentCOMDEV@mailinator.com | All Time | Blocked | Late | Editing |" name="And I populate COM01_Username with ContentCOMDEV@mailinator.com" time="4.135">
    <skipped/>
  </testcase>
  <testcase classname="| ContentCOMDEV@mailinator.com | All Time | Blocked | Late | Editing |" name="And I populate COM01_Password with &quot;qwerty123&quot;" time="4.135">
    <skipped/>
  </testcase>
  <testcase classname="| ContentCOMDEV@mailinator.com | All Time | Blocked | Late | Editing |" name="And I click COM01_LogIn button" time="4.135">
    <skipped/>
  </testcase>
  <testcase classname="| ContentCOMDEV@mailinator.com | All Time | Blocked | Late | Editing |" name="Then Ill see that Ive login successfully" time="4.135">
    <skipped/>
  </testcase>
  <testcase classname="| ContentCOMDEV@mailinator.com | All Time | Blocked | Late | Editing |" name="When I navigate to &quot;COMDEV_Task&quot;" time="4.135">
    <skipped/>
  </testcase>
  <testcase classname="| ContentCOMDEV@mailinator.com | All Time | Blocked | Late | Editing |" name="And I click COM13_All Time button" time="4.135">
    <skipped/>
  </testcase>
  <testcase classname="| ContentCOMDEV@mailinator.com | All Time | Blocked | Late | Editing |" name="Then Ill see all assigned All Time task during 1Fil of ContentCOMDEV@mailinator.com" time="4.135">
    <skipped/>
  </testcase>
  <testcase classname="| ContentCOMDEV@mailinator.com | All Time | Blocked | Late | Editing |" name="When I select Blocked over COM13_FilterStatus dropdown" time="4.135">
    <skipped/>
  </testcase>
  <testcase classname="| ContentCOMDEV@mailinator.com | All Time | Blocked | Late | Editing |" name="Then Ill see all assigned Blocked for a given All Time during 2Fil of ContentCOMDEV@mailinator.com" time="4.135">
    <skipped/>
  </testcase>
  <testcase classname="| ContentCOMDEV@mailinator.com | All Time | Blocked | Late | Editing |" name="When I select Late over COM13_FilterAddtlStatus dropdown" time="4.135">
    <skipped/>
  </testcase>
  <testcase classname="| ContentCOMDEV@mailinator.com | All Time | Blocked | Late | Editing |" name="Then Ill see all assigned Late for a given All Time and Blocked during 3Fil of ContentCOMDEV@mailinator.com" time="4.135">
    <skipped/>
  </testcase>
  <testcase classname="| ContentCOMDEV@mailinator.com | All Time | Blocked | Late | Editing |" name="When I populate COM13_MytaskSearch with Editing" time="4.135">
    <skipped/>
  </testcase>
  <testcase classname="| ContentCOMDEV@mailinator.com | All Time | Blocked | Late | Editing |" name="And I click COM13_Search button over COM13_MyTask" time="4.135">
    <skipped/>
  </testcase>
  <testcase classname="| ContentCOMDEV@mailinator.com | All Time | Blocked | Late | Editing |" name="Then Ill see all assigned Editing for a given All Time, Blocked and Late during 4Fil of ContentCOMDEV@mailinator.com" time="4.135">
    <skipped/>
  </testcase>
  <testcase classname="| ContentCOMDEV@mailinator.com | All Time | Blocked | Late | Editing |" name="When I navigate to &quot;COMDEV_Logout&quot;" time="4.135">
    <skipped/>
  </testcase>
  <testcase classname="| ContentCOMDEV@mailinator.com | All Time | Blocked | Late | Editing |" name="Then Ill see that Ive logout successfully" time="4.135">
    <skipped/>
  </testcase>
  <testcase classname="| ContentCOMDEV@mailinator.com | All Time | Blocked | Late | Editing |" name="| ContentCOMDEV@mailinator.com | All Time | Blocked | Late | Editing |" time="8.23">
    <error message="chrome not reachable
  (Session info: chrome=53.0.2785.116)
  (Driver info: chromedriver=2.25.426923 (0390b88869384d6eb0d5d09729679f934aab9eed),platform=Windows NT 10.0.17134 x86_64) (WARNING: The server did not provide any stacktrace information)
Command duration or timeout: 4.10 seconds
Build info: version: &apos;2.53.0&apos;, revision: &apos;35ae25b1534ae328c771e0856c93e187490ca824&apos;, time: &apos;2016-03-15 10:43:46&apos;
System info: host: &apos;ReuelSicatII-LAPTOP&apos;, ip: &apos;192.168.40.144&apos;, os.name: &apos;Windows 10&apos;, os.arch: &apos;amd64&apos;, os.version: &apos;10.0&apos;, java.version: &apos;1.8.0_181&apos;
Driver info: org.openqa.selenium.chrome.ChromeDriver
Capabilities [{applicationCacheEnabled=false, rotatable=false, mobileEmulationEnabled=false, networkConnectionEnabled=false, chrome={chromedriverVersion=2.25.426923 (0390b88869384d6eb0d5d09729679f934aab9eed), userDataDir=C:\Users\REUELS~1\AppData\Local\Temp\scoped_dir93948_25971}, takesHeapSnapshot=true, pageLoadStrategy=normal, databaseEnabled=false, handlesAlerts=true, hasTouchScreen=false, version=53.0.2785.116, platform=XP, browserConnectionEnabled=false, nativeEvents=true, acceptSslCerts=true, locationContextEnabled=true, webStorageEnabled=true, browserName=chrome, takesScreenshot=true, javascriptEnabled=true, cssSelectorsEnabled=true}]
Session ID: 92d136295998e0382b0f0cc7099b83b6" type="org.openqa.selenium.WebDriverException">org.openqa.selenium.WebDriverException: chrome not reachable
  (Session info: chrome=53.0.2785.116)
  (Driver info: chromedriver=2.25.426923 (0390b88869384d6eb0d5d09729679f934aab9eed),platform=Windows NT 10.0.17134 x86_64) (WARNING: The server did not provide any stacktrace information)
Command duration or timeout: 4.10 seconds
Build info: version: &apos;2.53.0&apos;, revision: &apos;35ae25b1534ae328c771e0856c93e187490ca824&apos;, time: &apos;2016-03-15 10:43:46&apos;
System info: host: &apos;ReuelSicatII-LAPTOP&apos;, ip: &apos;192.168.40.144&apos;, os.name: &apos;Windows 10&apos;, os.arch: &apos;amd64&apos;, os.version: &apos;10.0&apos;, java.version: &apos;1.8.0_181&apos;
Driver info: org.openqa.selenium.chrome.ChromeDriver
Capabilities [{applicationCacheEnabled=false, rotatable=false, mobileEmulationEnabled=false, networkConnectionEnabled=false, chrome={chromedriverVersion=2.25.426923 (0390b88869384d6eb0d5d09729679f934aab9eed), userDataDir=C:\Users\REUELS~1\AppData\Local\Temp\scoped_dir93948_25971}, takesHeapSnapshot=true, pageLoadStrategy=normal, databaseEnabled=false, handlesAlerts=true, hasTouchScreen=false, version=53.0.2785.116, platform=XP, browserConnectionEnabled=false, nativeEvents=true, acceptSslCerts=true, locationContextEnabled=true, webStorageEnabled=true, browserName=chrome, takesScreenshot=true, javascriptEnabled=true, cssSelectorsEnabled=true}]
Session ID: 92d136295998e0382b0f0cc7099b83b6
	at sun.reflect.GeneratedConstructorAccessor19.newInstance(Unknown Source)
	at sun.reflect.DelegatingConstructorAccessorImpl.newInstance(DelegatingConstructorAccessorImpl.java:45)
	at java.lang.reflect.Constructor.newInstance(Constructor.java:423)
	at org.openqa.selenium.remote.ErrorHandler.createThrowable(ErrorHandler.java:206)
	at org.openqa.selenium.remote.ErrorHandler.throwIfResponseFailed(ErrorHandler.java:158)
	at org.openqa.selenium.remote.RemoteWebDriver.execute(RemoteWebDriver.java:678)
	at org.openqa.selenium.remote.RemoteWebDriver.execute(RemoteWebDriver.java:701)
	at org.openqa.selenium.remote.RemoteWebDriver.getScreenshotAs(RemoteWebDriver.java:335)
	at cucumber.Framework.TearDown.teardown(TearDown.java:33)
	at sun.reflect.GeneratedMethodAccessor36.invoke(Unknown Source)
	at sun.reflect.DelegatingMethodAccessorImpl.invoke(DelegatingMethodAccessorImpl.java:43)
	at java.lang.reflect.Method.invoke(Method.java:498)
	at cucumber.runtime.Utils$1.call(Utils.java:37)
	at cucumber.runtime.Timeout.timeout(Timeout.java:13)
	at cucumber.runtime.Utils.invoke(Utils.java:31)
	at cucumber.runtime.java.JavaHookDefinition.execute(JavaHookDefinition.java:60)
	at cucumber.runtime.Runtime.runHookIfTagsMatch(Runtime.java:223)
	at cucumber.runtime.Runtime.runHooks(Runtime.java:211)
	at cucumber.runtime.Runtime.runAfterHooks(Runtime.java:205)
	at cucumber.runtime.model.CucumberScenario.run(CucumberScenario.java:46)
	at cucumber.runtime.junit.ExecutionUnitRunner.run(ExecutionUnitRunner.java:91)
	at org.junit.runners.Suite.runChild(Suite.java:127)
	at org.junit.runners.Suite.runChild(Suite.java:26)
	at org.junit.runners.ParentRunner$3.run(ParentRunner.java:238)
	at org.junit.runners.ParentRunner$1.schedule(ParentRunner.java:63)
	at org.junit.runners.ParentRunner.runChildren(ParentRunner.java:236)
	at org.junit.runners.ParentRunner.access$000(ParentRunner.java:53)
	at org.junit.runners.ParentRunner$2.evaluate(ParentRunner.java:229)
	at org.junit.runners.ParentRunner.run(ParentRunner.java:309)
	at cucumber.runtime.junit.ExamplesRunner.run(ExamplesRunner.java:59)
	at org.junit.runners.Suite.runChild(Suite.java:127)
	at org.junit.runners.Suite.runChild(Suite.java:26)
	at org.junit.runners.ParentRunner$3.run(ParentRunner.java:238)
	at org.junit.runners.ParentRunner$1.schedule(ParentRunner.java:63)
	at org.junit.runners.ParentRunner.runChildren(ParentRunner.java:236)
	at org.junit.runners.ParentRunner.access$000(ParentRunner.java:53)
	at org.junit.runners.ParentRunner$2.evaluate(ParentRunner.java:229)
	at org.junit.runners.ParentRunner.run(ParentRunner.java:309)
	at cucumber.runtime.junit.ScenarioOutlineRunner.run(ScenarioOutlineRunner.java:53)
	at cucumber.runtime.junit.FeatureRunner.runChild(FeatureRunner.java:63)
	at cucumber.runtime.junit.FeatureRunner.runChild(FeatureRunner.java:18)
	at org.junit.runners.ParentRunner$3.run(ParentRunner.java:238)
	at org.junit.runners.ParentRunner$1.schedule(ParentRunner.java:63)
	at org.junit.runners.ParentRunner.runChildren(ParentRunner.java:236)
	at org.junit.runners.ParentRunner.access$000(ParentRunner.java:53)
	at org.junit.runners.ParentRunner$2.evaluate(ParentRunner.java:229)
	at org.junit.runners.ParentRunner.run(ParentRunner.java:309)
	at cucumber.runtime.junit.FeatureRunner.run(FeatureRunner.java:70)
	at cucumber.api.junit.Cucumber.runChild(Cucumber.java:93)
	at cucumber.api.junit.Cucumber.runChild(Cucumber.java:37)
	at org.junit.runners.ParentRunner$3.run(ParentRunner.java:238)
	at org.junit.runners.ParentRunner$1.schedule(ParentRunner.java:63)
	at org.junit.runners.ParentRunner.runChildren(ParentRunner.java:236)
	at org.junit.runners.ParentRunner.access$000(ParentRunner.java:53)
	at org.junit.runners.ParentRunner$2.evaluate(ParentRunner.java:229)
	at org.junit.internal.runners.statements.RunBefores.evaluate(RunBefores.java:26)
	at org.junit.internal.runners.statements.RunAfters.evaluate(RunAfters.java:27)
	at org.junit.runners.ParentRunner.run(ParentRunner.java:309)
	at cucumber.api.junit.Cucumber.run(Cucumber.java:98)
	at org.apache.maven.surefire.junit4.JUnit4TestSet.execute(JUnit4TestSet.java:62)
	at org.apache.maven.surefire.suite.AbstractDirectoryTestSuite.executeTestSet(AbstractDirectoryTestSuite.java:140)
	at org.apache.maven.surefire.suite.AbstractDirectoryTestSuite.execute(AbstractDirectoryTestSuite.java:127)
	at org.apache.maven.surefire.Surefire.run(Surefire.java:177)
	at sun.reflect.NativeMethodAccessorImpl.invoke0(Native Method)
	at sun.reflect.NativeMethodAccessorImpl.invoke(NativeMethodAccessorImpl.java:62)
	at sun.reflect.DelegatingMethodAccessorImpl.invoke(DelegatingMethodAccessorImpl.java:43)
	at java.lang.reflect.Method.invoke(Method.java:498)
	at org.apache.maven.surefire.booter.SurefireBooter.runSuitesInProcess(SurefireBooter.java:338)
	at org.apache.maven.surefire.booter.SurefireBooter.main(SurefireBooter.java:997)
</error>
    <system-out>URL link Resopnse Code not 200
URL link Resopnse Code not 200
Helper - Scenario Name: COMSMOKETEST_TS04
</system-out>
  </testcase>
  <testcase classname="| WebDevCOMDEV@mailinator.com | All Time | Blocked | Late | Hour |" name="| WebDevCOMDEV@mailinator.com | All Time | Blocked | Late | Hour |" time="4.188">
    <error message="chrome not reachable
  (Session info: chrome=53.0.2785.116)
  (Driver info: chromedriver=2.25.426923 (0390b88869384d6eb0d5d09729679f934aab9eed),platform=Windows NT 10.0.17134 x86_64) (WARNING: The server did not provide any stacktrace information)
Command duration or timeout: 4.09 seconds
Build info: version: &apos;2.53.0&apos;, revision: &apos;35ae25b1534ae328c771e0856c93e187490ca824&apos;, time: &apos;2016-03-15 10:43:46&apos;
System info: host: &apos;ReuelSicatII-LAPTOP&apos;, ip: &apos;192.168.40.144&apos;, os.name: &apos;Windows 10&apos;, os.arch: &apos;amd64&apos;, os.version: &apos;10.0&apos;, java.version: &apos;1.8.0_181&apos;
Driver info: org.openqa.selenium.chrome.ChromeDriver
Capabilities [{applicationCacheEnabled=false, rotatable=false, mobileEmulationEnabled=false, networkConnectionEnabled=false, chrome={chromedriverVersion=2.25.426923 (0390b88869384d6eb0d5d09729679f934aab9eed), userDataDir=C:\Users\REUELS~1\AppData\Local\Temp\scoped_dir93948_25971}, takesHeapSnapshot=true, pageLoadStrategy=normal, databaseEnabled=false, handlesAlerts=true, hasTouchScreen=false, version=53.0.2785.116, platform=XP, browserConnectionEnabled=false, nativeEvents=true, acceptSslCerts=true, locationContextEnabled=true, webStorageEnabled=true, browserName=chrome, takesScreenshot=true, javascriptEnabled=true, cssSelectorsEnabled=true}]
Session ID: 92d136295998e0382b0f0cc7099b83b6" type="org.openqa.selenium.WebDriverException">org.openqa.selenium.WebDriverException: chrome not reachable
  (Session info: chrome=53.0.2785.116)
  (Driver info: chromedriver=2.25.426923 (0390b88869384d6eb0d5d09729679f934aab9eed),platform=Windows NT 10.0.17134 x86_64) (WARNING: The server did not provide any stacktrace information)
Command duration or timeout: 4.09 seconds
Build info: version: &apos;2.53.0&apos;, revision: &apos;35ae25b1534ae328c771e0856c93e187490ca824&apos;, time: &apos;2016-03-15 10:43:46&apos;
System info: host: &apos;ReuelSicatII-LAPTOP&apos;, ip: &apos;192.168.40.144&apos;, os.name: &apos;Windows 10&apos;, os.arch: &apos;amd64&apos;, os.version: &apos;10.0&apos;, java.version: &apos;1.8.0_181&apos;
Driver info: org.openqa.selenium.chrome.ChromeDriver
Capabilities [{applicationCacheEnabled=false, rotatable=false, mobileEmulationEnabled=false, networkConnectionEnabled=false, chrome={chromedriverVersion=2.25.426923 (0390b88869384d6eb0d5d09729679f934aab9eed), userDataDir=C:\Users\REUELS~1\AppData\Local\Temp\scoped_dir93948_25971}, takesHeapSnapshot=true, pageLoadStrategy=normal, databaseEnabled=false, handlesAlerts=true, hasTouchScreen=false, version=53.0.2785.116, platform=XP, browserConnectionEnabled=false, nativeEvents=true, acceptSslCerts=true, locationContextEnabled=true, webStorageEnabled=true, browserName=chrome, takesScreenshot=true, javascriptEnabled=true, cssSelectorsEnabled=true}]
Session ID: 92d136295998e0382b0f0cc7099b83b6
	at sun.reflect.GeneratedConstructorAccessor19.newInstance(Unknown Source)
	at sun.reflect.DelegatingConstructorAccessorImpl.newInstance(DelegatingConstructorAccessorImpl.java:45)
	at java.lang.reflect.Constructor.newInstance(Constructor.java:423)
	at org.openqa.selenium.remote.ErrorHandler.createThrowable(ErrorHandler.java:206)
	at org.openqa.selenium.remote.ErrorHandler.throwIfResponseFailed(ErrorHandler.java:158)
	at org.openqa.selenium.remote.RemoteWebDriver.execute(RemoteWebDriver.java:678)
	at org.openqa.selenium.remote.RemoteWebDriver.execute(RemoteWebDriver.java:701)
	at org.openqa.selenium.remote.RemoteWebDriver$RemoteWebDriverOptions.deleteAllCookies(RemoteWebDriver.java:773)
	at cucumber.Framework.WEBHelper.GetDriverObject(WEBHelper.java:217)
	at cucumber.Framework.SetUp.setup(SetUp.java:50)
	at sun.reflect.GeneratedMethodAccessor33.invoke(Unknown Source)
	at sun.reflect.DelegatingMethodAccessorImpl.invoke(DelegatingMethodAccessorImpl.java:43)
	at java.lang.reflect.Method.invoke(Method.java:498)
	at cucumber.runtime.Utils$1.call(Utils.java:37)
	at cucumber.runtime.Timeout.timeout(Timeout.java:13)
	at cucumber.runtime.Utils.invoke(Utils.java:31)
	at cucumber.runtime.java.JavaHookDefinition.execute(JavaHookDefinition.java:60)
	at cucumber.runtime.Runtime.runHookIfTagsMatch(Runtime.java:223)
	at cucumber.runtime.Runtime.runHooks(Runtime.java:211)
	at cucumber.runtime.Runtime.runBeforeHooks(Runtime.java:201)
	at cucumber.runtime.model.CucumberScenario.run(CucumberScenario.java:40)
	at cucumber.runtime.junit.ExecutionUnitRunner.run(ExecutionUnitRunner.java:91)
	at org.junit.runners.Suite.runChild(Suite.java:127)
	at org.junit.runners.Suite.runChild(Suite.java:26)
	at org.junit.runners.ParentRunner$3.run(ParentRunner.java:238)
	at org.junit.runners.ParentRunner$1.schedule(ParentRunner.java:63)
	at org.junit.runners.ParentRunner.runChildren(ParentRunner.java:236)
	at org.junit.runners.ParentRunner.access$000(ParentRunner.java:53)
	at org.junit.runners.ParentRunner$2.evaluate(ParentRunner.java:229)
	at org.junit.runners.ParentRunner.run(ParentRunner.java:309)
	at cucumber.runtime.junit.ExamplesRunner.run(ExamplesRunner.java:59)
	at org.junit.runners.Suite.runChild(Suite.java:127)
	at org.junit.runners.Suite.runChild(Suite.java:26)
	at org.junit.runners.ParentRunner$3.run(ParentRunner.java:238)
	at org.junit.runners.ParentRunner$1.schedule(ParentRunner.java:63)
	at org.junit.runners.ParentRunner.runChildren(ParentRunner.java:236)
	at org.junit.runners.ParentRunner.access$000(ParentRunner.java:53)
	at org.junit.runners.ParentRunner$2.evaluate(ParentRunner.java:229)
	at org.junit.runners.ParentRunner.run(ParentRunner.java:309)
	at cucumber.runtime.junit.ScenarioOutlineRunner.run(ScenarioOutlineRunner.java:53)
	at cucumber.runtime.junit.FeatureRunner.runChild(FeatureRunner.java:63)
	at cucumber.runtime.junit.FeatureRunner.runChild(FeatureRunner.java:18)
	at org.junit.runners.ParentRunner$3.run(ParentRunner.java:238)
	at org.junit.runners.ParentRunner$1.schedule(ParentRunner.java:63)
	at org.junit.runners.ParentRunner.runChildren(ParentRunner.java:236)
	at org.junit.runners.ParentRunner.access$000(ParentRunner.java:53)
	at org.junit.runners.ParentRunner$2.evaluate(ParentRunner.java:229)
	at org.junit.runners.ParentRunner.run(ParentRunner.java:309)
	at cucumber.runtime.junit.FeatureRunner.run(FeatureRunner.java:70)
	at cucumber.api.junit.Cucumber.runChild(Cucumber.java:93)
	at cucumber.api.junit.Cucumber.runChild(Cucumber.java:37)
	at org.junit.runners.ParentRunner$3.run(ParentRunner.java:238)
	at org.junit.runners.ParentRunner$1.schedule(ParentRunner.java:63)
	at org.junit.runners.ParentRunner.runChildren(ParentRunner.java:236)
	at org.junit.runners.ParentRunner.access$000(ParentRunner.java:53)
	at org.junit.runners.ParentRunner$2.evaluate(ParentRunner.java:229)
	at org.junit.internal.runners.statements.RunBefores.evaluate(RunBefores.java:26)
	at org.junit.internal.runners.statements.RunAfters.evaluate(RunAfters.java:27)
	at org.junit.runners.ParentRunner.run(ParentRunner.java:309)
	at cucumber.api.junit.Cucumber.run(Cucumber.java:98)
	at org.apache.maven.surefire.junit4.JUnit4TestSet.execute(JUnit4TestSet.java:62)
	at org.apache.maven.surefire.suite.AbstractDirectoryTestSuite.executeTestSet(AbstractDirectoryTestSuite.java:140)
	at org.apache.maven.surefire.suite.AbstractDirectoryTestSuite.execute(AbstractDirectoryTestSuite.java:127)
	at org.apache.maven.surefire.Surefire.run(Surefire.java:177)
	at sun.reflect.NativeMethodAccessorImpl.invoke0(Native Method)
	at sun.reflect.NativeMethodAccessorImpl.invoke(NativeMethodAccessorImpl.java:62)
	at sun.reflect.DelegatingMethodAccessorImpl.invoke(DelegatingMethodAccessorImpl.java:43)
	at java.lang.reflect.Method.invoke(Method.java:498)
	at org.apache.maven.surefire.booter.SurefireBooter.runSuitesInProcess(SurefireBooter.java:338)
	at org.apache.maven.surefire.booter.SurefireBooter.main(SurefireBooter.java:997)
</error>
    <system-out>URL link Resopnse Code not 200
URL link Resopnse Code not 200
Helper - Scenario Name: COMSMOKETEST_TS04
</system-out>
  </testcase>
  <testcase classname="| WebDevCOMDEV@mailinator.com | All Time | Blocked | Late | Hour |" name="Given Im an Account Manager" time="4.203">
    <skipped/>
  </testcase>
  <testcase classname="| WebDevCOMDEV@mailinator.com | All Time | Blocked | Late | Hour |" name="When I navigate to &quot;COMDEV_Login&quot;" time="4.203">
    <skipped/>
  </testcase>
  <testcase classname="| WebDevCOMDEV@mailinator.com | All Time | Blocked | Late | Hour |" name="And I populate COM01_Username with WebDevCOMDEV@mailinator.com" time="4.203">
    <skipped/>
  </testcase>
  <testcase classname="| WebDevCOMDEV@mailinator.com | All Time | Blocked | Late | Hour |" name="And I populate COM01_Password with &quot;qwerty123&quot;" time="4.203">
    <skipped/>
  </testcase>
  <testcase classname="| WebDevCOMDEV@mailinator.com | All Time | Blocked | Late | Hour |" name="And I click COM01_LogIn button" time="4.203">
    <skipped/>
  </testcase>
  <testcase classname="| WebDevCOMDEV@mailinator.com | All Time | Blocked | Late | Hour |" name="Then Ill see that Ive login successfully" time="4.203">
    <skipped/>
  </testcase>
  <testcase classname="| WebDevCOMDEV@mailinator.com | All Time | Blocked | Late | Hour |" name="When I navigate to &quot;COMDEV_Task&quot;" time="4.203">
    <skipped/>
  </testcase>
  <testcase classname="| WebDevCOMDEV@mailinator.com | All Time | Blocked | Late | Hour |" name="And I click COM13_All Time button" time="4.203">
    <skipped/>
  </testcase>
  <testcase classname="| WebDevCOMDEV@mailinator.com | All Time | Blocked | Late | Hour |" name="Then Ill see all assigned All Time task during 1Fil of WebDevCOMDEV@mailinator.com" time="4.203">
    <skipped/>
  </testcase>
  <testcase classname="| WebDevCOMDEV@mailinator.com | All Time | Blocked | Late | Hour |" name="When I select Blocked over COM13_FilterStatus dropdown" time="4.203">
    <skipped/>
  </testcase>
  <testcase classname="| WebDevCOMDEV@mailinator.com | All Time | Blocked | Late | Hour |" name="Then Ill see all assigned Blocked for a given All Time during 2Fil of WebDevCOMDEV@mailinator.com" time="4.203">
    <skipped/>
  </testcase>
  <testcase classname="| WebDevCOMDEV@mailinator.com | All Time | Blocked | Late | Hour |" name="When I select Late over COM13_FilterAddtlStatus dropdown" time="4.203">
    <skipped/>
  </testcase>
  <testcase classname="| WebDevCOMDEV@mailinator.com | All Time | Blocked | Late | Hour |" name="Then Ill see all assigned Late for a given All Time and Blocked during 3Fil of WebDevCOMDEV@mailinator.com" time="4.203">
    <skipped/>
  </testcase>
  <testcase classname="| WebDevCOMDEV@mailinator.com | All Time | Blocked | Late | Hour |" name="When I populate COM13_MytaskSearch with Hour" time="4.203">
    <skipped/>
  </testcase>
  <testcase classname="| WebDevCOMDEV@mailinator.com | All Time | Blocked | Late | Hour |" name="And I click COM13_Search button over COM13_MyTask" time="4.203">
    <skipped/>
  </testcase>
  <testcase classname="| WebDevCOMDEV@mailinator.com | All Time | Blocked | Late | Hour |" name="Then Ill see all assigned Hour for a given All Time, Blocked and Late during 4Fil of WebDevCOMDEV@mailinator.com" time="4.203">
    <skipped/>
  </testcase>
  <testcase classname="| WebDevCOMDEV@mailinator.com | All Time | Blocked | Late | Hour |" name="When I navigate to &quot;COMDEV_Logout&quot;" time="4.203">
    <skipped/>
  </testcase>
  <testcase classname="| WebDevCOMDEV@mailinator.com | All Time | Blocked | Late | Hour |" name="Then Ill see that Ive logout successfully" time="4.203">
    <skipped/>
  </testcase>
  <testcase classname="| WebDevCOMDEV@mailinator.com | All Time | Blocked | Late | Hour |" name="| WebDevCOMDEV@mailinator.com | All Time | Blocked | Late | Hour |" time="8.243">
    <error message="chrome not reachable
  (Session info: chrome=53.0.2785.116)
  (Driver info: chromedriver=2.25.426923 (0390b88869384d6eb0d5d09729679f934aab9eed),platform=Windows NT 10.0.17134 x86_64) (WARNING: The server did not provide any stacktrace information)
Command duration or timeout: 4.04 seconds
Build info: version: &apos;2.53.0&apos;, revision: &apos;35ae25b1534ae328c771e0856c93e187490ca824&apos;, time: &apos;2016-03-15 10:43:46&apos;
System info: host: &apos;ReuelSicatII-LAPTOP&apos;, ip: &apos;192.168.40.144&apos;, os.name: &apos;Windows 10&apos;, os.arch: &apos;amd64&apos;, os.version: &apos;10.0&apos;, java.version: &apos;1.8.0_181&apos;
Driver info: org.openqa.selenium.chrome.ChromeDriver
Capabilities [{applicationCacheEnabled=false, rotatable=false, mobileEmulationEnabled=false, networkConnectionEnabled=false, chrome={chromedriverVersion=2.25.426923 (0390b88869384d6eb0d5d09729679f934aab9eed), userDataDir=C:\Users\REUELS~1\AppData\Local\Temp\scoped_dir93948_25971}, takesHeapSnapshot=true, pageLoadStrategy=normal, databaseEnabled=false, handlesAlerts=true, hasTouchScreen=false, version=53.0.2785.116, platform=XP, browserConnectionEnabled=false, nativeEvents=true, acceptSslCerts=true, locationContextEnabled=true, webStorageEnabled=true, browserName=chrome, takesScreenshot=true, javascriptEnabled=true, cssSelectorsEnabled=true}]
Session ID: 92d136295998e0382b0f0cc7099b83b6" type="org.openqa.selenium.WebDriverException">org.openqa.selenium.WebDriverException: chrome not reachable
  (Session info: chrome=53.0.2785.116)
  (Driver info: chromedriver=2.25.426923 (0390b88869384d6eb0d5d09729679f934aab9eed),platform=Windows NT 10.0.17134 x86_64) (WARNING: The server did not provide any stacktrace information)
Command duration or timeout: 4.04 seconds
Build info: version: &apos;2.53.0&apos;, revision: &apos;35ae25b1534ae328c771e0856c93e187490ca824&apos;, time: &apos;2016-03-15 10:43:46&apos;
System info: host: &apos;ReuelSicatII-LAPTOP&apos;, ip: &apos;192.168.40.144&apos;, os.name: &apos;Windows 10&apos;, os.arch: &apos;amd64&apos;, os.version: &apos;10.0&apos;, java.version: &apos;1.8.0_181&apos;
Driver info: org.openqa.selenium.chrome.ChromeDriver
Capabilities [{applicationCacheEnabled=false, rotatable=false, mobileEmulationEnabled=false, networkConnectionEnabled=false, chrome={chromedriverVersion=2.25.426923 (0390b88869384d6eb0d5d09729679f934aab9eed), userDataDir=C:\Users\REUELS~1\AppData\Local\Temp\scoped_dir93948_25971}, takesHeapSnapshot=true, pageLoadStrategy=normal, databaseEnabled=false, handlesAlerts=true, hasTouchScreen=false, version=53.0.2785.116, platform=XP, browserConnectionEnabled=false, nativeEvents=true, acceptSslCerts=true, locationContextEnabled=true, webStorageEnabled=true, browserName=chrome, takesScreenshot=true, javascriptEnabled=true, cssSelectorsEnabled=true}]
Session ID: 92d136295998e0382b0f0cc7099b83b6
	at sun.reflect.GeneratedConstructorAccessor19.newInstance(Unknown Source)
	at sun.reflect.DelegatingConstructorAccessorImpl.newInstance(DelegatingConstructorAccessorImpl.java:45)
	at java.lang.reflect.Constructor.newInstance(Constructor.java:423)
	at org.openqa.selenium.remote.ErrorHandler.createThrowable(ErrorHandler.java:206)
	at org.openqa.selenium.remote.ErrorHandler.throwIfResponseFailed(ErrorHandler.java:158)
	at org.openqa.selenium.remote.RemoteWebDriver.execute(RemoteWebDriver.java:678)
	at org.openqa.selenium.remote.RemoteWebDriver.execute(RemoteWebDriver.java:701)
	at org.openqa.selenium.remote.RemoteWebDriver.getScreenshotAs(RemoteWebDriver.java:335)
	at cucumber.Framework.TearDown.teardown(TearDown.java:33)
	at sun.reflect.GeneratedMethodAccessor36.invoke(Unknown Source)
	at sun.reflect.DelegatingMethodAccessorImpl.invoke(DelegatingMethodAccessorImpl.java:43)
	at java.lang.reflect.Method.invoke(Method.java:498)
	at cucumber.runtime.Utils$1.call(Utils.java:37)
	at cucumber.runtime.Timeout.timeout(Timeout.java:13)
	at cucumber.runtime.Utils.invoke(Utils.java:31)
	at cucumber.runtime.java.JavaHookDefinition.execute(JavaHookDefinition.java:60)
	at cucumber.runtime.Runtime.runHookIfTagsMatch(Runtime.java:223)
	at cucumber.runtime.Runtime.runHooks(Runtime.java:211)
	at cucumber.runtime.Runtime.runAfterHooks(Runtime.java:205)
	at cucumber.runtime.model.CucumberScenario.run(CucumberScenario.java:46)
	at cucumber.runtime.junit.ExecutionUnitRunner.run(ExecutionUnitRunner.java:91)
	at org.junit.runners.Suite.runChild(Suite.java:127)
	at org.junit.runners.Suite.runChild(Suite.java:26)
	at org.junit.runners.ParentRunner$3.run(ParentRunner.java:238)
	at org.junit.runners.ParentRunner$1.schedule(ParentRunner.java:63)
	at org.junit.runners.ParentRunner.runChildren(ParentRunner.java:236)
	at org.junit.runners.ParentRunner.access$000(ParentRunner.java:53)
	at org.junit.runners.ParentRunner$2.evaluate(ParentRunner.java:229)
	at org.junit.runners.ParentRunner.run(ParentRunner.java:309)
	at cucumber.runtime.junit.ExamplesRunner.run(ExamplesRunner.java:59)
	at org.junit.runners.Suite.runChild(Suite.java:127)
	at org.junit.runners.Suite.runChild(Suite.java:26)
	at org.junit.runners.ParentRunner$3.run(ParentRunner.java:238)
	at org.junit.runners.ParentRunner$1.schedule(ParentRunner.java:63)
	at org.junit.runners.ParentRunner.runChildren(ParentRunner.java:236)
	at org.junit.runners.ParentRunner.access$000(ParentRunner.java:53)
	at org.junit.runners.ParentRunner$2.evaluate(ParentRunner.java:229)
	at org.junit.runners.ParentRunner.run(ParentRunner.java:309)
	at cucumber.runtime.junit.ScenarioOutlineRunner.run(ScenarioOutlineRunner.java:53)
	at cucumber.runtime.junit.FeatureRunner.runChild(FeatureRunner.java:63)
	at cucumber.runtime.junit.FeatureRunner.runChild(FeatureRunner.java:18)
	at org.junit.runners.ParentRunner$3.run(ParentRunner.java:238)
	at org.junit.runners.ParentRunner$1.schedule(ParentRunner.java:63)
	at org.junit.runners.ParentRunner.runChildren(ParentRunner.java:236)
	at org.junit.runners.ParentRunner.access$000(ParentRunner.java:53)
	at org.junit.runners.ParentRunner$2.evaluate(ParentRunner.java:229)
	at org.junit.runners.ParentRunner.run(ParentRunner.java:309)
	at cucumber.runtime.junit.FeatureRunner.run(FeatureRunner.java:70)
	at cucumber.api.junit.Cucumber.runChild(Cucumber.java:93)
	at cucumber.api.junit.Cucumber.runChild(Cucumber.java:37)
	at org.junit.runners.ParentRunner$3.run(ParentRunner.java:238)
	at org.junit.runners.ParentRunner$1.schedule(ParentRunner.java:63)
	at org.junit.runners.ParentRunner.runChildren(ParentRunner.java:236)
	at org.junit.runners.ParentRunner.access$000(ParentRunner.java:53)
	at org.junit.runners.ParentRunner$2.evaluate(ParentRunner.java:229)
	at org.junit.internal.runners.statements.RunBefores.evaluate(RunBefores.java:26)
	at org.junit.internal.runners.statements.RunAfters.evaluate(RunAfters.java:27)
	at org.junit.runners.ParentRunner.run(ParentRunner.java:309)
	at cucumber.api.junit.Cucumber.run(Cucumber.java:98)
	at org.apache.maven.surefire.junit4.JUnit4TestSet.execute(JUnit4TestSet.java:62)
	at org.apache.maven.surefire.suite.AbstractDirectoryTestSuite.executeTestSet(AbstractDirectoryTestSuite.java:140)
	at org.apache.maven.surefire.suite.AbstractDirectoryTestSuite.execute(AbstractDirectoryTestSuite.java:127)
	at org.apache.maven.surefire.Surefire.run(Surefire.java:177)
	at sun.reflect.NativeMethodAccessorImpl.invoke0(Native Method)
	at sun.reflect.NativeMethodAccessorImpl.invoke(NativeMethodAccessorImpl.java:62)
	at sun.reflect.DelegatingMethodAccessorImpl.invoke(DelegatingMethodAccessorImpl.java:43)
	at java.lang.reflect.Method.invoke(Method.java:498)
	at org.apache.maven.surefire.booter.SurefireBooter.runSuitesInProcess(SurefireBooter.java:338)
	at org.apache.maven.surefire.booter.SurefireBooter.main(SurefireBooter.java:997)
</error>
    <system-out>URL link Resopnse Code not 200
URL link Resopnse Code not 200
Helper - Scenario Name: COMSMOKETEST_TS04
</system-out>
  </testcase>
  <testcase classname="| ContentCOMDEV@mailinator.com | Approve | Approve |" name="| ContentCOMDEV@mailinator.com | Approve | Approve |" time="4.086">
    <error message="chrome not reachable
  (Session info: chrome=53.0.2785.116)
  (Driver info: chromedriver=2.25.426923 (0390b88869384d6eb0d5d09729679f934aab9eed),platform=Windows NT 10.0.17134 x86_64) (WARNING: The server did not provide any stacktrace information)
Command duration or timeout: 4.06 seconds
Build info: version: &apos;2.53.0&apos;, revision: &apos;35ae25b1534ae328c771e0856c93e187490ca824&apos;, time: &apos;2016-03-15 10:43:46&apos;
System info: host: &apos;ReuelSicatII-LAPTOP&apos;, ip: &apos;192.168.40.144&apos;, os.name: &apos;Windows 10&apos;, os.arch: &apos;amd64&apos;, os.version: &apos;10.0&apos;, java.version: &apos;1.8.0_181&apos;
Driver info: org.openqa.selenium.chrome.ChromeDriver
Capabilities [{applicationCacheEnabled=false, rotatable=false, mobileEmulationEnabled=false, networkConnectionEnabled=false, chrome={chromedriverVersion=2.25.426923 (0390b88869384d6eb0d5d09729679f934aab9eed), userDataDir=C:\Users\REUELS~1\AppData\Local\Temp\scoped_dir93948_25971}, takesHeapSnapshot=true, pageLoadStrategy=normal, databaseEnabled=false, handlesAlerts=true, hasTouchScreen=false, version=53.0.2785.116, platform=XP, browserConnectionEnabled=false, nativeEvents=true, acceptSslCerts=true, locationContextEnabled=true, webStorageEnabled=true, browserName=chrome, takesScreenshot=true, javascriptEnabled=true, cssSelectorsEnabled=true}]
Session ID: 92d136295998e0382b0f0cc7099b83b6" type="org.openqa.selenium.WebDriverException">org.openqa.selenium.WebDriverException: chrome not reachable
  (Session info: chrome=53.0.2785.116)
  (Driver info: chromedriver=2.25.426923 (0390b88869384d6eb0d5d09729679f934aab9eed),platform=Windows NT 10.0.17134 x86_64) (WARNING: The server did not provide any stacktrace information)
Command duration or timeout: 4.06 seconds
Build info: version: &apos;2.53.0&apos;, revision: &apos;35ae25b1534ae328c771e0856c93e187490ca824&apos;, time: &apos;2016-03-15 10:43:46&apos;
System info: host: &apos;ReuelSicatII-LAPTOP&apos;, ip: &apos;192.168.40.144&apos;, os.name: &apos;Windows 10&apos;, os.arch: &apos;amd64&apos;, os.version: &apos;10.0&apos;, java.version: &apos;1.8.0_181&apos;
Driver info: org.openqa.selenium.chrome.ChromeDriver
Capabilities [{applicationCacheEnabled=false, rotatable=false, mobileEmulationEnabled=false, networkConnectionEnabled=false, chrome={chromedriverVersion=2.25.426923 (0390b88869384d6eb0d5d09729679f934aab9eed), userDataDir=C:\Users\REUELS~1\AppData\Local\Temp\scoped_dir93948_25971}, takesHeapSnapshot=true, pageLoadStrategy=normal, databaseEnabled=false, handlesAlerts=true, hasTouchScreen=false, version=53.0.2785.116, platform=XP, browserConnectionEnabled=false, nativeEvents=true, acceptSslCerts=true, locationContextEnabled=true, webStorageEnabled=true, browserName=chrome, takesScreenshot=true, javascriptEnabled=true, cssSelectorsEnabled=true}]
Session ID: 92d136295998e0382b0f0cc7099b83b6
	at sun.reflect.GeneratedConstructorAccessor19.newInstance(Unknown Source)
	at sun.reflect.DelegatingConstructorAccessorImpl.newInstance(DelegatingConstructorAccessorImpl.java:45)
	at java.lang.reflect.Constructor.newInstance(Constructor.java:423)
	at org.openqa.selenium.remote.ErrorHandler.createThrowable(ErrorHandler.java:206)
	at org.openqa.selenium.remote.ErrorHandler.throwIfResponseFailed(ErrorHandler.java:158)
	at org.openqa.selenium.remote.RemoteWebDriver.execute(RemoteWebDriver.java:678)
	at org.openqa.selenium.remote.RemoteWebDriver.execute(RemoteWebDriver.java:701)
	at org.openqa.selenium.remote.RemoteWebDriver$RemoteWebDriverOptions.deleteAllCookies(RemoteWebDriver.java:773)
	at cucumber.Framework.WEBHelper.GetDriverObject(WEBHelper.java:217)
	at cucumber.Framework.SetUp.setup(SetUp.java:50)
	at sun.reflect.GeneratedMethodAccessor33.invoke(Unknown Source)
	at sun.reflect.DelegatingMethodAccessorImpl.invoke(DelegatingMethodAccessorImpl.java:43)
	at java.lang.reflect.Method.invoke(Method.java:498)
	at cucumber.runtime.Utils$1.call(Utils.java:37)
	at cucumber.runtime.Timeout.timeout(Timeout.java:13)
	at cucumber.runtime.Utils.invoke(Utils.java:31)
	at cucumber.runtime.java.JavaHookDefinition.execute(JavaHookDefinition.java:60)
	at cucumber.runtime.Runtime.runHookIfTagsMatch(Runtime.java:223)
	at cucumber.runtime.Runtime.runHooks(Runtime.java:211)
	at cucumber.runtime.Runtime.runBeforeHooks(Runtime.java:201)
	at cucumber.runtime.model.CucumberScenario.run(CucumberScenario.java:40)
	at cucumber.runtime.junit.ExecutionUnitRunner.run(ExecutionUnitRunner.java:91)
	at org.junit.runners.Suite.runChild(Suite.java:127)
	at org.junit.runners.Suite.runChild(Suite.java:26)
	at org.junit.runners.ParentRunner$3.run(ParentRunner.java:238)
	at org.junit.runners.ParentRunner$1.schedule(ParentRunner.java:63)
	at org.junit.runners.ParentRunner.runChildren(ParentRunner.java:236)
	at org.junit.runners.ParentRunner.access$000(ParentRunner.java:53)
	at org.junit.runners.ParentRunner$2.evaluate(ParentRunner.java:229)
	at org.junit.runners.ParentRunner.run(ParentRunner.java:309)
	at cucumber.runtime.junit.ExamplesRunner.run(ExamplesRunner.java:59)
	at org.junit.runners.Suite.runChild(Suite.java:127)
	at org.junit.runners.Suite.runChild(Suite.java:26)
	at org.junit.runners.ParentRunner$3.run(ParentRunner.java:238)
	at org.junit.runners.ParentRunner$1.schedule(ParentRunner.java:63)
	at org.junit.runners.ParentRunner.runChildren(ParentRunner.java:236)
	at org.junit.runners.ParentRunner.access$000(ParentRunner.java:53)
	at org.junit.runners.ParentRunner$2.evaluate(ParentRunner.java:229)
	at org.junit.runners.ParentRunner.run(ParentRunner.java:309)
	at cucumber.runtime.junit.ScenarioOutlineRunner.run(ScenarioOutlineRunner.java:53)
	at cucumber.runtime.junit.FeatureRunner.runChild(FeatureRunner.java:63)
	at cucumber.runtime.junit.FeatureRunner.runChild(FeatureRunner.java:18)
	at org.junit.runners.ParentRunner$3.run(ParentRunner.java:238)
	at org.junit.runners.ParentRunner$1.schedule(ParentRunner.java:63)
	at org.junit.runners.ParentRunner.runChildren(ParentRunner.java:236)
	at org.junit.runners.ParentRunner.access$000(ParentRunner.java:53)
	at org.junit.runners.ParentRunner$2.evaluate(ParentRunner.java:229)
	at org.junit.runners.ParentRunner.run(ParentRunner.java:309)
	at cucumber.runtime.junit.FeatureRunner.run(FeatureRunner.java:70)
	at cucumber.api.junit.Cucumber.runChild(Cucumber.java:93)
	at cucumber.api.junit.Cucumber.runChild(Cucumber.java:37)
	at org.junit.runners.ParentRunner$3.run(ParentRunner.java:238)
	at org.junit.runners.ParentRunner$1.schedule(ParentRunner.java:63)
	at org.junit.runners.ParentRunner.runChildren(ParentRunner.java:236)
	at org.junit.runners.ParentRunner.access$000(ParentRunner.java:53)
	at org.junit.runners.ParentRunner$2.evaluate(ParentRunner.java:229)
	at org.junit.internal.runners.statements.RunBefores.evaluate(RunBefores.java:26)
	at org.junit.internal.runners.statements.RunAfters.evaluate(RunAfters.java:27)
	at org.junit.runners.ParentRunner.run(ParentRunner.java:309)
	at cucumber.api.junit.Cucumber.run(Cucumber.java:98)
	at org.apache.maven.surefire.junit4.JUnit4TestSet.execute(JUnit4TestSet.java:62)
	at org.apache.maven.surefire.suite.AbstractDirectoryTestSuite.executeTestSet(AbstractDirectoryTestSuite.java:140)
	at org.apache.maven.surefire.suite.AbstractDirectoryTestSuite.execute(AbstractDirectoryTestSuite.java:127)
	at org.apache.maven.surefire.Surefire.run(Surefire.java:177)
	at sun.reflect.NativeMethodAccessorImpl.invoke0(Native Method)
	at sun.reflect.NativeMethodAccessorImpl.invoke(NativeMethodAccessorImpl.java:62)
	at sun.reflect.DelegatingMethodAccessorImpl.invoke(DelegatingMethodAccessorImpl.java:43)
	at java.lang.reflect.Method.invoke(Method.java:498)
	at org.apache.maven.surefire.booter.SurefireBooter.runSuitesInProcess(SurefireBooter.java:338)
	at org.apache.maven.surefire.booter.SurefireBooter.main(SurefireBooter.java:997)
</error>
    <system-out>Helper - Scenario Name: COMSMOKETEST_TS05
</system-out>
  </testcase>
  <testcase classname="| ContentCOMDEV@mailinator.com | Approve | Approve |" name="Given Im an Account Manager" time="4.093">
    <skipped/>
  </testcase>
  <testcase classname="| ContentCOMDEV@mailinator.com | Approve | Approve |" name="When I navigate to &quot;COMDEV_Login&quot;" time="4.094">
    <skipped/>
  </testcase>
  <testcase classname="| ContentCOMDEV@mailinator.com | Approve | Approve |" name="And I populate COM01_Username with &quot;rv.villanueva@truelogic.com.ph&quot;" time="4.094">
    <skipped/>
  </testcase>
  <testcase classname="| ContentCOMDEV@mailinator.com | Approve | Approve |" name="And I populate COM01_Password with &quot;qwerty&quot;" time="4.095">
    <skipped/>
  </testcase>
  <testcase classname="| ContentCOMDEV@mailinator.com | Approve | Approve |" name="And I click COM01_LogIn button" time="4.095">
    <skipped/>
  </testcase>
  <testcase classname="| ContentCOMDEV@mailinator.com | Approve | Approve |" name="Then Ill see that Ive login successfully" time="4.096">
    <skipped/>
  </testcase>
  <testcase classname="| ContentCOMDEV@mailinator.com | Approve | Approve |" name="When I navigate to &quot;COMDEV_Task&quot;" time="4.097">
    <skipped/>
  </testcase>
  <testcase classname="| ContentCOMDEV@mailinator.com | Approve | Approve |" name="And I click COM13_ExamForReview button over COM13_MyTask" time="4.097">
    <skipped/>
  </testcase>
  <testcase classname="| ContentCOMDEV@mailinator.com | Approve | Approve |" name="And I click COM13_Approve button over COM13_ExamForReview" time="4.098">
    <skipped/>
  </testcase>
  <testcase classname="| ContentCOMDEV@mailinator.com | Approve | Approve |" name="Then Ill see a popup that Ive Approve the Task" time="4.098">
    <skipped/>
  </testcase>
  <testcase classname="| ContentCOMDEV@mailinator.com | Approve | Approve |" name="| ContentCOMDEV@mailinator.com | Approve | Approve |" time="8.158">
    <error message="chrome not reachable
  (Session info: chrome=53.0.2785.116)
  (Driver info: chromedriver=2.25.426923 (0390b88869384d6eb0d5d09729679f934aab9eed),platform=Windows NT 10.0.17134 x86_64) (WARNING: The server did not provide any stacktrace information)
Command duration or timeout: 4.06 seconds
Build info: version: &apos;2.53.0&apos;, revision: &apos;35ae25b1534ae328c771e0856c93e187490ca824&apos;, time: &apos;2016-03-15 10:43:46&apos;
System info: host: &apos;ReuelSicatII-LAPTOP&apos;, ip: &apos;192.168.40.144&apos;, os.name: &apos;Windows 10&apos;, os.arch: &apos;amd64&apos;, os.version: &apos;10.0&apos;, java.version: &apos;1.8.0_181&apos;
Driver info: org.openqa.selenium.chrome.ChromeDriver
Capabilities [{applicationCacheEnabled=false, rotatable=false, mobileEmulationEnabled=false, networkConnectionEnabled=false, chrome={chromedriverVersion=2.25.426923 (0390b88869384d6eb0d5d09729679f934aab9eed), userDataDir=C:\Users\REUELS~1\AppData\Local\Temp\scoped_dir93948_25971}, takesHeapSnapshot=true, pageLoadStrategy=normal, databaseEnabled=false, handlesAlerts=true, hasTouchScreen=false, version=53.0.2785.116, platform=XP, browserConnectionEnabled=false, nativeEvents=true, acceptSslCerts=true, locationContextEnabled=true, webStorageEnabled=true, browserName=chrome, takesScreenshot=true, javascriptEnabled=true, cssSelectorsEnabled=true}]
Session ID: 92d136295998e0382b0f0cc7099b83b6" type="org.openqa.selenium.WebDriverException">org.openqa.selenium.WebDriverException: chrome not reachable
  (Session info: chrome=53.0.2785.116)
  (Driver info: chromedriver=2.25.426923 (0390b88869384d6eb0d5d09729679f934aab9eed),platform=Windows NT 10.0.17134 x86_64) (WARNING: The server did not provide any stacktrace information)
Command duration or timeout: 4.06 seconds
Build info: version: &apos;2.53.0&apos;, revision: &apos;35ae25b1534ae328c771e0856c93e187490ca824&apos;, time: &apos;2016-03-15 10:43:46&apos;
System info: host: &apos;ReuelSicatII-LAPTOP&apos;, ip: &apos;192.168.40.144&apos;, os.name: &apos;Windows 10&apos;, os.arch: &apos;amd64&apos;, os.version: &apos;10.0&apos;, java.version: &apos;1.8.0_181&apos;
Driver info: org.openqa.selenium.chrome.ChromeDriver
Capabilities [{applicationCacheEnabled=false, rotatable=false, mobileEmulationEnabled=false, networkConnectionEnabled=false, chrome={chromedriverVersion=2.25.426923 (0390b88869384d6eb0d5d09729679f934aab9eed), userDataDir=C:\Users\REUELS~1\AppData\Local\Temp\scoped_dir93948_25971}, takesHeapSnapshot=true, pageLoadStrategy=normal, databaseEnabled=false, handlesAlerts=true, hasTouchScreen=false, version=53.0.2785.116, platform=XP, browserConnectionEnabled=false, nativeEvents=true, acceptSslCerts=true, locationContextEnabled=true, webStorageEnabled=true, browserName=chrome, takesScreenshot=true, javascriptEnabled=true, cssSelectorsEnabled=true}]
Session ID: 92d136295998e0382b0f0cc7099b83b6
	at sun.reflect.GeneratedConstructorAccessor19.newInstance(Unknown Source)
	at sun.reflect.DelegatingConstructorAccessorImpl.newInstance(DelegatingConstructorAccessorImpl.java:45)
	at java.lang.reflect.Constructor.newInstance(Constructor.java:423)
	at org.openqa.selenium.remote.ErrorHandler.createThrowable(ErrorHandler.java:206)
	at org.openqa.selenium.remote.ErrorHandler.throwIfResponseFailed(ErrorHandler.java:158)
	at org.openqa.selenium.remote.RemoteWebDriver.execute(RemoteWebDriver.java:678)
	at org.openqa.selenium.remote.RemoteWebDriver.execute(RemoteWebDriver.java:701)
	at org.openqa.selenium.remote.RemoteWebDriver.getScreenshotAs(RemoteWebDriver.java:335)
	at cucumber.Framework.TearDown.teardown(TearDown.java:33)
	at sun.reflect.GeneratedMethodAccessor36.invoke(Unknown Source)
	at sun.reflect.DelegatingMethodAccessorImpl.invoke(DelegatingMethodAccessorImpl.java:43)
	at java.lang.reflect.Method.invoke(Method.java:498)
	at cucumber.runtime.Utils$1.call(Utils.java:37)
	at cucumber.runtime.Timeout.timeout(Timeout.java:13)
	at cucumber.runtime.Utils.invoke(Utils.java:31)
	at cucumber.runtime.java.JavaHookDefinition.execute(JavaHookDefinition.java:60)
	at cucumber.runtime.Runtime.runHookIfTagsMatch(Runtime.java:223)
	at cucumber.runtime.Runtime.runHooks(Runtime.java:211)
	at cucumber.runtime.Runtime.runAfterHooks(Runtime.java:205)
	at cucumber.runtime.model.CucumberScenario.run(CucumberScenario.java:46)
	at cucumber.runtime.junit.ExecutionUnitRunner.run(ExecutionUnitRunner.java:91)
	at org.junit.runners.Suite.runChild(Suite.java:127)
	at org.junit.runners.Suite.runChild(Suite.java:26)
	at org.junit.runners.ParentRunner$3.run(ParentRunner.java:238)
	at org.junit.runners.ParentRunner$1.schedule(ParentRunner.java:63)
	at org.junit.runners.ParentRunner.runChildren(ParentRunner.java:236)
	at org.junit.runners.ParentRunner.access$000(ParentRunner.java:53)
	at org.junit.runners.ParentRunner$2.evaluate(ParentRunner.java:229)
	at org.junit.runners.ParentRunner.run(ParentRunner.java:309)
	at cucumber.runtime.junit.ExamplesRunner.run(ExamplesRunner.java:59)
	at org.junit.runners.Suite.runChild(Suite.java:127)
	at org.junit.runners.Suite.runChild(Suite.java:26)
	at org.junit.runners.ParentRunner$3.run(ParentRunner.java:238)
	at org.junit.runners.ParentRunner$1.schedule(ParentRunner.java:63)
	at org.junit.runners.ParentRunner.runChildren(ParentRunner.java:236)
	at org.junit.runners.ParentRunner.access$000(ParentRunner.java:53)
	at org.junit.runners.ParentRunner$2.evaluate(ParentRunner.java:229)
	at org.junit.runners.ParentRunner.run(ParentRunner.java:309)
	at cucumber.runtime.junit.ScenarioOutlineRunner.run(ScenarioOutlineRunner.java:53)
	at cucumber.runtime.junit.FeatureRunner.runChild(FeatureRunner.java:63)
	at cucumber.runtime.junit.FeatureRunner.runChild(FeatureRunner.java:18)
	at org.junit.runners.ParentRunner$3.run(ParentRunner.java:238)
	at org.junit.runners.ParentRunner$1.schedule(ParentRunner.java:63)
	at org.junit.runners.ParentRunner.runChildren(ParentRunner.java:236)
	at org.junit.runners.ParentRunner.access$000(ParentRunner.java:53)
	at org.junit.runners.ParentRunner$2.evaluate(ParentRunner.java:229)
	at org.junit.runners.ParentRunner.run(ParentRunner.java:309)
	at cucumber.runtime.junit.FeatureRunner.run(FeatureRunner.java:70)
	at cucumber.api.junit.Cucumber.runChild(Cucumber.java:93)
	at cucumber.api.junit.Cucumber.runChild(Cucumber.java:37)
	at org.junit.runners.ParentRunner$3.run(ParentRunner.java:238)
	at org.junit.runners.ParentRunner$1.schedule(ParentRunner.java:63)
	at org.junit.runners.ParentRunner.runChildren(ParentRunner.java:236)
	at org.junit.runners.ParentRunner.access$000(ParentRunner.java:53)
	at org.junit.runners.ParentRunner$2.evaluate(ParentRunner.java:229)
	at org.junit.internal.runners.statements.RunBefores.evaluate(RunBefores.java:26)
	at org.junit.internal.runners.statements.RunAfters.evaluate(RunAfters.java:27)
	at org.junit.runners.ParentRunner.run(ParentRunner.java:309)
	at cucumber.api.junit.Cucumber.run(Cucumber.java:98)
	at org.apache.maven.surefire.junit4.JUnit4TestSet.execute(JUnit4TestSet.java:62)
	at org.apache.maven.surefire.suite.AbstractDirectoryTestSuite.executeTestSet(AbstractDirectoryTestSuite.java:140)
	at org.apache.maven.surefire.suite.AbstractDirectoryTestSuite.execute(AbstractDirectoryTestSuite.java:127)
	at org.apache.maven.surefire.Surefire.run(Surefire.java:177)
	at sun.reflect.NativeMethodAccessorImpl.invoke0(Native Method)
	at sun.reflect.NativeMethodAccessorImpl.invoke(NativeMethodAccessorImpl.java:62)
	at sun.reflect.DelegatingMethodAccessorImpl.invoke(DelegatingMethodAccessorImpl.java:43)
	at java.lang.reflect.Method.invoke(Method.java:498)
	at org.apache.maven.surefire.booter.SurefireBooter.runSuitesInProcess(SurefireBooter.java:338)
	at org.apache.maven.surefire.booter.SurefireBooter.main(SurefireBooter.java:997)
</error>
    <system-out>Helper - Scenario Name: COMSMOKETEST_TS05
</system-out>
  </testcase>
  <testcase classname="| ContentCOMDEV@mailinator.com |" name="| ContentCOMDEV@mailinator.com |" time="4.102">
    <error message="chrome not reachable
  (Session info: chrome=53.0.2785.116)
  (Driver info: chromedriver=2.25.426923 (0390b88869384d6eb0d5d09729679f934aab9eed),platform=Windows NT 10.0.17134 x86_64) (WARNING: The server did not provide any stacktrace information)
Command duration or timeout: 4.08 seconds
Build info: version: &apos;2.53.0&apos;, revision: &apos;35ae25b1534ae328c771e0856c93e187490ca824&apos;, time: &apos;2016-03-15 10:43:46&apos;
System info: host: &apos;ReuelSicatII-LAPTOP&apos;, ip: &apos;192.168.40.144&apos;, os.name: &apos;Windows 10&apos;, os.arch: &apos;amd64&apos;, os.version: &apos;10.0&apos;, java.version: &apos;1.8.0_181&apos;
Driver info: org.openqa.selenium.chrome.ChromeDriver
Capabilities [{applicationCacheEnabled=false, rotatable=false, mobileEmulationEnabled=false, networkConnectionEnabled=false, chrome={chromedriverVersion=2.25.426923 (0390b88869384d6eb0d5d09729679f934aab9eed), userDataDir=C:\Users\REUELS~1\AppData\Local\Temp\scoped_dir93948_25971}, takesHeapSnapshot=true, pageLoadStrategy=normal, databaseEnabled=false, handlesAlerts=true, hasTouchScreen=false, version=53.0.2785.116, platform=XP, browserConnectionEnabled=false, nativeEvents=true, acceptSslCerts=true, locationContextEnabled=true, webStorageEnabled=true, browserName=chrome, takesScreenshot=true, javascriptEnabled=true, cssSelectorsEnabled=true}]
Session ID: 92d136295998e0382b0f0cc7099b83b6" type="org.openqa.selenium.WebDriverException">org.openqa.selenium.WebDriverException: chrome not reachable
  (Session info: chrome=53.0.2785.116)
  (Driver info: chromedriver=2.25.426923 (0390b88869384d6eb0d5d09729679f934aab9eed),platform=Windows NT 10.0.17134 x86_64) (WARNING: The server did not provide any stacktrace information)
Command duration or timeout: 4.08 seconds
Build info: version: &apos;2.53.0&apos;, revision: &apos;35ae25b1534ae328c771e0856c93e187490ca824&apos;, time: &apos;2016-03-15 10:43:46&apos;
System info: host: &apos;ReuelSicatII-LAPTOP&apos;, ip: &apos;192.168.40.144&apos;, os.name: &apos;Windows 10&apos;, os.arch: &apos;amd64&apos;, os.version: &apos;10.0&apos;, java.version: &apos;1.8.0_181&apos;
Driver info: org.openqa.selenium.chrome.ChromeDriver
Capabilities [{applicationCacheEnabled=false, rotatable=false, mobileEmulationEnabled=false, networkConnectionEnabled=false, chrome={chromedriverVersion=2.25.426923 (0390b88869384d6eb0d5d09729679f934aab9eed), userDataDir=C:\Users\REUELS~1\AppData\Local\Temp\scoped_dir93948_25971}, takesHeapSnapshot=true, pageLoadStrategy=normal, databaseEnabled=false, handlesAlerts=true, hasTouchScreen=false, version=53.0.2785.116, platform=XP, browserConnectionEnabled=false, nativeEvents=true, acceptSslCerts=true, locationContextEnabled=true, webStorageEnabled=true, browserName=chrome, takesScreenshot=true, javascriptEnabled=true, cssSelectorsEnabled=true}]
Session ID: 92d136295998e0382b0f0cc7099b83b6
	at sun.reflect.GeneratedConstructorAccessor19.newInstance(Unknown Source)
	at sun.reflect.DelegatingConstructorAccessorImpl.newInstance(DelegatingConstructorAccessorImpl.java:45)
	at java.lang.reflect.Constructor.newInstance(Constructor.java:423)
	at org.openqa.selenium.remote.ErrorHandler.createThrowable(ErrorHandler.java:206)
	at org.openqa.selenium.remote.ErrorHandler.throwIfResponseFailed(ErrorHandler.java:158)
	at org.openqa.selenium.remote.RemoteWebDriver.execute(RemoteWebDriver.java:678)
	at org.openqa.selenium.remote.RemoteWebDriver.execute(RemoteWebDriver.java:701)
	at org.openqa.selenium.remote.RemoteWebDriver$RemoteWebDriverOptions.deleteAllCookies(RemoteWebDriver.java:773)
	at cucumber.Framework.WEBHelper.GetDriverObject(WEBHelper.java:217)
	at cucumber.Framework.SetUp.setup(SetUp.java:50)
	at sun.reflect.GeneratedMethodAccessor33.invoke(Unknown Source)
	at sun.reflect.DelegatingMethodAccessorImpl.invoke(DelegatingMethodAccessorImpl.java:43)
	at java.lang.reflect.Method.invoke(Method.java:498)
	at cucumber.runtime.Utils$1.call(Utils.java:37)
	at cucumber.runtime.Timeout.timeout(Timeout.java:13)
	at cucumber.runtime.Utils.invoke(Utils.java:31)
	at cucumber.runtime.java.JavaHookDefinition.execute(JavaHookDefinition.java:60)
	at cucumber.runtime.Runtime.runHookIfTagsMatch(Runtime.java:223)
	at cucumber.runtime.Runtime.runHooks(Runtime.java:211)
	at cucumber.runtime.Runtime.runBeforeHooks(Runtime.java:201)
	at cucumber.runtime.model.CucumberScenario.run(CucumberScenario.java:40)
	at cucumber.runtime.junit.ExecutionUnitRunner.run(ExecutionUnitRunner.java:91)
	at org.junit.runners.Suite.runChild(Suite.java:127)
	at org.junit.runners.Suite.runChild(Suite.java:26)
	at org.junit.runners.ParentRunner$3.run(ParentRunner.java:238)
	at org.junit.runners.ParentRunner$1.schedule(ParentRunner.java:63)
	at org.junit.runners.ParentRunner.runChildren(ParentRunner.java:236)
	at org.junit.runners.ParentRunner.access$000(ParentRunner.java:53)
	at org.junit.runners.ParentRunner$2.evaluate(ParentRunner.java:229)
	at org.junit.runners.ParentRunner.run(ParentRunner.java:309)
	at cucumber.runtime.junit.ExamplesRunner.run(ExamplesRunner.java:59)
	at org.junit.runners.Suite.runChild(Suite.java:127)
	at org.junit.runners.Suite.runChild(Suite.java:26)
	at org.junit.runners.ParentRunner$3.run(ParentRunner.java:238)
	at org.junit.runners.ParentRunner$1.schedule(ParentRunner.java:63)
	at org.junit.runners.ParentRunner.runChildren(ParentRunner.java:236)
	at org.junit.runners.ParentRunner.access$000(ParentRunner.java:53)
	at org.junit.runners.ParentRunner$2.evaluate(ParentRunner.java:229)
	at org.junit.runners.ParentRunner.run(ParentRunner.java:309)
	at cucumber.runtime.junit.ScenarioOutlineRunner.run(ScenarioOutlineRunner.java:53)
	at cucumber.runtime.junit.FeatureRunner.runChild(FeatureRunner.java:63)
	at cucumber.runtime.junit.FeatureRunner.runChild(FeatureRunner.java:18)
	at org.junit.runners.ParentRunner$3.run(ParentRunner.java:238)
	at org.junit.runners.ParentRunner$1.schedule(ParentRunner.java:63)
	at org.junit.runners.ParentRunner.runChildren(ParentRunner.java:236)
	at org.junit.runners.ParentRunner.access$000(ParentRunner.java:53)
	at org.junit.runners.ParentRunner$2.evaluate(ParentRunner.java:229)
	at org.junit.runners.ParentRunner.run(ParentRunner.java:309)
	at cucumber.runtime.junit.FeatureRunner.run(FeatureRunner.java:70)
	at cucumber.api.junit.Cucumber.runChild(Cucumber.java:93)
	at cucumber.api.junit.Cucumber.runChild(Cucumber.java:37)
	at org.junit.runners.ParentRunner$3.run(ParentRunner.java:238)
	at org.junit.runners.ParentRunner$1.schedule(ParentRunner.java:63)
	at org.junit.runners.ParentRunner.runChildren(ParentRunner.java:236)
	at org.junit.runners.ParentRunner.access$000(ParentRunner.java:53)
	at org.junit.runners.ParentRunner$2.evaluate(ParentRunner.java:229)
	at org.junit.internal.runners.statements.RunBefores.evaluate(RunBefores.java:26)
	at org.junit.internal.runners.statements.RunAfters.evaluate(RunAfters.java:27)
	at org.junit.runners.ParentRunner.run(ParentRunner.java:309)
	at cucumber.api.junit.Cucumber.run(Cucumber.java:98)
	at org.apache.maven.surefire.junit4.JUnit4TestSet.execute(JUnit4TestSet.java:62)
	at org.apache.maven.surefire.suite.AbstractDirectoryTestSuite.executeTestSet(AbstractDirectoryTestSuite.java:140)
	at org.apache.maven.surefire.suite.AbstractDirectoryTestSuite.execute(AbstractDirectoryTestSuite.java:127)
	at org.apache.maven.surefire.Surefire.run(Surefire.java:177)
	at sun.reflect.NativeMethodAccessorImpl.invoke0(Native Method)
	at sun.reflect.NativeMethodAccessorImpl.invoke(NativeMethodAccessorImpl.java:62)
	at sun.reflect.DelegatingMethodAccessorImpl.invoke(DelegatingMethodAccessorImpl.java:43)
	at java.lang.reflect.Method.invoke(Method.java:498)
	at org.apache.maven.surefire.booter.SurefireBooter.runSuitesInProcess(SurefireBooter.java:338)
	at org.apache.maven.surefire.booter.SurefireBooter.main(SurefireBooter.java:997)
</error>
    <system-out>Helper - Scenario Name: COMSMOKETEST_TS06
</system-out>
  </testcase>
  <testcase classname="| ContentCOMDEV@mailinator.com |" name="Given Im an Account Manager" time="4.133">
    <skipped/>
  </testcase>
  <testcase classname="| ContentCOMDEV@mailinator.com |" name="When I navigate to &quot;COMDEV_Login&quot;" time="4.133">
    <skipped/>
  </testcase>
  <testcase classname="| ContentCOMDEV@mailinator.com |" name="And I populate COM01_Username with &quot;rv.villanueva@truelogic.com.ph&quot;" time="4.133">
    <skipped/>
  </testcase>
  <testcase classname="| ContentCOMDEV@mailinator.com |" name="And I populate COM01_Password with &quot;qwerty&quot;" time="4.133">
    <skipped/>
  </testcase>
  <testcase classname="| ContentCOMDEV@mailinator.com |" name="And I click COM01_LogIn button" time="4.133">
    <skipped/>
  </testcase>
  <testcase classname="| ContentCOMDEV@mailinator.com |" name="Then Ill see that Ive login successfully" time="4.133">
    <skipped/>
  </testcase>
  <testcase classname="| ContentCOMDEV@mailinator.com |" name="When I navigate to &quot;COMDEV_Task&quot;" time="4.148">
    <skipped/>
  </testcase>
  <testcase classname="| ContentCOMDEV@mailinator.com |" name="And I click COM13_ForDelegation button over COM13_MyTask" time="4.148">
    <skipped/>
  </testcase>
  <testcase classname="| ContentCOMDEV@mailinator.com |" name="And I select &quot;Truelogic&quot; over COM13_OrganizationSelect dropdown" time="4.148">
    <skipped/>
  </testcase>
  <testcase classname="| ContentCOMDEV@mailinator.com |" name="And I populate COM13_MytaskSearch with &quot;test&quot;" time="4.148">
    <skipped/>
  </testcase>
  <testcase classname="| ContentCOMDEV@mailinator.com |" name="And I click COM13_Search button over COM13_MyTask" time="4.148">
    <skipped/>
  </testcase>
  <testcase classname="| ContentCOMDEV@mailinator.com |" name="And I DragDrop task from MyTask to Organization" time="4.148">
    <skipped/>
  </testcase>
  <testcase classname="| ContentCOMDEV@mailinator.com |" name="Then Ill see the successful popup message over Compass" time="4.148">
    <skipped/>
  </testcase>
  <testcase classname="| ContentCOMDEV@mailinator.com |" name="When I click COM13_TaskPool button over Compass" time="4.148">
    <skipped/>
  </testcase>
  <testcase classname="| ContentCOMDEV@mailinator.com |" name="Then Ill see that the task is delegated to my team TaskPool over Compass" time="4.148">
    <skipped/>
  </testcase>
  <testcase classname="| ContentCOMDEV@mailinator.com |" name="When I navigate to &quot;COMDEV_Logout&quot;" time="4.148">
    <skipped/>
  </testcase>
  <testcase classname="| ContentCOMDEV@mailinator.com |" name="Then Ill see that Ive logout successfully" time="4.148">
    <skipped/>
  </testcase>
  <testcase classname="| ContentCOMDEV@mailinator.com |" name="| ContentCOMDEV@mailinator.com |" time="8.222">
    <error message="chrome not reachable
  (Session info: chrome=53.0.2785.116)
  (Driver info: chromedriver=2.25.426923 (0390b88869384d6eb0d5d09729679f934aab9eed),platform=Windows NT 10.0.17134 x86_64) (WARNING: The server did not provide any stacktrace information)
Command duration or timeout: 4.07 seconds
Build info: version: &apos;2.53.0&apos;, revision: &apos;35ae25b1534ae328c771e0856c93e187490ca824&apos;, time: &apos;2016-03-15 10:43:46&apos;
System info: host: &apos;ReuelSicatII-LAPTOP&apos;, ip: &apos;192.168.40.144&apos;, os.name: &apos;Windows 10&apos;, os.arch: &apos;amd64&apos;, os.version: &apos;10.0&apos;, java.version: &apos;1.8.0_181&apos;
Driver info: org.openqa.selenium.chrome.ChromeDriver
Capabilities [{applicationCacheEnabled=false, rotatable=false, mobileEmulationEnabled=false, networkConnectionEnabled=false, chrome={chromedriverVersion=2.25.426923 (0390b88869384d6eb0d5d09729679f934aab9eed), userDataDir=C:\Users\REUELS~1\AppData\Local\Temp\scoped_dir93948_25971}, takesHeapSnapshot=true, pageLoadStrategy=normal, databaseEnabled=false, handlesAlerts=true, hasTouchScreen=false, version=53.0.2785.116, platform=XP, browserConnectionEnabled=false, nativeEvents=true, acceptSslCerts=true, locationContextEnabled=true, webStorageEnabled=true, browserName=chrome, takesScreenshot=true, javascriptEnabled=true, cssSelectorsEnabled=true}]
Session ID: 92d136295998e0382b0f0cc7099b83b6" type="org.openqa.selenium.WebDriverException">org.openqa.selenium.WebDriverException: chrome not reachable
  (Session info: chrome=53.0.2785.116)
  (Driver info: chromedriver=2.25.426923 (0390b88869384d6eb0d5d09729679f934aab9eed),platform=Windows NT 10.0.17134 x86_64) (WARNING: The server did not provide any stacktrace information)
Command duration or timeout: 4.07 seconds
Build info: version: &apos;2.53.0&apos;, revision: &apos;35ae25b1534ae328c771e0856c93e187490ca824&apos;, time: &apos;2016-03-15 10:43:46&apos;
System info: host: &apos;ReuelSicatII-LAPTOP&apos;, ip: &apos;192.168.40.144&apos;, os.name: &apos;Windows 10&apos;, os.arch: &apos;amd64&apos;, os.version: &apos;10.0&apos;, java.version: &apos;1.8.0_181&apos;
Driver info: org.openqa.selenium.chrome.ChromeDriver
Capabilities [{applicationCacheEnabled=false, rotatable=false, mobileEmulationEnabled=false, networkConnectionEnabled=false, chrome={chromedriverVersion=2.25.426923 (0390b88869384d6eb0d5d09729679f934aab9eed), userDataDir=C:\Users\REUELS~1\AppData\Local\Temp\scoped_dir93948_25971}, takesHeapSnapshot=true, pageLoadStrategy=normal, databaseEnabled=false, handlesAlerts=true, hasTouchScreen=false, version=53.0.2785.116, platform=XP, browserConnectionEnabled=false, nativeEvents=true, acceptSslCerts=true, locationContextEnabled=true, webStorageEnabled=true, browserName=chrome, takesScreenshot=true, javascriptEnabled=true, cssSelectorsEnabled=true}]
Session ID: 92d136295998e0382b0f0cc7099b83b6
	at sun.reflect.GeneratedConstructorAccessor19.newInstance(Unknown Source)
	at sun.reflect.DelegatingConstructorAccessorImpl.newInstance(DelegatingConstructorAccessorImpl.java:45)
	at java.lang.reflect.Constructor.newInstance(Constructor.java:423)
	at org.openqa.selenium.remote.ErrorHandler.createThrowable(ErrorHandler.java:206)
	at org.openqa.selenium.remote.ErrorHandler.throwIfResponseFailed(ErrorHandler.java:158)
	at org.openqa.selenium.remote.RemoteWebDriver.execute(RemoteWebDriver.java:678)
	at org.openqa.selenium.remote.RemoteWebDriver.execute(RemoteWebDriver.java:701)
	at org.openqa.selenium.remote.RemoteWebDriver.getScreenshotAs(RemoteWebDriver.java:335)
	at cucumber.Framework.TearDown.teardown(TearDown.java:33)
	at sun.reflect.GeneratedMethodAccessor36.invoke(Unknown Source)
	at sun.reflect.DelegatingMethodAccessorImpl.invoke(DelegatingMethodAccessorImpl.java:43)
	at java.lang.reflect.Method.invoke(Method.java:498)
	at cucumber.runtime.Utils$1.call(Utils.java:37)
	at cucumber.runtime.Timeout.timeout(Timeout.java:13)
	at cucumber.runtime.Utils.invoke(Utils.java:31)
	at cucumber.runtime.java.JavaHookDefinition.execute(JavaHookDefinition.java:60)
	at cucumber.runtime.Runtime.runHookIfTagsMatch(Runtime.java:223)
	at cucumber.runtime.Runtime.runHooks(Runtime.java:211)
	at cucumber.runtime.Runtime.runAfterHooks(Runtime.java:205)
	at cucumber.runtime.model.CucumberScenario.run(CucumberScenario.java:46)
	at cucumber.runtime.junit.ExecutionUnitRunner.run(ExecutionUnitRunner.java:91)
	at org.junit.runners.Suite.runChild(Suite.java:127)
	at org.junit.runners.Suite.runChild(Suite.java:26)
	at org.junit.runners.ParentRunner$3.run(ParentRunner.java:238)
	at org.junit.runners.ParentRunner$1.schedule(ParentRunner.java:63)
	at org.junit.runners.ParentRunner.runChildren(ParentRunner.java:236)
	at org.junit.runners.ParentRunner.access$000(ParentRunner.java:53)
	at org.junit.runners.ParentRunner$2.evaluate(ParentRunner.java:229)
	at org.junit.runners.ParentRunner.run(ParentRunner.java:309)
	at cucumber.runtime.junit.ExamplesRunner.run(ExamplesRunner.java:59)
	at org.junit.runners.Suite.runChild(Suite.java:127)
	at org.junit.runners.Suite.runChild(Suite.java:26)
	at org.junit.runners.ParentRunner$3.run(ParentRunner.java:238)
	at org.junit.runners.ParentRunner$1.schedule(ParentRunner.java:63)
	at org.junit.runners.ParentRunner.runChildren(ParentRunner.java:236)
	at org.junit.runners.ParentRunner.access$000(ParentRunner.java:53)
	at org.junit.runners.ParentRunner$2.evaluate(ParentRunner.java:229)
	at org.junit.runners.ParentRunner.run(ParentRunner.java:309)
	at cucumber.runtime.junit.ScenarioOutlineRunner.run(ScenarioOutlineRunner.java:53)
	at cucumber.runtime.junit.FeatureRunner.runChild(FeatureRunner.java:63)
	at cucumber.runtime.junit.FeatureRunner.runChild(FeatureRunner.java:18)
	at org.junit.runners.ParentRunner$3.run(ParentRunner.java:238)
	at org.junit.runners.ParentRunner$1.schedule(ParentRunner.java:63)
	at org.junit.runners.ParentRunner.runChildren(ParentRunner.java:236)
	at org.junit.runners.ParentRunner.access$000(ParentRunner.java:53)
	at org.junit.runners.ParentRunner$2.evaluate(ParentRunner.java:229)
	at org.junit.runners.ParentRunner.run(ParentRunner.java:309)
	at cucumber.runtime.junit.FeatureRunner.run(FeatureRunner.java:70)
	at cucumber.api.junit.Cucumber.runChild(Cucumber.java:93)
	at cucumber.api.junit.Cucumber.runChild(Cucumber.java:37)
	at org.junit.runners.ParentRunner$3.run(ParentRunner.java:238)
	at org.junit.runners.ParentRunner$1.schedule(ParentRunner.java:63)
	at org.junit.runners.ParentRunner.runChildren(ParentRunner.java:236)
	at org.junit.runners.ParentRunner.access$000(ParentRunner.java:53)
	at org.junit.runners.ParentRunner$2.evaluate(ParentRunner.java:229)
	at org.junit.internal.runners.statements.RunBefores.evaluate(RunBefores.java:26)
	at org.junit.internal.runners.statements.RunAfters.evaluate(RunAfters.java:27)
	at org.junit.runners.ParentRunner.run(ParentRunner.java:309)
	at cucumber.api.junit.Cucumber.run(Cucumber.java:98)
	at org.apache.maven.surefire.junit4.JUnit4TestSet.execute(JUnit4TestSet.java:62)
	at org.apache.maven.surefire.suite.AbstractDirectoryTestSuite.executeTestSet(AbstractDirectoryTestSuite.java:140)
	at org.apache.maven.surefire.suite.AbstractDirectoryTestSuite.execute(AbstractDirectoryTestSuite.java:127)
	at org.apache.maven.surefire.Surefire.run(Surefire.java:177)
	at sun.reflect.NativeMethodAccessorImpl.invoke0(Native Method)
	at sun.reflect.NativeMethodAccessorImpl.invoke(NativeMethodAccessorImpl.java:62)
	at sun.reflect.DelegatingMethodAccessorImpl.invoke(DelegatingMethodAccessorImpl.java:43)
	at java.lang.reflect.Method.invoke(Method.java:498)
	at org.apache.maven.surefire.booter.SurefireBooter.runSuitesInProcess(SurefireBooter.java:338)
	at org.apache.maven.surefire.booter.SurefireBooter.main(SurefireBooter.java:997)
</error>
    <system-out>Helper - Scenario Name: COMSMOKETEST_TS06
</system-out>
  </testcase>
  <testcase classname="| ContentCOMDEV@mailinator.com | ContentPPCDEV@mailinator.com | 1 |" name="| ContentCOMDEV@mailinator.com | ContentPPCDEV@mailinator.com | 1 |" time="4.093">
    <error message="chrome not reachable
  (Session info: chrome=53.0.2785.116)
  (Driver info: chromedriver=2.25.426923 (0390b88869384d6eb0d5d09729679f934aab9eed),platform=Windows NT 10.0.17134 x86_64) (WARNING: The server did not provide any stacktrace information)
Command duration or timeout: 4.08 seconds
Build info: version: &apos;2.53.0&apos;, revision: &apos;35ae25b1534ae328c771e0856c93e187490ca824&apos;, time: &apos;2016-03-15 10:43:46&apos;
System info: host: &apos;ReuelSicatII-LAPTOP&apos;, ip: &apos;192.168.40.144&apos;, os.name: &apos;Windows 10&apos;, os.arch: &apos;amd64&apos;, os.version: &apos;10.0&apos;, java.version: &apos;1.8.0_181&apos;
Driver info: org.openqa.selenium.chrome.ChromeDriver
Capabilities [{applicationCacheEnabled=false, rotatable=false, mobileEmulationEnabled=false, networkConnectionEnabled=false, chrome={chromedriverVersion=2.25.426923 (0390b88869384d6eb0d5d09729679f934aab9eed), userDataDir=C:\Users\REUELS~1\AppData\Local\Temp\scoped_dir93948_25971}, takesHeapSnapshot=true, pageLoadStrategy=normal, databaseEnabled=false, handlesAlerts=true, hasTouchScreen=false, version=53.0.2785.116, platform=XP, browserConnectionEnabled=false, nativeEvents=true, acceptSslCerts=true, locationContextEnabled=true, webStorageEnabled=true, browserName=chrome, takesScreenshot=true, javascriptEnabled=true, cssSelectorsEnabled=true}]
Session ID: 92d136295998e0382b0f0cc7099b83b6" type="org.openqa.selenium.WebDriverException">org.openqa.selenium.WebDriverException: chrome not reachable
  (Session info: chrome=53.0.2785.116)
  (Driver info: chromedriver=2.25.426923 (0390b88869384d6eb0d5d09729679f934aab9eed),platform=Windows NT 10.0.17134 x86_64) (WARNING: The server did not provide any stacktrace information)
Command duration or timeout: 4.08 seconds
Build info: version: &apos;2.53.0&apos;, revision: &apos;35ae25b1534ae328c771e0856c93e187490ca824&apos;, time: &apos;2016-03-15 10:43:46&apos;
System info: host: &apos;ReuelSicatII-LAPTOP&apos;, ip: &apos;192.168.40.144&apos;, os.name: &apos;Windows 10&apos;, os.arch: &apos;amd64&apos;, os.version: &apos;10.0&apos;, java.version: &apos;1.8.0_181&apos;
Driver info: org.openqa.selenium.chrome.ChromeDriver
Capabilities [{applicationCacheEnabled=false, rotatable=false, mobileEmulationEnabled=false, networkConnectionEnabled=false, chrome={chromedriverVersion=2.25.426923 (0390b88869384d6eb0d5d09729679f934aab9eed), userDataDir=C:\Users\REUELS~1\AppData\Local\Temp\scoped_dir93948_25971}, takesHeapSnapshot=true, pageLoadStrategy=normal, databaseEnabled=false, handlesAlerts=true, hasTouchScreen=false, version=53.0.2785.116, platform=XP, browserConnectionEnabled=false, nativeEvents=true, acceptSslCerts=true, locationContextEnabled=true, webStorageEnabled=true, browserName=chrome, takesScreenshot=true, javascriptEnabled=true, cssSelectorsEnabled=true}]
Session ID: 92d136295998e0382b0f0cc7099b83b6
	at sun.reflect.GeneratedConstructorAccessor19.newInstance(Unknown Source)
	at sun.reflect.DelegatingConstructorAccessorImpl.newInstance(DelegatingConstructorAccessorImpl.java:45)
	at java.lang.reflect.Constructor.newInstance(Constructor.java:423)
	at org.openqa.selenium.remote.ErrorHandler.createThrowable(ErrorHandler.java:206)
	at org.openqa.selenium.remote.ErrorHandler.throwIfResponseFailed(ErrorHandler.java:158)
	at org.openqa.selenium.remote.RemoteWebDriver.execute(RemoteWebDriver.java:678)
	at org.openqa.selenium.remote.RemoteWebDriver.execute(RemoteWebDriver.java:701)
	at org.openqa.selenium.remote.RemoteWebDriver$RemoteWebDriverOptions.deleteAllCookies(RemoteWebDriver.java:773)
	at cucumber.Framework.WEBHelper.GetDriverObject(WEBHelper.java:217)
	at cucumber.Framework.SetUp.setup(SetUp.java:50)
	at sun.reflect.GeneratedMethodAccessor33.invoke(Unknown Source)
	at sun.reflect.DelegatingMethodAccessorImpl.invoke(DelegatingMethodAccessorImpl.java:43)
	at java.lang.reflect.Method.invoke(Method.java:498)
	at cucumber.runtime.Utils$1.call(Utils.java:37)
	at cucumber.runtime.Timeout.timeout(Timeout.java:13)
	at cucumber.runtime.Utils.invoke(Utils.java:31)
	at cucumber.runtime.java.JavaHookDefinition.execute(JavaHookDefinition.java:60)
	at cucumber.runtime.Runtime.runHookIfTagsMatch(Runtime.java:223)
	at cucumber.runtime.Runtime.runHooks(Runtime.java:211)
	at cucumber.runtime.Runtime.runBeforeHooks(Runtime.java:201)
	at cucumber.runtime.model.CucumberScenario.run(CucumberScenario.java:40)
	at cucumber.runtime.junit.ExecutionUnitRunner.run(ExecutionUnitRunner.java:91)
	at org.junit.runners.Suite.runChild(Suite.java:127)
	at org.junit.runners.Suite.runChild(Suite.java:26)
	at org.junit.runners.ParentRunner$3.run(ParentRunner.java:238)
	at org.junit.runners.ParentRunner$1.schedule(ParentRunner.java:63)
	at org.junit.runners.ParentRunner.runChildren(ParentRunner.java:236)
	at org.junit.runners.ParentRunner.access$000(ParentRunner.java:53)
	at org.junit.runners.ParentRunner$2.evaluate(ParentRunner.java:229)
	at org.junit.runners.ParentRunner.run(ParentRunner.java:309)
	at cucumber.runtime.junit.ExamplesRunner.run(ExamplesRunner.java:59)
	at org.junit.runners.Suite.runChild(Suite.java:127)
	at org.junit.runners.Suite.runChild(Suite.java:26)
	at org.junit.runners.ParentRunner$3.run(ParentRunner.java:238)
	at org.junit.runners.ParentRunner$1.schedule(ParentRunner.java:63)
	at org.junit.runners.ParentRunner.runChildren(ParentRunner.java:236)
	at org.junit.runners.ParentRunner.access$000(ParentRunner.java:53)
	at org.junit.runners.ParentRunner$2.evaluate(ParentRunner.java:229)
	at org.junit.runners.ParentRunner.run(ParentRunner.java:309)
	at cucumber.runtime.junit.ScenarioOutlineRunner.run(ScenarioOutlineRunner.java:53)
	at cucumber.runtime.junit.FeatureRunner.runChild(FeatureRunner.java:63)
	at cucumber.runtime.junit.FeatureRunner.runChild(FeatureRunner.java:18)
	at org.junit.runners.ParentRunner$3.run(ParentRunner.java:238)
	at org.junit.runners.ParentRunner$1.schedule(ParentRunner.java:63)
	at org.junit.runners.ParentRunner.runChildren(ParentRunner.java:236)
	at org.junit.runners.ParentRunner.access$000(ParentRunner.java:53)
	at org.junit.runners.ParentRunner$2.evaluate(ParentRunner.java:229)
	at org.junit.runners.ParentRunner.run(ParentRunner.java:309)
	at cucumber.runtime.junit.FeatureRunner.run(FeatureRunner.java:70)
	at cucumber.api.junit.Cucumber.runChild(Cucumber.java:93)
	at cucumber.api.junit.Cucumber.runChild(Cucumber.java:37)
	at org.junit.runners.ParentRunner$3.run(ParentRunner.java:238)
	at org.junit.runners.ParentRunner$1.schedule(ParentRunner.java:63)
	at org.junit.runners.ParentRunner.runChildren(ParentRunner.java:236)
	at org.junit.runners.ParentRunner.access$000(ParentRunner.java:53)
	at org.junit.runners.ParentRunner$2.evaluate(ParentRunner.java:229)
	at org.junit.internal.runners.statements.RunBefores.evaluate(RunBefores.java:26)
	at org.junit.internal.runners.statements.RunAfters.evaluate(RunAfters.java:27)
	at org.junit.runners.ParentRunner.run(ParentRunner.java:309)
	at cucumber.api.junit.Cucumber.run(Cucumber.java:98)
	at org.apache.maven.surefire.junit4.JUnit4TestSet.execute(JUnit4TestSet.java:62)
	at org.apache.maven.surefire.suite.AbstractDirectoryTestSuite.executeTestSet(AbstractDirectoryTestSuite.java:140)
	at org.apache.maven.surefire.suite.AbstractDirectoryTestSuite.execute(AbstractDirectoryTestSuite.java:127)
	at org.apache.maven.surefire.Surefire.run(Surefire.java:177)
	at sun.reflect.NativeMethodAccessorImpl.invoke0(Native Method)
	at sun.reflect.NativeMethodAccessorImpl.invoke(NativeMethodAccessorImpl.java:62)
	at sun.reflect.DelegatingMethodAccessorImpl.invoke(DelegatingMethodAccessorImpl.java:43)
	at java.lang.reflect.Method.invoke(Method.java:498)
	at org.apache.maven.surefire.booter.SurefireBooter.runSuitesInProcess(SurefireBooter.java:338)
	at org.apache.maven.surefire.booter.SurefireBooter.main(SurefireBooter.java:997)
</error>
    <system-out>Helper - Scenario Name: COMSMOKETEST_TS07
</system-out>
  </testcase>
  <testcase classname="| ContentCOMDEV@mailinator.com | ContentPPCDEV@mailinator.com | 1 |" name="Given Im an Account Manager" time="4.093">
    <skipped/>
  </testcase>
  <testcase classname="| ContentCOMDEV@mailinator.com | ContentPPCDEV@mailinator.com | 1 |" name="When I navigate to &quot;COMDEV_Login&quot;" time="4.093">
    <skipped/>
  </testcase>
  <testcase classname="| ContentCOMDEV@mailinator.com | ContentPPCDEV@mailinator.com | 1 |" name="And I populate COM01_Username with &quot;rv.villanueva@truelogic.com.ph&quot;" time="4.093">
    <skipped/>
  </testcase>
  <testcase classname="| ContentCOMDEV@mailinator.com | ContentPPCDEV@mailinator.com | 1 |" name="And I populate COM01_Password with &quot;qwerty&quot;" time="4.093">
    <skipped/>
  </testcase>
  <testcase classname="| ContentCOMDEV@mailinator.com | ContentPPCDEV@mailinator.com | 1 |" name="And I click COM01_LogIn button" time="4.093">
    <skipped/>
  </testcase>
  <testcase classname="| ContentCOMDEV@mailinator.com | ContentPPCDEV@mailinator.com | 1 |" name="Then Ill see that Ive login successfully" time="4.108">
    <skipped/>
  </testcase>
  <testcase classname="| ContentCOMDEV@mailinator.com | ContentPPCDEV@mailinator.com | 1 |" name="When I navigate to &quot;COMDEV_Task&quot;" time="4.108">
    <skipped/>
  </testcase>
  <testcase classname="| ContentCOMDEV@mailinator.com | ContentPPCDEV@mailinator.com | 1 |" name="And I click COM13_ForDelegation button over COM13_MyTask" time="4.108">
    <skipped/>
  </testcase>
  <testcase classname="| ContentCOMDEV@mailinator.com | ContentPPCDEV@mailinator.com | 1 |" name="And I select &quot;PayPerContent&quot; over COM13_OrganizationSelect dropdown" time="4.108">
    <skipped/>
  </testcase>
  <testcase classname="| ContentCOMDEV@mailinator.com | ContentPPCDEV@mailinator.com | 1 |" name="And I populate COM13_MytaskSearch with &quot;test&quot;" time="4.108">
    <skipped/>
  </testcase>
  <testcase classname="| ContentCOMDEV@mailinator.com | ContentPPCDEV@mailinator.com | 1 |" name="And I click COM13_Search button over COM13_MyTask" time="4.108">
    <skipped/>
  </testcase>
  <testcase classname="| ContentCOMDEV@mailinator.com | ContentPPCDEV@mailinator.com | 1 |" name="And I DragDrop task from MyTask to Organization" time="4.108">
    <skipped/>
  </testcase>
  <testcase classname="| ContentCOMDEV@mailinator.com | ContentPPCDEV@mailinator.com | 1 |" name="Then Ill see the successful popup message over Compass" time="4.108">
    <skipped/>
  </testcase>
  <testcase classname="| ContentCOMDEV@mailinator.com | ContentPPCDEV@mailinator.com | 1 |" name="When I navigate to &quot;COMDEV_Logout&quot;" time="4.108">
    <skipped/>
  </testcase>
  <testcase classname="| ContentCOMDEV@mailinator.com | ContentPPCDEV@mailinator.com | 1 |" name="Then Ill see that Ive logout successfully" time="4.108">
    <skipped/>
  </testcase>
  <testcase classname="| ContentCOMDEV@mailinator.com | ContentPPCDEV@mailinator.com | 1 |" name="When I navigate to &quot;PPCDEV_Login&quot;" time="4.108">
    <skipped/>
  </testcase>
  <testcase classname="| ContentCOMDEV@mailinator.com | ContentPPCDEV@mailinator.com | 1 |" name="And I populate PPC01_Username with &quot;rv.villanueva@truelogic.com.ph&quot;" time="4.108">
    <skipped/>
  </testcase>
  <testcase classname="| ContentCOMDEV@mailinator.com | ContentPPCDEV@mailinator.com | 1 |" name="And I populate PPC01_Password with &quot;qwerty&quot;" time="4.108">
    <skipped/>
  </testcase>
  <testcase classname="| ContentCOMDEV@mailinator.com | ContentPPCDEV@mailinator.com | 1 |" name="And I click PPC01_LogIn button" time="4.108">
    <skipped/>
  </testcase>
  <testcase classname="| ContentCOMDEV@mailinator.com | ContentPPCDEV@mailinator.com | 1 |" name="Then Ill see that Ive login successfully over Paypercontent" time="4.108">
    <skipped/>
  </testcase>
  <testcase classname="| ContentCOMDEV@mailinator.com | ContentPPCDEV@mailinator.com | 1 |" name="When I navigate to &quot;PPCDEV_Home&quot;" time="4.108">
    <skipped/>
  </testcase>
  <testcase classname="| ContentCOMDEV@mailinator.com | ContentPPCDEV@mailinator.com | 1 |" name="Then Ill see that the task is delegated to my team TaskPool over Paypercontent" time="4.108">
    <skipped/>
  </testcase>
  <testcase classname="| ContentCOMDEV@mailinator.com | ContentPPCDEV@mailinator.com | 1 |" name="And Ill see that only 1 are listed to my team TaskPool over Paypercontent" time="4.108">
    <skipped/>
  </testcase>
  <testcase classname="| ContentCOMDEV@mailinator.com | ContentPPCDEV@mailinator.com | 1 |" name="| ContentCOMDEV@mailinator.com | ContentPPCDEV@mailinator.com | 1 |" time="8.175">
    <error message="chrome not reachable
  (Session info: chrome=53.0.2785.116)
  (Driver info: chromedriver=2.25.426923 (0390b88869384d6eb0d5d09729679f934aab9eed),platform=Windows NT 10.0.17134 x86_64) (WARNING: The server did not provide any stacktrace information)
Command duration or timeout: 4.07 seconds
Build info: version: &apos;2.53.0&apos;, revision: &apos;35ae25b1534ae328c771e0856c93e187490ca824&apos;, time: &apos;2016-03-15 10:43:46&apos;
System info: host: &apos;ReuelSicatII-LAPTOP&apos;, ip: &apos;192.168.40.144&apos;, os.name: &apos;Windows 10&apos;, os.arch: &apos;amd64&apos;, os.version: &apos;10.0&apos;, java.version: &apos;1.8.0_181&apos;
Driver info: org.openqa.selenium.chrome.ChromeDriver
Capabilities [{applicationCacheEnabled=false, rotatable=false, mobileEmulationEnabled=false, networkConnectionEnabled=false, chrome={chromedriverVersion=2.25.426923 (0390b88869384d6eb0d5d09729679f934aab9eed), userDataDir=C:\Users\REUELS~1\AppData\Local\Temp\scoped_dir93948_25971}, takesHeapSnapshot=true, pageLoadStrategy=normal, databaseEnabled=false, handlesAlerts=true, hasTouchScreen=false, version=53.0.2785.116, platform=XP, browserConnectionEnabled=false, nativeEvents=true, acceptSslCerts=true, locationContextEnabled=true, webStorageEnabled=true, browserName=chrome, takesScreenshot=true, javascriptEnabled=true, cssSelectorsEnabled=true}]
Session ID: 92d136295998e0382b0f0cc7099b83b6" type="org.openqa.selenium.WebDriverException">org.openqa.selenium.WebDriverException: chrome not reachable
  (Session info: chrome=53.0.2785.116)
  (Driver info: chromedriver=2.25.426923 (0390b88869384d6eb0d5d09729679f934aab9eed),platform=Windows NT 10.0.17134 x86_64) (WARNING: The server did not provide any stacktrace information)
Command duration or timeout: 4.07 seconds
Build info: version: &apos;2.53.0&apos;, revision: &apos;35ae25b1534ae328c771e0856c93e187490ca824&apos;, time: &apos;2016-03-15 10:43:46&apos;
System info: host: &apos;ReuelSicatII-LAPTOP&apos;, ip: &apos;192.168.40.144&apos;, os.name: &apos;Windows 10&apos;, os.arch: &apos;amd64&apos;, os.version: &apos;10.0&apos;, java.version: &apos;1.8.0_181&apos;
Driver info: org.openqa.selenium.chrome.ChromeDriver
Capabilities [{applicationCacheEnabled=false, rotatable=false, mobileEmulationEnabled=false, networkConnectionEnabled=false, chrome={chromedriverVersion=2.25.426923 (0390b88869384d6eb0d5d09729679f934aab9eed), userDataDir=C:\Users\REUELS~1\AppData\Local\Temp\scoped_dir93948_25971}, takesHeapSnapshot=true, pageLoadStrategy=normal, databaseEnabled=false, handlesAlerts=true, hasTouchScreen=false, version=53.0.2785.116, platform=XP, browserConnectionEnabled=false, nativeEvents=true, acceptSslCerts=true, locationContextEnabled=true, webStorageEnabled=true, browserName=chrome, takesScreenshot=true, javascriptEnabled=true, cssSelectorsEnabled=true}]
Session ID: 92d136295998e0382b0f0cc7099b83b6
	at sun.reflect.GeneratedConstructorAccessor19.newInstance(Unknown Source)
	at sun.reflect.DelegatingConstructorAccessorImpl.newInstance(DelegatingConstructorAccessorImpl.java:45)
	at java.lang.reflect.Constructor.newInstance(Constructor.java:423)
	at org.openqa.selenium.remote.ErrorHandler.createThrowable(ErrorHandler.java:206)
	at org.openqa.selenium.remote.ErrorHandler.throwIfResponseFailed(ErrorHandler.java:158)
	at org.openqa.selenium.remote.RemoteWebDriver.execute(RemoteWebDriver.java:678)
	at org.openqa.selenium.remote.RemoteWebDriver.execute(RemoteWebDriver.java:701)
	at org.openqa.selenium.remote.RemoteWebDriver.getScreenshotAs(RemoteWebDriver.java:335)
	at cucumber.Framework.TearDown.teardown(TearDown.java:33)
	at sun.reflect.GeneratedMethodAccessor36.invoke(Unknown Source)
	at sun.reflect.DelegatingMethodAccessorImpl.invoke(DelegatingMethodAccessorImpl.java:43)
	at java.lang.reflect.Method.invoke(Method.java:498)
	at cucumber.runtime.Utils$1.call(Utils.java:37)
	at cucumber.runtime.Timeout.timeout(Timeout.java:13)
	at cucumber.runtime.Utils.invoke(Utils.java:31)
	at cucumber.runtime.java.JavaHookDefinition.execute(JavaHookDefinition.java:60)
	at cucumber.runtime.Runtime.runHookIfTagsMatch(Runtime.java:223)
	at cucumber.runtime.Runtime.runHooks(Runtime.java:211)
	at cucumber.runtime.Runtime.runAfterHooks(Runtime.java:205)
	at cucumber.runtime.model.CucumberScenario.run(CucumberScenario.java:46)
	at cucumber.runtime.junit.ExecutionUnitRunner.run(ExecutionUnitRunner.java:91)
	at org.junit.runners.Suite.runChild(Suite.java:127)
	at org.junit.runners.Suite.runChild(Suite.java:26)
	at org.junit.runners.ParentRunner$3.run(ParentRunner.java:238)
	at org.junit.runners.ParentRunner$1.schedule(ParentRunner.java:63)
	at org.junit.runners.ParentRunner.runChildren(ParentRunner.java:236)
	at org.junit.runners.ParentRunner.access$000(ParentRunner.java:53)
	at org.junit.runners.ParentRunner$2.evaluate(ParentRunner.java:229)
	at org.junit.runners.ParentRunner.run(ParentRunner.java:309)
	at cucumber.runtime.junit.ExamplesRunner.run(ExamplesRunner.java:59)
	at org.junit.runners.Suite.runChild(Suite.java:127)
	at org.junit.runners.Suite.runChild(Suite.java:26)
	at org.junit.runners.ParentRunner$3.run(ParentRunner.java:238)
	at org.junit.runners.ParentRunner$1.schedule(ParentRunner.java:63)
	at org.junit.runners.ParentRunner.runChildren(ParentRunner.java:236)
	at org.junit.runners.ParentRunner.access$000(ParentRunner.java:53)
	at org.junit.runners.ParentRunner$2.evaluate(ParentRunner.java:229)
	at org.junit.runners.ParentRunner.run(ParentRunner.java:309)
	at cucumber.runtime.junit.ScenarioOutlineRunner.run(ScenarioOutlineRunner.java:53)
	at cucumber.runtime.junit.FeatureRunner.runChild(FeatureRunner.java:63)
	at cucumber.runtime.junit.FeatureRunner.runChild(FeatureRunner.java:18)
	at org.junit.runners.ParentRunner$3.run(ParentRunner.java:238)
	at org.junit.runners.ParentRunner$1.schedule(ParentRunner.java:63)
	at org.junit.runners.ParentRunner.runChildren(ParentRunner.java:236)
	at org.junit.runners.ParentRunner.access$000(ParentRunner.java:53)
	at org.junit.runners.ParentRunner$2.evaluate(ParentRunner.java:229)
	at org.junit.runners.ParentRunner.run(ParentRunner.java:309)
	at cucumber.runtime.junit.FeatureRunner.run(FeatureRunner.java:70)
	at cucumber.api.junit.Cucumber.runChild(Cucumber.java:93)
	at cucumber.api.junit.Cucumber.runChild(Cucumber.java:37)
	at org.junit.runners.ParentRunner$3.run(ParentRunner.java:238)
	at org.junit.runners.ParentRunner$1.schedule(ParentRunner.java:63)
	at org.junit.runners.ParentRunner.runChildren(ParentRunner.java:236)
	at org.junit.runners.ParentRunner.access$000(ParentRunner.java:53)
	at org.junit.runners.ParentRunner$2.evaluate(ParentRunner.java:229)
	at org.junit.internal.runners.statements.RunBefores.evaluate(RunBefores.java:26)
	at org.junit.internal.runners.statements.RunAfters.evaluate(RunAfters.java:27)
	at org.junit.runners.ParentRunner.run(ParentRunner.java:309)
	at cucumber.api.junit.Cucumber.run(Cucumber.java:98)
	at org.apache.maven.surefire.junit4.JUnit4TestSet.execute(JUnit4TestSet.java:62)
	at org.apache.maven.surefire.suite.AbstractDirectoryTestSuite.executeTestSet(AbstractDirectoryTestSuite.java:140)
	at org.apache.maven.surefire.suite.AbstractDirectoryTestSuite.execute(AbstractDirectoryTestSuite.java:127)
	at org.apache.maven.surefire.Surefire.run(Surefire.java:177)
	at sun.reflect.NativeMethodAccessorImpl.invoke0(Native Method)
	at sun.reflect.NativeMethodAccessorImpl.invoke(NativeMethodAccessorImpl.java:62)
	at sun.reflect.DelegatingMethodAccessorImpl.invoke(DelegatingMethodAccessorImpl.java:43)
	at java.lang.reflect.Method.invoke(Method.java:498)
	at org.apache.maven.surefire.booter.SurefireBooter.runSuitesInProcess(SurefireBooter.java:338)
	at org.apache.maven.surefire.booter.SurefireBooter.main(SurefireBooter.java:997)
</error>
    <system-out>Helper - Scenario Name: COMSMOKETEST_TS07
</system-out>
  </testcase>
  <testcase classname="| ContentCOMDEV@mailinator.com | Jonathan Ortigueras |" name="| ContentCOMDEV@mailinator.com | Jonathan Ortigueras |" time="4.078">
    <error message="chrome not reachable
  (Session info: chrome=53.0.2785.116)
  (Driver info: chromedriver=2.25.426923 (0390b88869384d6eb0d5d09729679f934aab9eed),platform=Windows NT 10.0.17134 x86_64) (WARNING: The server did not provide any stacktrace information)
Command duration or timeout: 4.05 seconds
Build info: version: &apos;2.53.0&apos;, revision: &apos;35ae25b1534ae328c771e0856c93e187490ca824&apos;, time: &apos;2016-03-15 10:43:46&apos;
System info: host: &apos;ReuelSicatII-LAPTOP&apos;, ip: &apos;192.168.40.144&apos;, os.name: &apos;Windows 10&apos;, os.arch: &apos;amd64&apos;, os.version: &apos;10.0&apos;, java.version: &apos;1.8.0_181&apos;
Driver info: org.openqa.selenium.chrome.ChromeDriver
Capabilities [{applicationCacheEnabled=false, rotatable=false, mobileEmulationEnabled=false, networkConnectionEnabled=false, chrome={chromedriverVersion=2.25.426923 (0390b88869384d6eb0d5d09729679f934aab9eed), userDataDir=C:\Users\REUELS~1\AppData\Local\Temp\scoped_dir93948_25971}, takesHeapSnapshot=true, pageLoadStrategy=normal, databaseEnabled=false, handlesAlerts=true, hasTouchScreen=false, version=53.0.2785.116, platform=XP, browserConnectionEnabled=false, nativeEvents=true, acceptSslCerts=true, locationContextEnabled=true, webStorageEnabled=true, browserName=chrome, takesScreenshot=true, javascriptEnabled=true, cssSelectorsEnabled=true}]
Session ID: 92d136295998e0382b0f0cc7099b83b6" type="org.openqa.selenium.WebDriverException">org.openqa.selenium.WebDriverException: chrome not reachable
  (Session info: chrome=53.0.2785.116)
  (Driver info: chromedriver=2.25.426923 (0390b88869384d6eb0d5d09729679f934aab9eed),platform=Windows NT 10.0.17134 x86_64) (WARNING: The server did not provide any stacktrace information)
Command duration or timeout: 4.05 seconds
Build info: version: &apos;2.53.0&apos;, revision: &apos;35ae25b1534ae328c771e0856c93e187490ca824&apos;, time: &apos;2016-03-15 10:43:46&apos;
System info: host: &apos;ReuelSicatII-LAPTOP&apos;, ip: &apos;192.168.40.144&apos;, os.name: &apos;Windows 10&apos;, os.arch: &apos;amd64&apos;, os.version: &apos;10.0&apos;, java.version: &apos;1.8.0_181&apos;
Driver info: org.openqa.selenium.chrome.ChromeDriver
Capabilities [{applicationCacheEnabled=false, rotatable=false, mobileEmulationEnabled=false, networkConnectionEnabled=false, chrome={chromedriverVersion=2.25.426923 (0390b88869384d6eb0d5d09729679f934aab9eed), userDataDir=C:\Users\REUELS~1\AppData\Local\Temp\scoped_dir93948_25971}, takesHeapSnapshot=true, pageLoadStrategy=normal, databaseEnabled=false, handlesAlerts=true, hasTouchScreen=false, version=53.0.2785.116, platform=XP, browserConnectionEnabled=false, nativeEvents=true, acceptSslCerts=true, locationContextEnabled=true, webStorageEnabled=true, browserName=chrome, takesScreenshot=true, javascriptEnabled=true, cssSelectorsEnabled=true}]
Session ID: 92d136295998e0382b0f0cc7099b83b6
	at sun.reflect.GeneratedConstructorAccessor19.newInstance(Unknown Source)
	at sun.reflect.DelegatingConstructorAccessorImpl.newInstance(DelegatingConstructorAccessorImpl.java:45)
	at java.lang.reflect.Constructor.newInstance(Constructor.java:423)
	at org.openqa.selenium.remote.ErrorHandler.createThrowable(ErrorHandler.java:206)
	at org.openqa.selenium.remote.ErrorHandler.throwIfResponseFailed(ErrorHandler.java:158)
	at org.openqa.selenium.remote.RemoteWebDriver.execute(RemoteWebDriver.java:678)
	at org.openqa.selenium.remote.RemoteWebDriver.execute(RemoteWebDriver.java:701)
	at org.openqa.selenium.remote.RemoteWebDriver$RemoteWebDriverOptions.deleteAllCookies(RemoteWebDriver.java:773)
	at cucumber.Framework.WEBHelper.GetDriverObject(WEBHelper.java:217)
	at cucumber.Framework.SetUp.setup(SetUp.java:50)
	at sun.reflect.GeneratedMethodAccessor33.invoke(Unknown Source)
	at sun.reflect.DelegatingMethodAccessorImpl.invoke(DelegatingMethodAccessorImpl.java:43)
	at java.lang.reflect.Method.invoke(Method.java:498)
	at cucumber.runtime.Utils$1.call(Utils.java:37)
	at cucumber.runtime.Timeout.timeout(Timeout.java:13)
	at cucumber.runtime.Utils.invoke(Utils.java:31)
	at cucumber.runtime.java.JavaHookDefinition.execute(JavaHookDefinition.java:60)
	at cucumber.runtime.Runtime.runHookIfTagsMatch(Runtime.java:223)
	at cucumber.runtime.Runtime.runHooks(Runtime.java:211)
	at cucumber.runtime.Runtime.runBeforeHooks(Runtime.java:201)
	at cucumber.runtime.model.CucumberScenario.run(CucumberScenario.java:40)
	at cucumber.runtime.junit.ExecutionUnitRunner.run(ExecutionUnitRunner.java:91)
	at org.junit.runners.Suite.runChild(Suite.java:127)
	at org.junit.runners.Suite.runChild(Suite.java:26)
	at org.junit.runners.ParentRunner$3.run(ParentRunner.java:238)
	at org.junit.runners.ParentRunner$1.schedule(ParentRunner.java:63)
	at org.junit.runners.ParentRunner.runChildren(ParentRunner.java:236)
	at org.junit.runners.ParentRunner.access$000(ParentRunner.java:53)
	at org.junit.runners.ParentRunner$2.evaluate(ParentRunner.java:229)
	at org.junit.runners.ParentRunner.run(ParentRunner.java:309)
	at cucumber.runtime.junit.ExamplesRunner.run(ExamplesRunner.java:59)
	at org.junit.runners.Suite.runChild(Suite.java:127)
	at org.junit.runners.Suite.runChild(Suite.java:26)
	at org.junit.runners.ParentRunner$3.run(ParentRunner.java:238)
	at org.junit.runners.ParentRunner$1.schedule(ParentRunner.java:63)
	at org.junit.runners.ParentRunner.runChildren(ParentRunner.java:236)
	at org.junit.runners.ParentRunner.access$000(ParentRunner.java:53)
	at org.junit.runners.ParentRunner$2.evaluate(ParentRunner.java:229)
	at org.junit.runners.ParentRunner.run(ParentRunner.java:309)
	at cucumber.runtime.junit.ScenarioOutlineRunner.run(ScenarioOutlineRunner.java:53)
	at cucumber.runtime.junit.FeatureRunner.runChild(FeatureRunner.java:63)
	at cucumber.runtime.junit.FeatureRunner.runChild(FeatureRunner.java:18)
	at org.junit.runners.ParentRunner$3.run(ParentRunner.java:238)
	at org.junit.runners.ParentRunner$1.schedule(ParentRunner.java:63)
	at org.junit.runners.ParentRunner.runChildren(ParentRunner.java:236)
	at org.junit.runners.ParentRunner.access$000(ParentRunner.java:53)
	at org.junit.runners.ParentRunner$2.evaluate(ParentRunner.java:229)
	at org.junit.runners.ParentRunner.run(ParentRunner.java:309)
	at cucumber.runtime.junit.FeatureRunner.run(FeatureRunner.java:70)
	at cucumber.api.junit.Cucumber.runChild(Cucumber.java:93)
	at cucumber.api.junit.Cucumber.runChild(Cucumber.java:37)
	at org.junit.runners.ParentRunner$3.run(ParentRunner.java:238)
	at org.junit.runners.ParentRunner$1.schedule(ParentRunner.java:63)
	at org.junit.runners.ParentRunner.runChildren(ParentRunner.java:236)
	at org.junit.runners.ParentRunner.access$000(ParentRunner.java:53)
	at org.junit.runners.ParentRunner$2.evaluate(ParentRunner.java:229)
	at org.junit.internal.runners.statements.RunBefores.evaluate(RunBefores.java:26)
	at org.junit.internal.runners.statements.RunAfters.evaluate(RunAfters.java:27)
	at org.junit.runners.ParentRunner.run(ParentRunner.java:309)
	at cucumber.api.junit.Cucumber.run(Cucumber.java:98)
	at org.apache.maven.surefire.junit4.JUnit4TestSet.execute(JUnit4TestSet.java:62)
	at org.apache.maven.surefire.suite.AbstractDirectoryTestSuite.executeTestSet(AbstractDirectoryTestSuite.java:140)
	at org.apache.maven.surefire.suite.AbstractDirectoryTestSuite.execute(AbstractDirectoryTestSuite.java:127)
	at org.apache.maven.surefire.Surefire.run(Surefire.java:177)
	at sun.reflect.NativeMethodAccessorImpl.invoke0(Native Method)
	at sun.reflect.NativeMethodAccessorImpl.invoke(NativeMethodAccessorImpl.java:62)
	at sun.reflect.DelegatingMethodAccessorImpl.invoke(DelegatingMethodAccessorImpl.java:43)
	at java.lang.reflect.Method.invoke(Method.java:498)
	at org.apache.maven.surefire.booter.SurefireBooter.runSuitesInProcess(SurefireBooter.java:338)
	at org.apache.maven.surefire.booter.SurefireBooter.main(SurefireBooter.java:997)
</error>
    <system-out>Helper - Scenario Name: COMSMOKETEST_TS08
</system-out>
  </testcase>
  <testcase classname="| ContentCOMDEV@mailinator.com | Jonathan Ortigueras |" name="Given Im an Account Manager" time="4.078">
    <skipped/>
  </testcase>
  <testcase classname="| ContentCOMDEV@mailinator.com | Jonathan Ortigueras |" name="When I navigate to &quot;COMDEV_Login&quot;" time="4.078">
    <skipped/>
  </testcase>
  <testcase classname="| ContentCOMDEV@mailinator.com | Jonathan Ortigueras |" name="And I populate COM01_Username with &quot;rv.villanueva@truelogic.com.ph&quot;" time="4.078">
    <skipped/>
  </testcase>
  <testcase classname="| ContentCOMDEV@mailinator.com | Jonathan Ortigueras |" name="And I populate COM01_Password with &quot;qwerty&quot;" time="4.078">
    <skipped/>
  </testcase>
  <testcase classname="| ContentCOMDEV@mailinator.com | Jonathan Ortigueras |" name="And I click COM01_LogIn button" time="4.094">
    <skipped/>
  </testcase>
  <testcase classname="| ContentCOMDEV@mailinator.com | Jonathan Ortigueras |" name="Then Ill see that Ive login successfully" time="4.094">
    <skipped/>
  </testcase>
  <testcase classname="| ContentCOMDEV@mailinator.com | Jonathan Ortigueras |" name="When I navigate to &quot;COMDEV_Task&quot;" time="4.094">
    <skipped/>
  </testcase>
  <testcase classname="| ContentCOMDEV@mailinator.com | Jonathan Ortigueras |" name="And I click COM13_ForDelegation button over COM13_MyTask" time="4.094">
    <skipped/>
  </testcase>
  <testcase classname="| ContentCOMDEV@mailinator.com | Jonathan Ortigueras |" name="And I select &quot;Truelogic&quot; over COM13_OrganizationSelect dropdown" time="4.094">
    <skipped/>
  </testcase>
  <testcase classname="| ContentCOMDEV@mailinator.com | Jonathan Ortigueras |" name="And I populate COM13_MytaskSearch with &quot;test&quot;" time="4.094">
    <skipped/>
  </testcase>
  <testcase classname="| ContentCOMDEV@mailinator.com | Jonathan Ortigueras |" name="And I click COM13_Search button over COM13_MyTask" time="4.094">
    <skipped/>
  </testcase>
  <testcase classname="| ContentCOMDEV@mailinator.com | Jonathan Ortigueras |" name="And I DragDrop task from COM13_MyTask to COM13_Jonathan Ortigueras" time="4.094">
    <skipped/>
  </testcase>
  <testcase classname="| ContentCOMDEV@mailinator.com | Jonathan Ortigueras |" name="Then Ill see the successful popup message over Compass" time="4.094">
    <skipped/>
  </testcase>
  <testcase classname="| ContentCOMDEV@mailinator.com | Jonathan Ortigueras |" name="When I navigate to &quot;COMDEV_Logout&quot;" time="4.094">
    <skipped/>
  </testcase>
  <testcase classname="| ContentCOMDEV@mailinator.com | Jonathan Ortigueras |" name="Then Ill see that Ive logout successfully" time="4.094">
    <skipped/>
  </testcase>
  <testcase classname="| ContentCOMDEV@mailinator.com | Jonathan Ortigueras |" name="When I navigate to &quot;COMDEV_Login&quot;" time="4.094">
    <skipped/>
  </testcase>
  <testcase classname="| ContentCOMDEV@mailinator.com | Jonathan Ortigueras |" name="And I populate COM01_Username with &quot;rv.villanueva@truelogic.com.ph&quot;" time="4.094">
    <skipped/>
  </testcase>
  <testcase classname="| ContentCOMDEV@mailinator.com | Jonathan Ortigueras |" name="And I populate COM01_Password with &quot;qwerty&quot;" time="4.1">
    <skipped/>
  </testcase>
  <testcase classname="| ContentCOMDEV@mailinator.com | Jonathan Ortigueras |" name="And I click COM01_LogIn button" time="4.1">
    <skipped/>
  </testcase>
  <testcase classname="| ContentCOMDEV@mailinator.com | Jonathan Ortigueras |" name="Then Ill see that Ive login successfully" time="4.1">
    <skipped/>
  </testcase>
  <testcase classname="| ContentCOMDEV@mailinator.com | Jonathan Ortigueras |" name="When I navigate to &quot;COMDEV_Task&quot;" time="4.1">
    <skipped/>
  </testcase>
  <testcase classname="| ContentCOMDEV@mailinator.com | Jonathan Ortigueras |" name="And I click COM13_&quot;All Time&quot; button" time="4.1">
    <skipped/>
  </testcase>
  <testcase classname="| ContentCOMDEV@mailinator.com | Jonathan Ortigueras |" name="And I populate COM13_MytaskSearch with &quot;test&quot;" time="4.1">
    <skipped/>
  </testcase>
  <testcase classname="| ContentCOMDEV@mailinator.com | Jonathan Ortigueras |" name="And I click COM13_Search button over COM13_MyTask" time="4.1">
    <skipped/>
  </testcase>
  <testcase classname="| ContentCOMDEV@mailinator.com | Jonathan Ortigueras |" name="Then Ill see that the task is delegated to Jonathan Ortigueras MyTask over Compass" time="4.1">
    <skipped/>
  </testcase>
  <testcase classname="| ContentCOMDEV@mailinator.com | Jonathan Ortigueras |" name="| ContentCOMDEV@mailinator.com | Jonathan Ortigueras |" time="8.155">
    <error message="chrome not reachable
  (Session info: chrome=53.0.2785.116)
  (Driver info: chromedriver=2.25.426923 (0390b88869384d6eb0d5d09729679f934aab9eed),platform=Windows NT 10.0.17134 x86_64) (WARNING: The server did not provide any stacktrace information)
Command duration or timeout: 4.06 seconds
Build info: version: &apos;2.53.0&apos;, revision: &apos;35ae25b1534ae328c771e0856c93e187490ca824&apos;, time: &apos;2016-03-15 10:43:46&apos;
System info: host: &apos;ReuelSicatII-LAPTOP&apos;, ip: &apos;192.168.40.144&apos;, os.name: &apos;Windows 10&apos;, os.arch: &apos;amd64&apos;, os.version: &apos;10.0&apos;, java.version: &apos;1.8.0_181&apos;
Driver info: org.openqa.selenium.chrome.ChromeDriver
Capabilities [{applicationCacheEnabled=false, rotatable=false, mobileEmulationEnabled=false, networkConnectionEnabled=false, chrome={chromedriverVersion=2.25.426923 (0390b88869384d6eb0d5d09729679f934aab9eed), userDataDir=C:\Users\REUELS~1\AppData\Local\Temp\scoped_dir93948_25971}, takesHeapSnapshot=true, pageLoadStrategy=normal, databaseEnabled=false, handlesAlerts=true, hasTouchScreen=false, version=53.0.2785.116, platform=XP, browserConnectionEnabled=false, nativeEvents=true, acceptSslCerts=true, locationContextEnabled=true, webStorageEnabled=true, browserName=chrome, takesScreenshot=true, javascriptEnabled=true, cssSelectorsEnabled=true}]
Session ID: 92d136295998e0382b0f0cc7099b83b6" type="org.openqa.selenium.WebDriverException">org.openqa.selenium.WebDriverException: chrome not reachable
  (Session info: chrome=53.0.2785.116)
  (Driver info: chromedriver=2.25.426923 (0390b88869384d6eb0d5d09729679f934aab9eed),platform=Windows NT 10.0.17134 x86_64) (WARNING: The server did not provide any stacktrace information)
Command duration or timeout: 4.06 seconds
Build info: version: &apos;2.53.0&apos;, revision: &apos;35ae25b1534ae328c771e0856c93e187490ca824&apos;, time: &apos;2016-03-15 10:43:46&apos;
System info: host: &apos;ReuelSicatII-LAPTOP&apos;, ip: &apos;192.168.40.144&apos;, os.name: &apos;Windows 10&apos;, os.arch: &apos;amd64&apos;, os.version: &apos;10.0&apos;, java.version: &apos;1.8.0_181&apos;
Driver info: org.openqa.selenium.chrome.ChromeDriver
Capabilities [{applicationCacheEnabled=false, rotatable=false, mobileEmulationEnabled=false, networkConnectionEnabled=false, chrome={chromedriverVersion=2.25.426923 (0390b88869384d6eb0d5d09729679f934aab9eed), userDataDir=C:\Users\REUELS~1\AppData\Local\Temp\scoped_dir93948_25971}, takesHeapSnapshot=true, pageLoadStrategy=normal, databaseEnabled=false, handlesAlerts=true, hasTouchScreen=false, version=53.0.2785.116, platform=XP, browserConnectionEnabled=false, nativeEvents=true, acceptSslCerts=true, locationContextEnabled=true, webStorageEnabled=true, browserName=chrome, takesScreenshot=true, javascriptEnabled=true, cssSelectorsEnabled=true}]
Session ID: 92d136295998e0382b0f0cc7099b83b6
	at sun.reflect.GeneratedConstructorAccessor19.newInstance(Unknown Source)
	at sun.reflect.DelegatingConstructorAccessorImpl.newInstance(DelegatingConstructorAccessorImpl.java:45)
	at java.lang.reflect.Constructor.newInstance(Constructor.java:423)
	at org.openqa.selenium.remote.ErrorHandler.createThrowable(ErrorHandler.java:206)
	at org.openqa.selenium.remote.ErrorHandler.throwIfResponseFailed(ErrorHandler.java:158)
	at org.openqa.selenium.remote.RemoteWebDriver.execute(RemoteWebDriver.java:678)
	at org.openqa.selenium.remote.RemoteWebDriver.execute(RemoteWebDriver.java:701)
	at org.openqa.selenium.remote.RemoteWebDriver.getScreenshotAs(RemoteWebDriver.java:335)
	at cucumber.Framework.TearDown.teardown(TearDown.java:33)
	at sun.reflect.GeneratedMethodAccessor36.invoke(Unknown Source)
	at sun.reflect.DelegatingMethodAccessorImpl.invoke(DelegatingMethodAccessorImpl.java:43)
	at java.lang.reflect.Method.invoke(Method.java:498)
	at cucumber.runtime.Utils$1.call(Utils.java:37)
	at cucumber.runtime.Timeout.timeout(Timeout.java:13)
	at cucumber.runtime.Utils.invoke(Utils.java:31)
	at cucumber.runtime.java.JavaHookDefinition.execute(JavaHookDefinition.java:60)
	at cucumber.runtime.Runtime.runHookIfTagsMatch(Runtime.java:223)
	at cucumber.runtime.Runtime.runHooks(Runtime.java:211)
	at cucumber.runtime.Runtime.runAfterHooks(Runtime.java:205)
	at cucumber.runtime.model.CucumberScenario.run(CucumberScenario.java:46)
	at cucumber.runtime.junit.ExecutionUnitRunner.run(ExecutionUnitRunner.java:91)
	at org.junit.runners.Suite.runChild(Suite.java:127)
	at org.junit.runners.Suite.runChild(Suite.java:26)
	at org.junit.runners.ParentRunner$3.run(ParentRunner.java:238)
	at org.junit.runners.ParentRunner$1.schedule(ParentRunner.java:63)
	at org.junit.runners.ParentRunner.runChildren(ParentRunner.java:236)
	at org.junit.runners.ParentRunner.access$000(ParentRunner.java:53)
	at org.junit.runners.ParentRunner$2.evaluate(ParentRunner.java:229)
	at org.junit.runners.ParentRunner.run(ParentRunner.java:309)
	at cucumber.runtime.junit.ExamplesRunner.run(ExamplesRunner.java:59)
	at org.junit.runners.Suite.runChild(Suite.java:127)
	at org.junit.runners.Suite.runChild(Suite.java:26)
	at org.junit.runners.ParentRunner$3.run(ParentRunner.java:238)
	at org.junit.runners.ParentRunner$1.schedule(ParentRunner.java:63)
	at org.junit.runners.ParentRunner.runChildren(ParentRunner.java:236)
	at org.junit.runners.ParentRunner.access$000(ParentRunner.java:53)
	at org.junit.runners.ParentRunner$2.evaluate(ParentRunner.java:229)
	at org.junit.runners.ParentRunner.run(ParentRunner.java:309)
	at cucumber.runtime.junit.ScenarioOutlineRunner.run(ScenarioOutlineRunner.java:53)
	at cucumber.runtime.junit.FeatureRunner.runChild(FeatureRunner.java:63)
	at cucumber.runtime.junit.FeatureRunner.runChild(FeatureRunner.java:18)
	at org.junit.runners.ParentRunner$3.run(ParentRunner.java:238)
	at org.junit.runners.ParentRunner$1.schedule(ParentRunner.java:63)
	at org.junit.runners.ParentRunner.runChildren(ParentRunner.java:236)
	at org.junit.runners.ParentRunner.access$000(ParentRunner.java:53)
	at org.junit.runners.ParentRunner$2.evaluate(ParentRunner.java:229)
	at org.junit.runners.ParentRunner.run(ParentRunner.java:309)
	at cucumber.runtime.junit.FeatureRunner.run(FeatureRunner.java:70)
	at cucumber.api.junit.Cucumber.runChild(Cucumber.java:93)
	at cucumber.api.junit.Cucumber.runChild(Cucumber.java:37)
	at org.junit.runners.ParentRunner$3.run(ParentRunner.java:238)
	at org.junit.runners.ParentRunner$1.schedule(ParentRunner.java:63)
	at org.junit.runners.ParentRunner.runChildren(ParentRunner.java:236)
	at org.junit.runners.ParentRunner.access$000(ParentRunner.java:53)
	at org.junit.runners.ParentRunner$2.evaluate(ParentRunner.java:229)
	at org.junit.internal.runners.statements.RunBefores.evaluate(RunBefores.java:26)
	at org.junit.internal.runners.statements.RunAfters.evaluate(RunAfters.java:27)
	at org.junit.runners.ParentRunner.run(ParentRunner.java:309)
	at cucumber.api.junit.Cucumber.run(Cucumber.java:98)
	at org.apache.maven.surefire.junit4.JUnit4TestSet.execute(JUnit4TestSet.java:62)
	at org.apache.maven.surefire.suite.AbstractDirectoryTestSuite.executeTestSet(AbstractDirectoryTestSuite.java:140)
	at org.apache.maven.surefire.suite.AbstractDirectoryTestSuite.execute(AbstractDirectoryTestSuite.java:127)
	at org.apache.maven.surefire.Surefire.run(Surefire.java:177)
	at sun.reflect.NativeMethodAccessorImpl.invoke0(Native Method)
	at sun.reflect.NativeMethodAccessorImpl.invoke(NativeMethodAccessorImpl.java:62)
	at sun.reflect.DelegatingMethodAccessorImpl.invoke(DelegatingMethodAccessorImpl.java:43)
	at java.lang.reflect.Method.invoke(Method.java:498)
	at org.apache.maven.surefire.booter.SurefireBooter.runSuitesInProcess(SurefireBooter.java:338)
	at org.apache.maven.surefire.booter.SurefireBooter.main(SurefireBooter.java:997)
</error>
    <system-out>Helper - Scenario Name: COMSMOKETEST_TS08
</system-out>
  </testcase>
  <testcase classname="| ContentCOMDEV@mailinator.com | Ariel Dacanay | 1 |" name="| ContentCOMDEV@mailinator.com | Ariel Dacanay | 1 |" time="4.066">
    <error message="chrome not reachable
  (Session info: chrome=53.0.2785.116)
  (Driver info: chromedriver=2.25.426923 (0390b88869384d6eb0d5d09729679f934aab9eed),platform=Windows NT 10.0.17134 x86_64) (WARNING: The server did not provide any stacktrace information)
Command duration or timeout: 4.05 seconds
Build info: version: &apos;2.53.0&apos;, revision: &apos;35ae25b1534ae328c771e0856c93e187490ca824&apos;, time: &apos;2016-03-15 10:43:46&apos;
System info: host: &apos;ReuelSicatII-LAPTOP&apos;, ip: &apos;192.168.40.144&apos;, os.name: &apos;Windows 10&apos;, os.arch: &apos;amd64&apos;, os.version: &apos;10.0&apos;, java.version: &apos;1.8.0_181&apos;
Driver info: org.openqa.selenium.chrome.ChromeDriver
Capabilities [{applicationCacheEnabled=false, rotatable=false, mobileEmulationEnabled=false, networkConnectionEnabled=false, chrome={chromedriverVersion=2.25.426923 (0390b88869384d6eb0d5d09729679f934aab9eed), userDataDir=C:\Users\REUELS~1\AppData\Local\Temp\scoped_dir93948_25971}, takesHeapSnapshot=true, pageLoadStrategy=normal, databaseEnabled=false, handlesAlerts=true, hasTouchScreen=false, version=53.0.2785.116, platform=XP, browserConnectionEnabled=false, nativeEvents=true, acceptSslCerts=true, locationContextEnabled=true, webStorageEnabled=true, browserName=chrome, takesScreenshot=true, javascriptEnabled=true, cssSelectorsEnabled=true}]
Session ID: 92d136295998e0382b0f0cc7099b83b6" type="org.openqa.selenium.WebDriverException">org.openqa.selenium.WebDriverException: chrome not reachable
  (Session info: chrome=53.0.2785.116)
  (Driver info: chromedriver=2.25.426923 (0390b88869384d6eb0d5d09729679f934aab9eed),platform=Windows NT 10.0.17134 x86_64) (WARNING: The server did not provide any stacktrace information)
Command duration or timeout: 4.05 seconds
Build info: version: &apos;2.53.0&apos;, revision: &apos;35ae25b1534ae328c771e0856c93e187490ca824&apos;, time: &apos;2016-03-15 10:43:46&apos;
System info: host: &apos;ReuelSicatII-LAPTOP&apos;, ip: &apos;192.168.40.144&apos;, os.name: &apos;Windows 10&apos;, os.arch: &apos;amd64&apos;, os.version: &apos;10.0&apos;, java.version: &apos;1.8.0_181&apos;
Driver info: org.openqa.selenium.chrome.ChromeDriver
Capabilities [{applicationCacheEnabled=false, rotatable=false, mobileEmulationEnabled=false, networkConnectionEnabled=false, chrome={chromedriverVersion=2.25.426923 (0390b88869384d6eb0d5d09729679f934aab9eed), userDataDir=C:\Users\REUELS~1\AppData\Local\Temp\scoped_dir93948_25971}, takesHeapSnapshot=true, pageLoadStrategy=normal, databaseEnabled=false, handlesAlerts=true, hasTouchScreen=false, version=53.0.2785.116, platform=XP, browserConnectionEnabled=false, nativeEvents=true, acceptSslCerts=true, locationContextEnabled=true, webStorageEnabled=true, browserName=chrome, takesScreenshot=true, javascriptEnabled=true, cssSelectorsEnabled=true}]
Session ID: 92d136295998e0382b0f0cc7099b83b6
	at sun.reflect.GeneratedConstructorAccessor19.newInstance(Unknown Source)
	at sun.reflect.DelegatingConstructorAccessorImpl.newInstance(DelegatingConstructorAccessorImpl.java:45)
	at java.lang.reflect.Constructor.newInstance(Constructor.java:423)
	at org.openqa.selenium.remote.ErrorHandler.createThrowable(ErrorHandler.java:206)
	at org.openqa.selenium.remote.ErrorHandler.throwIfResponseFailed(ErrorHandler.java:158)
	at org.openqa.selenium.remote.RemoteWebDriver.execute(RemoteWebDriver.java:678)
	at org.openqa.selenium.remote.RemoteWebDriver.execute(RemoteWebDriver.java:701)
	at org.openqa.selenium.remote.RemoteWebDriver$RemoteWebDriverOptions.deleteAllCookies(RemoteWebDriver.java:773)
	at cucumber.Framework.WEBHelper.GetDriverObject(WEBHelper.java:217)
	at cucumber.Framework.SetUp.setup(SetUp.java:50)
	at sun.reflect.GeneratedMethodAccessor33.invoke(Unknown Source)
	at sun.reflect.DelegatingMethodAccessorImpl.invoke(DelegatingMethodAccessorImpl.java:43)
	at java.lang.reflect.Method.invoke(Method.java:498)
	at cucumber.runtime.Utils$1.call(Utils.java:37)
	at cucumber.runtime.Timeout.timeout(Timeout.java:13)
	at cucumber.runtime.Utils.invoke(Utils.java:31)
	at cucumber.runtime.java.JavaHookDefinition.execute(JavaHookDefinition.java:60)
	at cucumber.runtime.Runtime.runHookIfTagsMatch(Runtime.java:223)
	at cucumber.runtime.Runtime.runHooks(Runtime.java:211)
	at cucumber.runtime.Runtime.runBeforeHooks(Runtime.java:201)
	at cucumber.runtime.model.CucumberScenario.run(CucumberScenario.java:40)
	at cucumber.runtime.junit.ExecutionUnitRunner.run(ExecutionUnitRunner.java:91)
	at org.junit.runners.Suite.runChild(Suite.java:127)
	at org.junit.runners.Suite.runChild(Suite.java:26)
	at org.junit.runners.ParentRunner$3.run(ParentRunner.java:238)
	at org.junit.runners.ParentRunner$1.schedule(ParentRunner.java:63)
	at org.junit.runners.ParentRunner.runChildren(ParentRunner.java:236)
	at org.junit.runners.ParentRunner.access$000(ParentRunner.java:53)
	at org.junit.runners.ParentRunner$2.evaluate(ParentRunner.java:229)
	at org.junit.runners.ParentRunner.run(ParentRunner.java:309)
	at cucumber.runtime.junit.ExamplesRunner.run(ExamplesRunner.java:59)
	at org.junit.runners.Suite.runChild(Suite.java:127)
	at org.junit.runners.Suite.runChild(Suite.java:26)
	at org.junit.runners.ParentRunner$3.run(ParentRunner.java:238)
	at org.junit.runners.ParentRunner$1.schedule(ParentRunner.java:63)
	at org.junit.runners.ParentRunner.runChildren(ParentRunner.java:236)
	at org.junit.runners.ParentRunner.access$000(ParentRunner.java:53)
	at org.junit.runners.ParentRunner$2.evaluate(ParentRunner.java:229)
	at org.junit.runners.ParentRunner.run(ParentRunner.java:309)
	at cucumber.runtime.junit.ScenarioOutlineRunner.run(ScenarioOutlineRunner.java:53)
	at cucumber.runtime.junit.FeatureRunner.runChild(FeatureRunner.java:63)
	at cucumber.runtime.junit.FeatureRunner.runChild(FeatureRunner.java:18)
	at org.junit.runners.ParentRunner$3.run(ParentRunner.java:238)
	at org.junit.runners.ParentRunner$1.schedule(ParentRunner.java:63)
	at org.junit.runners.ParentRunner.runChildren(ParentRunner.java:236)
	at org.junit.runners.ParentRunner.access$000(ParentRunner.java:53)
	at org.junit.runners.ParentRunner$2.evaluate(ParentRunner.java:229)
	at org.junit.runners.ParentRunner.run(ParentRunner.java:309)
	at cucumber.runtime.junit.FeatureRunner.run(FeatureRunner.java:70)
	at cucumber.api.junit.Cucumber.runChild(Cucumber.java:93)
	at cucumber.api.junit.Cucumber.runChild(Cucumber.java:37)
	at org.junit.runners.ParentRunner$3.run(ParentRunner.java:238)
	at org.junit.runners.ParentRunner$1.schedule(ParentRunner.java:63)
	at org.junit.runners.ParentRunner.runChildren(ParentRunner.java:236)
	at org.junit.runners.ParentRunner.access$000(ParentRunner.java:53)
	at org.junit.runners.ParentRunner$2.evaluate(ParentRunner.java:229)
	at org.junit.internal.runners.statements.RunBefores.evaluate(RunBefores.java:26)
	at org.junit.internal.runners.statements.RunAfters.evaluate(RunAfters.java:27)
	at org.junit.runners.ParentRunner.run(ParentRunner.java:309)
	at cucumber.api.junit.Cucumber.run(Cucumber.java:98)
	at org.apache.maven.surefire.junit4.JUnit4TestSet.execute(JUnit4TestSet.java:62)
	at org.apache.maven.surefire.suite.AbstractDirectoryTestSuite.executeTestSet(AbstractDirectoryTestSuite.java:140)
	at org.apache.maven.surefire.suite.AbstractDirectoryTestSuite.execute(AbstractDirectoryTestSuite.java:127)
	at org.apache.maven.surefire.Surefire.run(Surefire.java:177)
	at sun.reflect.NativeMethodAccessorImpl.invoke0(Native Method)
	at sun.reflect.NativeMethodAccessorImpl.invoke(NativeMethodAccessorImpl.java:62)
	at sun.reflect.DelegatingMethodAccessorImpl.invoke(DelegatingMethodAccessorImpl.java:43)
	at java.lang.reflect.Method.invoke(Method.java:498)
	at org.apache.maven.surefire.booter.SurefireBooter.runSuitesInProcess(SurefireBooter.java:338)
	at org.apache.maven.surefire.booter.SurefireBooter.main(SurefireBooter.java:997)
</error>
    <system-out>Helper - Scenario Name: COMSMOKETEST_TS09
</system-out>
  </testcase>
  <testcase classname="| ContentCOMDEV@mailinator.com | Ariel Dacanay | 1 |" name="Given Im an Account Manager" time="4.068">
    <skipped/>
  </testcase>
  <testcase classname="| ContentCOMDEV@mailinator.com | Ariel Dacanay | 1 |" name="When I navigate to &quot;COMDEV_Login&quot;" time="4.068">
    <skipped/>
  </testcase>
  <testcase classname="| ContentCOMDEV@mailinator.com | Ariel Dacanay | 1 |" name="And I populate COM01_Username with &quot;rv.villanueva@truelogic.com.ph&quot;" time="4.069">
    <skipped/>
  </testcase>
  <testcase classname="| ContentCOMDEV@mailinator.com | Ariel Dacanay | 1 |" name="And I populate COM01_Password with &quot;qwerty&quot;" time="4.069">
    <skipped/>
  </testcase>
  <testcase classname="| ContentCOMDEV@mailinator.com | Ariel Dacanay | 1 |" name="And I click COM01_LogIn button" time="4.069">
    <skipped/>
  </testcase>
  <testcase classname="| ContentCOMDEV@mailinator.com | Ariel Dacanay | 1 |" name="Then Ill see that Ive login successfully" time="4.069">
    <skipped/>
  </testcase>
  <testcase classname="| ContentCOMDEV@mailinator.com | Ariel Dacanay | 1 |" name="When I navigate to &quot;COMDEV_Task&quot;" time="4.069">
    <skipped/>
  </testcase>
  <testcase classname="| ContentCOMDEV@mailinator.com | Ariel Dacanay | 1 |" name="And I click COM13_ForDelegation button over COM13_MyTask" time="4.069">
    <skipped/>
  </testcase>
  <testcase classname="| ContentCOMDEV@mailinator.com | Ariel Dacanay | 1 |" name="And I select &quot;Truelogic&quot; over COM13_OrganizationSelect dropdown" time="4.069">
    <skipped/>
  </testcase>
  <testcase classname="| ContentCOMDEV@mailinator.com | Ariel Dacanay | 1 |" name="And I populate COM13_MytaskSearch with &quot;test&quot;" time="4.069">
    <skipped/>
  </testcase>
  <testcase classname="| ContentCOMDEV@mailinator.com | Ariel Dacanay | 1 |" name="And I click COM13_Search button over COM13_MyTask" time="4.07">
    <skipped/>
  </testcase>
  <testcase classname="| ContentCOMDEV@mailinator.com | Ariel Dacanay | 1 |" name="And I DragDrop task from COM13_MyTask to COM13_Ariel Dacanay" time="4.07">
    <skipped/>
  </testcase>
  <testcase classname="| ContentCOMDEV@mailinator.com | Ariel Dacanay | 1 |" name="Then Ill see the successful popup message over Compass" time="4.07">
    <skipped/>
  </testcase>
  <testcase classname="| ContentCOMDEV@mailinator.com | Ariel Dacanay | 1 |" name="When I navigate to &quot;COMDEV_Logout&quot;" time="4.07">
    <skipped/>
  </testcase>
  <testcase classname="| ContentCOMDEV@mailinator.com | Ariel Dacanay | 1 |" name="Then Ill see that Ive logout successfully" time="4.07">
    <skipped/>
  </testcase>
  <testcase classname="| ContentCOMDEV@mailinator.com | Ariel Dacanay | 1 |" name="When I navigate to &quot;PPCDEV_Login&quot;" time="4.07">
    <skipped/>
  </testcase>
  <testcase classname="| ContentCOMDEV@mailinator.com | Ariel Dacanay | 1 |" name="And I populate PPC01_Username with &quot;rv.villanueva@truelogic.com.ph&quot;" time="4.07">
    <skipped/>
  </testcase>
  <testcase classname="| ContentCOMDEV@mailinator.com | Ariel Dacanay | 1 |" name="And I populate PPC01_Password with &quot;qwerty&quot;" time="4.07">
    <skipped/>
  </testcase>
  <testcase classname="| ContentCOMDEV@mailinator.com | Ariel Dacanay | 1 |" name="And I click PPC01_LogIn button" time="4.071">
    <skipped/>
  </testcase>
  <testcase classname="| ContentCOMDEV@mailinator.com | Ariel Dacanay | 1 |" name="Then Ill see that Ive login successfully over Paypercontent" time="4.071">
    <skipped/>
  </testcase>
  <testcase classname="| ContentCOMDEV@mailinator.com | Ariel Dacanay | 1 |" name="And Ill see that the task is delegated to Ariel Dacanay MyTask over Paypercontent" time="4.071">
    <skipped/>
  </testcase>
  <testcase classname="| ContentCOMDEV@mailinator.com | Ariel Dacanay | 1 |" name="| ContentCOMDEV@mailinator.com | Ariel Dacanay | 1 |" time="8.083">
    <error message="chrome not reachable
  (Session info: chrome=53.0.2785.116)
  (Driver info: chromedriver=2.25.426923 (0390b88869384d6eb0d5d09729679f934aab9eed),platform=Windows NT 10.0.17134 x86_64) (WARNING: The server did not provide any stacktrace information)
Command duration or timeout: 4.01 seconds
Build info: version: &apos;2.53.0&apos;, revision: &apos;35ae25b1534ae328c771e0856c93e187490ca824&apos;, time: &apos;2016-03-15 10:43:46&apos;
System info: host: &apos;ReuelSicatII-LAPTOP&apos;, ip: &apos;192.168.40.144&apos;, os.name: &apos;Windows 10&apos;, os.arch: &apos;amd64&apos;, os.version: &apos;10.0&apos;, java.version: &apos;1.8.0_181&apos;
Driver info: org.openqa.selenium.chrome.ChromeDriver
Capabilities [{applicationCacheEnabled=false, rotatable=false, mobileEmulationEnabled=false, networkConnectionEnabled=false, chrome={chromedriverVersion=2.25.426923 (0390b88869384d6eb0d5d09729679f934aab9eed), userDataDir=C:\Users\REUELS~1\AppData\Local\Temp\scoped_dir93948_25971}, takesHeapSnapshot=true, pageLoadStrategy=normal, databaseEnabled=false, handlesAlerts=true, hasTouchScreen=false, version=53.0.2785.116, platform=XP, browserConnectionEnabled=false, nativeEvents=true, acceptSslCerts=true, locationContextEnabled=true, webStorageEnabled=true, browserName=chrome, takesScreenshot=true, javascriptEnabled=true, cssSelectorsEnabled=true}]
Session ID: 92d136295998e0382b0f0cc7099b83b6" type="org.openqa.selenium.WebDriverException">org.openqa.selenium.WebDriverException: chrome not reachable
  (Session info: chrome=53.0.2785.116)
  (Driver info: chromedriver=2.25.426923 (0390b88869384d6eb0d5d09729679f934aab9eed),platform=Windows NT 10.0.17134 x86_64) (WARNING: The server did not provide any stacktrace information)
Command duration or timeout: 4.01 seconds
Build info: version: &apos;2.53.0&apos;, revision: &apos;35ae25b1534ae328c771e0856c93e187490ca824&apos;, time: &apos;2016-03-15 10:43:46&apos;
System info: host: &apos;ReuelSicatII-LAPTOP&apos;, ip: &apos;192.168.40.144&apos;, os.name: &apos;Windows 10&apos;, os.arch: &apos;amd64&apos;, os.version: &apos;10.0&apos;, java.version: &apos;1.8.0_181&apos;
Driver info: org.openqa.selenium.chrome.ChromeDriver
Capabilities [{applicationCacheEnabled=false, rotatable=false, mobileEmulationEnabled=false, networkConnectionEnabled=false, chrome={chromedriverVersion=2.25.426923 (0390b88869384d6eb0d5d09729679f934aab9eed), userDataDir=C:\Users\REUELS~1\AppData\Local\Temp\scoped_dir93948_25971}, takesHeapSnapshot=true, pageLoadStrategy=normal, databaseEnabled=false, handlesAlerts=true, hasTouchScreen=false, version=53.0.2785.116, platform=XP, browserConnectionEnabled=false, nativeEvents=true, acceptSslCerts=true, locationContextEnabled=true, webStorageEnabled=true, browserName=chrome, takesScreenshot=true, javascriptEnabled=true, cssSelectorsEnabled=true}]
Session ID: 92d136295998e0382b0f0cc7099b83b6
	at sun.reflect.GeneratedConstructorAccessor19.newInstance(Unknown Source)
	at sun.reflect.DelegatingConstructorAccessorImpl.newInstance(DelegatingConstructorAccessorImpl.java:45)
	at java.lang.reflect.Constructor.newInstance(Constructor.java:423)
	at org.openqa.selenium.remote.ErrorHandler.createThrowable(ErrorHandler.java:206)
	at org.openqa.selenium.remote.ErrorHandler.throwIfResponseFailed(ErrorHandler.java:158)
	at org.openqa.selenium.remote.RemoteWebDriver.execute(RemoteWebDriver.java:678)
	at org.openqa.selenium.remote.RemoteWebDriver.execute(RemoteWebDriver.java:701)
	at org.openqa.selenium.remote.RemoteWebDriver.getScreenshotAs(RemoteWebDriver.java:335)
	at cucumber.Framework.TearDown.teardown(TearDown.java:33)
	at sun.reflect.GeneratedMethodAccessor36.invoke(Unknown Source)
	at sun.reflect.DelegatingMethodAccessorImpl.invoke(DelegatingMethodAccessorImpl.java:43)
	at java.lang.reflect.Method.invoke(Method.java:498)
	at cucumber.runtime.Utils$1.call(Utils.java:37)
	at cucumber.runtime.Timeout.timeout(Timeout.java:13)
	at cucumber.runtime.Utils.invoke(Utils.java:31)
	at cucumber.runtime.java.JavaHookDefinition.execute(JavaHookDefinition.java:60)
	at cucumber.runtime.Runtime.runHookIfTagsMatch(Runtime.java:223)
	at cucumber.runtime.Runtime.runHooks(Runtime.java:211)
	at cucumber.runtime.Runtime.runAfterHooks(Runtime.java:205)
	at cucumber.runtime.model.CucumberScenario.run(CucumberScenario.java:46)
	at cucumber.runtime.junit.ExecutionUnitRunner.run(ExecutionUnitRunner.java:91)
	at org.junit.runners.Suite.runChild(Suite.java:127)
	at org.junit.runners.Suite.runChild(Suite.java:26)
	at org.junit.runners.ParentRunner$3.run(ParentRunner.java:238)
	at org.junit.runners.ParentRunner$1.schedule(ParentRunner.java:63)
	at org.junit.runners.ParentRunner.runChildren(ParentRunner.java:236)
	at org.junit.runners.ParentRunner.access$000(ParentRunner.java:53)
	at org.junit.runners.ParentRunner$2.evaluate(ParentRunner.java:229)
	at org.junit.runners.ParentRunner.run(ParentRunner.java:309)
	at cucumber.runtime.junit.ExamplesRunner.run(ExamplesRunner.java:59)
	at org.junit.runners.Suite.runChild(Suite.java:127)
	at org.junit.runners.Suite.runChild(Suite.java:26)
	at org.junit.runners.ParentRunner$3.run(ParentRunner.java:238)
	at org.junit.runners.ParentRunner$1.schedule(ParentRunner.java:63)
	at org.junit.runners.ParentRunner.runChildren(ParentRunner.java:236)
	at org.junit.runners.ParentRunner.access$000(ParentRunner.java:53)
	at org.junit.runners.ParentRunner$2.evaluate(ParentRunner.java:229)
	at org.junit.runners.ParentRunner.run(ParentRunner.java:309)
	at cucumber.runtime.junit.ScenarioOutlineRunner.run(ScenarioOutlineRunner.java:53)
	at cucumber.runtime.junit.FeatureRunner.runChild(FeatureRunner.java:63)
	at cucumber.runtime.junit.FeatureRunner.runChild(FeatureRunner.java:18)
	at org.junit.runners.ParentRunner$3.run(ParentRunner.java:238)
	at org.junit.runners.ParentRunner$1.schedule(ParentRunner.java:63)
	at org.junit.runners.ParentRunner.runChildren(ParentRunner.java:236)
	at org.junit.runners.ParentRunner.access$000(ParentRunner.java:53)
	at org.junit.runners.ParentRunner$2.evaluate(ParentRunner.java:229)
	at org.junit.runners.ParentRunner.run(ParentRunner.java:309)
	at cucumber.runtime.junit.FeatureRunner.run(FeatureRunner.java:70)
	at cucumber.api.junit.Cucumber.runChild(Cucumber.java:93)
	at cucumber.api.junit.Cucumber.runChild(Cucumber.java:37)
	at org.junit.runners.ParentRunner$3.run(ParentRunner.java:238)
	at org.junit.runners.ParentRunner$1.schedule(ParentRunner.java:63)
	at org.junit.runners.ParentRunner.runChildren(ParentRunner.java:236)
	at org.junit.runners.ParentRunner.access$000(ParentRunner.java:53)
	at org.junit.runners.ParentRunner$2.evaluate(ParentRunner.java:229)
	at org.junit.internal.runners.statements.RunBefores.evaluate(RunBefores.java:26)
	at org.junit.internal.runners.statements.RunAfters.evaluate(RunAfters.java:27)
	at org.junit.runners.ParentRunner.run(ParentRunner.java:309)
	at cucumber.api.junit.Cucumber.run(Cucumber.java:98)
	at org.apache.maven.surefire.junit4.JUnit4TestSet.execute(JUnit4TestSet.java:62)
	at org.apache.maven.surefire.suite.AbstractDirectoryTestSuite.executeTestSet(AbstractDirectoryTestSuite.java:140)
	at org.apache.maven.surefire.suite.AbstractDirectoryTestSuite.execute(AbstractDirectoryTestSuite.java:127)
	at org.apache.maven.surefire.Surefire.run(Surefire.java:177)
	at sun.reflect.NativeMethodAccessorImpl.invoke0(Native Method)
	at sun.reflect.NativeMethodAccessorImpl.invoke(NativeMethodAccessorImpl.java:62)
	at sun.reflect.DelegatingMethodAccessorImpl.invoke(DelegatingMethodAccessorImpl.java:43)
	at java.lang.reflect.Method.invoke(Method.java:498)
	at org.apache.maven.surefire.booter.SurefireBooter.runSuitesInProcess(SurefireBooter.java:338)
	at org.apache.maven.surefire.booter.SurefireBooter.main(SurefireBooter.java:997)
</error>
    <system-out>Helper - Scenario Name: COMSMOKETEST_TS09
</system-out>
  </testcase>
  <testcase classname="| lorraine@truelogic.com.ph | Local SEO | Local Basic | Local SEO - Local Basic | US Dollars USD | 249 | 3 | 4 | 1 | 1 | 3 | 3 |" name="| lorraine@truelogic.com.ph | Local SEO | Local Basic | Local SEO - Local Basic | US Dollars USD | 249 | 3 | 4 | 1 | 1 | 3 | 3 |" time="4.03">
    <error message="chrome not reachable
  (Session info: chrome=53.0.2785.116)
  (Driver info: chromedriver=2.25.426923 (0390b88869384d6eb0d5d09729679f934aab9eed),platform=Windows NT 10.0.17134 x86_64) (WARNING: The server did not provide any stacktrace information)
Command duration or timeout: 4.02 seconds
Build info: version: &apos;2.53.0&apos;, revision: &apos;35ae25b1534ae328c771e0856c93e187490ca824&apos;, time: &apos;2016-03-15 10:43:46&apos;
System info: host: &apos;ReuelSicatII-LAPTOP&apos;, ip: &apos;192.168.40.144&apos;, os.name: &apos;Windows 10&apos;, os.arch: &apos;amd64&apos;, os.version: &apos;10.0&apos;, java.version: &apos;1.8.0_181&apos;
Driver info: org.openqa.selenium.chrome.ChromeDriver
Capabilities [{applicationCacheEnabled=false, rotatable=false, mobileEmulationEnabled=false, networkConnectionEnabled=false, chrome={chromedriverVersion=2.25.426923 (0390b88869384d6eb0d5d09729679f934aab9eed), userDataDir=C:\Users\REUELS~1\AppData\Local\Temp\scoped_dir93948_25971}, takesHeapSnapshot=true, pageLoadStrategy=normal, databaseEnabled=false, handlesAlerts=true, hasTouchScreen=false, version=53.0.2785.116, platform=XP, browserConnectionEnabled=false, nativeEvents=true, acceptSslCerts=true, locationContextEnabled=true, webStorageEnabled=true, browserName=chrome, takesScreenshot=true, javascriptEnabled=true, cssSelectorsEnabled=true}]
Session ID: 92d136295998e0382b0f0cc7099b83b6" type="org.openqa.selenium.WebDriverException">org.openqa.selenium.WebDriverException: chrome not reachable
  (Session info: chrome=53.0.2785.116)
  (Driver info: chromedriver=2.25.426923 (0390b88869384d6eb0d5d09729679f934aab9eed),platform=Windows NT 10.0.17134 x86_64) (WARNING: The server did not provide any stacktrace information)
Command duration or timeout: 4.02 seconds
Build info: version: &apos;2.53.0&apos;, revision: &apos;35ae25b1534ae328c771e0856c93e187490ca824&apos;, time: &apos;2016-03-15 10:43:46&apos;
System info: host: &apos;ReuelSicatII-LAPTOP&apos;, ip: &apos;192.168.40.144&apos;, os.name: &apos;Windows 10&apos;, os.arch: &apos;amd64&apos;, os.version: &apos;10.0&apos;, java.version: &apos;1.8.0_181&apos;
Driver info: org.openqa.selenium.chrome.ChromeDriver
Capabilities [{applicationCacheEnabled=false, rotatable=false, mobileEmulationEnabled=false, networkConnectionEnabled=false, chrome={chromedriverVersion=2.25.426923 (0390b88869384d6eb0d5d09729679f934aab9eed), userDataDir=C:\Users\REUELS~1\AppData\Local\Temp\scoped_dir93948_25971}, takesHeapSnapshot=true, pageLoadStrategy=normal, databaseEnabled=false, handlesAlerts=true, hasTouchScreen=false, version=53.0.2785.116, platform=XP, browserConnectionEnabled=false, nativeEvents=true, acceptSslCerts=true, locationContextEnabled=true, webStorageEnabled=true, browserName=chrome, takesScreenshot=true, javascriptEnabled=true, cssSelectorsEnabled=true}]
Session ID: 92d136295998e0382b0f0cc7099b83b6
	at sun.reflect.GeneratedConstructorAccessor19.newInstance(Unknown Source)
	at sun.reflect.DelegatingConstructorAccessorImpl.newInstance(DelegatingConstructorAccessorImpl.java:45)
	at java.lang.reflect.Constructor.newInstance(Constructor.java:423)
	at org.openqa.selenium.remote.ErrorHandler.createThrowable(ErrorHandler.java:206)
	at org.openqa.selenium.remote.ErrorHandler.throwIfResponseFailed(ErrorHandler.java:158)
	at org.openqa.selenium.remote.RemoteWebDriver.execute(RemoteWebDriver.java:678)
	at org.openqa.selenium.remote.RemoteWebDriver.execute(RemoteWebDriver.java:701)
	at org.openqa.selenium.remote.RemoteWebDriver$RemoteWebDriverOptions.deleteAllCookies(RemoteWebDriver.java:773)
	at cucumber.Framework.WEBHelper.GetDriverObject(WEBHelper.java:217)
	at cucumber.Framework.SetUp.setup(SetUp.java:50)
	at sun.reflect.GeneratedMethodAccessor33.invoke(Unknown Source)
	at sun.reflect.DelegatingMethodAccessorImpl.invoke(DelegatingMethodAccessorImpl.java:43)
	at java.lang.reflect.Method.invoke(Method.java:498)
	at cucumber.runtime.Utils$1.call(Utils.java:37)
	at cucumber.runtime.Timeout.timeout(Timeout.java:13)
	at cucumber.runtime.Utils.invoke(Utils.java:31)
	at cucumber.runtime.java.JavaHookDefinition.execute(JavaHookDefinition.java:60)
	at cucumber.runtime.Runtime.runHookIfTagsMatch(Runtime.java:223)
	at cucumber.runtime.Runtime.runHooks(Runtime.java:211)
	at cucumber.runtime.Runtime.runBeforeHooks(Runtime.java:201)
	at cucumber.runtime.model.CucumberScenario.run(CucumberScenario.java:40)
	at cucumber.runtime.junit.ExecutionUnitRunner.run(ExecutionUnitRunner.java:91)
	at org.junit.runners.Suite.runChild(Suite.java:127)
	at org.junit.runners.Suite.runChild(Suite.java:26)
	at org.junit.runners.ParentRunner$3.run(ParentRunner.java:238)
	at org.junit.runners.ParentRunner$1.schedule(ParentRunner.java:63)
	at org.junit.runners.ParentRunner.runChildren(ParentRunner.java:236)
	at org.junit.runners.ParentRunner.access$000(ParentRunner.java:53)
	at org.junit.runners.ParentRunner$2.evaluate(ParentRunner.java:229)
	at org.junit.runners.ParentRunner.run(ParentRunner.java:309)
	at cucumber.runtime.junit.ExamplesRunner.run(ExamplesRunner.java:59)
	at org.junit.runners.Suite.runChild(Suite.java:127)
	at org.junit.runners.Suite.runChild(Suite.java:26)
	at org.junit.runners.ParentRunner$3.run(ParentRunner.java:238)
	at org.junit.runners.ParentRunner$1.schedule(ParentRunner.java:63)
	at org.junit.runners.ParentRunner.runChildren(ParentRunner.java:236)
	at org.junit.runners.ParentRunner.access$000(ParentRunner.java:53)
	at org.junit.runners.ParentRunner$2.evaluate(ParentRunner.java:229)
	at org.junit.runners.ParentRunner.run(ParentRunner.java:309)
	at cucumber.runtime.junit.ScenarioOutlineRunner.run(ScenarioOutlineRunner.java:53)
	at cucumber.runtime.junit.FeatureRunner.runChild(FeatureRunner.java:63)
	at cucumber.runtime.junit.FeatureRunner.runChild(FeatureRunner.java:18)
	at org.junit.runners.ParentRunner$3.run(ParentRunner.java:238)
	at org.junit.runners.ParentRunner$1.schedule(ParentRunner.java:63)
	at org.junit.runners.ParentRunner.runChildren(ParentRunner.java:236)
	at org.junit.runners.ParentRunner.access$000(ParentRunner.java:53)
	at org.junit.runners.ParentRunner$2.evaluate(ParentRunner.java:229)
	at org.junit.runners.ParentRunner.run(ParentRunner.java:309)
	at cucumber.runtime.junit.FeatureRunner.run(FeatureRunner.java:70)
	at cucumber.api.junit.Cucumber.runChild(Cucumber.java:93)
	at cucumber.api.junit.Cucumber.runChild(Cucumber.java:37)
	at org.junit.runners.ParentRunner$3.run(ParentRunner.java:238)
	at org.junit.runners.ParentRunner$1.schedule(ParentRunner.java:63)
	at org.junit.runners.ParentRunner.runChildren(ParentRunner.java:236)
	at org.junit.runners.ParentRunner.access$000(ParentRunner.java:53)
	at org.junit.runners.ParentRunner$2.evaluate(ParentRunner.java:229)
	at org.junit.internal.runners.statements.RunBefores.evaluate(RunBefores.java:26)
	at org.junit.internal.runners.statements.RunAfters.evaluate(RunAfters.java:27)
	at org.junit.runners.ParentRunner.run(ParentRunner.java:309)
	at cucumber.api.junit.Cucumber.run(Cucumber.java:98)
	at org.apache.maven.surefire.junit4.JUnit4TestSet.execute(JUnit4TestSet.java:62)
	at org.apache.maven.surefire.suite.AbstractDirectoryTestSuite.executeTestSet(AbstractDirectoryTestSuite.java:140)
	at org.apache.maven.surefire.suite.AbstractDirectoryTestSuite.execute(AbstractDirectoryTestSuite.java:127)
	at org.apache.maven.surefire.Surefire.run(Surefire.java:177)
	at sun.reflect.NativeMethodAccessorImpl.invoke0(Native Method)
	at sun.reflect.NativeMethodAccessorImpl.invoke(NativeMethodAccessorImpl.java:62)
	at sun.reflect.DelegatingMethodAccessorImpl.invoke(DelegatingMethodAccessorImpl.java:43)
	at java.lang.reflect.Method.invoke(Method.java:498)
	at org.apache.maven.surefire.booter.SurefireBooter.runSuitesInProcess(SurefireBooter.java:338)
	at org.apache.maven.surefire.booter.SurefireBooter.main(SurefireBooter.java:997)
</error>
    <system-out>Helper - Scenario Name: LocalSEO_TS01
</system-out>
  </testcase>
  <testcase classname="| lorraine@truelogic.com.ph | Local SEO | Local Basic | Local SEO - Local Basic | US Dollars USD | 249 | 3 | 4 | 1 | 1 | 3 | 3 |" name="Given Im an Account Manager" time="4.054">
    <skipped/>
  </testcase>
  <testcase classname="| lorraine@truelogic.com.ph | Local SEO | Local Basic | Local SEO - Local Basic | US Dollars USD | 249 | 3 | 4 | 1 | 1 | 3 | 3 |" name="When I navigate to &quot;Login&quot;" time="4.054">
    <skipped/>
  </testcase>
  <testcase classname="| lorraine@truelogic.com.ph | Local SEO | Local Basic | Local SEO - Local Basic | US Dollars USD | 249 | 3 | 4 | 1 | 1 | 3 | 3 |" name="And I populate COM01_Username with &quot;lorraine@truelogic.com.ph&quot;" time="4.054">
    <skipped/>
  </testcase>
  <testcase classname="| lorraine@truelogic.com.ph | Local SEO | Local Basic | Local SEO - Local Basic | US Dollars USD | 249 | 3 | 4 | 1 | 1 | 3 | 3 |" name="And I populate COM01_Password with &quot;123456789&quot;" time="4.055">
    <skipped/>
  </testcase>
  <testcase classname="| lorraine@truelogic.com.ph | Local SEO | Local Basic | Local SEO - Local Basic | US Dollars USD | 249 | 3 | 4 | 1 | 1 | 3 | 3 |" name="And I click COM01_LogIn button" time="4.055">
    <skipped/>
  </testcase>
  <testcase classname="| lorraine@truelogic.com.ph | Local SEO | Local Basic | Local SEO - Local Basic | US Dollars USD | 249 | 3 | 4 | 1 | 1 | 3 | 3 |" name="Then Ill see that Ive login successfully" time="4.055">
    <skipped/>
  </testcase>
  <testcase classname="| lorraine@truelogic.com.ph | Local SEO | Local Basic | Local SEO - Local Basic | US Dollars USD | 249 | 3 | 4 | 1 | 1 | 3 | 3 |" name="When I hover to COM14_Tools link" time="4.055">
    <skipped/>
  </testcase>
  <testcase classname="| lorraine@truelogic.com.ph | Local SEO | Local Basic | Local SEO - Local Basic | US Dollars USD | 249 | 3 | 4 | 1 | 1 | 3 | 3 |" name="And I click COM14_StoreManagement link" time="4.056">
    <skipped/>
  </testcase>
  <testcase classname="| lorraine@truelogic.com.ph | Local SEO | Local Basic | Local SEO - Local Basic | US Dollars USD | 249 | 3 | 4 | 1 | 1 | 3 | 3 |" name="Then Ill see the COM16_CategoryBrowser header" time="4.056">
    <skipped/>
  </testcase>
  <testcase classname="| lorraine@truelogic.com.ph | Local SEO | Local Basic | Local SEO - Local Basic | US Dollars USD | 249 | 3 | 4 | 1 | 1 | 3 | 3 |" name="When I click COM16_AddCategory button" time="4.056">
    <skipped/>
  </testcase>
  <testcase classname="| lorraine@truelogic.com.ph | Local SEO | Local Basic | Local SEO - Local Basic | US Dollars USD | 249 | 3 | 4 | 1 | 1 | 3 | 3 |" name="And I populate COM16_CategoryName textfield with Local SEO" time="4.056">
    <skipped/>
  </testcase>
  <testcase classname="| lorraine@truelogic.com.ph | Local SEO | Local Basic | Local SEO - Local Basic | US Dollars USD | 249 | 3 | 4 | 1 | 1 | 3 | 3 |" name="And I populate COM16_Description with Local SEO" time="4.057">
    <skipped/>
  </testcase>
  <testcase classname="| lorraine@truelogic.com.ph | Local SEO | Local Basic | Local SEO - Local Basic | US Dollars USD | 249 | 3 | 4 | 1 | 1 | 3 | 3 |" name="And I click COM16_Next button of Basic Details tab under Add New Category" time="4.057">
    <skipped/>
  </testcase>
  <testcase classname="| lorraine@truelogic.com.ph | Local SEO | Local Basic | Local SEO - Local Basic | US Dollars USD | 249 | 3 | 4 | 1 | 1 | 3 | 3 |" name="And I validate if COM16_IsActive selected" time="4.057">
    <skipped/>
  </testcase>
  <testcase classname="| lorraine@truelogic.com.ph | Local SEO | Local Basic | Local SEO - Local Basic | US Dollars USD | 249 | 3 | 4 | 1 | 1 | 3 | 3 |" name="And I click COM16_Next button of Category Types tab under Add New Category" time="4.057">
    <skipped/>
  </testcase>
  <testcase classname="| lorraine@truelogic.com.ph | Local SEO | Local Basic | Local SEO - Local Basic | US Dollars USD | 249 | 3 | 4 | 1 | 1 | 3 | 3 |" name="And I click the COM16_SaveAndSubmit button under Add New Category" time="4.058">
    <skipped/>
  </testcase>
  <testcase classname="| lorraine@truelogic.com.ph | Local SEO | Local Basic | Local SEO - Local Basic | US Dollars USD | 249 | 3 | 4 | 1 | 1 | 3 | 3 |" name="When I click  COM16_Local SEO under the Category Name list" time="4.058">
    <skipped/>
  </testcase>
  <testcase classname="| lorraine@truelogic.com.ph | Local SEO | Local Basic | Local SEO - Local Basic | US Dollars USD | 249 | 3 | 4 | 1 | 1 | 3 | 3 |" name="And I click COM16_AddNewProduct button" time="4.058">
    <skipped/>
  </testcase>
  <testcase classname="| lorraine@truelogic.com.ph | Local SEO | Local Basic | Local SEO - Local Basic | US Dollars USD | 249 | 3 | 4 | 1 | 1 | 3 | 3 |" name="And I populate COM16_ProductCode textfield with Local Basic" time="4.059">
    <skipped/>
  </testcase>
  <testcase classname="| lorraine@truelogic.com.ph | Local SEO | Local Basic | Local SEO - Local Basic | US Dollars USD | 249 | 3 | 4 | 1 | 1 | 3 | 3 |" name="And I populate COM16_ProductName textfield with Local Basic" time="4.059">
    <skipped/>
  </testcase>
  <testcase classname="| lorraine@truelogic.com.ph | Local SEO | Local Basic | Local SEO - Local Basic | US Dollars USD | 249 | 3 | 4 | 1 | 1 | 3 | 3 |" name="And I populate COM16_Description of Add New Product Modal with Local SEO" time="4.059">
    <skipped/>
  </testcase>
  <testcase classname="| lorraine@truelogic.com.ph | Local SEO | Local Basic | Local SEO - Local Basic | US Dollars USD | 249 | 3 | 4 | 1 | 1 | 3 | 3 |" name="And I click COM16_IsActive button of Add New Product Modal" time="4.06">
    <skipped/>
  </testcase>
  <testcase classname="| lorraine@truelogic.com.ph | Local SEO | Local Basic | Local SEO - Local Basic | US Dollars USD | 249 | 3 | 4 | 1 | 1 | 3 | 3 |" name="And I click COM16_IsProposable button of Add New Product Modal" time="4.06">
    <skipped/>
  </testcase>
  <testcase classname="| lorraine@truelogic.com.ph | Local SEO | Local Basic | Local SEO - Local Basic | US Dollars USD | 249 | 3 | 4 | 1 | 1 | 3 | 3 |" name="And I click COM16_Viewable button of Add New Product Modal" time="4.061">
    <skipped/>
  </testcase>
  <testcase classname="| lorraine@truelogic.com.ph | Local SEO | Local Basic | Local SEO - Local Basic | US Dollars USD | 249 | 3 | 4 | 1 | 1 | 3 | 3 |" name="And I click COM16_Next button of Basic Details under Add New Product Modal" time="4.061">
    <skipped/>
  </testcase>
  <testcase classname="| lorraine@truelogic.com.ph | Local SEO | Local Basic | Local SEO - Local Basic | US Dollars USD | 249 | 3 | 4 | 1 | 1 | 3 | 3 |" name="And I select US Dollars USD in the COM16_Currency dropdown of Add New Product Modal" time="4.062">
    <skipped/>
  </testcase>
  <testcase classname="| lorraine@truelogic.com.ph | Local SEO | Local Basic | Local SEO - Local Basic | US Dollars USD | 249 | 3 | 4 | 1 | 1 | 3 | 3 |" name="And I populate COM16_MonthlyFee textfield with 249 of Add New Product Modal" time="4.062">
    <skipped/>
  </testcase>
  <testcase classname="| lorraine@truelogic.com.ph | Local SEO | Local Basic | Local SEO - Local Basic | US Dollars USD | 249 | 3 | 4 | 1 | 1 | 3 | 3 |" name="And I click COM16_Next button of Price Settings under Add New Product Modal" time="4.062">
    <skipped/>
  </testcase>
  <testcase classname="| lorraine@truelogic.com.ph | Local SEO | Local Basic | Local SEO - Local Basic | US Dollars USD | 249 | 3 | 4 | 1 | 1 | 3 | 3 |" name="And I populate COM16_KeyFeature textarea with Local Basic" time="4.062">
    <skipped/>
  </testcase>
  <testcase classname="| lorraine@truelogic.com.ph | Local SEO | Local Basic | Local SEO - Local Basic | US Dollars USD | 249 | 3 | 4 | 1 | 1 | 3 | 3 |" name="And I add an additional 3 for Local Basic" time="4.063">
    <skipped/>
  </testcase>
  <testcase classname="| lorraine@truelogic.com.ph | Local SEO | Local Basic | Local SEO - Local Basic | US Dollars USD | 249 | 3 | 4 | 1 | 1 | 3 | 3 |" name="And I click COM16_ThumbnailTab link of Add New Product Modal" time="4.063">
    <skipped/>
  </testcase>
  <testcase classname="| lorraine@truelogic.com.ph | Local SEO | Local Basic | Local SEO - Local Basic | US Dollars USD | 249 | 3 | 4 | 1 | 1 | 3 | 3 |" name="And I click COM16_SaveAndSubmit button of Add New Product Modal" time="4.063">
    <skipped/>
  </testcase>
  <testcase classname="| lorraine@truelogic.com.ph | Local SEO | Local Basic | Local SEO - Local Basic | US Dollars USD | 249 | 3 | 4 | 1 | 1 | 3 | 3 |" name="And I click  COM16_Local SEO under the Category Name list" time="4.063">
    <skipped/>
  </testcase>
  <testcase classname="| lorraine@truelogic.com.ph | Local SEO | Local Basic | Local SEO - Local Basic | US Dollars USD | 249 | 3 | 4 | 1 | 1 | 3 | 3 |" name="Then Ill see COM16_Local Basic was created" time="4.064">
    <skipped/>
  </testcase>
  <testcase classname="| lorraine@truelogic.com.ph | Local SEO | Local Basic | Local SEO - Local Basic | US Dollars USD | 249 | 3 | 4 | 1 | 1 | 3 | 3 |" name="When I hover to COM14_TasksMenu link" time="4.064">
    <skipped/>
  </testcase>
  <testcase classname="| lorraine@truelogic.com.ph | Local SEO | Local Basic | Local SEO - Local Basic | US Dollars USD | 249 | 3 | 4 | 1 | 1 | 3 | 3 |" name="And I hover to COM14_Templates link" time="4.064">
    <skipped/>
  </testcase>
  <testcase classname="| lorraine@truelogic.com.ph | Local SEO | Local Basic | Local SEO - Local Basic | US Dollars USD | 249 | 3 | 4 | 1 | 1 | 3 | 3 |" name="And I select COM14_TaskTemplates link" time="4.064">
    <skipped/>
  </testcase>
  <testcase classname="| lorraine@truelogic.com.ph | Local SEO | Local Basic | Local SEO - Local Basic | US Dollars USD | 249 | 3 | 4 | 1 | 1 | 3 | 3 |" name="And I create 4 under Create Tasklist section for Local Basic" time="4.065">
    <skipped/>
  </testcase>
  <testcase classname="| lorraine@truelogic.com.ph | Local SEO | Local Basic | Local SEO - Local Basic | US Dollars USD | 249 | 3 | 4 | 1 | 1 | 3 | 3 |" name="And I create 1 under &quot;Update Campaign Roadmap&quot; for Local Basic" time="4.065">
    <skipped/>
  </testcase>
  <testcase classname="| lorraine@truelogic.com.ph | Local SEO | Local Basic | Local SEO - Local Basic | US Dollars USD | 249 | 3 | 4 | 1 | 1 | 3 | 3 |" name="And I create 1 under &quot;Citation Creation&quot; for Local Basic" time="4.065">
    <skipped/>
  </testcase>
  <testcase classname="| lorraine@truelogic.com.ph | Local SEO | Local Basic | Local SEO - Local Basic | US Dollars USD | 249 | 3 | 4 | 1 | 1 | 3 | 3 |" name="And I create 3 under &quot;Guest Blog Outreach #1&quot; for Local Basic" time="4.065">
    <skipped/>
  </testcase>
  <testcase classname="| lorraine@truelogic.com.ph | Local SEO | Local Basic | Local SEO - Local Basic | US Dollars USD | 249 | 3 | 4 | 1 | 1 | 3 | 3 |" name="And I create 3 under &quot;Editorial #1&quot; for Local Basic" time="4.066">
    <skipped/>
  </testcase>
  <testcase classname="| lorraine@truelogic.com.ph | Local SEO | Local Basic | Local SEO - Local Basic | US Dollars USD | 249 | 3 | 4 | 1 | 1 | 3 | 3 |" name="And I hover to COM14_TasksMenu link" time="4.066">
    <skipped/>
  </testcase>
  <testcase classname="| lorraine@truelogic.com.ph | Local SEO | Local Basic | Local SEO - Local Basic | US Dollars USD | 249 | 3 | 4 | 1 | 1 | 3 | 3 |" name="And I hover to COM14_Templates link" time="4.067">
    <skipped/>
  </testcase>
  <testcase classname="| lorraine@truelogic.com.ph | Local SEO | Local Basic | Local SEO - Local Basic | US Dollars USD | 249 | 3 | 4 | 1 | 1 | 3 | 3 |" name="And I select COM14_ProductTemplates link" time="4.067">
    <skipped/>
  </testcase>
  <testcase classname="| lorraine@truelogic.com.ph | Local SEO | Local Basic | Local SEO - Local Basic | US Dollars USD | 249 | 3 | 4 | 1 | 1 | 3 | 3 |" name="And I click COM17_Create button" time="4.067">
    <skipped/>
  </testcase>
  <testcase classname="| lorraine@truelogic.com.ph | Local SEO | Local Basic | Local SEO - Local Basic | US Dollars USD | 249 | 3 | 4 | 1 | 1 | 3 | 3 |" name="Then Ill see the Create Product Template" time="4.067">
    <skipped/>
  </testcase>
  <testcase classname="| lorraine@truelogic.com.ph | Local SEO | Local Basic | Local SEO - Local Basic | US Dollars USD | 249 | 3 | 4 | 1 | 1 | 3 | 3 |" name="When I select Local SEO under the COM18_Product Category dropdown" time="4.068">
    <skipped/>
  </testcase>
  <testcase classname="| lorraine@truelogic.com.ph | Local SEO | Local Basic | Local SEO - Local Basic | US Dollars USD | 249 | 3 | 4 | 1 | 1 | 3 | 3 |" name="And I populate COM18_Template textfield with Local Basic" time="4.068">
    <skipped/>
  </testcase>
  <testcase classname="| lorraine@truelogic.com.ph | Local SEO | Local Basic | Local SEO - Local Basic | US Dollars USD | 249 | 3 | 4 | 1 | 1 | 3 | 3 |" name="And I click COM18_Monthly checkbox" time="4.068">
    <skipped/>
  </testcase>
  <testcase classname="| lorraine@truelogic.com.ph | Local SEO | Local Basic | Local SEO - Local Basic | US Dollars USD | 249 | 3 | 4 | 1 | 1 | 3 | 3 |" name="And I click COM18_MonthOne checkbox" time="4.068">
    <skipped/>
  </testcase>
  <testcase classname="| lorraine@truelogic.com.ph | Local SEO | Local Basic | Local SEO - Local Basic | US Dollars USD | 249 | 3 | 4 | 1 | 1 | 3 | 3 |" name="And I click COM18_MonthTwo checkbox" time="4.069">
    <skipped/>
  </testcase>
  <testcase classname="| lorraine@truelogic.com.ph | Local SEO | Local Basic | Local SEO - Local Basic | US Dollars USD | 249 | 3 | 4 | 1 | 1 | 3 | 3 |" name="And I click COM8_Save button" time="4.069">
    <skipped/>
  </testcase>
  <testcase classname="| lorraine@truelogic.com.ph | Local SEO | Local Basic | Local SEO - Local Basic | US Dollars USD | 249 | 3 | 4 | 1 | 1 | 3 | 3 |" name="And I click COM8_OK button" time="4.069">
    <skipped/>
  </testcase>
  <testcase classname="| lorraine@truelogic.com.ph | Local SEO | Local Basic | Local SEO - Local Basic | US Dollars USD | 249 | 3 | 4 | 1 | 1 | 3 | 3 |" name="And I DragDrop &quot;Citation Creation&quot; from COM20_TaskTemplates section to COM20_Droppable section" time="4.07">
    <skipped/>
  </testcase>
  <testcase classname="| lorraine@truelogic.com.ph | Local SEO | Local Basic | Local SEO - Local Basic | US Dollars USD | 249 | 3 | 4 | 1 | 1 | 3 | 3 |" name="And I DragDrop &quot;Update Campaign Roadmap&quot; from COM20_TaskTemplates section to COM20_Droppable section" time="4.07">
    <skipped/>
  </testcase>
  <testcase classname="| lorraine@truelogic.com.ph | Local SEO | Local Basic | Local SEO - Local Basic | US Dollars USD | 249 | 3 | 4 | 1 | 1 | 3 | 3 |" name="And I DragDrop &quot;Guest Blog Outreach #1&quot; from COM20_TaskTemplates section to COM20_Droppable section" time="4.07">
    <skipped/>
  </testcase>
  <testcase classname="| lorraine@truelogic.com.ph | Local SEO | Local Basic | Local SEO - Local Basic | US Dollars USD | 249 | 3 | 4 | 1 | 1 | 3 | 3 |" name="And I DragDrop &quot;Editorial #1&quot; from COM20_TaskTemplates section to COM20_Droppable section" time="4.07">
    <skipped/>
  </testcase>
  <testcase classname="| lorraine@truelogic.com.ph | Local SEO | Local Basic | Local SEO - Local Basic | US Dollars USD | 249 | 3 | 4 | 1 | 1 | 3 | 3 |" name="And I click the COM20_Collapse icon of &quot;Guest Blog Outreach #1&quot;" time="4.071">
    <skipped/>
  </testcase>
  <testcase classname="| lorraine@truelogic.com.ph | Local SEO | Local Basic | Local SEO - Local Basic | US Dollars USD | 249 | 3 | 4 | 1 | 1 | 3 | 3 |" name="And I select &quot;Guest Blog Outreach #1 Creation&quot;" time="4.071">
    <skipped/>
  </testcase>
  <testcase classname="| lorraine@truelogic.com.ph | Local SEO | Local Basic | Local SEO - Local Basic | US Dollars USD | 249 | 3 | 4 | 1 | 1 | 3 | 3 |" name="And I click COM20_Edit button" time="4.071">
    <skipped/>
  </testcase>
  <testcase classname="| lorraine@truelogic.com.ph | Local SEO | Local Basic | Local SEO - Local Basic | US Dollars USD | 249 | 3 | 4 | 1 | 1 | 3 | 3 |" name="And I select &quot;Update Campaign Roadmap&quot; under COM19_TaskDependencies Section" time="4.071">
    <skipped/>
  </testcase>
  <testcase classname="| lorraine@truelogic.com.ph | Local SEO | Local Basic | Local SEO - Local Basic | US Dollars USD | 249 | 3 | 4 | 1 | 1 | 3 | 3 |" name="And I click COM19_SubtaskSave button" time="4.072">
    <skipped/>
  </testcase>
  <testcase classname="| lorraine@truelogic.com.ph | Local SEO | Local Basic | Local SEO - Local Basic | US Dollars USD | 249 | 3 | 4 | 1 | 1 | 3 | 3 |" name="And I click the COM20_Collapse icon of &quot;Editorial #1&quot;" time="4.072">
    <skipped/>
  </testcase>
  <testcase classname="| lorraine@truelogic.com.ph | Local SEO | Local Basic | Local SEO - Local Basic | US Dollars USD | 249 | 3 | 4 | 1 | 1 | 3 | 3 |" name="And I select &quot;Editorial #1 Creation&quot;" time="4.072">
    <skipped/>
  </testcase>
  <testcase classname="| lorraine@truelogic.com.ph | Local SEO | Local Basic | Local SEO - Local Basic | US Dollars USD | 249 | 3 | 4 | 1 | 1 | 3 | 3 |" name="And I click COM20_Edit button" time="4.073">
    <skipped/>
  </testcase>
  <testcase classname="| lorraine@truelogic.com.ph | Local SEO | Local Basic | Local SEO - Local Basic | US Dollars USD | 249 | 3 | 4 | 1 | 1 | 3 | 3 |" name="And I select &quot;Update Campaign Roadmap&quot; under COM19_TaskDependencies Section" time="4.073">
    <skipped/>
  </testcase>
  <testcase classname="| lorraine@truelogic.com.ph | Local SEO | Local Basic | Local SEO - Local Basic | US Dollars USD | 249 | 3 | 4 | 1 | 1 | 3 | 3 |" name="And I click COM19_SubtaskSave button" time="4.073">
    <skipped/>
  </testcase>
  <testcase classname="| lorraine@truelogic.com.ph | Local SEO | Local Basic | Local SEO - Local Basic | US Dollars USD | 249 | 3 | 4 | 1 | 1 | 3 | 3 |" name="And I hover to COM14_TasksMenu link" time="4.073">
    <skipped/>
  </testcase>
  <testcase classname="| lorraine@truelogic.com.ph | Local SEO | Local Basic | Local SEO - Local Basic | US Dollars USD | 249 | 3 | 4 | 1 | 1 | 3 | 3 |" name="And I hover to COM14_Templates link" time="4.074">
    <skipped/>
  </testcase>
  <testcase classname="| lorraine@truelogic.com.ph | Local SEO | Local Basic | Local SEO - Local Basic | US Dollars USD | 249 | 3 | 4 | 1 | 1 | 3 | 3 |" name="And I select COM14_ProductTemplates link" time="4.074">
    <skipped/>
  </testcase>
  <testcase classname="| lorraine@truelogic.com.ph | Local SEO | Local Basic | Local SEO - Local Basic | US Dollars USD | 249 | 3 | 4 | 1 | 1 | 3 | 3 |" name="And I search Local Basic in the COM17_SearchProduct Filter" time="4.074">
    <skipped/>
  </testcase>
  <testcase classname="| lorraine@truelogic.com.ph | Local SEO | Local Basic | Local SEO - Local Basic | US Dollars USD | 249 | 3 | 4 | 1 | 1 | 3 | 3 |" name="And I click the COM17_dropdown button of Local Basic" time="4.074">
    <skipped/>
  </testcase>
  <testcase classname="| lorraine@truelogic.com.ph | Local SEO | Local Basic | Local SEO - Local Basic | US Dollars USD | 249 | 3 | 4 | 1 | 1 | 3 | 3 |" name="And I click COM17_Activate button of Local Basic" time="4.075">
    <skipped/>
  </testcase>
  <testcase classname="| lorraine@truelogic.com.ph | Local SEO | Local Basic | Local SEO - Local Basic | US Dollars USD | 249 | 3 | 4 | 1 | 1 | 3 | 3 |" name="Then Ill see that the status of the template is Active" time="4.075">
    <skipped/>
  </testcase>
  <testcase classname="| lorraine@truelogic.com.ph | Local SEO | Local Basic | Local SEO - Local Basic | US Dollars USD | 249 | 3 | 4 | 1 | 1 | 3 | 3 |" name="| lorraine@truelogic.com.ph | Local SEO | Local Basic | Local SEO - Local Basic | US Dollars USD | 249 | 3 | 4 | 1 | 1 | 3 | 3 |" time="8.091">
    <error message="chrome not reachable
  (Session info: chrome=53.0.2785.116)
  (Driver info: chromedriver=2.25.426923 (0390b88869384d6eb0d5d09729679f934aab9eed),platform=Windows NT 10.0.17134 x86_64) (WARNING: The server did not provide any stacktrace information)
Command duration or timeout: 4.01 seconds
Build info: version: &apos;2.53.0&apos;, revision: &apos;35ae25b1534ae328c771e0856c93e187490ca824&apos;, time: &apos;2016-03-15 10:43:46&apos;
System info: host: &apos;ReuelSicatII-LAPTOP&apos;, ip: &apos;192.168.40.144&apos;, os.name: &apos;Windows 10&apos;, os.arch: &apos;amd64&apos;, os.version: &apos;10.0&apos;, java.version: &apos;1.8.0_181&apos;
Driver info: org.openqa.selenium.chrome.ChromeDriver
Capabilities [{applicationCacheEnabled=false, rotatable=false, mobileEmulationEnabled=false, networkConnectionEnabled=false, chrome={chromedriverVersion=2.25.426923 (0390b88869384d6eb0d5d09729679f934aab9eed), userDataDir=C:\Users\REUELS~1\AppData\Local\Temp\scoped_dir93948_25971}, takesHeapSnapshot=true, pageLoadStrategy=normal, databaseEnabled=false, handlesAlerts=true, hasTouchScreen=false, version=53.0.2785.116, platform=XP, browserConnectionEnabled=false, nativeEvents=true, acceptSslCerts=true, locationContextEnabled=true, webStorageEnabled=true, browserName=chrome, takesScreenshot=true, javascriptEnabled=true, cssSelectorsEnabled=true}]
Session ID: 92d136295998e0382b0f0cc7099b83b6" type="org.openqa.selenium.WebDriverException">org.openqa.selenium.WebDriverException: chrome not reachable
  (Session info: chrome=53.0.2785.116)
  (Driver info: chromedriver=2.25.426923 (0390b88869384d6eb0d5d09729679f934aab9eed),platform=Windows NT 10.0.17134 x86_64) (WARNING: The server did not provide any stacktrace information)
Command duration or timeout: 4.01 seconds
Build info: version: &apos;2.53.0&apos;, revision: &apos;35ae25b1534ae328c771e0856c93e187490ca824&apos;, time: &apos;2016-03-15 10:43:46&apos;
System info: host: &apos;ReuelSicatII-LAPTOP&apos;, ip: &apos;192.168.40.144&apos;, os.name: &apos;Windows 10&apos;, os.arch: &apos;amd64&apos;, os.version: &apos;10.0&apos;, java.version: &apos;1.8.0_181&apos;
Driver info: org.openqa.selenium.chrome.ChromeDriver
Capabilities [{applicationCacheEnabled=false, rotatable=false, mobileEmulationEnabled=false, networkConnectionEnabled=false, chrome={chromedriverVersion=2.25.426923 (0390b88869384d6eb0d5d09729679f934aab9eed), userDataDir=C:\Users\REUELS~1\AppData\Local\Temp\scoped_dir93948_25971}, takesHeapSnapshot=true, pageLoadStrategy=normal, databaseEnabled=false, handlesAlerts=true, hasTouchScreen=false, version=53.0.2785.116, platform=XP, browserConnectionEnabled=false, nativeEvents=true, acceptSslCerts=true, locationContextEnabled=true, webStorageEnabled=true, browserName=chrome, takesScreenshot=true, javascriptEnabled=true, cssSelectorsEnabled=true}]
Session ID: 92d136295998e0382b0f0cc7099b83b6
	at sun.reflect.GeneratedConstructorAccessor19.newInstance(Unknown Source)
	at sun.reflect.DelegatingConstructorAccessorImpl.newInstance(DelegatingConstructorAccessorImpl.java:45)
	at java.lang.reflect.Constructor.newInstance(Constructor.java:423)
	at org.openqa.selenium.remote.ErrorHandler.createThrowable(ErrorHandler.java:206)
	at org.openqa.selenium.remote.ErrorHandler.throwIfResponseFailed(ErrorHandler.java:158)
	at org.openqa.selenium.remote.RemoteWebDriver.execute(RemoteWebDriver.java:678)
	at org.openqa.selenium.remote.RemoteWebDriver.execute(RemoteWebDriver.java:701)
	at org.openqa.selenium.remote.RemoteWebDriver.getScreenshotAs(RemoteWebDriver.java:335)
	at cucumber.Framework.TearDown.teardown(TearDown.java:33)
	at sun.reflect.GeneratedMethodAccessor36.invoke(Unknown Source)
	at sun.reflect.DelegatingMethodAccessorImpl.invoke(DelegatingMethodAccessorImpl.java:43)
	at java.lang.reflect.Method.invoke(Method.java:498)
	at cucumber.runtime.Utils$1.call(Utils.java:37)
	at cucumber.runtime.Timeout.timeout(Timeout.java:13)
	at cucumber.runtime.Utils.invoke(Utils.java:31)
	at cucumber.runtime.java.JavaHookDefinition.execute(JavaHookDefinition.java:60)
	at cucumber.runtime.Runtime.runHookIfTagsMatch(Runtime.java:223)
	at cucumber.runtime.Runtime.runHooks(Runtime.java:211)
	at cucumber.runtime.Runtime.runAfterHooks(Runtime.java:205)
	at cucumber.runtime.model.CucumberScenario.run(CucumberScenario.java:46)
	at cucumber.runtime.junit.ExecutionUnitRunner.run(ExecutionUnitRunner.java:91)
	at org.junit.runners.Suite.runChild(Suite.java:127)
	at org.junit.runners.Suite.runChild(Suite.java:26)
	at org.junit.runners.ParentRunner$3.run(ParentRunner.java:238)
	at org.junit.runners.ParentRunner$1.schedule(ParentRunner.java:63)
	at org.junit.runners.ParentRunner.runChildren(ParentRunner.java:236)
	at org.junit.runners.ParentRunner.access$000(ParentRunner.java:53)
	at org.junit.runners.ParentRunner$2.evaluate(ParentRunner.java:229)
	at org.junit.runners.ParentRunner.run(ParentRunner.java:309)
	at cucumber.runtime.junit.ExamplesRunner.run(ExamplesRunner.java:59)
	at org.junit.runners.Suite.runChild(Suite.java:127)
	at org.junit.runners.Suite.runChild(Suite.java:26)
	at org.junit.runners.ParentRunner$3.run(ParentRunner.java:238)
	at org.junit.runners.ParentRunner$1.schedule(ParentRunner.java:63)
	at org.junit.runners.ParentRunner.runChildren(ParentRunner.java:236)
	at org.junit.runners.ParentRunner.access$000(ParentRunner.java:53)
	at org.junit.runners.ParentRunner$2.evaluate(ParentRunner.java:229)
	at org.junit.runners.ParentRunner.run(ParentRunner.java:309)
	at cucumber.runtime.junit.ScenarioOutlineRunner.run(ScenarioOutlineRunner.java:53)
	at cucumber.runtime.junit.FeatureRunner.runChild(FeatureRunner.java:63)
	at cucumber.runtime.junit.FeatureRunner.runChild(FeatureRunner.java:18)
	at org.junit.runners.ParentRunner$3.run(ParentRunner.java:238)
	at org.junit.runners.ParentRunner$1.schedule(ParentRunner.java:63)
	at org.junit.runners.ParentRunner.runChildren(ParentRunner.java:236)
	at org.junit.runners.ParentRunner.access$000(ParentRunner.java:53)
	at org.junit.runners.ParentRunner$2.evaluate(ParentRunner.java:229)
	at org.junit.runners.ParentRunner.run(ParentRunner.java:309)
	at cucumber.runtime.junit.FeatureRunner.run(FeatureRunner.java:70)
	at cucumber.api.junit.Cucumber.runChild(Cucumber.java:93)
	at cucumber.api.junit.Cucumber.runChild(Cucumber.java:37)
	at org.junit.runners.ParentRunner$3.run(ParentRunner.java:238)
	at org.junit.runners.ParentRunner$1.schedule(ParentRunner.java:63)
	at org.junit.runners.ParentRunner.runChildren(ParentRunner.java:236)
	at org.junit.runners.ParentRunner.access$000(ParentRunner.java:53)
	at org.junit.runners.ParentRunner$2.evaluate(ParentRunner.java:229)
	at org.junit.internal.runners.statements.RunBefores.evaluate(RunBefores.java:26)
	at org.junit.internal.runners.statements.RunAfters.evaluate(RunAfters.java:27)
	at org.junit.runners.ParentRunner.run(ParentRunner.java:309)
	at cucumber.api.junit.Cucumber.run(Cucumber.java:98)
	at org.apache.maven.surefire.junit4.JUnit4TestSet.execute(JUnit4TestSet.java:62)
	at org.apache.maven.surefire.suite.AbstractDirectoryTestSuite.executeTestSet(AbstractDirectoryTestSuite.java:140)
	at org.apache.maven.surefire.suite.AbstractDirectoryTestSuite.execute(AbstractDirectoryTestSuite.java:127)
	at org.apache.maven.surefire.Surefire.run(Surefire.java:177)
	at sun.reflect.NativeMethodAccessorImpl.invoke0(Native Method)
	at sun.reflect.NativeMethodAccessorImpl.invoke(NativeMethodAccessorImpl.java:62)
	at sun.reflect.DelegatingMethodAccessorImpl.invoke(DelegatingMethodAccessorImpl.java:43)
	at java.lang.reflect.Method.invoke(Method.java:498)
	at org.apache.maven.surefire.booter.SurefireBooter.runSuitesInProcess(SurefireBooter.java:338)
	at org.apache.maven.surefire.booter.SurefireBooter.main(SurefireBooter.java:997)
</error>
    <system-out>Helper - Scenario Name: LocalSEO_TS01
</system-out>
  </testcase>
  <testcase classname="| lorraine@truelogic.com.ph | Local SEO | Local Basic | Local SEO - Local Basic | Active |" name="| lorraine@truelogic.com.ph | Local SEO | Local Basic | Local SEO - Local Basic | Active |" time="4.056">
    <error message="chrome not reachable
  (Session info: chrome=53.0.2785.116)
  (Driver info: chromedriver=2.25.426923 (0390b88869384d6eb0d5d09729679f934aab9eed),platform=Windows NT 10.0.17134 x86_64) (WARNING: The server did not provide any stacktrace information)
Command duration or timeout: 4.02 seconds
Build info: version: &apos;2.53.0&apos;, revision: &apos;35ae25b1534ae328c771e0856c93e187490ca824&apos;, time: &apos;2016-03-15 10:43:46&apos;
System info: host: &apos;ReuelSicatII-LAPTOP&apos;, ip: &apos;192.168.40.144&apos;, os.name: &apos;Windows 10&apos;, os.arch: &apos;amd64&apos;, os.version: &apos;10.0&apos;, java.version: &apos;1.8.0_181&apos;
Driver info: org.openqa.selenium.chrome.ChromeDriver
Capabilities [{applicationCacheEnabled=false, rotatable=false, mobileEmulationEnabled=false, networkConnectionEnabled=false, chrome={chromedriverVersion=2.25.426923 (0390b88869384d6eb0d5d09729679f934aab9eed), userDataDir=C:\Users\REUELS~1\AppData\Local\Temp\scoped_dir93948_25971}, takesHeapSnapshot=true, pageLoadStrategy=normal, databaseEnabled=false, handlesAlerts=true, hasTouchScreen=false, version=53.0.2785.116, platform=XP, browserConnectionEnabled=false, nativeEvents=true, acceptSslCerts=true, locationContextEnabled=true, webStorageEnabled=true, browserName=chrome, takesScreenshot=true, javascriptEnabled=true, cssSelectorsEnabled=true}]
Session ID: 92d136295998e0382b0f0cc7099b83b6" type="org.openqa.selenium.WebDriverException">org.openqa.selenium.WebDriverException: chrome not reachable
  (Session info: chrome=53.0.2785.116)
  (Driver info: chromedriver=2.25.426923 (0390b88869384d6eb0d5d09729679f934aab9eed),platform=Windows NT 10.0.17134 x86_64) (WARNING: The server did not provide any stacktrace information)
Command duration or timeout: 4.02 seconds
Build info: version: &apos;2.53.0&apos;, revision: &apos;35ae25b1534ae328c771e0856c93e187490ca824&apos;, time: &apos;2016-03-15 10:43:46&apos;
System info: host: &apos;ReuelSicatII-LAPTOP&apos;, ip: &apos;192.168.40.144&apos;, os.name: &apos;Windows 10&apos;, os.arch: &apos;amd64&apos;, os.version: &apos;10.0&apos;, java.version: &apos;1.8.0_181&apos;
Driver info: org.openqa.selenium.chrome.ChromeDriver
Capabilities [{applicationCacheEnabled=false, rotatable=false, mobileEmulationEnabled=false, networkConnectionEnabled=false, chrome={chromedriverVersion=2.25.426923 (0390b88869384d6eb0d5d09729679f934aab9eed), userDataDir=C:\Users\REUELS~1\AppData\Local\Temp\scoped_dir93948_25971}, takesHeapSnapshot=true, pageLoadStrategy=normal, databaseEnabled=false, handlesAlerts=true, hasTouchScreen=false, version=53.0.2785.116, platform=XP, browserConnectionEnabled=false, nativeEvents=true, acceptSslCerts=true, locationContextEnabled=true, webStorageEnabled=true, browserName=chrome, takesScreenshot=true, javascriptEnabled=true, cssSelectorsEnabled=true}]
Session ID: 92d136295998e0382b0f0cc7099b83b6
	at sun.reflect.GeneratedConstructorAccessor19.newInstance(Unknown Source)
	at sun.reflect.DelegatingConstructorAccessorImpl.newInstance(DelegatingConstructorAccessorImpl.java:45)
	at java.lang.reflect.Constructor.newInstance(Constructor.java:423)
	at org.openqa.selenium.remote.ErrorHandler.createThrowable(ErrorHandler.java:206)
	at org.openqa.selenium.remote.ErrorHandler.throwIfResponseFailed(ErrorHandler.java:158)
	at org.openqa.selenium.remote.RemoteWebDriver.execute(RemoteWebDriver.java:678)
	at org.openqa.selenium.remote.RemoteWebDriver.execute(RemoteWebDriver.java:701)
	at org.openqa.selenium.remote.RemoteWebDriver$RemoteWebDriverOptions.deleteAllCookies(RemoteWebDriver.java:773)
	at cucumber.Framework.WEBHelper.GetDriverObject(WEBHelper.java:217)
	at cucumber.Framework.SetUp.setup(SetUp.java:50)
	at sun.reflect.GeneratedMethodAccessor33.invoke(Unknown Source)
	at sun.reflect.DelegatingMethodAccessorImpl.invoke(DelegatingMethodAccessorImpl.java:43)
	at java.lang.reflect.Method.invoke(Method.java:498)
	at cucumber.runtime.Utils$1.call(Utils.java:37)
	at cucumber.runtime.Timeout.timeout(Timeout.java:13)
	at cucumber.runtime.Utils.invoke(Utils.java:31)
	at cucumber.runtime.java.JavaHookDefinition.execute(JavaHookDefinition.java:60)
	at cucumber.runtime.Runtime.runHookIfTagsMatch(Runtime.java:223)
	at cucumber.runtime.Runtime.runHooks(Runtime.java:211)
	at cucumber.runtime.Runtime.runBeforeHooks(Runtime.java:201)
	at cucumber.runtime.model.CucumberScenario.run(CucumberScenario.java:40)
	at cucumber.runtime.junit.ExecutionUnitRunner.run(ExecutionUnitRunner.java:91)
	at org.junit.runners.Suite.runChild(Suite.java:127)
	at org.junit.runners.Suite.runChild(Suite.java:26)
	at org.junit.runners.ParentRunner$3.run(ParentRunner.java:238)
	at org.junit.runners.ParentRunner$1.schedule(ParentRunner.java:63)
	at org.junit.runners.ParentRunner.runChildren(ParentRunner.java:236)
	at org.junit.runners.ParentRunner.access$000(ParentRunner.java:53)
	at org.junit.runners.ParentRunner$2.evaluate(ParentRunner.java:229)
	at org.junit.runners.ParentRunner.run(ParentRunner.java:309)
	at cucumber.runtime.junit.ExamplesRunner.run(ExamplesRunner.java:59)
	at org.junit.runners.Suite.runChild(Suite.java:127)
	at org.junit.runners.Suite.runChild(Suite.java:26)
	at org.junit.runners.ParentRunner$3.run(ParentRunner.java:238)
	at org.junit.runners.ParentRunner$1.schedule(ParentRunner.java:63)
	at org.junit.runners.ParentRunner.runChildren(ParentRunner.java:236)
	at org.junit.runners.ParentRunner.access$000(ParentRunner.java:53)
	at org.junit.runners.ParentRunner$2.evaluate(ParentRunner.java:229)
	at org.junit.runners.ParentRunner.run(ParentRunner.java:309)
	at cucumber.runtime.junit.ScenarioOutlineRunner.run(ScenarioOutlineRunner.java:53)
	at cucumber.runtime.junit.FeatureRunner.runChild(FeatureRunner.java:63)
	at cucumber.runtime.junit.FeatureRunner.runChild(FeatureRunner.java:18)
	at org.junit.runners.ParentRunner$3.run(ParentRunner.java:238)
	at org.junit.runners.ParentRunner$1.schedule(ParentRunner.java:63)
	at org.junit.runners.ParentRunner.runChildren(ParentRunner.java:236)
	at org.junit.runners.ParentRunner.access$000(ParentRunner.java:53)
	at org.junit.runners.ParentRunner$2.evaluate(ParentRunner.java:229)
	at org.junit.runners.ParentRunner.run(ParentRunner.java:309)
	at cucumber.runtime.junit.FeatureRunner.run(FeatureRunner.java:70)
	at cucumber.api.junit.Cucumber.runChild(Cucumber.java:93)
	at cucumber.api.junit.Cucumber.runChild(Cucumber.java:37)
	at org.junit.runners.ParentRunner$3.run(ParentRunner.java:238)
	at org.junit.runners.ParentRunner$1.schedule(ParentRunner.java:63)
	at org.junit.runners.ParentRunner.runChildren(ParentRunner.java:236)
	at org.junit.runners.ParentRunner.access$000(ParentRunner.java:53)
	at org.junit.runners.ParentRunner$2.evaluate(ParentRunner.java:229)
	at org.junit.internal.runners.statements.RunBefores.evaluate(RunBefores.java:26)
	at org.junit.internal.runners.statements.RunAfters.evaluate(RunAfters.java:27)
	at org.junit.runners.ParentRunner.run(ParentRunner.java:309)
	at cucumber.api.junit.Cucumber.run(Cucumber.java:98)
	at org.apache.maven.surefire.junit4.JUnit4TestSet.execute(JUnit4TestSet.java:62)
	at org.apache.maven.surefire.suite.AbstractDirectoryTestSuite.executeTestSet(AbstractDirectoryTestSuite.java:140)
	at org.apache.maven.surefire.suite.AbstractDirectoryTestSuite.execute(AbstractDirectoryTestSuite.java:127)
	at org.apache.maven.surefire.Surefire.run(Surefire.java:177)
	at sun.reflect.NativeMethodAccessorImpl.invoke0(Native Method)
	at sun.reflect.NativeMethodAccessorImpl.invoke(NativeMethodAccessorImpl.java:62)
	at sun.reflect.DelegatingMethodAccessorImpl.invoke(DelegatingMethodAccessorImpl.java:43)
	at java.lang.reflect.Method.invoke(Method.java:498)
	at org.apache.maven.surefire.booter.SurefireBooter.runSuitesInProcess(SurefireBooter.java:338)
	at org.apache.maven.surefire.booter.SurefireBooter.main(SurefireBooter.java:997)
</error>
    <system-out>Helper - Scenario Name: LocalSEO_TS02
</system-out>
  </testcase>
  <testcase classname="| lorraine@truelogic.com.ph | Local SEO | Local Basic | Local SEO - Local Basic | Active |" name="Given Im an Account Manager" time="4.068">
    <skipped/>
  </testcase>
  <testcase classname="| lorraine@truelogic.com.ph | Local SEO | Local Basic | Local SEO - Local Basic | Active |" name="When I navigate to &quot;Login&quot;" time="4.069">
    <skipped/>
  </testcase>
  <testcase classname="| lorraine@truelogic.com.ph | Local SEO | Local Basic | Local SEO - Local Basic | Active |" name="And I populate COM01_Username with &quot;lorraine@truelogic.com.ph&quot;" time="4.069">
    <skipped/>
  </testcase>
  <testcase classname="| lorraine@truelogic.com.ph | Local SEO | Local Basic | Local SEO - Local Basic | Active |" name="And I populate COM01_Password with &quot;123456789&quot;" time="4.07">
    <skipped/>
  </testcase>
  <testcase classname="| lorraine@truelogic.com.ph | Local SEO | Local Basic | Local SEO - Local Basic | Active |" name="And I click COM01_LogIn button" time="4.071">
    <skipped/>
  </testcase>
  <testcase classname="| lorraine@truelogic.com.ph | Local SEO | Local Basic | Local SEO - Local Basic | Active |" name="Then Ill see that Ive login successfully" time="4.071">
    <skipped/>
  </testcase>
  <testcase classname="| lorraine@truelogic.com.ph | Local SEO | Local Basic | Local SEO - Local Basic | Active |" name="When I hover to COM14_Tools link" time="4.072">
    <skipped/>
  </testcase>
  <testcase classname="| lorraine@truelogic.com.ph | Local SEO | Local Basic | Local SEO - Local Basic | Active |" name="And I click COM14_StoreManagement link" time="4.072">
    <skipped/>
  </testcase>
  <testcase classname="| lorraine@truelogic.com.ph | Local SEO | Local Basic | Local SEO - Local Basic | Active |" name="Then Ill see the COM16_CategoryBrowser header" time="4.073">
    <skipped/>
  </testcase>
  <testcase classname="| lorraine@truelogic.com.ph | Local SEO | Local Basic | Local SEO - Local Basic | Active |" name="When I search lorraine@truelogic.com.ph in the COM14_GlobalSearch textfield" time="4.073">
    <skipped/>
  </testcase>
  <testcase classname="| lorraine@truelogic.com.ph | Local SEO | Local Basic | Local SEO - Local Basic | Active |" name="And I select lorraine@truelogic.com.ph in the Clients section" time="4.074">
    <skipped/>
  </testcase>
  <testcase classname="| lorraine@truelogic.com.ph | Local SEO | Local Basic | Local SEO - Local Basic | Active |" name="Then Ill see the Client Overview" time="4.075">
    <skipped/>
  </testcase>
  <testcase classname="| lorraine@truelogic.com.ph | Local SEO | Local Basic | Local SEO - Local Basic | Active |" name="When I click COM02_Campaigns tab" time="4.075">
    <skipped/>
  </testcase>
  <testcase classname="| lorraine@truelogic.com.ph | Local SEO | Local Basic | Local SEO - Local Basic | Active |" name="Then Ill see the Campaign Page" time="4.076">
    <skipped/>
  </testcase>
  <testcase classname="| lorraine@truelogic.com.ph | Local SEO | Local Basic | Local SEO - Local Basic | Active |" name="When I click COM03_CreateCampaign button" time="4.076">
    <skipped/>
  </testcase>
  <testcase classname="| lorraine@truelogic.com.ph | Local SEO | Local Basic | Local SEO - Local Basic | Active |" name="And I populate COM04_CampaignName with &quot;Little Miss BBQ&quot;" time="4.077">
    <skipped/>
  </testcase>
  <testcase classname="| lorraine@truelogic.com.ph | Local SEO | Local Basic | Local SEO - Local Basic | Active |" name="And I populate COM04_BrandName with &quot;www.littlemissbbq.com&quot;" time="4.078">
    <skipped/>
  </testcase>
  <testcase classname="| lorraine@truelogic.com.ph | Local SEO | Local Basic | Local SEO - Local Basic | Active |" name="And I populate COM04_CampaignURL with &quot;https://www.littlemissbbq.com/&quot;" time="4.078">
    <skipped/>
  </testcase>
  <testcase classname="| lorraine@truelogic.com.ph | Local SEO | Local Basic | Local SEO - Local Basic | Active |" name="And I select &quot;Travel&quot; over COM04_Category dropdown" time="4.079">
    <skipped/>
  </testcase>
  <testcase classname="| lorraine@truelogic.com.ph | Local SEO | Local Basic | Local SEO - Local Basic | Active |" name="And I populate COM04_Description textfield with &quot;Test BBQ Automation Description&quot;" time="4.08">
    <skipped/>
  </testcase>
  <testcase classname="| lorraine@truelogic.com.ph | Local SEO | Local Basic | Local SEO - Local Basic | Active |" name="And I populate COM04_ProductandServiceOverview textfield with &quot;Test Automation ProductandServiceOverview&quot;" time="4.08">
    <skipped/>
  </testcase>
  <testcase classname="| lorraine@truelogic.com.ph | Local SEO | Local Basic | Local SEO - Local Basic | Active |" name="And I click COM04_Submit button" time="4.081">
    <skipped/>
  </testcase>
  <testcase classname="| lorraine@truelogic.com.ph | Local SEO | Local Basic | Local SEO - Local Basic | Active |" name="Then Ill see campaign successfully created" time="4.082">
    <skipped/>
  </testcase>
  <testcase classname="| lorraine@truelogic.com.ph | Local SEO | Local Basic | Local SEO - Local Basic | Active |" name="When I click COM06_Products button" time="4.082">
    <skipped/>
  </testcase>
  <testcase classname="| lorraine@truelogic.com.ph | Local SEO | Local Basic | Local SEO - Local Basic | Active |" name="Then Ill see the Products Page" time="4.083">
    <skipped/>
  </testcase>
  <testcase classname="| lorraine@truelogic.com.ph | Local SEO | Local Basic | Local SEO - Local Basic | Active |" name="When I click COM07_OrderAProduct button" time="4.083">
    <skipped/>
  </testcase>
  <testcase classname="| lorraine@truelogic.com.ph | Local SEO | Local Basic | Local SEO - Local Basic | Active |" name="And I select Local SEO over COM07_SelectACategory list" time="4.084">
    <skipped/>
  </testcase>
  <testcase classname="| lorraine@truelogic.com.ph | Local SEO | Local Basic | Local SEO - Local Basic | Active |" name="And I click Local Basic name" time="4.084">
    <skipped/>
  </testcase>
  <testcase classname="| lorraine@truelogic.com.ph | Local SEO | Local Basic | Local SEO - Local Basic | Active |" name="And I click COM07_AddthisProduct button" time="4.085">
    <skipped/>
  </testcase>
  <testcase classname="| lorraine@truelogic.com.ph | Local SEO | Local Basic | Local SEO - Local Basic | Active |" name="Then Ill see Local Basic successfully added" time="4.086">
    <skipped/>
  </testcase>
  <testcase classname="| lorraine@truelogic.com.ph | Local SEO | Local Basic | Local SEO - Local Basic | Active |" name="When I hover to COM14_ProjectManagement link" time="4.086">
    <skipped/>
  </testcase>
  <testcase classname="| lorraine@truelogic.com.ph | Local SEO | Local Basic | Local SEO - Local Basic | Active |" name="And I click COM14_Projects link" time="4.087">
    <skipped/>
  </testcase>
  <testcase classname="| lorraine@truelogic.com.ph | Local SEO | Local Basic | Local SEO - Local Basic | Active |" name="Then Ill see the Subprojects Page" time="4.087">
    <skipped/>
  </testcase>
  <testcase classname="| lorraine@truelogic.com.ph | Local SEO | Local Basic | Local SEO - Local Basic | Active |" name="When I click COM08_AddAProject button" time="4.088">
    <skipped/>
  </testcase>
  <testcase classname="| lorraine@truelogic.com.ph | Local SEO | Local Basic | Local SEO - Local Basic | Active |" name="And I populate COM08_NameTheProject textfield with value Local Basic" time="4.088">
    <skipped/>
  </testcase>
  <testcase classname="| lorraine@truelogic.com.ph | Local SEO | Local Basic | Local SEO - Local Basic | Active |" name="And I select Local SEO with Local Basic over COM08_SelectAProduct dropdown" time="4.089">
    <skipped/>
  </testcase>
  <testcase classname="| lorraine@truelogic.com.ph | Local SEO | Local Basic | Local SEO - Local Basic | Active |" name="And I select today as Start Date" time="4.09">
    <skipped/>
  </testcase>
  <testcase classname="| lorraine@truelogic.com.ph | Local SEO | Local Basic | Local SEO - Local Basic | Active |" name="And I select &quot;5&quot; days after today as an Estimated End Date" time="4.09">
    <skipped/>
  </testcase>
  <testcase classname="| lorraine@truelogic.com.ph | Local SEO | Local Basic | Local SEO - Local Basic | Active |" name="And I click COM08_SaveProject button" time="4.091">
    <skipped/>
  </testcase>
  <testcase classname="| lorraine@truelogic.com.ph | Local SEO | Local Basic | Local SEO - Local Basic | Active |" name="And I click COM14_OverviewTab" time="4.091">
    <skipped/>
  </testcase>
  <testcase classname="| lorraine@truelogic.com.ph | Local SEO | Local Basic | Local SEO - Local Basic | Active |" name="And I click the COM06_ProductsGear icon under the Products Section" time="4.092">
    <skipped/>
  </testcase>
  <testcase classname="| lorraine@truelogic.com.ph | Local SEO | Local Basic | Local SEO - Local Basic | Active |" name="And I select Active in the COM06_ProductsDropwdown under the Products Section" time="4.092">
    <skipped/>
  </testcase>
  <testcase classname="| lorraine@truelogic.com.ph | Local SEO | Local Basic | Local SEO - Local Basic | Active |" name="And I click the COM06_SaveIcon under the Products Section" time="4.092">
    <skipped/>
  </testcase>
  <testcase classname="| lorraine@truelogic.com.ph | Local SEO | Local Basic | Local SEO - Local Basic | Active |" name="And I click the COM06_Proceed button in the modal" time="4.093">
    <skipped/>
  </testcase>
  <testcase classname="| lorraine@truelogic.com.ph | Local SEO | Local Basic | Local SEO - Local Basic | Active |" name="And I click the COM06_Close button in the modal" time="4.093">
    <skipped/>
  </testcase>
  <testcase classname="| lorraine@truelogic.com.ph | Local SEO | Local Basic | Local SEO - Local Basic | Active |" name="Then Ill see that the COM06_Product Status is Active" time="4.093">
    <skipped/>
  </testcase>
  <testcase classname="| lorraine@truelogic.com.ph | Local SEO | Local Basic | Local SEO - Local Basic | Active |" name="| lorraine@truelogic.com.ph | Local SEO | Local Basic | Local SEO - Local Basic | Active |" time="8.104">
    <error message="chrome not reachable
  (Session info: chrome=53.0.2785.116)
  (Driver info: chromedriver=2.25.426923 (0390b88869384d6eb0d5d09729679f934aab9eed),platform=Windows NT 10.0.17134 x86_64) (WARNING: The server did not provide any stacktrace information)
Command duration or timeout: 4.01 seconds
Build info: version: &apos;2.53.0&apos;, revision: &apos;35ae25b1534ae328c771e0856c93e187490ca824&apos;, time: &apos;2016-03-15 10:43:46&apos;
System info: host: &apos;ReuelSicatII-LAPTOP&apos;, ip: &apos;192.168.40.144&apos;, os.name: &apos;Windows 10&apos;, os.arch: &apos;amd64&apos;, os.version: &apos;10.0&apos;, java.version: &apos;1.8.0_181&apos;
Driver info: org.openqa.selenium.chrome.ChromeDriver
Capabilities [{applicationCacheEnabled=false, rotatable=false, mobileEmulationEnabled=false, networkConnectionEnabled=false, chrome={chromedriverVersion=2.25.426923 (0390b88869384d6eb0d5d09729679f934aab9eed), userDataDir=C:\Users\REUELS~1\AppData\Local\Temp\scoped_dir93948_25971}, takesHeapSnapshot=true, pageLoadStrategy=normal, databaseEnabled=false, handlesAlerts=true, hasTouchScreen=false, version=53.0.2785.116, platform=XP, browserConnectionEnabled=false, nativeEvents=true, acceptSslCerts=true, locationContextEnabled=true, webStorageEnabled=true, browserName=chrome, takesScreenshot=true, javascriptEnabled=true, cssSelectorsEnabled=true}]
Session ID: 92d136295998e0382b0f0cc7099b83b6" type="org.openqa.selenium.WebDriverException">org.openqa.selenium.WebDriverException: chrome not reachable
  (Session info: chrome=53.0.2785.116)
  (Driver info: chromedriver=2.25.426923 (0390b88869384d6eb0d5d09729679f934aab9eed),platform=Windows NT 10.0.17134 x86_64) (WARNING: The server did not provide any stacktrace information)
Command duration or timeout: 4.01 seconds
Build info: version: &apos;2.53.0&apos;, revision: &apos;35ae25b1534ae328c771e0856c93e187490ca824&apos;, time: &apos;2016-03-15 10:43:46&apos;
System info: host: &apos;ReuelSicatII-LAPTOP&apos;, ip: &apos;192.168.40.144&apos;, os.name: &apos;Windows 10&apos;, os.arch: &apos;amd64&apos;, os.version: &apos;10.0&apos;, java.version: &apos;1.8.0_181&apos;
Driver info: org.openqa.selenium.chrome.ChromeDriver
Capabilities [{applicationCacheEnabled=false, rotatable=false, mobileEmulationEnabled=false, networkConnectionEnabled=false, chrome={chromedriverVersion=2.25.426923 (0390b88869384d6eb0d5d09729679f934aab9eed), userDataDir=C:\Users\REUELS~1\AppData\Local\Temp\scoped_dir93948_25971}, takesHeapSnapshot=true, pageLoadStrategy=normal, databaseEnabled=false, handlesAlerts=true, hasTouchScreen=false, version=53.0.2785.116, platform=XP, browserConnectionEnabled=false, nativeEvents=true, acceptSslCerts=true, locationContextEnabled=true, webStorageEnabled=true, browserName=chrome, takesScreenshot=true, javascriptEnabled=true, cssSelectorsEnabled=true}]
Session ID: 92d136295998e0382b0f0cc7099b83b6
	at sun.reflect.GeneratedConstructorAccessor19.newInstance(Unknown Source)
	at sun.reflect.DelegatingConstructorAccessorImpl.newInstance(DelegatingConstructorAccessorImpl.java:45)
	at java.lang.reflect.Constructor.newInstance(Constructor.java:423)
	at org.openqa.selenium.remote.ErrorHandler.createThrowable(ErrorHandler.java:206)
	at org.openqa.selenium.remote.ErrorHandler.throwIfResponseFailed(ErrorHandler.java:158)
	at org.openqa.selenium.remote.RemoteWebDriver.execute(RemoteWebDriver.java:678)
	at org.openqa.selenium.remote.RemoteWebDriver.execute(RemoteWebDriver.java:701)
	at org.openqa.selenium.remote.RemoteWebDriver.getScreenshotAs(RemoteWebDriver.java:335)
	at cucumber.Framework.TearDown.teardown(TearDown.java:33)
	at sun.reflect.GeneratedMethodAccessor36.invoke(Unknown Source)
	at sun.reflect.DelegatingMethodAccessorImpl.invoke(DelegatingMethodAccessorImpl.java:43)
	at java.lang.reflect.Method.invoke(Method.java:498)
	at cucumber.runtime.Utils$1.call(Utils.java:37)
	at cucumber.runtime.Timeout.timeout(Timeout.java:13)
	at cucumber.runtime.Utils.invoke(Utils.java:31)
	at cucumber.runtime.java.JavaHookDefinition.execute(JavaHookDefinition.java:60)
	at cucumber.runtime.Runtime.runHookIfTagsMatch(Runtime.java:223)
	at cucumber.runtime.Runtime.runHooks(Runtime.java:211)
	at cucumber.runtime.Runtime.runAfterHooks(Runtime.java:205)
	at cucumber.runtime.model.CucumberScenario.run(CucumberScenario.java:46)
	at cucumber.runtime.junit.ExecutionUnitRunner.run(ExecutionUnitRunner.java:91)
	at org.junit.runners.Suite.runChild(Suite.java:127)
	at org.junit.runners.Suite.runChild(Suite.java:26)
	at org.junit.runners.ParentRunner$3.run(ParentRunner.java:238)
	at org.junit.runners.ParentRunner$1.schedule(ParentRunner.java:63)
	at org.junit.runners.ParentRunner.runChildren(ParentRunner.java:236)
	at org.junit.runners.ParentRunner.access$000(ParentRunner.java:53)
	at org.junit.runners.ParentRunner$2.evaluate(ParentRunner.java:229)
	at org.junit.runners.ParentRunner.run(ParentRunner.java:309)
	at cucumber.runtime.junit.ExamplesRunner.run(ExamplesRunner.java:59)
	at org.junit.runners.Suite.runChild(Suite.java:127)
	at org.junit.runners.Suite.runChild(Suite.java:26)
	at org.junit.runners.ParentRunner$3.run(ParentRunner.java:238)
	at org.junit.runners.ParentRunner$1.schedule(ParentRunner.java:63)
	at org.junit.runners.ParentRunner.runChildren(ParentRunner.java:236)
	at org.junit.runners.ParentRunner.access$000(ParentRunner.java:53)
	at org.junit.runners.ParentRunner$2.evaluate(ParentRunner.java:229)
	at org.junit.runners.ParentRunner.run(ParentRunner.java:309)
	at cucumber.runtime.junit.ScenarioOutlineRunner.run(ScenarioOutlineRunner.java:53)
	at cucumber.runtime.junit.FeatureRunner.runChild(FeatureRunner.java:63)
	at cucumber.runtime.junit.FeatureRunner.runChild(FeatureRunner.java:18)
	at org.junit.runners.ParentRunner$3.run(ParentRunner.java:238)
	at org.junit.runners.ParentRunner$1.schedule(ParentRunner.java:63)
	at org.junit.runners.ParentRunner.runChildren(ParentRunner.java:236)
	at org.junit.runners.ParentRunner.access$000(ParentRunner.java:53)
	at org.junit.runners.ParentRunner$2.evaluate(ParentRunner.java:229)
	at org.junit.runners.ParentRunner.run(ParentRunner.java:309)
	at cucumber.runtime.junit.FeatureRunner.run(FeatureRunner.java:70)
	at cucumber.api.junit.Cucumber.runChild(Cucumber.java:93)
	at cucumber.api.junit.Cucumber.runChild(Cucumber.java:37)
	at org.junit.runners.ParentRunner$3.run(ParentRunner.java:238)
	at org.junit.runners.ParentRunner$1.schedule(ParentRunner.java:63)
	at org.junit.runners.ParentRunner.runChildren(ParentRunner.java:236)
	at org.junit.runners.ParentRunner.access$000(ParentRunner.java:53)
	at org.junit.runners.ParentRunner$2.evaluate(ParentRunner.java:229)
	at org.junit.internal.runners.statements.RunBefores.evaluate(RunBefores.java:26)
	at org.junit.internal.runners.statements.RunAfters.evaluate(RunAfters.java:27)
	at org.junit.runners.ParentRunner.run(ParentRunner.java:309)
	at cucumber.api.junit.Cucumber.run(Cucumber.java:98)
	at org.apache.maven.surefire.junit4.JUnit4TestSet.execute(JUnit4TestSet.java:62)
	at org.apache.maven.surefire.suite.AbstractDirectoryTestSuite.executeTestSet(AbstractDirectoryTestSuite.java:140)
	at org.apache.maven.surefire.suite.AbstractDirectoryTestSuite.execute(AbstractDirectoryTestSuite.java:127)
	at org.apache.maven.surefire.Surefire.run(Surefire.java:177)
	at sun.reflect.NativeMethodAccessorImpl.invoke0(Native Method)
	at sun.reflect.NativeMethodAccessorImpl.invoke(NativeMethodAccessorImpl.java:62)
	at sun.reflect.DelegatingMethodAccessorImpl.invoke(DelegatingMethodAccessorImpl.java:43)
	at java.lang.reflect.Method.invoke(Method.java:498)
	at org.apache.maven.surefire.booter.SurefireBooter.runSuitesInProcess(SurefireBooter.java:338)
	at org.apache.maven.surefire.booter.SurefireBooter.main(SurefireBooter.java:997)
</error>
    <system-out>Helper - Scenario Name: LocalSEO_TS02
</system-out>
  </testcase>
  <testcase classname="| lorraine@truelogic.com.ph | Local SEO | Local Basic | Local SEO - Local Basic | Active | Update Campaign Roadmap |" name="| lorraine@truelogic.com.ph | Local SEO | Local Basic | Local SEO - Local Basic | Active | Update Campaign Roadmap |" time="4.049">
    <error message="chrome not reachable
  (Session info: chrome=53.0.2785.116)
  (Driver info: chromedriver=2.25.426923 (0390b88869384d6eb0d5d09729679f934aab9eed),platform=Windows NT 10.0.17134 x86_64) (WARNING: The server did not provide any stacktrace information)
Command duration or timeout: 4.02 seconds
Build info: version: &apos;2.53.0&apos;, revision: &apos;35ae25b1534ae328c771e0856c93e187490ca824&apos;, time: &apos;2016-03-15 10:43:46&apos;
System info: host: &apos;ReuelSicatII-LAPTOP&apos;, ip: &apos;192.168.40.144&apos;, os.name: &apos;Windows 10&apos;, os.arch: &apos;amd64&apos;, os.version: &apos;10.0&apos;, java.version: &apos;1.8.0_181&apos;
Driver info: org.openqa.selenium.chrome.ChromeDriver
Capabilities [{applicationCacheEnabled=false, rotatable=false, mobileEmulationEnabled=false, networkConnectionEnabled=false, chrome={chromedriverVersion=2.25.426923 (0390b88869384d6eb0d5d09729679f934aab9eed), userDataDir=C:\Users\REUELS~1\AppData\Local\Temp\scoped_dir93948_25971}, takesHeapSnapshot=true, pageLoadStrategy=normal, databaseEnabled=false, handlesAlerts=true, hasTouchScreen=false, version=53.0.2785.116, platform=XP, browserConnectionEnabled=false, nativeEvents=true, acceptSslCerts=true, locationContextEnabled=true, webStorageEnabled=true, browserName=chrome, takesScreenshot=true, javascriptEnabled=true, cssSelectorsEnabled=true}]
Session ID: 92d136295998e0382b0f0cc7099b83b6" type="org.openqa.selenium.WebDriverException">org.openqa.selenium.WebDriverException: chrome not reachable
  (Session info: chrome=53.0.2785.116)
  (Driver info: chromedriver=2.25.426923 (0390b88869384d6eb0d5d09729679f934aab9eed),platform=Windows NT 10.0.17134 x86_64) (WARNING: The server did not provide any stacktrace information)
Command duration or timeout: 4.02 seconds
Build info: version: &apos;2.53.0&apos;, revision: &apos;35ae25b1534ae328c771e0856c93e187490ca824&apos;, time: &apos;2016-03-15 10:43:46&apos;
System info: host: &apos;ReuelSicatII-LAPTOP&apos;, ip: &apos;192.168.40.144&apos;, os.name: &apos;Windows 10&apos;, os.arch: &apos;amd64&apos;, os.version: &apos;10.0&apos;, java.version: &apos;1.8.0_181&apos;
Driver info: org.openqa.selenium.chrome.ChromeDriver
Capabilities [{applicationCacheEnabled=false, rotatable=false, mobileEmulationEnabled=false, networkConnectionEnabled=false, chrome={chromedriverVersion=2.25.426923 (0390b88869384d6eb0d5d09729679f934aab9eed), userDataDir=C:\Users\REUELS~1\AppData\Local\Temp\scoped_dir93948_25971}, takesHeapSnapshot=true, pageLoadStrategy=normal, databaseEnabled=false, handlesAlerts=true, hasTouchScreen=false, version=53.0.2785.116, platform=XP, browserConnectionEnabled=false, nativeEvents=true, acceptSslCerts=true, locationContextEnabled=true, webStorageEnabled=true, browserName=chrome, takesScreenshot=true, javascriptEnabled=true, cssSelectorsEnabled=true}]
Session ID: 92d136295998e0382b0f0cc7099b83b6
	at sun.reflect.GeneratedConstructorAccessor19.newInstance(Unknown Source)
	at sun.reflect.DelegatingConstructorAccessorImpl.newInstance(DelegatingConstructorAccessorImpl.java:45)
	at java.lang.reflect.Constructor.newInstance(Constructor.java:423)
	at org.openqa.selenium.remote.ErrorHandler.createThrowable(ErrorHandler.java:206)
	at org.openqa.selenium.remote.ErrorHandler.throwIfResponseFailed(ErrorHandler.java:158)
	at org.openqa.selenium.remote.RemoteWebDriver.execute(RemoteWebDriver.java:678)
	at org.openqa.selenium.remote.RemoteWebDriver.execute(RemoteWebDriver.java:701)
	at org.openqa.selenium.remote.RemoteWebDriver$RemoteWebDriverOptions.deleteAllCookies(RemoteWebDriver.java:773)
	at cucumber.Framework.WEBHelper.GetDriverObject(WEBHelper.java:217)
	at cucumber.Framework.SetUp.setup(SetUp.java:50)
	at sun.reflect.GeneratedMethodAccessor33.invoke(Unknown Source)
	at sun.reflect.DelegatingMethodAccessorImpl.invoke(DelegatingMethodAccessorImpl.java:43)
	at java.lang.reflect.Method.invoke(Method.java:498)
	at cucumber.runtime.Utils$1.call(Utils.java:37)
	at cucumber.runtime.Timeout.timeout(Timeout.java:13)
	at cucumber.runtime.Utils.invoke(Utils.java:31)
	at cucumber.runtime.java.JavaHookDefinition.execute(JavaHookDefinition.java:60)
	at cucumber.runtime.Runtime.runHookIfTagsMatch(Runtime.java:223)
	at cucumber.runtime.Runtime.runHooks(Runtime.java:211)
	at cucumber.runtime.Runtime.runBeforeHooks(Runtime.java:201)
	at cucumber.runtime.model.CucumberScenario.run(CucumberScenario.java:40)
	at cucumber.runtime.junit.ExecutionUnitRunner.run(ExecutionUnitRunner.java:91)
	at org.junit.runners.Suite.runChild(Suite.java:127)
	at org.junit.runners.Suite.runChild(Suite.java:26)
	at org.junit.runners.ParentRunner$3.run(ParentRunner.java:238)
	at org.junit.runners.ParentRunner$1.schedule(ParentRunner.java:63)
	at org.junit.runners.ParentRunner.runChildren(ParentRunner.java:236)
	at org.junit.runners.ParentRunner.access$000(ParentRunner.java:53)
	at org.junit.runners.ParentRunner$2.evaluate(ParentRunner.java:229)
	at org.junit.runners.ParentRunner.run(ParentRunner.java:309)
	at cucumber.runtime.junit.ExamplesRunner.run(ExamplesRunner.java:59)
	at org.junit.runners.Suite.runChild(Suite.java:127)
	at org.junit.runners.Suite.runChild(Suite.java:26)
	at org.junit.runners.ParentRunner$3.run(ParentRunner.java:238)
	at org.junit.runners.ParentRunner$1.schedule(ParentRunner.java:63)
	at org.junit.runners.ParentRunner.runChildren(ParentRunner.java:236)
	at org.junit.runners.ParentRunner.access$000(ParentRunner.java:53)
	at org.junit.runners.ParentRunner$2.evaluate(ParentRunner.java:229)
	at org.junit.runners.ParentRunner.run(ParentRunner.java:309)
	at cucumber.runtime.junit.ScenarioOutlineRunner.run(ScenarioOutlineRunner.java:53)
	at cucumber.runtime.junit.FeatureRunner.runChild(FeatureRunner.java:63)
	at cucumber.runtime.junit.FeatureRunner.runChild(FeatureRunner.java:18)
	at org.junit.runners.ParentRunner$3.run(ParentRunner.java:238)
	at org.junit.runners.ParentRunner$1.schedule(ParentRunner.java:63)
	at org.junit.runners.ParentRunner.runChildren(ParentRunner.java:236)
	at org.junit.runners.ParentRunner.access$000(ParentRunner.java:53)
	at org.junit.runners.ParentRunner$2.evaluate(ParentRunner.java:229)
	at org.junit.runners.ParentRunner.run(ParentRunner.java:309)
	at cucumber.runtime.junit.FeatureRunner.run(FeatureRunner.java:70)
	at cucumber.api.junit.Cucumber.runChild(Cucumber.java:93)
	at cucumber.api.junit.Cucumber.runChild(Cucumber.java:37)
	at org.junit.runners.ParentRunner$3.run(ParentRunner.java:238)
	at org.junit.runners.ParentRunner$1.schedule(ParentRunner.java:63)
	at org.junit.runners.ParentRunner.runChildren(ParentRunner.java:236)
	at org.junit.runners.ParentRunner.access$000(ParentRunner.java:53)
	at org.junit.runners.ParentRunner$2.evaluate(ParentRunner.java:229)
	at org.junit.internal.runners.statements.RunBefores.evaluate(RunBefores.java:26)
	at org.junit.internal.runners.statements.RunAfters.evaluate(RunAfters.java:27)
	at org.junit.runners.ParentRunner.run(ParentRunner.java:309)
	at cucumber.api.junit.Cucumber.run(Cucumber.java:98)
	at org.apache.maven.surefire.junit4.JUnit4TestSet.execute(JUnit4TestSet.java:62)
	at org.apache.maven.surefire.suite.AbstractDirectoryTestSuite.executeTestSet(AbstractDirectoryTestSuite.java:140)
	at org.apache.maven.surefire.suite.AbstractDirectoryTestSuite.execute(AbstractDirectoryTestSuite.java:127)
	at org.apache.maven.surefire.Surefire.run(Surefire.java:177)
	at sun.reflect.NativeMethodAccessorImpl.invoke0(Native Method)
	at sun.reflect.NativeMethodAccessorImpl.invoke(NativeMethodAccessorImpl.java:62)
	at sun.reflect.DelegatingMethodAccessorImpl.invoke(DelegatingMethodAccessorImpl.java:43)
	at java.lang.reflect.Method.invoke(Method.java:498)
	at org.apache.maven.surefire.booter.SurefireBooter.runSuitesInProcess(SurefireBooter.java:338)
	at org.apache.maven.surefire.booter.SurefireBooter.main(SurefireBooter.java:997)
</error>
    <system-out>Helper - Scenario Name: LocalSEO_TS03
</system-out>
  </testcase>
  <testcase classname="| lorraine@truelogic.com.ph | Local SEO | Local Basic | Local SEO - Local Basic | Active | Update Campaign Roadmap |" name="Given Im a Workforce Specialist" time="4.058">
    <skipped/>
  </testcase>
  <testcase classname="| lorraine@truelogic.com.ph | Local SEO | Local Basic | Local SEO - Local Basic | Active | Update Campaign Roadmap |" name="When I navigate to &quot;Login&quot;" time="4.059">
    <skipped/>
  </testcase>
  <testcase classname="| lorraine@truelogic.com.ph | Local SEO | Local Basic | Local SEO - Local Basic | Active | Update Campaign Roadmap |" name="And I populate COM01_Username with &quot;lorraine@truelogic.com.ph&quot;" time="4.059">
    <skipped/>
  </testcase>
  <testcase classname="| lorraine@truelogic.com.ph | Local SEO | Local Basic | Local SEO - Local Basic | Active | Update Campaign Roadmap |" name="And I populate COM01_Password with &quot;123456789&quot;" time="4.06">
    <skipped/>
  </testcase>
  <testcase classname="| lorraine@truelogic.com.ph | Local SEO | Local Basic | Local SEO - Local Basic | Active | Update Campaign Roadmap |" name="And I click COM01_LogIn button" time="4.061">
    <skipped/>
  </testcase>
  <testcase classname="| lorraine@truelogic.com.ph | Local SEO | Local Basic | Local SEO - Local Basic | Active | Update Campaign Roadmap |" name="Then Ill see that Ive login successfully" time="4.061">
    <skipped/>
  </testcase>
  <testcase classname="| lorraine@truelogic.com.ph | Local SEO | Local Basic | Local SEO - Local Basic | Active | Update Campaign Roadmap |" name="When I hover to COM14_TasksMenu link" time="4.062">
    <skipped/>
  </testcase>
  <testcase classname="| lorraine@truelogic.com.ph | Local SEO | Local Basic | Local SEO - Local Basic | Active | Update Campaign Roadmap |" name="And I click COM14_DeployMenu link" time="4.062">
    <skipped/>
  </testcase>
  <testcase classname="| lorraine@truelogic.com.ph | Local SEO | Local Basic | Local SEO - Local Basic | Active | Update Campaign Roadmap |" name="Then I will see the COM09_TaskDeployments Header" time="4.063">
    <skipped/>
  </testcase>
  <testcase classname="| lorraine@truelogic.com.ph | Local SEO | Local Basic | Local SEO - Local Basic | Active | Update Campaign Roadmap |" name="When I search the &quot;Little Miss BBQ&quot; in the COM09_CampaignSearch textfield" time="4.063">
    <skipped/>
  </testcase>
  <testcase classname="| lorraine@truelogic.com.ph | Local SEO | Local Basic | Local SEO - Local Basic | Active | Update Campaign Roadmap |" name="And I search the &quot;-&quot; in the COM09_LastDeployment textfield" time="4.064">
    <skipped/>
  </testcase>
  <testcase classname="| lorraine@truelogic.com.ph | Local SEO | Local Basic | Local SEO - Local Basic | Active | Update Campaign Roadmap |" name="And I click the COM09_Deploy button of latest campaign without Deploy Info" time="4.064">
    <skipped/>
  </testcase>
  <testcase classname="| lorraine@truelogic.com.ph | Local SEO | Local Basic | Local SEO - Local Basic | Active | Update Campaign Roadmap |" name="Then Ill see the COM10_DeploymentInformation Section" time="4.065">
    <skipped/>
  </testcase>
  <testcase classname="| lorraine@truelogic.com.ph | Local SEO | Local Basic | Local SEO - Local Basic | Active | Update Campaign Roadmap |" name="When I populate COM10_MonthNo with &quot;1&quot;" time="4.066">
    <skipped/>
  </testcase>
  <testcase classname="| lorraine@truelogic.com.ph | Local SEO | Local Basic | Local SEO - Local Basic | Active | Update Campaign Roadmap |" name="And Ill see that a date is visible in the Cycle Month Calendar" time="4.067">
    <skipped/>
  </testcase>
  <testcase classname="| lorraine@truelogic.com.ph | Local SEO | Local Basic | Local SEO - Local Basic | Active | Update Campaign Roadmap |" name="And I see that a launch date is already seleted by default" time="4.067">
    <skipped/>
  </testcase>
  <testcase classname="| lorraine@truelogic.com.ph | Local SEO | Local Basic | Local SEO - Local Basic | Active | Update Campaign Roadmap |" name="And I click COM10_Deploy button" time="4.068">
    <skipped/>
  </testcase>
  <testcase classname="| lorraine@truelogic.com.ph | Local SEO | Local Basic | Local SEO - Local Basic | Active | Update Campaign Roadmap |" name="And I click COM10_Yes button" time="4.069">
    <skipped/>
  </testcase>
  <testcase classname="| lorraine@truelogic.com.ph | Local SEO | Local Basic | Local SEO - Local Basic | Active | Update Campaign Roadmap |" name="Then Ill see the &apos;tasks were deployed successfully&apos; modal" time="4.069">
    <skipped/>
  </testcase>
  <testcase classname="| lorraine@truelogic.com.ph | Local SEO | Local Basic | Local SEO - Local Basic | Active | Update Campaign Roadmap |" name="When I click COM10_ModalOk button" time="4.069">
    <skipped/>
  </testcase>
  <testcase classname="| lorraine@truelogic.com.ph | Local SEO | Local Basic | Local SEO - Local Basic | Active | Update Campaign Roadmap |" name="Then Ill see the COM08_Update Campaign Roadmap in the subprojects page" time="4.07">
    <skipped/>
  </testcase>
  <testcase classname="| lorraine@truelogic.com.ph | Local SEO | Local Basic | Local SEO - Local Basic | Active | Update Campaign Roadmap |" name="| lorraine@truelogic.com.ph | Local SEO | Local Basic | Local SEO - Local Basic | Active | Update Campaign Roadmap |" time="8.083">
    <error message="chrome not reachable
  (Session info: chrome=53.0.2785.116)
  (Driver info: chromedriver=2.25.426923 (0390b88869384d6eb0d5d09729679f934aab9eed),platform=Windows NT 10.0.17134 x86_64) (WARNING: The server did not provide any stacktrace information)
Command duration or timeout: 4.01 seconds
Build info: version: &apos;2.53.0&apos;, revision: &apos;35ae25b1534ae328c771e0856c93e187490ca824&apos;, time: &apos;2016-03-15 10:43:46&apos;
System info: host: &apos;ReuelSicatII-LAPTOP&apos;, ip: &apos;192.168.40.144&apos;, os.name: &apos;Windows 10&apos;, os.arch: &apos;amd64&apos;, os.version: &apos;10.0&apos;, java.version: &apos;1.8.0_181&apos;
Driver info: org.openqa.selenium.chrome.ChromeDriver
Capabilities [{applicationCacheEnabled=false, rotatable=false, mobileEmulationEnabled=false, networkConnectionEnabled=false, chrome={chromedriverVersion=2.25.426923 (0390b88869384d6eb0d5d09729679f934aab9eed), userDataDir=C:\Users\REUELS~1\AppData\Local\Temp\scoped_dir93948_25971}, takesHeapSnapshot=true, pageLoadStrategy=normal, databaseEnabled=false, handlesAlerts=true, hasTouchScreen=false, version=53.0.2785.116, platform=XP, browserConnectionEnabled=false, nativeEvents=true, acceptSslCerts=true, locationContextEnabled=true, webStorageEnabled=true, browserName=chrome, takesScreenshot=true, javascriptEnabled=true, cssSelectorsEnabled=true}]
Session ID: 92d136295998e0382b0f0cc7099b83b6" type="org.openqa.selenium.WebDriverException">org.openqa.selenium.WebDriverException: chrome not reachable
  (Session info: chrome=53.0.2785.116)
  (Driver info: chromedriver=2.25.426923 (0390b88869384d6eb0d5d09729679f934aab9eed),platform=Windows NT 10.0.17134 x86_64) (WARNING: The server did not provide any stacktrace information)
Command duration or timeout: 4.01 seconds
Build info: version: &apos;2.53.0&apos;, revision: &apos;35ae25b1534ae328c771e0856c93e187490ca824&apos;, time: &apos;2016-03-15 10:43:46&apos;
System info: host: &apos;ReuelSicatII-LAPTOP&apos;, ip: &apos;192.168.40.144&apos;, os.name: &apos;Windows 10&apos;, os.arch: &apos;amd64&apos;, os.version: &apos;10.0&apos;, java.version: &apos;1.8.0_181&apos;
Driver info: org.openqa.selenium.chrome.ChromeDriver
Capabilities [{applicationCacheEnabled=false, rotatable=false, mobileEmulationEnabled=false, networkConnectionEnabled=false, chrome={chromedriverVersion=2.25.426923 (0390b88869384d6eb0d5d09729679f934aab9eed), userDataDir=C:\Users\REUELS~1\AppData\Local\Temp\scoped_dir93948_25971}, takesHeapSnapshot=true, pageLoadStrategy=normal, databaseEnabled=false, handlesAlerts=true, hasTouchScreen=false, version=53.0.2785.116, platform=XP, browserConnectionEnabled=false, nativeEvents=true, acceptSslCerts=true, locationContextEnabled=true, webStorageEnabled=true, browserName=chrome, takesScreenshot=true, javascriptEnabled=true, cssSelectorsEnabled=true}]
Session ID: 92d136295998e0382b0f0cc7099b83b6
	at sun.reflect.GeneratedConstructorAccessor19.newInstance(Unknown Source)
	at sun.reflect.DelegatingConstructorAccessorImpl.newInstance(DelegatingConstructorAccessorImpl.java:45)
	at java.lang.reflect.Constructor.newInstance(Constructor.java:423)
	at org.openqa.selenium.remote.ErrorHandler.createThrowable(ErrorHandler.java:206)
	at org.openqa.selenium.remote.ErrorHandler.throwIfResponseFailed(ErrorHandler.java:158)
	at org.openqa.selenium.remote.RemoteWebDriver.execute(RemoteWebDriver.java:678)
	at org.openqa.selenium.remote.RemoteWebDriver.execute(RemoteWebDriver.java:701)
	at org.openqa.selenium.remote.RemoteWebDriver.getScreenshotAs(RemoteWebDriver.java:335)
	at cucumber.Framework.TearDown.teardown(TearDown.java:33)
	at sun.reflect.GeneratedMethodAccessor36.invoke(Unknown Source)
	at sun.reflect.DelegatingMethodAccessorImpl.invoke(DelegatingMethodAccessorImpl.java:43)
	at java.lang.reflect.Method.invoke(Method.java:498)
	at cucumber.runtime.Utils$1.call(Utils.java:37)
	at cucumber.runtime.Timeout.timeout(Timeout.java:13)
	at cucumber.runtime.Utils.invoke(Utils.java:31)
	at cucumber.runtime.java.JavaHookDefinition.execute(JavaHookDefinition.java:60)
	at cucumber.runtime.Runtime.runHookIfTagsMatch(Runtime.java:223)
	at cucumber.runtime.Runtime.runHooks(Runtime.java:211)
	at cucumber.runtime.Runtime.runAfterHooks(Runtime.java:205)
	at cucumber.runtime.model.CucumberScenario.run(CucumberScenario.java:46)
	at cucumber.runtime.junit.ExecutionUnitRunner.run(ExecutionUnitRunner.java:91)
	at org.junit.runners.Suite.runChild(Suite.java:127)
	at org.junit.runners.Suite.runChild(Suite.java:26)
	at org.junit.runners.ParentRunner$3.run(ParentRunner.java:238)
	at org.junit.runners.ParentRunner$1.schedule(ParentRunner.java:63)
	at org.junit.runners.ParentRunner.runChildren(ParentRunner.java:236)
	at org.junit.runners.ParentRunner.access$000(ParentRunner.java:53)
	at org.junit.runners.ParentRunner$2.evaluate(ParentRunner.java:229)
	at org.junit.runners.ParentRunner.run(ParentRunner.java:309)
	at cucumber.runtime.junit.ExamplesRunner.run(ExamplesRunner.java:59)
	at org.junit.runners.Suite.runChild(Suite.java:127)
	at org.junit.runners.Suite.runChild(Suite.java:26)
	at org.junit.runners.ParentRunner$3.run(ParentRunner.java:238)
	at org.junit.runners.ParentRunner$1.schedule(ParentRunner.java:63)
	at org.junit.runners.ParentRunner.runChildren(ParentRunner.java:236)
	at org.junit.runners.ParentRunner.access$000(ParentRunner.java:53)
	at org.junit.runners.ParentRunner$2.evaluate(ParentRunner.java:229)
	at org.junit.runners.ParentRunner.run(ParentRunner.java:309)
	at cucumber.runtime.junit.ScenarioOutlineRunner.run(ScenarioOutlineRunner.java:53)
	at cucumber.runtime.junit.FeatureRunner.runChild(FeatureRunner.java:63)
	at cucumber.runtime.junit.FeatureRunner.runChild(FeatureRunner.java:18)
	at org.junit.runners.ParentRunner$3.run(ParentRunner.java:238)
	at org.junit.runners.ParentRunner$1.schedule(ParentRunner.java:63)
	at org.junit.runners.ParentRunner.runChildren(ParentRunner.java:236)
	at org.junit.runners.ParentRunner.access$000(ParentRunner.java:53)
	at org.junit.runners.ParentRunner$2.evaluate(ParentRunner.java:229)
	at org.junit.runners.ParentRunner.run(ParentRunner.java:309)
	at cucumber.runtime.junit.FeatureRunner.run(FeatureRunner.java:70)
	at cucumber.api.junit.Cucumber.runChild(Cucumber.java:93)
	at cucumber.api.junit.Cucumber.runChild(Cucumber.java:37)
	at org.junit.runners.ParentRunner$3.run(ParentRunner.java:238)
	at org.junit.runners.ParentRunner$1.schedule(ParentRunner.java:63)
	at org.junit.runners.ParentRunner.runChildren(ParentRunner.java:236)
	at org.junit.runners.ParentRunner.access$000(ParentRunner.java:53)
	at org.junit.runners.ParentRunner$2.evaluate(ParentRunner.java:229)
	at org.junit.internal.runners.statements.RunBefores.evaluate(RunBefores.java:26)
	at org.junit.internal.runners.statements.RunAfters.evaluate(RunAfters.java:27)
	at org.junit.runners.ParentRunner.run(ParentRunner.java:309)
	at cucumber.api.junit.Cucumber.run(Cucumber.java:98)
	at org.apache.maven.surefire.junit4.JUnit4TestSet.execute(JUnit4TestSet.java:62)
	at org.apache.maven.surefire.suite.AbstractDirectoryTestSuite.executeTestSet(AbstractDirectoryTestSuite.java:140)
	at org.apache.maven.surefire.suite.AbstractDirectoryTestSuite.execute(AbstractDirectoryTestSuite.java:127)
	at org.apache.maven.surefire.Surefire.run(Surefire.java:177)
	at sun.reflect.NativeMethodAccessorImpl.invoke0(Native Method)
	at sun.reflect.NativeMethodAccessorImpl.invoke(NativeMethodAccessorImpl.java:62)
	at sun.reflect.DelegatingMethodAccessorImpl.invoke(DelegatingMethodAccessorImpl.java:43)
	at java.lang.reflect.Method.invoke(Method.java:498)
	at org.apache.maven.surefire.booter.SurefireBooter.runSuitesInProcess(SurefireBooter.java:338)
	at org.apache.maven.surefire.booter.SurefireBooter.main(SurefireBooter.java:997)
</error>
    <system-out>Helper - Scenario Name: LocalSEO_TS03
</system-out>
  </testcase>
</testsuite>