<?xml version="1.0" encoding="UTF-8" ?>
<testsuite tests="1" failures="0" name="test.Runner.R9_GSTestReport" time="0.064" errors="1" skipped="0">
  <properties>
    <property name="java.vendor" value="Oracle Corporation"/>
    <property name="env.SYSTEMROOT" value="C:\Windows"/>
    <property name="localRepository" value="C:\Users\Reuel Sicat II\.m2\repository"/>
    <property name="env.USERDOMAIN_ROAMINGPROFILE" value="REUELSICATII-LA"/>
    <property name="sun.java.launcher" value="SUN_STANDARD"/>
    <property name="sun.management.compiler" value="HotSpot 64-Bit Tiered Compilers"/>
    <property name="env.ONEDRIVE" value="C:\Users\Reuel Sicat II\OneDrive"/>
    <property name="env.PROMPT" value="$P$G"/>
    <property name="env.WDIR" value="D:\"/>
    <property name="os.name" value="Windows 10"/>
    <property name="sun.boot.class.path" value="C:\Program Files\Java\jdk1.8.0_181\jre\lib\resources.jar;C:\Program Files\Java\jdk1.8.0_181\jre\lib\rt.jar;C:\Program Files\Java\jdk1.8.0_181\jre\lib\sunrsasign.jar;C:\Program Files\Java\jdk1.8.0_181\jre\lib\jsse.jar;C:\Program Files\Java\jdk1.8.0_181\jre\lib\jce.jar;C:\Program Files\Java\jdk1.8.0_181\jre\lib\charsets.jar;C:\Program Files\Java\jdk1.8.0_181\jre\lib\jfr.jar;C:\Program Files\Java\jdk1.8.0_181\jre\classes"/>
    <property name="env.COMPUTERNAME" value="REUELSICATII-LA"/>
    <property name="env.ALLUSERSPROFILE" value="C:\ProgramData"/>
    <property name="sun.desktop" value="windows"/>
    <property name="java.vm.specification.vendor" value="Oracle Corporation"/>
    <property name="java.runtime.version" value="1.8.0_181-b13"/>
    <property name="env.HOMEPATH" value="\Users\Reuel Sicat II"/>
    <property name="user.name" value="Reuel Sicat II"/>
    <property name="maven.build.version" value="Apache Maven 3.5.4 (1edded0938998edf8bf061f1ceb3cfdeccf443fe; 2018-06-18T02:33:14+08:00)"/>
    <property name="env.DRIVERDATA" value="C:\Windows\System32\Drivers\DriverData"/>
    <property name="env.PATH" value="C:\Program Files (x86)\Common Files\Oracle\Java\javapath;C:\Windows\system32;C:\Windows;C:\Windows\System32\Wbem;C:\Windows\System32\WindowsPowerShell\v1.0\;C:\Program Files (x86)\NVIDIA Corporation\PhysX\Common;C:\Windows\system32;C:\Windows;C:\Windows\System32\Wbem;C:\Windows\System32\WindowsPowerShell\v1.0\;C:\Windows\System32\OpenSSH\;C:\Program Files\Java\jdk1.8.0_181\bin;C:\Program Files\Apache\apache-maven-3.5.4\bin;C:\Program Files\Git\cmd;C:\Program Files (x86)\MySQL\Connector J 8.0;C:\Users\Reuel Sicat II\AppData\Local\Microsoft\WindowsApps;C:\Program Files\Java\jdk1.8.0_181\bin;C:\Program Files\Apache\apache-maven-3.5.4;"/>
    <property name="user.language" value="en"/>
    <property name="env.JVMCONFIG" value="\.mvn\jvm.config"/>
    <property name="env.WINDIR" value="C:\Windows"/>
    <property name="sun.boot.library.path" value="C:\Program Files\Java\jdk1.8.0_181\jre\bin"/>
    <property name="classworlds.conf" value="C:\Program Files\Apache\apache-maven-3.5.4\bin\..\bin\m2.conf"/>
    <property name="java.version" value="1.8.0_181"/>
    <property name="env.PROCESSOR_IDENTIFIER" value="Intel64 Family 6 Model 158 Stepping 9, GenuineIntel"/>
    <property name="user.timezone" value=""/>
    <property name="env.TEMP" value="C:\Users\REUELS~1\AppData\Local\Temp"/>
    <property name="sun.arch.data.model" value="64"/>
    <property name="env.EXEC_DIR" value="D:\04. Test Automation\03 RemoteRepo\tlos_autotest"/>
    <property name="java.endorsed.dirs" value="C:\Program Files\Java\jdk1.8.0_181\jre\lib\endorsed"/>
    <property name="sun.cpu.isalist" value="amd64"/>
    <property name="env.HOMEDRIVE" value="C:"/>
    <property name="sun.jnu.encoding" value="Cp1252"/>
    <property name="file.encoding.pkg" value="sun.io"/>
    <property name="env.SYSTEMDRIVE" value="C:"/>
    <property name="file.separator" value="\"/>
    <property name="java.specification.name" value="Java Platform API Specification"/>
    <property name="maven.conf" value="C:\Program Files\Apache\apache-maven-3.5.4\bin\../conf"/>
    <property name="env.JAVACMD" value="C:\Program Files\Java\jdk1.8.0_181\bin\java.exe"/>
    <property name="java.class.version" value="52.0"/>
    <property name="user.country" value="PH"/>
    <property name="java.home" value="C:\Program Files\Java\jdk1.8.0_181\jre"/>
    <property name="env.APPDATA" value="C:\Users\Reuel Sicat II\AppData\Roaming"/>
    <property name="env.PUBLIC" value="C:\Users\Public"/>
    <property name="java.vm.info" value="mixed mode"/>
    <property name="env.OS" value="Windows_NT"/>
    <property name="os.version" value="10.0"/>
    <property name="env.=::" value="::\"/>
    <property name="path.separator" value=";"/>
    <property name="java.vm.version" value="25.181-b13"/>
    <property name="env.USERPROFILE" value="C:\Users\Reuel Sicat II"/>
    <property name="user.variant" value=""/>
    <property name="env.JAVA_HOME" value="C:\Program Files\Java\jdk1.8.0_181"/>
    <property name="java.awt.printerjob" value="sun.awt.windows.WPrinterJob"/>
    <property name="env.TMP" value="C:\Users\REUELS~1\AppData\Local\Temp"/>
    <property name="env.FPS_BROWSER_USER_PROFILE_STRING" value="Default"/>
    <property name="env.PROGRAMFILES" value="C:\Program Files"/>
    <property name="sun.io.unicode.encoding" value="UnicodeLittle"/>
    <property name="awt.toolkit" value="sun.awt.windows.WToolkit"/>
    <property name="sun.stdout.encoding" value="cp437"/>
    <property name="user.script" value=""/>
    <property name="user.home" value="C:\Users\Reuel Sicat II"/>
    <property name="env.COMMONPROGRAMFILES" value="C:\Program Files\Common Files"/>
    <property name="env.=EXITCODE" value="00000001"/>
    <property name="env.SESSIONNAME" value="Console"/>
    <property name="java.specification.vendor" value="Oracle Corporation"/>
    <property name="test" value="R1_SrsSmokeTestWebAuditv2.java,R9_GSTestReport"/>
    <property name="env.CLASSPATH" value=".;C:\Program Files (x86)\MySQL\Connector J 8.0\mysql-connector-java-8.0.13.jar"/>
    <property name="env.M2_HOME" value="C:\Program Files\Apache\apache-maven-3.5.4\bin"/>
    <property name="java.vendor.url" value="http://java.oracle.com/"/>
    <property name="java.library.path" value="C:\Program Files\Java\jdk1.8.0_181\bin;C:\Windows\Sun\Java\bin;C:\Windows\system32;C:\Windows;C:\Program Files (x86)\Common Files\Oracle\Java\javapath;C:\Windows\system32;C:\Windows;C:\Windows\System32\Wbem;C:\Windows\System32\WindowsPowerShell\v1.0\;C:\Program Files (x86)\NVIDIA Corporation\PhysX\Common;C:\Windows\system32;C:\Windows;C:\Windows\System32\Wbem;C:\Windows\System32\WindowsPowerShell\v1.0\;C:\Windows\System32\OpenSSH\;C:\Program Files\Java\jdk1.8.0_181\bin;C:\Program Files\Apache\apache-maven-3.5.4\bin;C:\Program Files\Git\cmd;C:\Program Files (x86)\MySQL\Connector J 8.0;C:\Users\Reuel Sicat II\AppData\Local\Microsoft\WindowsApps;C:\Program Files\Java\jdk1.8.0_181\bin;C:\Program Files\Apache\apache-maven-3.5.4;;."/>
    <property name="env.NUMBER_OF_PROCESSORS" value="8"/>
    <property name="library.jansi.path" value="C:\Program Files\Apache\apache-maven-3.5.4\bin\..\lib\jansi-native"/>
    <property name="env.CLASSWORLDS_LAUNCHER" value="org.codehaus.plexus.classworlds.launcher.Launcher"/>
    <property name="env.PSMODULEPATH" value="C:\Program Files\WindowsPowerShell\Modules;C:\Windows\system32\WindowsPowerShell\v1.0\Modules"/>
    <property name="env.COMMONPROGRAMFILES(X86)" value="C:\Program Files (x86)\Common Files"/>
    <property name="env.MAVEN_CMD_LINE_ARGS" value="-Dtest=R1_SrsSmokeTestWebAuditv2.java,R9_GSTestReport test"/>
    <property name="java.vm.vendor" value="Oracle Corporation"/>
    <property name="java.runtime.name" value="Java(TM) SE Runtime Environment"/>
    <property name="maven.home" value="C:\Program Files\Apache\apache-maven-3.5.4\bin\.."/>
    <property name="java.class.path" value="C:\Program Files\Apache\apache-maven-3.5.4\bin\..\boot\plexus-classworlds-2.5.2.jar"/>
    <property name="sun.java.command" value="org.codehaus.plexus.classworlds.launcher.Launcher -Dtest=R1_SrsSmokeTestWebAuditv2.java,R9_GSTestReport test"/>
    <property name="env.PROGRAMW6432" value="C:\Program Files"/>
    <property name="maven.version" value="3.5.4"/>
    <property name="env.PROGRAMFILES(X86)" value="C:\Program Files (x86)"/>
    <property name="java.vm.specification.name" value="Java Virtual Machine Specification"/>
    <property name="env.LOGONSERVER" value="\\REUELSICATII-LA"/>
    <property name="java.vm.specification.version" value="1.8"/>
    <property name="env.PROCESSOR_ARCHITECTURE" value="AMD64"/>
    <property name="env.COMMONPROGRAMW6432" value="C:\Program Files\Common Files"/>
    <property name="sun.os.patch.level" value=""/>
    <property name="sun.cpu.endian" value="little"/>
    <property name="surefire.test.class.path" value="D:\04. Test Automation\03 RemoteRepo\tlos_autotest\target\test-classes;D:\04. Test Automation\03 RemoteRepo\tlos_autotest\target\classes;C:\Users\Reuel Sicat II\.m2\repository\info\cukes\cucumber-java\1.2.4\cucumber-java-1.2.4.jar;C:\Users\Reuel Sicat II\.m2\repository\info\cukes\cucumber-core\1.2.4\cucumber-core-1.2.4.jar;C:\Users\Reuel Sicat II\.m2\repository\info\cukes\cucumber-html\0.2.3\cucumber-html-0.2.3.jar;C:\Users\Reuel Sicat II\.m2\repository\info\cukes\cucumber-jvm-deps\1.0.5\cucumber-jvm-deps-1.0.5.jar;C:\Users\Reuel Sicat II\.m2\repository\info\cukes\gherkin\2.12.2\gherkin-2.12.2.jar;C:\Users\Reuel Sicat II\.m2\repository\info\cukes\cucumber-junit\1.2.4\cucumber-junit-1.2.4.jar;C:\Users\Reuel Sicat II\.m2\repository\junit\junit\4.11\junit-4.11.jar;C:\Users\Reuel Sicat II\.m2\repository\org\hamcrest\hamcrest-core\1.3\hamcrest-core-1.3.jar;C:\Users\Reuel Sicat II\.m2\repository\com\vimalselvam\cucumber-extentsreport\1.0.0\cucumber-extentsreport-1.0.0.jar;C:\Users\Reuel Sicat II\.m2\repository\org\apache\directory\studio\org.apache.commons.codec\1.8\org.apache.commons.codec-1.8.jar;C:\Users\Reuel Sicat II\.m2\repository\org\seleniumhq\selenium\selenium-server\2.53.0\selenium-server-2.53.0.jar;C:\Users\Reuel Sicat II\.m2\repository\com\beust\jcommander\1.48\jcommander-1.48.jar;C:\Users\Reuel Sicat II\.m2\repository\org\bouncycastle\bcprov-jdk15on\1.48\bcprov-jdk15on-1.48.jar;C:\Users\Reuel Sicat II\.m2\repository\org\bouncycastle\bcpkix-jdk15on\1.48\bcpkix-jdk15on-1.48.jar;C:\Users\Reuel Sicat II\.m2\repository\mx4j\mx4j-tools\3.0.1\mx4j-tools-3.0.1.jar;C:\Users\Reuel Sicat II\.m2\repository\org\seleniumhq\selenium\jetty-repacked\9.2.13.v20150730\jetty-repacked-9.2.13.v20150730.jar;C:\Users\Reuel Sicat II\.m2\repository\javax\servlet\javax.servlet-api\3.1.0\javax.servlet-api-3.1.0.jar;C:\Users\Reuel Sicat II\.m2\repository\org\seleniumhq\selenium\jetty-rc-repacked\5\jetty-rc-repacked-5.jar;C:\Users\Reuel Sicat II\.m2\repository\net\jcip\jcip-annotations\1.0\jcip-annotations-1.0.jar;C:\Users\Reuel Sicat II\.m2\repository\org\yaml\snakeyaml\1.8\snakeyaml-1.8.jar;C:\Users\Reuel Sicat II\.m2\repository\commons-codec\commons-codec\1.10\commons-codec-1.10.jar;C:\Users\Reuel Sicat II\.m2\repository\org\seleniumhq\selenium\selenium-java\2.53.0\selenium-java-2.53.0.jar;C:\Users\Reuel Sicat II\.m2\repository\org\seleniumhq\selenium\selenium-chrome-driver\2.53.0\selenium-chrome-driver-2.53.0.jar;C:\Users\Reuel Sicat II\.m2\repository\org\seleniumhq\selenium\selenium-remote-driver\2.53.0\selenium-remote-driver-2.53.0.jar;C:\Users\Reuel Sicat II\.m2\repository\cglib\cglib-nodep\2.1_3\cglib-nodep-2.1_3.jar;C:\Users\Reuel Sicat II\.m2\repository\org\seleniumhq\selenium\selenium-api\2.53.0\selenium-api-2.53.0.jar;C:\Users\Reuel Sicat II\.m2\repository\org\seleniumhq\selenium\selenium-edge-driver\2.53.0\selenium-edge-driver-2.53.0.jar;C:\Users\Reuel Sicat II\.m2\repository\org\seleniumhq\selenium\selenium-firefox-driver\2.53.0\selenium-firefox-driver-2.53.0.jar;C:\Users\Reuel Sicat II\.m2\repository\org\seleniumhq\selenium\selenium-ie-driver\2.53.0\selenium-ie-driver-2.53.0.jar;C:\Users\Reuel Sicat II\.m2\repository\net\java\dev\jna\jna\4.1.0\jna-4.1.0.jar;C:\Users\Reuel Sicat II\.m2\repository\net\java\dev\jna\jna-platform\4.1.0\jna-platform-4.1.0.jar;C:\Users\Reuel Sicat II\.m2\repository\org\seleniumhq\selenium\selenium-safari-driver\2.53.0\selenium-safari-driver-2.53.0.jar;C:\Users\Reuel Sicat II\.m2\repository\io\netty\netty\3.5.7.Final\netty-3.5.7.Final.jar;C:\Users\Reuel Sicat II\.m2\repository\org\seleniumhq\selenium\selenium-support\2.53.0\selenium-support-2.53.0.jar;C:\Users\Reuel Sicat II\.m2\repository\org\seleniumhq\selenium\selenium-leg-rc\2.53.0\selenium-leg-rc-2.53.0.jar;C:\Users\Reuel Sicat II\.m2\repository\io\appium\java-client\2.1.0\java-client-2.1.0.jar;C:\Users\Reuel Sicat II\.m2\repository\com\google\code\gson\gson\2.2.4\gson-2.2.4.jar;C:\Users\Reuel Sicat II\.m2\repository\com\google\guava\guava\17.0\guava-17.0.jar;C:\Users\Reuel Sicat II\.m2\repository\cglib\cglib\3.1\cglib-3.1.jar;C:\Users\Reuel Sicat II\.m2\repository\org\ow2\asm\asm\4.2\asm-4.2.jar;C:\Users\Reuel Sicat II\.m2\repository\com\github\2gis\winium\winium-elements-desktop\0.1.0-1\winium-elements-desktop-0.1.0-1.jar;C:\Users\Reuel Sicat II\.m2\repository\com\github\2gis\winium\winium-webdriver\0.1.0-1\winium-webdriver-0.1.0-1.jar;C:\Users\Reuel Sicat II\.m2\repository\javax\activation\activation\1.1.1\activation-1.1.1.jar;C:\Users\Reuel Sicat II\.m2\repository\javax\mail\mail\1.4.7\mail-1.4.7.jar;C:\Users\Reuel Sicat II\.m2\repository\org\seleniumhq\selenium\htmlunit-driver\2.23.2\htmlunit-driver-2.23.2.jar;C:\Users\Reuel Sicat II\.m2\repository\net\sourceforge\htmlunit\htmlunit\2.23\htmlunit-2.23.jar;C:\Users\Reuel Sicat II\.m2\repository\xalan\xalan\2.7.2\xalan-2.7.2.jar;C:\Users\Reuel Sicat II\.m2\repository\xalan\serializer\2.7.2\serializer-2.7.2.jar;C:\Users\Reuel Sicat II\.m2\repository\net\sourceforge\htmlunit\htmlunit-core-js\2.23\htmlunit-core-js-2.23.jar;C:\Users\Reuel Sicat II\.m2\repository\net\sourceforge\htmlunit\neko-htmlunit\2.23\neko-htmlunit-2.23.jar;C:\Users\Reuel Sicat II\.m2\repository\xerces\xercesImpl\2.11.0\xercesImpl-2.11.0.jar;C:\Users\Reuel Sicat II\.m2\repository\xml-apis\xml-apis\1.4.01\xml-apis-1.4.01.jar;C:\Users\Reuel Sicat II\.m2\repository\net\sourceforge\cssparser\cssparser\0.9.20\cssparser-0.9.20.jar;C:\Users\Reuel Sicat II\.m2\repository\org\w3c\css\sac\1.3\sac-1.3.jar;C:\Users\Reuel Sicat II\.m2\repository\org\eclipse\jetty\websocket\websocket-server\9.3.13.M0\websocket-server-9.3.13.M0.jar;C:\Users\Reuel Sicat II\.m2\repository\org\eclipse\jetty\websocket\websocket-common\9.3.13.M0\websocket-common-9.3.13.M0.jar;C:\Users\Reuel Sicat II\.m2\repository\org\eclipse\jetty\websocket\websocket-api\9.3.13.M0\websocket-api-9.3.13.M0.jar;C:\Users\Reuel Sicat II\.m2\repository\org\eclipse\jetty\jetty-util\9.3.13.M0\jetty-util-9.3.13.M0.jar;C:\Users\Reuel Sicat II\.m2\repository\org\eclipse\jetty\jetty-io\9.3.13.M0\jetty-io-9.3.13.M0.jar;C:\Users\Reuel Sicat II\.m2\repository\org\eclipse\jetty\websocket\websocket-client\9.3.13.M0\websocket-client-9.3.13.M0.jar;C:\Users\Reuel Sicat II\.m2\repository\org\eclipse\jetty\websocket\websocket-servlet\9.3.13.M0\websocket-servlet-9.3.13.M0.jar;C:\Users\Reuel Sicat II\.m2\repository\org\eclipse\jetty\jetty-servlet\9.3.13.M0\jetty-servlet-9.3.13.M0.jar;C:\Users\Reuel Sicat II\.m2\repository\org\eclipse\jetty\jetty-security\9.3.13.M0\jetty-security-9.3.13.M0.jar;C:\Users\Reuel Sicat II\.m2\repository\org\eclipse\jetty\jetty-server\9.3.13.M0\jetty-server-9.3.13.M0.jar;C:\Users\Reuel Sicat II\.m2\repository\org\eclipse\jetty\jetty-http\9.3.13.M0\jetty-http-9.3.13.M0.jar;C:\Users\Reuel Sicat II\.m2\repository\org\apache\httpcomponents\httpclient\4.5.2\httpclient-4.5.2.jar;C:\Users\Reuel Sicat II\.m2\repository\org\apache\httpcomponents\httpcore\4.4.4\httpcore-4.4.4.jar;C:\Users\Reuel Sicat II\.m2\repository\commons-logging\commons-logging\1.2\commons-logging-1.2.jar;C:\Users\Reuel Sicat II\.m2\repository\com\relevantcodes\extentreports\2.41.2\extentreports-2.41.2.jar;C:\Users\Reuel Sicat II\.m2\repository\org\jsoup\jsoup\1.8.3\jsoup-1.8.3.jar;C:\Users\Reuel Sicat II\.m2\repository\org\xerial\sqlite-jdbc\3.8.11.1\sqlite-jdbc-3.8.11.1.jar;C:\Users\Reuel Sicat II\.m2\repository\org\freemarker\freemarker\2.3.23\freemarker-2.3.23.jar;C:\Users\Reuel Sicat II\.m2\repository\org\mongodb\mongodb-driver\3.0.4\mongodb-driver-3.0.4.jar;C:\Users\Reuel Sicat II\.m2\repository\org\mongodb\bson\3.0.4\bson-3.0.4.jar;C:\Users\Reuel Sicat II\.m2\repository\org\mongodb\mongodb-driver-core\3.0.4\mongodb-driver-core-3.0.4.jar;C:\Users\Reuel Sicat II\.m2\repository\log4j\log4j\1.2.17\log4j-1.2.17.jar;C:\Users\Reuel Sicat II\.m2\repository\com\squareup\okhttp\okhttp\2.3.0\okhttp-2.3.0.jar;C:\Users\Reuel Sicat II\.m2\repository\com\squareup\okio\okio\1.3.0\okio-1.3.0.jar;C:\Users\Reuel Sicat II\.m2\repository\com\github\genium-framework\Appium-Support\1.0.2\Appium-Support-1.0.2.jar;C:\Users\Reuel Sicat II\.m2\repository\org\apache\commons\commons-exec\1.3\commons-exec-1.3.jar;C:\Users\Reuel Sicat II\.m2\repository\commons-io\commons-io\2.4\commons-io-2.4.jar;C:\Users\Reuel Sicat II\.m2\repository\io\rest-assured\rest-assured\3.0.3\rest-assured-3.0.3.jar;C:\Users\Reuel Sicat II\.m2\repository\org\codehaus\groovy\groovy\2.4.9\groovy-2.4.9.jar;C:\Users\Reuel Sicat II\.m2\repository\org\codehaus\groovy\groovy-xml\2.4.9\groovy-xml-2.4.9.jar;C:\Users\Reuel Sicat II\.m2\repository\org\apache\httpcomponents\httpmime\4.5.1\httpmime-4.5.1.jar;C:\Users\Reuel Sicat II\.m2\repository\org\hamcrest\hamcrest-library\1.3\hamcrest-library-1.3.jar;C:\Users\Reuel Sicat II\.m2\repository\org\ccil\cowan\tagsoup\tagsoup\1.2.1\tagsoup-1.2.1.jar;C:\Users\Reuel Sicat II\.m2\repository\io\rest-assured\json-path\3.0.3\json-path-3.0.3.jar;C:\Users\Reuel Sicat II\.m2\repository\org\codehaus\groovy\groovy-json\2.4.9\groovy-json-2.4.9.jar;C:\Users\Reuel Sicat II\.m2\repository\io\rest-assured\rest-assured-common\3.0.3\rest-assured-common-3.0.3.jar;C:\Users\Reuel Sicat II\.m2\repository\io\rest-assured\xml-path\3.0.3\xml-path-3.0.3.jar;C:\Users\Reuel Sicat II\.m2\repository\org\apache\commons\commons-lang3\3.4\commons-lang3-3.4.jar;C:\Users\Reuel Sicat II\.m2\repository\io\rest-assured\json-schema-validator\3.0.3\json-schema-validator-3.0.3.jar;C:\Users\Reuel Sicat II\.m2\repository\com\github\fge\json-schema-validator\2.2.6\json-schema-validator-2.2.6.jar;C:\Users\Reuel Sicat II\.m2\repository\joda-time\joda-time\2.3\joda-time-2.3.jar;C:\Users\Reuel Sicat II\.m2\repository\com\googlecode\libphonenumber\libphonenumber\6.2\libphonenumber-6.2.jar;C:\Users\Reuel Sicat II\.m2\repository\com\github\fge\json-schema-core\1.2.5\json-schema-core-1.2.5.jar;C:\Users\Reuel Sicat II\.m2\repository\com\github\fge\uri-template\0.9\uri-template-0.9.jar;C:\Users\Reuel Sicat II\.m2\repository\com\github\fge\msg-simple\1.1\msg-simple-1.1.jar;C:\Users\Reuel Sicat II\.m2\repository\com\github\fge\btf\1.2\btf-1.2.jar;C:\Users\Reuel Sicat II\.m2\repository\com\github\fge\jackson-coreutils\1.8\jackson-coreutils-1.8.jar;C:\Users\Reuel Sicat II\.m2\repository\org\mozilla\rhino\1.7R4\rhino-1.7R4.jar;C:\Users\Reuel Sicat II\.m2\repository\javax\mail\mailapi\1.4.3\mailapi-1.4.3.jar;C:\Users\Reuel Sicat II\.m2\repository\net\sf\jopt-simple\jopt-simple\4.6\jopt-simple-4.6.jar;C:\Users\Reuel Sicat II\.m2\repository\com\jayway\jsonpath\json-path\2.0.0\json-path-2.0.0.jar;C:\Users\Reuel Sicat II\.m2\repository\org\slf4j\slf4j-api\1.7.10\slf4j-api-1.7.10.jar;C:\Users\Reuel Sicat II\.m2\repository\net\minidev\json-smart\2.1.1\json-smart-2.1.1.jar;C:\Users\Reuel Sicat II\.m2\repository\net\minidev\asm\1.0.2\asm-1.0.2.jar;C:\Users\Reuel Sicat II\.m2\repository\asm\asm\3.3.1\asm-3.3.1.jar;C:\Users\Reuel Sicat II\.m2\repository\mysql\mysql-connector-java\5.1.39\mysql-connector-java-5.1.39.jar;C:\Users\Reuel Sicat II\.m2\repository\org\mybatis\mybatis\3.3.0\mybatis-3.3.0.jar;C:\Users\Reuel Sicat II\.m2\repository\com\fasterxml\jackson\core\jackson-core\2.7.2\jackson-core-2.7.2.jar;C:\Users\Reuel Sicat II\.m2\repository\com\fasterxml\jackson\core\jackson-databind\2.7.2\jackson-databind-2.7.2.jar;C:\Users\Reuel Sicat II\.m2\repository\com\fasterxml\jackson\core\jackson-annotations\2.7.2\jackson-annotations-2.7.2.jar;C:\Users\Reuel Sicat II\.m2\repository\org\codehaus\jettison\jettison\1.1\jettison-1.1.jar;C:\Users\Reuel Sicat II\.m2\repository\stax\stax-api\1.0.1\stax-api-1.0.1.jar;C:\Users\Reuel Sicat II\.m2\repository\com\google\apis\google-api-services-sheets\v4-rev549-1.25.0\google-api-services-sheets-v4-rev549-1.25.0.jar;C:\Users\Reuel Sicat II\.m2\repository\com\google\gdata\core\1.47.1\core-1.47.1.jar;C:\Users\Reuel Sicat II\.m2\repository\com\google\code\findbugs\jsr305\1.3.7\jsr305-1.3.7.jar;C:\Users\Reuel Sicat II\.m2\repository\com\google\api-client\google-api-client\1.23.0\google-api-client-1.23.0.jar;C:\Users\Reuel Sicat II\.m2\repository\com\google\oauth-client\google-oauth-client\1.23.0\google-oauth-client-1.23.0.jar;C:\Users\Reuel Sicat II\.m2\repository\com\google\http-client\google-http-client\1.23.0\google-http-client-1.23.0.jar;C:\Users\Reuel Sicat II\.m2\repository\com\google\http-client\google-http-client-jackson2\1.23.0\google-http-client-jackson2-1.23.0.jar;C:\Users\Reuel Sicat II\.m2\repository\com\google\guava\guava-jdk5\17.0\guava-jdk5-17.0.jar;C:\Users\Reuel Sicat II\.m2\repository\com\google\oauth-client\google-oauth-client-jetty\1.23.0\google-oauth-client-jetty-1.23.0.jar;C:\Users\Reuel Sicat II\.m2\repository\com\google\oauth-client\google-oauth-client-java6\1.23.0\google-oauth-client-java6-1.23.0.jar;C:\Users\Reuel Sicat II\.m2\repository\org\mortbay\jetty\jetty\6.1.26\jetty-6.1.26.jar;C:\Users\Reuel Sicat II\.m2\repository\org\mortbay\jetty\jetty-util\6.1.26\jetty-util-6.1.26.jar;C:\Users\Reuel Sicat II\.m2\repository\org\mortbay\jetty\servlet-api\2.5-20081211\servlet-api-2.5-20081211.jar;"/>
    <property name="java.io.tmpdir" value="C:\Users\REUELS~1\AppData\Local\Temp\"/>
    <property name="env.PROCESSOR_REVISION" value="9e09"/>
    <property name="java.vendor.url.bug" value="http://bugreport.sun.com/bugreport/"/>
    <property name="maven.multiModuleProjectDirectory" value="D:\04. Test Automation\03 RemoteRepo\tlos_autotest"/>
    <property name="env.COMSPEC" value="C:\Windows\system32\cmd.exe"/>
    <property name="env.PROGRAMDATA" value="C:\ProgramData"/>
    <property name="env.FPS_BROWSER_APP_PROFILE_STRING" value="Internet Explorer"/>
    <property name="java.awt.graphicsenv" value="sun.awt.Win32GraphicsEnvironment"/>
    <property name="os.arch" value="amd64"/>
    <property name="java.ext.dirs" value="C:\Program Files\Java\jdk1.8.0_181\jre\lib\ext;C:\Windows\Sun\Java\lib\ext"/>
    <property name="env.=D:" value="D:\04. Test Automation\03 RemoteRepo\tlos_autotest"/>
    <property name="user.dir" value="D:\04. Test Automation\03 RemoteRepo\tlos_autotest"/>
    <property name="env.LOCALAPPDATA" value="C:\Users\Reuel Sicat II\AppData\Local"/>
    <property name="env.MAVEN_HOME" value="C:\Program Files\Apache\apache-maven-3.5.4\bin\.."/>
    <property name="line.separator" value="
"/>
    <property name="java.vm.name" value="Java HotSpot(TM) 64-Bit Server VM"/>
    <property name="env.CLASSWORLDS_JAR" value="&quot;C:\Program Files\Apache\apache-maven-3.5.4\bin\..\boot\plexus-classworlds-2.5.2.jar&quot;"/>
    <property name="env.PATHEXT" value=".COM;.EXE;.BAT;.CMD;.VBS;.VBE;.JS;.JSE;.WSF;.WSH;.MSC"/>
    <property name="basedir" value="D:\04. Test Automation\03 RemoteRepo\tlos_autotest"/>
    <property name="env.ERROR_CODE" value="0"/>
    <property name="env.USERNAME" value="Reuel Sicat II"/>
    <property name="file.encoding" value="Cp1252"/>
    <property name="sun.stderr.encoding" value="cp437"/>
    <property name="env.USERDOMAIN" value="REUELSICATII-LA"/>
    <property name="java.specification.version" value="1.8"/>
    <property name="env.=C:" value="C:\Users\Reuel Sicat II"/>
    <property name="env.MAVEN_PROJECTBASEDIR" value="D:\04. Test Automation\03 RemoteRepo\tlos_autotest"/>
    <property name="env.PROCESSOR_LEVEL" value="6"/>
  </properties>
  <testcase classname="test.Runner.R9_GSTestReport" name="test.Runner.R9_GSTestReport" time="0">
    <error message="Property [&apos;filename&apos;] not found in path $" type="com.jayway.jsonpath.PathNotFoundException">com.jayway.jsonpath.PathNotFoundException: Property [&apos;filename&apos;] not found in path $
	at com.jayway.jsonpath.internal.token.PropertyPathToken.evaluate(PropertyPathToken.java:41)
	at com.jayway.jsonpath.internal.token.RootPathToken.evaluate(RootPathToken.java:53)
	at com.jayway.jsonpath.internal.CompiledPath.evaluate(CompiledPath.java:53)
	at com.jayway.jsonpath.internal.CompiledPath.evaluate(CompiledPath.java:61)
	at com.jayway.jsonpath.JsonPath.read(JsonPath.java:178)
	at com.jayway.jsonpath.internal.JsonReader.read(JsonReader.java:146)
	at com.jayway.jsonpath.internal.JsonReader.read(JsonReader.java:135)
	at com.jayway.jsonpath.JsonPath.read(JsonPath.java:490)
	at test.Runner.R9_GSTestReport.main(R9_GSTestReport.java:28)
	at sun.reflect.NativeMethodAccessorImpl.invoke0(Native Method)
	at sun.reflect.NativeMethodAccessorImpl.invoke(NativeMethodAccessorImpl.java:62)
	at sun.reflect.DelegatingMethodAccessorImpl.invoke(DelegatingMethodAccessorImpl.java:43)
	at java.lang.reflect.Method.invoke(Method.java:498)
	at org.junit.runners.model.FrameworkMethod$1.runReflectiveCall(FrameworkMethod.java:47)
	at org.junit.internal.runners.model.ReflectiveCallable.run(ReflectiveCallable.java:12)
	at org.junit.runners.model.FrameworkMethod.invokeExplosively(FrameworkMethod.java:44)
	at org.junit.internal.runners.statements.RunAfters.evaluate(RunAfters.java:33)
	at org.junit.runners.ParentRunner.run(ParentRunner.java:309)
	at cucumber.api.junit.Cucumber.run(Cucumber.java:98)
	at org.apache.maven.surefire.junit4.JUnit4TestSet.execute(JUnit4TestSet.java:62)
	at org.apache.maven.surefire.suite.AbstractDirectoryTestSuite.executeTestSet(AbstractDirectoryTestSuite.java:140)
	at org.apache.maven.surefire.suite.AbstractDirectoryTestSuite.execute(AbstractDirectoryTestSuite.java:127)
	at org.apache.maven.surefire.Surefire.run(Surefire.java:177)
	at sun.reflect.NativeMethodAccessorImpl.invoke0(Native Method)
	at sun.reflect.NativeMethodAccessorImpl.invoke(NativeMethodAccessorImpl.java:62)
	at sun.reflect.DelegatingMethodAccessorImpl.invoke(DelegatingMethodAccessorImpl.java:43)
	at java.lang.reflect.Method.invoke(Method.java:498)
	at org.apache.maven.surefire.booter.SurefireBooter.runSuitesInProcess(SurefireBooter.java:338)
	at org.apache.maven.surefire.booter.SurefireBooter.main(SurefireBooter.java:997)
</error>
  </testcase>
</testsuite>